                                                                 QUERY PLAN                                                                 
--------------------------------------------------------------------------------------------------------------------------------------------
 Remote Subquery Scan on all (dn4)  (cost=8087098.57..8087100.17 rows=639 width=95) (actual time=145468.984..145499.258 rows=61996 loops=1)
 Planning time: 1.673 ms
 Execution time: 145504.351 ms
(3 rows)

