                                                    QUERY PLAN                                                     
-------------------------------------------------------------------------------------------------------------------
 Remote Fast Query Execution  (cost=0.00..0.00 rows=0 width=0) (actual time=10035.640..10035.670 rows=100 loops=1)
   Node/s: dn2
 Planning time: 0.194 ms
 Execution time: 10035.691 ms
(4 rows)

