                                                    QUERY PLAN                                                    
------------------------------------------------------------------------------------------------------------------
 Remote Fast Query Execution  (cost=0.00..0.00 rows=0 width=0) (actual time=94948.988..94948.995 rows=12 loops=1)
   Node/s: dn4
 Planning time: 0.151 ms
 Execution time: 94949.014 ms
(4 rows)

