                                                                                       QUERY PLAN                                                                                        
-----------------------------------------------------------------------------------------------------------------------------------------------------------------------------------------
 Limit  (cost=9498413.75..9498413.75 rows=3 width=84) (actual time=210364.041..210364.052 rows=100 loops=1)
   ->  Sort  (cost=9498413.75..9498413.75 rows=3 width=84) (actual time=210364.039..210364.042 rows=100 loops=1)
         Sort Key: ('web'::text), web.return_rank, web.currency_rank, web.item
         Sort Method: quicksort  Memory: 34kB
         ->  HashAggregate  (cost=9498413.66..9498413.69 rows=3 width=84) (actual time=210363.927..210363.944 rows=123 loops=1)
               Group Key: ('web'::text), web.item, web.return_ratio, web.return_rank, web.currency_rank
               ->  Append  (cost=1567960.56..9498413.62 rows=3 width=84) (actual time=21283.567..210363.863 rows=123 loops=1)
                     ->  Subquery Scan on web  (cost=1567960.56..1567960.60 rows=1 width=84) (actual time=21283.567..21284.381 rows=48 loops=1)
                           Filter: ((web.return_rank <= 10) OR (web.currency_rank <= 10))
                           Rows Removed by Filter: 1821
                           ->  WindowAgg  (cost=1567960.56..1567960.58 rows=1 width=84) (actual time=21283.564..21284.302 rows=1869 loops=1)
                                 ->  Sort  (cost=1567960.56..1567960.57 rows=1 width=76) (actual time=21283.562..21283.626 rows=1869 loops=1)
                                       Sort Key: currency_ratio
                                       Sort Method: quicksort  Memory: 195kB
                                       ->  WindowAgg  (cost=1567960.53..1567960.55 rows=1 width=76) (actual time=21275.219..21281.771 rows=1869 loops=1)
                                             ->  Remote Subquery Scan on all (dn4)  (cost=1567960.53..1567960.54 rows=1 width=68) (actual time=21275.186..21276.467 rows=1869 loops=1)
                     ->  Subquery Scan on catalog  (cost=3136418.29..3136418.32 rows=1 width=84) (actual time=67396.988..67398.636 rows=45 loops=1)
                           Filter: ((catalog.return_rank <= 10) OR (catalog.currency_rank <= 10))
                           Rows Removed by Filter: 3746
                           ->  WindowAgg  (cost=3136418.29..3136418.31 rows=1 width=84) (actual time=67396.987..67398.479 rows=3791 loops=1)
                                 ->  Sort  (cost=3136418.29..3136418.29 rows=1 width=76) (actual time=67396.985..67397.094 rows=3791 loops=1)
                                       Sort Key: currency_ratio
                                       Sort Method: quicksort  Memory: 393kB
                                       ->  WindowAgg  (cost=3136418.25..3136418.28 rows=1 width=76) (actual time=67387.643..67395.180 rows=3791 loops=1)
                                             ->  Remote Subquery Scan on all (dn5)  (cost=3136418.25..3136418.26 rows=1 width=68) (actual time=67387.617..67389.302 rows=3791 loops=1)
                     ->  Subquery Scan on store  (cost=4794034.63..4794034.67 rows=1 width=84) (actual time=121679.368..121680.835 rows=30 loops=1)
                           Filter: ((store.return_rank <= 10) OR (store.currency_rank <= 10))
                           Rows Removed by Filter: 1269
                           ->  WindowAgg  (cost=4794034.63..4794034.65 rows=1 width=84) (actual time=121679.364..121680.691 rows=1299 loops=1)
                                 ->  Sort  (cost=4794034.63..4794034.64 rows=1 width=76) (actual time=121679.360..121679.463 rows=1299 loops=1)
                                       Sort Key: currency_ratio
                                       Sort Method: quicksort  Memory: 150kB
                                       ->  WindowAgg  (cost=4794034.60..4794034.62 rows=1 width=76) (actual time=121673.262..121677.914 rows=1299 loops=1)
                                             ->  Remote Subquery Scan on all (dn1)  (cost=4794034.60..4794034.61 rows=1 width=68) (actual time=121673.235..121674.232 rows=1299 loops=1)
 Planning time: 4.703 ms
 Execution time: 210368.650 ms
(36 rows)

