                                                     QUERY PLAN                                                      
---------------------------------------------------------------------------------------------------------------------
 Remote Fast Query Execution  (cost=0.00..0.00 rows=0 width=0) (actual time=100701.883..100701.914 rows=100 loops=1)
   Node/s: dn2
 Planning time: 0.074 ms
 Execution time: 100701.935 ms
(4 rows)

SET
