                                                    QUERY PLAN                                                     
-------------------------------------------------------------------------------------------------------------------
 Remote Fast Query Execution  (cost=0.00..0.00 rows=0 width=0) (actual time=41195.378..41203.750 rows=100 loops=1)
   Node/s: dn4
 Planning time: 0.326 ms
 Execution time: 41203.781 ms
(4 rows)

