                                                    QUERY PLAN                                                     
-------------------------------------------------------------------------------------------------------------------
 Remote Fast Query Execution  (cost=0.00..0.00 rows=0 width=0) (actual time=175997.839..175997.841 rows=1 loops=1)
   Node/s: dn2
 Planning time: 0.117 ms
 Execution time: 175997.854 ms
(4 rows)

