                                                                  QUERY PLAN                                                                  
----------------------------------------------------------------------------------------------------------------------------------------------
 Remote Subquery Scan on all (dn1)  (cost=4080299.58..4080384.26 rows=33873 width=77) (actual time=113353.837..113376.813 rows=30151 loops=1)
 Planning time: 0.981 ms
 Execution time: 113390.973 ms
(3 rows)

