                                                     QUERY PLAN                                                     
--------------------------------------------------------------------------------------------------------------------
 Remote Fast Query Execution  (cost=0.00..0.00 rows=0 width=0) (actual time=184489.377..184489.389 rows=27 loops=1)
   Node/s: dn3
 Planning time: 0.331 ms
 Execution time: 184489.414 ms
(4 rows)

