                                                     QUERY PLAN                                                      
---------------------------------------------------------------------------------------------------------------------
 Remote Fast Query Execution  (cost=0.00..0.00 rows=0 width=0) (actual time=646818.895..646818.926 rows=100 loops=1)
   Node/s: dn1
 Planning time: 0.414 ms
 Execution time: 646818.950 ms
(4 rows)

