                                                    QUERY PLAN                                                     
-------------------------------------------------------------------------------------------------------------------
 Remote Fast Query Execution  (cost=0.00..0.00 rows=0 width=0) (actual time=56310.486..56312.588 rows=100 loops=1)
   Node/s: dn3
 Planning time: 0.228 ms
 Execution time: 56312.616 ms
(4 rows)

