                                                     QUERY PLAN                                                     
--------------------------------------------------------------------------------------------------------------------
 Remote Fast Query Execution  (cost=0.00..0.00 rows=0 width=0) (actual time=225540.616..225540.623 rows=13 loops=1)
   Node/s: dn2
 Planning time: 0.101 ms
 Execution time: 225540.641 ms
(4 rows)

