                                                               QUERY PLAN                                                                
-----------------------------------------------------------------------------------------------------------------------------------------
 Remote Subquery Scan on all (dn1)  (cost=4070029.44..4070041.01 rows=4628 width=77) (actual time=97178.941..97178.987 rows=129 loops=1)
 Planning time: 0.478 ms
 Execution time: 97180.245 ms
(3 rows)

