                                                                   QUERY PLAN                                                                    
-------------------------------------------------------------------------------------------------------------------------------------------------
 Limit  (cost=6658429.07..6658429.82 rows=100 width=163) (actual time=131460.151..131460.202 rows=100 loops=1)
   ->  Remote Subquery Scan on all (dn3)  (cost=6658429.07..6658429.82 rows=100 width=163) (actual time=131460.148..131460.183 rows=100 loops=1)
 Planning time: 0.598 ms
 Execution time: 131461.761 ms
(4 rows)

