                                                                QUERY PLAN                                                                 
-------------------------------------------------------------------------------------------------------------------------------------------
 Remote Subquery Scan on all (dn4)  (cost=63236347.03..63236348.45 rows=1 width=160) (actual time=1039397.715..1039397.717 rows=1 loops=1)
 Planning time: 0.633 ms
 Execution time: 1039414.364 ms
(3 rows)

