                                                     QUERY PLAN                                                     
--------------------------------------------------------------------------------------------------------------------
 Remote Fast Query Execution  (cost=0.00..0.00 rows=0 width=0) (actual time=266470.278..266478.020 rows=37 loops=1)
   Node/s: dn3
 Planning time: 0.398 ms
 Execution time: 266478.049 ms
(4 rows)

