                                                    QUERY PLAN                                                     
-------------------------------------------------------------------------------------------------------------------
 Remote Fast Query Execution  (cost=0.00..0.00 rows=0 width=0) (actual time=81508.406..81739.646 rows=100 loops=1)
   Node/s: dn4
 Planning time: 0.102 ms
 Execution time: 81739.670 ms
(4 rows)

