                                                                  QUERY PLAN                                                                  
----------------------------------------------------------------------------------------------------------------------------------------------
 Remote Subquery Scan on all (dn3)  (cost=70032135624.96..70032135625.19 rows=1 width=64) (actual time=802223.398..802223.400 rows=1 loops=1)
 Planning time: 7.869 ms
 Execution time: 802226.982 ms
(3 rows)

