                                                                     QUERY PLAN                                                                      
-----------------------------------------------------------------------------------------------------------------------------------------------------
 Limit  (cost=3307504949.69..3307504950.69 rows=100 width=51) (actual time=163002.165..163002.189 rows=49 loops=1)
   ->  Remote Subquery Scan on all (dn1)  (cost=3307504949.69..3307504950.69 rows=100 width=51) (actual time=163002.163..163002.179 rows=49 loops=1)
 Planning time: 1.274 ms
 Execution time: 163005.428 ms
(4 rows)

