                                                                QUERY PLAN                                                                
------------------------------------------------------------------------------------------------------------------------------------------
 Limit  (cost=10008184057.20..10008184057.21 rows=1 width=96) (actual time=6.163..6.165 rows=1 loops=1)
   ->  Remote Subquery Scan on all (dn2)  (cost=10008184057.20..10008184057.21 rows=1 width=96) (actual time=6.161..6.162 rows=1 loops=1)
 Planning time: 2.423 ms
 Execution time: 7.656 ms
(4 rows)

