                                                                                       QUERY PLAN                                                                                        
-----------------------------------------------------------------------------------------------------------------------------------------------------------------------------------------
 Limit  (cost=6269507.37..6269517.87 rows=100 width=136) (actual time=256314.248..256321.568 rows=100 loops=1)
   CTE web_v1
     ->  WindowAgg  (cost=1361646.40..1393347.23 rows=212906 width=40) (actual time=26010.605..47652.929 rows=11416114 loops=1)
           ->  Remote Subquery Scan on all (dn5)  (cost=1361646.40..1389621.38 rows=212906 width=40) (actual time=26010.553..35456.798 rows=11416114 loops=1)
   CTE store_v1
     ->  WindowAgg  (cost=4043278.28..4170078.78 rows=851606 width=40) (actual time=128057.661..187140.818 rows=26285493 loops=1)
           ->  Remote Subquery Scan on all (dn3)  (cost=4043278.28..4155175.67 rows=851606 width=40) (actual time=128057.597..157835.977 rows=26285493 loops=1)
   ->  Subquery Scan on y  (cost=706081.36..864729.40 rows=1510934 width=136) (actual time=256314.245..256321.558 rows=100 loops=1)
         Filter: (y.web_cumulative > y.store_cumulative)
         Rows Removed by Filter: 13767
         ->  WindowAgg  (cost=706081.36..808069.39 rows=4532801 width=136) (actual time=256314.237..256320.805 rows=13867 loops=1)
               ->  Sort  (cost=706081.36..717413.37 rows=4532801 width=72) (actual time=256314.227..256314.692 rows=13868 loops=1)
                     Sort Key: (CASE WHEN (web.item_sk IS NOT NULL) THEN web.item_sk ELSE store.item_sk END), (CASE WHEN (web.d_date IS NOT NULL) THEN web.d_date ELSE store.d_date END)
                     Sort Method: quicksort  Memory: 2608047kB
                     ->  Merge Full Join  (cost=124014.72..204935.53 rows=4532801 width=72) (actual time=246646.308..252732.175 rows=28840055 loops=1)
                           Merge Cond: ((web.item_sk = store.item_sk) AND (web.d_date = store.d_date))
                           ->  Sort  (cost=23100.15..23632.41 rows=212906 width=40) (actual time=51132.796..51484.677 rows=11416114 loops=1)
                                 Sort Key: web.item_sk, web.d_date
                                 Sort Method: quicksort  Memory: 928352kB
                                 ->  CTE Scan on web_v1 web  (cost=0.00..4258.12 rows=212906 width=40) (actual time=26010.608..49957.613 rows=11416114 loops=1)
                           ->  Sort  (cost=100914.57..103043.59 rows=851606 width=40) (actual time=195513.508..196290.093 rows=26285493 loops=1)
                                 Sort Key: store.item_sk, store.d_date
                                 Sort Method: quicksort  Memory: 2330917kB
                                 ->  CTE Scan on store_v1 store  (cost=0.00..17032.12 rows=851606 width=40) (actual time=128057.663..192782.661 rows=26285493 loops=1)
 Planning time: 1.134 ms
 Execution time: 256990.649 ms
(26 rows)

