                                                                   QUERY PLAN                                                                    
-------------------------------------------------------------------------------------------------------------------------------------------------
 Limit  (cost=4139692.18..4139692.93 rows=100 width=138) (actual time=110874.408..110874.459 rows=100 loops=1)
   ->  Remote Subquery Scan on all (dn3)  (cost=4139692.18..4139692.93 rows=100 width=138) (actual time=110874.406..110874.441 rows=100 loops=1)
 Planning time: 1.694 ms
 Execution time: 110883.136 ms
(4 rows)

