                                                                     QUERY PLAN                                                                      
-----------------------------------------------------------------------------------------------------------------------------------------------------
 Limit  (cost=50032783637.69..50032783637.86 rows=1 width=288) (actual time=620824.794..620824.796 rows=1 loops=1)
   ->  Remote Subquery Scan on all (dn2)  (cost=50032783637.69..50032783637.86 rows=1 width=288) (actual time=620824.792..620824.793 rows=1 loops=1)
 Planning time: 2.199 ms
 Execution time: 620826.474 ms
(4 rows)

