                                                                     QUERY PLAN                                                                      
-----------------------------------------------------------------------------------------------------------------------------------------------------
 Limit  (cost=8189312.10..8189312.35 rows=100 width=100) (actual time=175598.007..175598.016 rows=100 loops=1)
   CTE ss
     ->  Remote Subquery Scan on all (dn1)  (cost=4053565.23..4053601.21 rows=1799 width=49) (actual time=111481.594..111502.228 rows=19011 loops=1)
   CTE cs
     ->  Remote Subquery Scan on all (dn1)  (cost=2738994.98..2739012.98 rows=900 width=49) (actual time=47272.751..47287.404 rows=18454 loops=1)
   CTE ws
     ->  Remote Subquery Scan on all (dn5)  (cost=1396600.04..1396609.04 rows=450 width=49) (actual time=16721.855..16732.003 rows=15559 loops=1)
   ->  Sort  (cost=88.87..89.37 rows=200 width=100) (actual time=175598.005..175598.008 rows=100 loops=1)
         Sort Key: ss.i_item_id, (sum(ss.total_sales))
         Sort Method: top-N heapsort  Memory: 38kB
         ->  HashAggregate  (cost=78.73..81.23 rows=200 width=100) (actual time=175585.358..175591.118 rows=19051 loops=1)
               Group Key: ss.i_item_id
               ->  Append  (cost=0.00..62.98 rows=3149 width=100) (actual time=111481.619..175559.650 rows=53024 loops=1)
                     ->  CTE Scan on ss  (cost=0.00..35.98 rows=1799 width=100) (actual time=111481.618..111515.326 rows=19011 loops=1)
                     ->  CTE Scan on cs  (cost=0.00..18.00 rows=900 width=100) (actual time=47272.773..47299.797 rows=18454 loops=1)
                     ->  CTE Scan on ws  (cost=0.00..9.00 rows=450 width=100) (actual time=16721.878..16741.031 rows=15559 loops=1)
 Planning time: 5.829 ms
 Execution time: 175604.182 ms
(18 rows)

