                                                                   QUERY PLAN                                                                    
-------------------------------------------------------------------------------------------------------------------------------------------------
 Limit  (cost=8362785.07..8362785.82 rows=100 width=201) (actual time=347443.760..347443.816 rows=100 loops=1)
   ->  Remote Subquery Scan on all (dn3)  (cost=8362785.07..8362785.82 rows=100 width=201) (actual time=347443.758..347443.798 rows=100 loops=1)
 Planning time: 0.507 ms
 Execution time: 347788.523 ms
(4 rows)

