                                                    QUERY PLAN                                                     
-------------------------------------------------------------------------------------------------------------------
 Remote Fast Query Execution  (cost=0.00..0.00 rows=0 width=0) (actual time=115140.457..115140.460 rows=5 loops=1)
   Node/s: dn5
 Planning time: 0.219 ms
 Execution time: 115140.478 ms
(4 rows)

