                                                    QUERY PLAN                                                     
-------------------------------------------------------------------------------------------------------------------
 Remote Fast Query Execution  (cost=0.00..0.00 rows=0 width=0) (actual time=62333.064..62335.106 rows=100 loops=1)
   Node/s: dn5
 Planning time: 0.076 ms
 Execution time: 62335.129 ms
(4 rows)

