                                                                                  QUERY PLAN                                                                                   
-------------------------------------------------------------------------------------------------------------------------------------------------------------------------------
 Limit  (cost=9433048.11..9433048.12 rows=2 width=16) (actual time=151762.593..151762.597 rows=50 loops=1)
   CTE my_customers
     ->  Remote Subquery Scan on all (dn4)  (cost=4125463.90..4125464.82 rows=123 width=8) (actual time=60976.680..60995.721 rows=46061 loops=1)
   CTE my_revenue
     ->  GroupAggregate  (cost=5307583.11..5307583.15 rows=2 width=36) (actual time=151758.486..151762.523 rows=50 loops=1)
           Group Key: my_customers.c_customer_sk
           InitPlan 2 (returns $3)
             ->  Remote Subquery Scan on all (dn1)  (cost=10.83..11.06 rows=18 width=4) (actual time=4.106..4.108 rows=1 loops=1)
           InitPlan 3 (returns $4)
             ->  Remote Subquery Scan on all (dn2)  (cost=10.83..11.06 rows=18 width=4) (actual time=7.624..7.625 rows=1 loops=1)
           ->  Sort  (cost=5307560.99..5307561.00 rows=2 width=10) (actual time=151758.404..151759.346 rows=29850 loops=1)
                 Sort Key: my_customers.c_customer_sk
                 Sort Method: quicksort  Memory: 2168kB
                 ->  Hash Join  (cost=21335.21..5307560.98 rows=2 width=10) (actual time=62778.695..151751.651 rows=29850 loops=1)
                       Hash Cond: (ss_customer_sk = my_customers.c_customer_sk)
                       ->  Remote Subquery Scan on all (dn4)  (cost=113.48..5296052.83 rows=863434 width=10) (actual time=20.632..81201.435 rows=11229592 loops=1)
                       ->  Hash  (cost=21321.72..21321.72 rows=1 width=4) (actual time=61689.740..61689.740 rows=5663 loops=1)
                             Buckets: 8192 (originally 1024)  Batches: 1 (originally 1)  Memory Usage: 264kB
                             ->  Hash Join  (cost=20.02..21321.72 rows=1 width=4) (actual time=61051.047..61689.086 rows=5663 loops=1)
                                   Hash Cond: (((ca_county)::text = (s_county)::text) AND (ca_state = s_state))
                                   ->  Hash Join  (cost=4.00..21295.23 rows=123 width=21) (actual time=61030.153..61672.896 rows=46061 loops=1)
                                         Hash Cond: (ca_address_sk = my_customers.c_current_addr_sk)
                                         ->  Remote Subquery Scan on all (dn5)  (cost=100.00..34740.00 rows=600000 width=21) (actual time=9.410..310.384 rows=1000000 loops=1)
                                         ->  Hash  (cost=2.46..2.46 rows=123 width=8) (actual time=61020.694..61020.694 rows=46061 loops=1)
                                               Buckets: 65536 (originally 1024)  Batches: 1 (originally 1)  Memory Usage: 2312kB
                                               ->  CTE Scan on my_customers  (cost=0.00..2.46 rows=123 width=8) (actual time=60976.698..61014.618 rows=46061 loops=1)
                                   ->  Hash  (cost=117.95..117.95 rows=241 width=18) (actual time=9.352..9.352 rows=397 loops=1)
                                         Buckets: 1024  Batches: 1  Memory Usage: 28kB
                                         ->  Remote Subquery Scan on all (dn1)  (cost=100.00..117.95 rows=241 width=18) (actual time=8.809..8.959 rows=402 loops=1)
   CTE segments
     ->  CTE Scan on my_revenue  (cost=0.00..0.05 rows=2 width=4) (actual time=151758.489..151762.548 rows=50 loops=1)
   ->  Sort  (cost=0.09..0.09 rows=2 width=16) (actual time=151762.592..151762.593 rows=50 loops=1)
         Sort Key: segments.segment, (count(*))
         Sort Method: quicksort  Memory: 28kB
         ->  HashAggregate  (cost=0.05..0.07 rows=2 width=16) (actual time=151762.573..151762.578 rows=50 loops=1)
               Group Key: segments.segment
               ->  CTE Scan on segments  (cost=0.00..0.04 rows=2 width=4) (actual time=151758.490..151762.556 rows=50 loops=1)
 Planning time: 1.171 ms
 Execution time: 151774.177 ms
(39 rows)

