                                                                 QUERY PLAN                                                                 
--------------------------------------------------------------------------------------------------------------------------------------------
 Limit  (cost=1859111.10..1859111.11 rows=1 width=72) (actual time=164279.429..164279.432 rows=1 loops=1)
   ->  Remote Subquery Scan on all (dn3)  (cost=1859111.10..1859111.11 rows=1 width=72) (actual time=164279.427..164279.429 rows=1 loops=1)
 Planning time: 2.521 ms
 Execution time: 164282.111 ms
(4 rows)

SET
