                                                     QUERY PLAN                                                      
---------------------------------------------------------------------------------------------------------------------
 Remote Fast Query Execution  (cost=0.00..0.00 rows=0 width=0) (actual time=159871.886..159875.637 rows=100 loops=1)
   Node/s: dn5
 Planning time: 0.234 ms
 Execution time: 159875.667 ms
(4 rows)

