                                                     QUERY PLAN                                                      
---------------------------------------------------------------------------------------------------------------------
 Remote Fast Query Execution  (cost=0.00..0.00 rows=0 width=0) (actual time=167725.428..167734.446 rows=100 loops=1)
   Node/s: dn6
 Planning time: 0.241 ms
 Execution time: 167734.474 ms
(4 rows)

