                                                    QUERY PLAN                                                     
-------------------------------------------------------------------------------------------------------------------
 Remote Fast Query Execution  (cost=0.00..0.00 rows=0 width=0) (actual time=80079.268..80082.594 rows=100 loops=1)
   Node/s: dn1
 Planning time: 0.232 ms
 Execution time: 80082.622 ms
(4 rows)

