                                                                    QUERY PLAN                                                                    
--------------------------------------------------------------------------------------------------------------------------------------------------
 Limit  (cost=10002714321.66..10002714321.67 rows=1 width=32) (actual time=42695.378..42695.380 rows=1 loops=1)
   ->  Remote Subquery Scan on all (dn4)  (cost=10002714321.66..10002714321.67 rows=1 width=32) (actual time=42695.376..42695.377 rows=1 loops=1)
 Planning time: 1.536 ms
 Execution time: 42697.702 ms
(4 rows)

