                                                     QUERY PLAN                                                      
---------------------------------------------------------------------------------------------------------------------
 Remote Fast Query Execution  (cost=0.00..0.00 rows=0 width=0) (actual time=140927.871..140929.487 rows=100 loops=1)
   Node/s: dn3
 Planning time: 0.053 ms
 Execution time: 140929.509 ms
(4 rows)

