                                                     QUERY PLAN                                                     
--------------------------------------------------------------------------------------------------------------------
 Remote Fast Query Execution  (cost=0.00..0.00 rows=0 width=0) (actual time=215488.103..215488.112 rows=18 loops=1)
   Node/s: dn2
 Planning time: 0.190 ms
 Execution time: 215488.134 ms
(4 rows)

