                                                                                                                                                                                                                                                                                                                                                                                                          QUERY PLAN                                                                                                                                                                                                                                                                                                                                                                                                           
-------------------------------------------------------------------------------------------------------------------------------------------------------------------------------------------------------------------------------------------------------------------------------------------------------------------------------------------------------------------------------------------------------------------------------------------------------------------------------------------------------------------------------------------------------------------------------------------------------------------------------------------------------------------------------------------------------------------------------------------------------------------------------------------------------------------------------
 Limit  (cost=184905.03..184920.29 rows=100 width=51) (actual time=650.597..651.033 rows=100 loops=1)
   ->  Finalize GroupAggregate  (cost=184905.03..185023.83 rows=833 width=51) (actual time=650.596..651.027 rows=100 loops=1)
         Group Key: warehouse.w_warehouse_name, item.i_item_id
         Filter: (((CASE WHEN (sum(CASE WHEN (date_dim.d_date < '1999-04-15'::date) THEN inventory.inv_quantity_on_hand ELSE 0 END) > 0) THEN (sum(CASE WHEN (date_dim.d_date >= '1999-04-15'::date) THEN inventory.inv_quantity_on_hand ELSE 0 END) / sum(CASE WHEN (date_dim.d_date < '1999-04-15'::date) THEN inventory.inv_quantity_on_hand ELSE 0 END)) ELSE NULL::bigint END)::numeric >= 0.66666666666666666667) AND ((CASE WHEN (sum(CASE WHEN (date_dim.d_date < '1999-04-15'::date) THEN inventory.inv_quantity_on_hand ELSE 0 END) > 0) THEN (sum(CASE WHEN (date_dim.d_date >= '1999-04-15'::date) THEN inventory.inv_quantity_on_hand ELSE 0 END) / sum(CASE WHEN (date_dim.d_date < '1999-04-15'::date) THEN inventory.inv_quantity_on_hand ELSE 0 END)) ELSE NULL::bigint END)::numeric <= 1.5000000000000000))
         Rows Removed by Filter: 56
         ->  Remote Subquery Scan on all (dn1,dn2)  (cost=184905.03..184998.15 rows=694 width=51) (actual time=650.568..650.868 rows=313 loops=1)
 Planning time: 0.690 ms
 Execution time: 654.965 ms
(8 rows)

