                                                            QUERY PLAN                                                             
-----------------------------------------------------------------------------------------------------------------------------------
 Remote Subquery Scan on all (dn1)  (cost=2111144.22..2111145.69 rows=1 width=160) (actual time=3299.549..3299.550 rows=1 loops=1)
 Planning time: 0.513 ms
 Execution time: 3315.743 ms
(3 rows)

SET
