                                                                                                                                                                                                                                                                                                                                                                                                                                          QUERY PLAN                                                                                                                                                                                                                                                                                                                                                                                                                                          
----------------------------------------------------------------------------------------------------------------------------------------------------------------------------------------------------------------------------------------------------------------------------------------------------------------------------------------------------------------------------------------------------------------------------------------------------------------------------------------------------------------------------------------------------------------------------------------------------------------------------------------------------------------------------------------------------------------------------------------------------------------------------------------------------------------------------------------------------------------------------------------------
 Limit  (cost=135284.20..135284.23 rows=12 width=246) (actual time=714.418..714.419 rows=12 loops=1)
   ->  Sort  (cost=135284.20..135284.23 rows=12 width=246) (actual time=714.417..714.418 rows=12 loops=1)
         Sort Key: store.s_store_name, store.s_store_id, (sum(CASE WHEN (date_dim.d_day_name = 'Sunday'::bpchar) THEN store_sales.ss_sales_price ELSE NULL::numeric END)), (sum(CASE WHEN (date_dim.d_day_name = 'Monday'::bpchar) THEN store_sales.ss_sales_price ELSE NULL::numeric END)), (sum(CASE WHEN (date_dim.d_day_name = 'Tuesday'::bpchar) THEN store_sales.ss_sales_price ELSE NULL::numeric END)), (sum(CASE WHEN (date_dim.d_day_name = 'Wednesday'::bpchar) THEN store_sales.ss_sales_price ELSE NULL::numeric END)), (sum(CASE WHEN (date_dim.d_day_name = 'Thursday'::bpchar) THEN store_sales.ss_sales_price ELSE NULL::numeric END)), (sum(CASE WHEN (date_dim.d_day_name = 'Friday'::bpchar) THEN store_sales.ss_sales_price ELSE NULL::numeric END)), (sum(CASE WHEN (date_dim.d_day_name = 'Saturday'::bpchar) THEN store_sales.ss_sales_price ELSE NULL::numeric END))
         Sort Method: quicksort  Memory: 26kB
         ->  Finalize GroupAggregate  (cost=134769.73..135283.99 rows=12 width=246) (actual time=714.297..714.389 rows=12 loops=1)
               Group Key: store.s_store_name, store.s_store_id
               ->  Remote Subquery Scan on all (dn1,dn2)  (cost=134769.73..135282.70 rows=24 width=246) (actual time=714.278..714.320 rows=24 loops=1)
 Planning time: 0.356 ms
 Execution time: 722.299 ms
(9 rows)

