                                                                                                        QUERY PLAN                                                                                                         
---------------------------------------------------------------------------------------------------------------------------------------------------------------------------------------------------------------------------
 Limit  (cost=1356788.46..1356788.50 rows=13 width=126) (actual time=5524.720..5524.721 rows=8 loops=1)
   ->  Sort  (cost=1356788.46..1356788.50 rows=13 width=126) (actual time=5524.719..5524.719 rows=8 loops=1)
         Sort Key: ((GROUPING(s_state) + GROUPING(s_county))) DESC, (CASE WHEN (((GROUPING(s_state) + GROUPING(s_county))) = 0) THEN s_state ELSE NULL::bpchar END), (rank() OVER (?))
         Sort Method: quicksort  Memory: 25kB
         ->  WindowAgg  (cost=1356787.80..1356788.22 rows=13 width=126) (actual time=5524.700..5524.706 rows=8 loops=1)
               ->  Sort  (cost=1356787.80..1356787.83 rows=13 width=94) (actual time=5524.696..5524.696 rows=8 loops=1)
                     Sort Key: ((GROUPING(s_state) + GROUPING(s_county))), (CASE WHEN (GROUPING(s_county) = 0) THEN s_state ELSE NULL::bpchar END), (sum(ss_net_profit)) DESC
                     Sort Method: quicksort  Memory: 25kB
                     ->  MixedAggregate  (cost=673640.75..1356787.56 rows=13 width=94) (actual time=5524.681..5524.685 rows=8 loops=1)
                           Hash Key: s_state, s_county
                           Hash Key: s_state
                           Group Key: ()
                           ->  Hash Join  (cost=673640.75..1356128.89 rows=43896 width=24) (actual time=1285.015..3711.720 rows=5379182 loops=1)
                                 Hash Cond: (ss_store_sk = s_store_sk)
                                 ->  Remote Subquery Scan on all (dn1,dn2,dn3,dn4)  (cost=219.22..683769.60 rows=131687 width=10) (actual time=1.775..613.034 rows=5509130 loops=1)
                                 ->  Hash  (cost=673521.10..673521.10 rows=34 width=22) (actual time=1283.221..1283.221 rows=102 loops=1)
                                       Buckets: 1024  Batches: 1  Memory Usage: 14kB
                                       ->  Hash Join  (cost=673514.44..673521.10 rows=34 width=22) (actual time=1283.031..1283.177 rows=102 loops=1)
                                             Hash Cond: (s_state = tmp1.s_state)
                                             ->  Remote Subquery Scan on all (dn3)  (cost=100.00..108.77 rows=102 width=22) (actual time=2.069..2.096 rows=102 loops=1)
                                             ->  Hash  (cost=673514.43..673514.43 rows=1 width=3) (actual time=1280.941..1280.941 rows=3 loops=1)
                                                   Buckets: 1024  Batches: 1  Memory Usage: 9kB
                                                   ->  Subquery Scan on tmp1  (cost=673514.33..673514.43 rows=1 width=3) (actual time=1280.927..1280.936 rows=3 loops=1)
                                                         Filter: (tmp1.ranking <= 5)
                                                         ->  WindowAgg  (cost=673514.33..673514.39 rows=3 width=43) (actual time=1280.925..1280.932 rows=3 loops=1)
                                                               ->  Sort  (cost=673514.33..673514.34 rows=3 width=35) (actual time=1280.918..1280.919 rows=3 loops=1)
                                                                     Sort Key: s_state, (sum(ss_net_profit)) DESC
                                                                     Sort Method: quicksort  Memory: 25kB
                                                                     ->  Finalize GroupAggregate  (cost=673514.18..673514.30 rows=3 width=35) (actual time=1280.884..1280.909 rows=3 loops=1)
                                                                           Group Key: s_state
                                                                           ->  Remote Subquery Scan on all (dn1,dn2,dn3,dn4)  (cost=673514.18..673514.22 rows=6 width=35) (actual time=1280.852..1280.871 rows=12 loops=1)
 Planning time: 1.565 ms
 Execution time: 5535.826 ms
(33 rows)

