                                                                                                             QUERY PLAN                                                                                                             
------------------------------------------------------------------------------------------------------------------------------------------------------------------------------------------------------------------------------------
 Limit  (cost=57035.75..57035.89 rows=57 width=246) (actual time=592.235..592.244 rows=100 loops=1)
   CTE customer_total_return
     ->  Finalize GroupAggregate  (cost=28431.81..28901.19 rows=3594 width=39) (actual time=94.717..333.492 rows=131189 loops=1)
           Group Key: wr_returning_customer_sk, ca_state
           ->  Remote Subquery Scan on all (dn1,dn2,dn3,dn4)  (cost=28431.81..28826.31 rows=2996 width=39) (actual time=94.695..240.790 rows=131942 loops=1)
   ->  Sort  (cost=28134.55..28134.70 rows=57 width=246) (actual time=592.234..592.237 rows=100 loops=1)
         Sort Key: c_customer_id, c_salutation, c_first_name, c_last_name, c_preferred_cust_flag, c_birth_day, c_birth_month, c_birth_year, c_birth_country, c_login, c_email_address, c_last_review_date_sk, ctr1.ctr_total_return
         Sort Method: top-N heapsort  Memory: 68kB
         ->  Hash Join  (cost=28046.42..28132.89 rows=57 width=246) (actual time=541.238..590.797 rows=1575 loops=1)
               Hash Cond: (ctr1.ctr_customer_sk = c_customer_sk)
               ->  Hash Join  (cost=96.85..178.26 rows=1198 width=36) (actual time=403.731..450.031 rows=32251 loops=1)
                     Hash Cond: (ctr1.ctr_state = avg_ctr2.ctr_state)
                     Join Filter: (ctr1.ctr_total_return > (avg_ctr2.avg_total_return * 1.2))
                     Rows Removed by Join Filter: 94891
                     ->  CTE Scan on customer_total_return ctr1  (cost=0.00..71.88 rows=3594 width=48) (actual time=94.721..102.235 rows=131189 loops=1)
                     ->  Hash  (cost=94.35..94.35 rows=200 width=44) (actual time=308.995..308.995 rows=51 loops=1)
                           Buckets: 1024  Batches: 1  Memory Usage: 11kB
                           ->  Subquery Scan on avg_ctr2  (cost=89.85..94.35 rows=200 width=44) (actual time=308.961..308.986 rows=52 loops=1)
                                 ->  HashAggregate  (cost=89.85..92.35 rows=200 width=44) (actual time=308.960..308.982 rows=52 loops=1)
                                       Group Key: customer_total_return.ctr_state
                                       ->  CTE Scan on customer_total_return  (cost=0.00..71.88 rows=3594 width=44) (actual time=0.001..271.486 rows=131189 loops=1)
               ->  Hash  (cost=33056.10..33056.10 rows=23784 width=218) (actual time=137.289..137.289 rows=24415 loops=1)
                     Buckets: 32768  Batches: 1  Memory Usage: 5057kB
                     ->  Remote Subquery Scan on all (dn4)  (cost=8908.65..33056.10 rows=23784 width=218) (actual time=32.345..77.399 rows=24415 loops=1)
 Planning time: 1.460 ms
 Execution time: 597.024 ms
(26 rows)

