                                                             QUERY PLAN                                                              
-------------------------------------------------------------------------------------------------------------------------------------
 Remote Subquery Scan on all (dn3)  (cost=10542593.51..10542595.09 rows=1 width=160) (actual time=8730.681..8730.683 rows=1 loops=1)
 Planning time: 0.499 ms
 Execution time: 8744.608 ms
(3 rows)

