                                                                                        QUERY PLAN                                                                                        
------------------------------------------------------------------------------------------------------------------------------------------------------------------------------------------
 Limit  (cost=50005489996.68..50005489996.85 rows=1 width=288) (actual time=7691.482..7691.485 rows=1 loops=1)
   ->  Nested Loop  (cost=50005489996.68..50005489996.85 rows=1 width=288) (actual time=7691.481..7691.484 rows=1 loops=1)
         ->  Nested Loop  (cost=40004572356.88..40004572357.02 rows=1 width=240) (actual time=6404.208..6404.210 rows=1 loops=1)
               ->  Nested Loop  (cost=30003655327.23..30003655327.34 rows=1 width=192) (actual time=5110.899..5110.901 rows=1 loops=1)
                     ->  Nested Loop  (cost=20002740627.65..20002740627.73 rows=1 width=144) (actual time=3830.190..3830.191 rows=1 loops=1)
                           ->  Nested Loop  (cost=10001827998.97..10001827999.02 rows=1 width=96) (actual time=2550.950..2550.950 rows=1 loops=1)
                                 ->  Aggregate  (cost=916614.66..916614.67 rows=1 width=48) (actual time=1294.709..1294.709 rows=1 loops=1)
                                       ->  Remote Subquery Scan on all (dn1,dn2,dn3,dn4)  (cost=200.00..914114.60 rows=333341 width=6) (actual time=7.146..1037.977 rows=340343 loops=1)
                                 ->  Aggregate  (cost=911384.31..911384.32 rows=1 width=48) (actual time=1256.236..1256.236 rows=1 loops=1)
                                       ->  Remote Subquery Scan on all (dn1,dn2,dn3,dn4)  (cost=200.00..909215.28 rows=289203 width=6) (actual time=13.023..1021.763 rows=289032 loops=1)
                           ->  Aggregate  (cost=912628.68..912628.69 rows=1 width=48) (actual time=1279.236..1279.236 rows=1 loops=1)
                                 ->  Remote Subquery Scan on all (dn1,dn2,dn3,dn4)  (cost=200.00..910380.89 rows=299704 width=6) (actual time=14.228..1038.657 rows=330059 loops=1)
                     ->  Aggregate  (cost=914699.58..914699.59 rows=1 width=48) (actual time=1280.706..1280.706 rows=1 loops=1)
                           ->  Remote Subquery Scan on all (dn1,dn2,dn3,dn4)  (cost=200.00..912320.73 rows=317180 width=6) (actual time=10.479..1028.763 rows=352225 loops=1)
               ->  Aggregate  (cost=917029.65..917029.66 rows=1 width=48) (actual time=1293.304..1293.304 rows=1 loops=1)
                     ->  Remote Subquery Scan on all (dn1,dn2,dn3,dn4)  (cost=200.00..914503.32 rows=336843 width=6) (actual time=11.380..1037.409 rows=325742 loops=1)
         ->  Aggregate  (cost=917639.80..917639.81 rows=1 width=48) (actual time=1287.269..1287.269 rows=1 loops=1)
               ->  Remote Subquery Scan on all (dn1,dn2,dn3,dn4)  (cost=200.00..915074.86 rows=341992 width=6) (actual time=10.660..1040.273 rows=330898 loops=1)
 Planning time: 2.101 ms
 Execution time: 7695.872 ms
(20 rows)

