                                                                        QUERY PLAN                                                                        
----------------------------------------------------------------------------------------------------------------------------------------------------------
 Limit  (cost=511791.83..511796.08 rows=100 width=84) (actual time=483.499..484.682 rows=100 loops=1)
   ->  GroupAggregate  (cost=511791.83..511825.02 rows=781 width=84) (actual time=483.498..484.658 rows=100 loops=1)
         Group Key: warehouse.w_state, item.i_item_id
         ->  Remote Subquery Scan on all (dn1,dn2,dn3,dn4)  (cost=511791.83..511797.69 rows=781 width=36) (actual time=483.473..484.289 rows=156 loops=1)
 Planning time: 1.089 ms
 Execution time: 489.198 ms
(6 rows)

