                                                                         QUERY PLAN                                                                          
-------------------------------------------------------------------------------------------------------------------------------------------------------------
 Limit  (cost=731764.68..731768.68 rows=100 width=145) (actual time=1241.298..1242.847 rows=100 loops=1)
   ->  GroupAggregate  (cost=731764.68..731845.32 rows=2016 width=145) (actual time=1241.297..1242.821 rows=100 loops=1)
         Group Key: item.i_item_id
         ->  Remote Subquery Scan on all (dn1,dn2,dn3,dn4)  (cost=731764.68..731779.80 rows=2016 width=36) (actual time=1241.245..1242.156 rows=200 loops=1)
 Planning time: 0.697 ms
 Execution time: 1247.128 ms
(6 rows)

