                                                                                                                                                                                                                                                    QUERY PLAN                                                                                                                                                                                                                                                    
------------------------------------------------------------------------------------------------------------------------------------------------------------------------------------------------------------------------------------------------------------------------------------------------------------------------------------------------------------------------------------------------------------------------------------------------------------------------------------------------------------------
 Limit  (cost=1820360.39..1820360.40 rows=1 width=292) (actual time=1649.197..1649.198 rows=4 loops=1)
   CTE ss_items
     ->  GroupAggregate  (cost=929153.48..929222.48 rows=2760 width=49) (actual time=719.785..837.975 rows=35220 loops=1)
           Group Key: i_item_id
           InitPlan 1 (returns $1)
             ->  Remote Subquery Scan on all (dn1)  (cost=100.00..2042.22 rows=1 width=4) (actual time=15.002..15.003 rows=1 loops=1)
           ->  Remote Subquery Scan on all (dn1,dn2,dn3,dn4)  (cost=927111.26..927131.96 rows=2760 width=23) (actual time=719.765..816.735 rows=60738 loops=1)
   CTE cs_items
     ->  GroupAggregate  (cost=587847.14..587881.64 rows=1380 width=49) (actual time=436.870..497.118 rows=23715 loops=1)
           Group Key: i_item_id
           InitPlan 3 (returns $4)
             ->  Remote Subquery Scan on all (dn4)  (cost=100.00..2042.22 rows=1 width=4) (actual time=9.972..9.973 rows=1 loops=1)
           ->  Remote Subquery Scan on all (dn1,dn2,dn3,dn4)  (cost=585804.92..585815.27 rows=1380 width=23) (actual time=436.844..485.212 rows=31821 loops=1)
   CTE ws_items
     ->  GroupAggregate  (cost=302799.39..302816.64 rows=690 width=49) (actual time=252.277..283.942 rows=13378 loops=1)
           Group Key: i_item_id
           InitPlan 5 (returns $7)
             ->  Remote Subquery Scan on all (dn1)  (cost=100.00..2042.22 rows=1 width=4) (actual time=10.407..10.409 rows=1 loops=1)
           ->  Remote Subquery Scan on all (dn1,dn2,dn3,dn4)  (cost=300757.17..300762.34 rows=690 width=23) (actual time=252.258..276.862 rows=15556 loops=1)
   ->  Sort  (cost=439.62..439.63 rows=1 width=292) (actual time=1649.196..1649.196 rows=4 loops=1)
         Sort Key: ss_items.item_id, ss_items.ss_item_rev
         Sort Method: quicksort  Memory: 25kB
         ->  Hash Join  (cost=316.07..439.61 rows=1 width=292) (actual time=1599.774..1649.185 rows=4 loops=1)
               Hash Cond: (ss_items.item_id = cs_items.item_id)
               Join Filter: ((ss_items.ss_item_rev >= (0.9 * cs_items.cs_item_rev)) AND (ss_items.ss_item_rev <= (1.1 * cs_items.cs_item_rev)) AND (cs_items.cs_item_rev >= (0.9 * ss_items.ss_item_rev)) AND (cs_items.cs_item_rev <= (1.1 * ss_items.ss_item_rev)) AND (ss_items.ss_item_rev >= (0.9 * ws_items.ws_item_rev)) AND (ss_items.ss_item_rev <= (1.1 * ws_items.ws_item_rev)) AND (ws_items.ws_item_rev >= (0.9 * ss_items.ss_item_rev)) AND (ws_items.ws_item_rev <= (1.1 * ss_items.ss_item_rev)))
               Rows Removed by Join Filter: 165
               ->  CTE Scan on ss_items  (cost=0.00..55.20 rows=2760 width=100) (actual time=719.789..846.443 rows=35220 loops=1)
               ->  Hash  (cost=315.33..315.33 rows=59 width=200) (actual time=798.618..798.618 rows=245 loops=1)
                     Buckets: 1024  Batches: 1  Memory Usage: 28kB
                     ->  Hash Join  (cost=22.43..315.33 rows=59 width=200) (actual time=726.940..798.566 rows=245 loops=1)
                           Hash Cond: (cs_items.item_id = ws_items.item_id)
                           Join Filter: ((cs_items.cs_item_rev >= (0.9 * ws_items.ws_item_rev)) AND (cs_items.cs_item_rev <= (1.1 * ws_items.ws_item_rev)) AND (ws_items.ws_item_rev >= (0.9 * cs_items.cs_item_rev)) AND (ws_items.ws_item_rev <= (1.1 * cs_items.cs_item_rev)))
                           Rows Removed by Join Filter: 6003
                           ->  CTE Scan on cs_items  (cost=0.00..27.60 rows=1380 width=100) (actual time=436.875..502.456 rows=23715 loops=1)
                           ->  Hash  (cost=13.80..13.80 rows=690 width=100) (actual time=290.044..290.044 rows=13378 loops=1)
                                 Buckets: 16384 (originally 1024)  Batches: 1 (originally 1)  Memory Usage: 860kB
                                 ->  CTE Scan on ws_items  (cost=0.00..13.80 rows=690 width=100) (actual time=252.282..287.818 rows=13378 loops=1)
 Planning time: 0.981 ms
 Execution time: 1658.771 ms
(39 rows)

