                                                                                                 QUERY PLAN                                                                                                 
------------------------------------------------------------------------------------------------------------------------------------------------------------------------------------------------------------
 Limit  (cost=861661.93..861662.03 rows=1 width=126) (actual time=1941.965..2034.165 rows=51 loops=1)
   ->  GroupAggregate  (cost=861661.93..861662.03 rows=1 width=126) (actual time=1941.963..2034.159 rows=51 loops=1)
         Group Key: store.s_store_name, store.s_company_id, store.s_street_number, store.s_street_name, store.s_street_type, store.s_suite_number, store.s_city, store.s_county, store.s_state, store.s_zip
         ->  Remote Subquery Scan on all (dn1,dn2,dn3,dn4)  (cost=861661.93..861661.94 rows=1 width=94) (actual time=1936.733..2015.505 rows=29216 loops=1)
 Planning time: 1.575 ms
 Execution time: 2040.766 ms
(6 rows)

