                                                                                   QUERY PLAN                                                                                   
--------------------------------------------------------------------------------------------------------------------------------------------------------------------------------
 Sort  (cost=694998.83..695014.14 rows=6123 width=77) (actual time=1412.903..1413.004 rows=3557 loops=1)
   Sort Key: c_last_name, c_first_name, c_salutation, c_preferred_cust_flag DESC, dn.ss_ticket_number
   Sort Method: quicksort  Memory: 586kB
   ->  Merge Join  (cost=670425.34..694613.69 rows=6123 width=77) (actual time=966.777..1406.742 rows=3557 loops=1)
         Merge Cond: (c_customer_sk = dn.ss_customer_sk)
         ->  Remote Subquery Scan on all (dn3)  (cost=100.17..59946.68 rows=500000 width=69) (actual time=1.047..167.777 rows=499904 loops=1)
         ->  Sort  (cost=670425.17..670440.48 rows=6123 width=16) (actual time=965.695..966.010 rows=3557 loops=1)
               Sort Key: dn.ss_customer_sk
               Sort Method: quicksort  Memory: 374kB
               ->  Subquery Scan on dn  (cost=669188.37..670040.03 rows=6123 width=16) (actual time=783.441..964.911 rows=3557 loops=1)
                     ->  Finalize GroupAggregate  (cost=669188.37..669978.80 rows=6123 width=16) (actual time=783.440..964.608 rows=3557 loops=1)
                           Group Key: ss_ticket_number, ss_customer_sk
                           Filter: ((count(*) >= 15) AND (count(*) <= 20))
                           Rows Removed by Filter: 34897
                           ->  Remote Subquery Scan on all (dn1,dn2,dn3,dn4)  (cost=669188.37..669853.80 rows=5102 width=16) (actual time=783.408..942.814 rows=138805 loops=1)
 Planning time: 0.477 ms
 Execution time: 1416.168 ms
(17 rows)

