                                                                    QUERY PLAN                                                                     
---------------------------------------------------------------------------------------------------------------------------------------------------
 Limit  (cost=2296948143.11..2296948144.11 rows=100 width=51) (actual time=41227.254..41227.265 rows=14 loops=1)
   ->  Remote Subquery Scan on all (dn4)  (cost=2296948143.11..2296948144.11 rows=100 width=51) (actual time=41227.252..41227.260 rows=14 loops=1)
 Planning time: 0.588 ms
 Execution time: 41230.547 ms
(4 rows)

