                                                                                                  QUERY PLAN                                                                                                  
--------------------------------------------------------------------------------------------------------------------------------------------------------------------------------------------------------------
 Aggregate  (cost=1471555.09..1471555.10 rows=1 width=8) (actual time=24975.924..24975.924 rows=1 loops=1)
   ->  Subquery Scan on cool_cust  (cost=717535.25..1471234.74 rows=128139 width=0) (actual time=24905.523..24957.868 rows=463781 loops=1)
         ->  HashSetOp Except  (cost=717535.25..1469953.35 rows=128139 width=216) (actual time=24905.522..24925.006 rows=463781 loops=1)
               ->  Append  (cost=717535.25..1468752.15 rows=160161 width=216) (actual time=20985.811..24753.281 rows=584229 loops=1)
                     ->  Result  (cost=717535.25..1211406.54 rows=128139 width=216) (actual time=20985.810..21118.726 rows=465423 loops=1)
                           ->  HashSetOp Except  (cost=717535.25..1210125.15 rows=128139 width=216) (actual time=20985.809..21055.881 rows=465423 loops=1)
                                 ->  Append  (cost=717535.25..1208683.55 rows=192214 width=216) (actual time=4500.228..20721.692 rows=782937 loops=1)
                                       ->  Subquery Scan on "*SELECT* 1"  (cost=717535.25..720738.73 rows=128139 width=60) (actual time=4500.228..13532.675 rows=470158 loops=1)
                                             ->  Unique  (cost=717535.25..719457.34 rows=128139 width=56) (actual time=4500.225..13473.927 rows=470158 loops=1)
                                                   ->  Remote Subquery Scan on all (dn1,dn2,dn3,dn4)  (cost=717535.25..718496.30 rows=128139 width=56) (actual time=4500.223..12479.788 rows=5392585 loops=1)
                                       ->  Subquery Scan on "*SELECT* 2"  (cost=486342.95..487944.82 rows=64075 width=60) (actual time=2346.994..7128.097 rows=312779 loops=1)
                                             ->  Unique  (cost=486342.95..487304.07 rows=64075 width=56) (actual time=2346.990..7089.554 rows=312779 loops=1)
                                                   ->  Remote Subquery Scan on all (dn1,dn2,dn3,dn4)  (cost=486342.95..486823.51 rows=64075 width=56) (actual time=2346.989..6563.801 rows=2856037 loops=1)
                     ->  Subquery Scan on "*SELECT* 3"  (cost=256545.05..257345.60 rows=32022 width=60) (actual time=1192.901..3608.003 rows=118806 loops=1)
                           ->  Unique  (cost=256545.05..257025.38 rows=32022 width=56) (actual time=1192.898..3592.962 rows=118806 loops=1)
                                 ->  Remote Subquery Scan on all (dn1,dn2,dn3,dn4)  (cost=256545.05..256785.22 rows=32022 width=56) (actual time=1192.896..3322.544 rows=1447896 loops=1)
 Planning time: 0.588 ms
 Execution time: 25005.817 ms
(18 rows)

