                                                                          QUERY PLAN                                                                           
---------------------------------------------------------------------------------------------------------------------------------------------------------------
 Limit  (cost=210846.21..210846.46 rows=100 width=220) (actual time=394.645..394.653 rows=100 loops=1)
   CTE sr_items
     ->  GroupAggregate  (cost=103690.09..103735.27 rows=2008 width=25) (actual time=127.499..170.029 rows=19201 loops=1)
           Group Key: i_item_id
           ->  Remote Subquery Scan on all (dn1,dn2,dn3,dn4)  (cost=103690.09..103705.15 rows=2008 width=21) (actual time=127.489..164.514 rows=23935 loops=1)
   CTE cr_items
     ->  GroupAggregate  (cost=64722.46..64745.07 rows=1005 width=25) (actual time=91.618..109.782 rows=8873 loops=1)
           Group Key: i_item_id
           ->  Remote Subquery Scan on all (dn1,dn2,dn3,dn4)  (cost=64722.46..64730.00 rows=1005 width=21) (actual time=91.608..107.268 rows=9731 loops=1)
   CTE wr_items
     ->  GroupAggregate  (cost=39313.98..39325.27 rows=502 width=25) (actual time=77.901..86.002 rows=3595 loops=1)
           Group Key: i_item_id
           ->  Remote Subquery Scan on all (dn1,dn2,dn3,dn4)  (cost=39313.98..39317.74 rows=502 width=21) (actual time=77.890..84.602 rows=3739 loops=1)
   ->  Sort  (cost=3040.59..3103.90 rows=25326 width=220) (actual time=394.644..394.647 rows=100 loops=1)
         Sort Key: sr_items.item_id, sr_items.sr_item_qty
         Sort Method: top-N heapsort  Memory: 38kB
         ->  Merge Join  (cost=253.09..2072.64 rows=25326 width=220) (actual time=385.134..394.336 rows=242 loops=1)
               Merge Cond: (cr_items.item_id = sr_items.item_id)
               ->  Merge Join  (cost=102.77..143.13 rows=2523 width=152) (actual time=204.351..208.062 rows=594 loops=1)
                     Merge Cond: (wr_items.item_id = cr_items.item_id)
                     ->  Sort  (cost=32.56..33.81 rows=502 width=76) (actual time=88.910..89.019 rows=3595 loops=1)
                           Sort Key: wr_items.item_id
                           Sort Method: quicksort  Memory: 377kB
                           ->  CTE Scan on wr_items  (cost=0.00..10.04 rows=502 width=76) (actual time=77.905..87.470 rows=3595 loops=1)
                     ->  Sort  (cost=70.21..72.73 rows=1005 width=76) (actual time=115.424..115.683 rows=8873 loops=1)
                           Sort Key: cr_items.item_id
                           Sort Method: quicksort  Memory: 1078kB
                           ->  CTE Scan on cr_items  (cost=0.00..20.10 rows=1005 width=76) (actual time=91.622..112.339 rows=8873 loops=1)
               ->  Sort  (cost=150.31..155.33 rows=2008 width=76) (actual time=180.759..181.332 rows=19183 loops=1)
                     Sort Key: sr_items.item_id
                     Sort Method: quicksort  Memory: 2269kB
                     ->  CTE Scan on sr_items  (cost=0.00..40.16 rows=2008 width=76) (actual time=127.502..174.552 rows=19201 loops=1)
 Planning time: 3.524 ms
 Execution time: 405.501 ms
(34 rows)

