                                                                        QUERY PLAN                                                                        
----------------------------------------------------------------------------------------------------------------------------------------------------------
 Limit  (cost=272469.84..272472.59 rows=100 width=52) (actual time=450.312..450.513 rows=49 loops=1)
   ->  GroupAggregate  (cost=272469.84..272598.68 rows=4685 width=52) (actual time=450.311..450.501 rows=49 loops=1)
         Group Key: customer_address.ca_zip, customer_address.ca_city
         ->  Remote Subquery Scan on all (dn1,dn2,dn3,dn4)  (cost=272469.84..272504.98 rows=4685 width=26) (actual time=450.293..450.411 rows=51 loops=1)
 Planning time: 2.141 ms
 Execution time: 455.645 ms
(6 rows)

