                                                                                                                                                                                                                                                                                                                                                                                                                                          QUERY PLAN                                                                                                                                                                                                                                                                                                                                                                                                                                          
----------------------------------------------------------------------------------------------------------------------------------------------------------------------------------------------------------------------------------------------------------------------------------------------------------------------------------------------------------------------------------------------------------------------------------------------------------------------------------------------------------------------------------------------------------------------------------------------------------------------------------------------------------------------------------------------------------------------------------------------------------------------------------------------------------------------------------------------------------------------------------------------
 Limit  (cost=673794.37..673794.48 rows=46 width=245) (actual time=1649.125..1649.134 rows=33 loops=1)
   ->  Sort  (cost=673794.37..673794.48 rows=46 width=245) (actual time=1649.123..1649.127 rows=33 loops=1)
         Sort Key: store.s_store_name, store.s_store_id, (sum(CASE WHEN (date_dim.d_day_name = 'Sunday'::bpchar) THEN store_sales.ss_sales_price ELSE NULL::numeric END)), (sum(CASE WHEN (date_dim.d_day_name = 'Monday'::bpchar) THEN store_sales.ss_sales_price ELSE NULL::numeric END)), (sum(CASE WHEN (date_dim.d_day_name = 'Tuesday'::bpchar) THEN store_sales.ss_sales_price ELSE NULL::numeric END)), (sum(CASE WHEN (date_dim.d_day_name = 'Wednesday'::bpchar) THEN store_sales.ss_sales_price ELSE NULL::numeric END)), (sum(CASE WHEN (date_dim.d_day_name = 'Thursday'::bpchar) THEN store_sales.ss_sales_price ELSE NULL::numeric END)), (sum(CASE WHEN (date_dim.d_day_name = 'Friday'::bpchar) THEN store_sales.ss_sales_price ELSE NULL::numeric END)), (sum(CASE WHEN (date_dim.d_day_name = 'Saturday'::bpchar) THEN store_sales.ss_sales_price ELSE NULL::numeric END))
         Sort Method: quicksort  Memory: 29kB
         ->  Finalize GroupAggregate  (cost=672001.90..673793.10 rows=46 width=245) (actual time=1448.796..1649.056 rows=33 loops=1)
               Group Key: store.s_store_name, store.s_store_id
               ->  Remote Subquery Scan on all (dn1,dn2,dn3,dn4)  (cost=672001.90..673788.15 rows=92 width=245) (actual time=1448.716..1647.853 rows=132 loops=1)
 Planning time: 0.994 ms
 Execution time: 1661.971 ms
(9 rows)

