                                                                                                         QUERY PLAN                                                                                                         
----------------------------------------------------------------------------------------------------------------------------------------------------------------------------------------------------------------------------
 Limit  (cost=954602.89..954606.64 rows=100 width=64) (actual time=613.963..613.963 rows=0 loops=1)
   ->  GroupAggregate  (cost=954602.89..954706.42 rows=2761 width=64) (actual time=613.962..613.962 rows=0 loops=1)
         Group Key: customer_demographics.cd_gender, customer_demographics.cd_marital_status, customer_demographics.cd_education_status, customer_demographics.cd_purchase_estimate, customer_demographics.cd_credit_rating
         ->  Remote Subquery Scan on all (dn1,dn2,dn3,dn4)  (cost=954602.89..954623.59 rows=2761 width=40) (actual time=613.961..613.961 rows=0 loops=1)
 Planning time: 1.061 ms
 Execution time: 618.751 ms
(6 rows)

SET
