                                                                    QUERY PLAN                                                                     
---------------------------------------------------------------------------------------------------------------------------------------------------
 Aggregate  (cost=1070181.21..1070181.22 rows=1 width=128) (actual time=2595.255..2595.256 rows=1 loops=1)
   ->  Remote Subquery Scan on all (dn1,dn2,dn3,dn4)  (cost=72243.68..1070181.19 rows=1 width=16) (actual time=2577.094..2595.130 rows=52 loops=1)
 Planning time: 1.263 ms
 Execution time: 2599.206 ms
(4 rows)

