                                                                                                                 QUERY PLAN                                                                                                                  
---------------------------------------------------------------------------------------------------------------------------------------------------------------------------------------------------------------------------------------------
 Limit  (cost=74485.17..74485.20 rows=11 width=236) (actual time=928.829..928.838 rows=100 loops=1)
   CTE customer_total_return
     ->  Finalize GroupAggregate  (cost=47787.21..48726.62 rows=7194 width=39) (actual time=130.072..638.564 rows=275520 loops=1)
           Group Key: cr_returning_customer_sk, ca_state
           ->  Remote Subquery Scan on all (dn1,dn2,dn3,dn4)  (cost=47787.21..48576.73 rows=5996 width=39) (actual time=130.055..444.382 rows=278164 loops=1)
   ->  Sort  (cost=25758.56..25758.59 rows=11 width=236) (actual time=928.828..928.831 rows=100 loops=1)
         Sort Key: c_customer_id, c_salutation, c_first_name, c_last_name, ca_street_number, ca_street_name, ca_street_type, ca_suite_number, ca_city, ca_county, ca_zip, ca_country, ca_gmt_offset, ca_location_type, ctr1.ctr_total_return
         Sort Method: top-N heapsort  Memory: 68kB
         ->  Hash Join  (cost=25587.09..25758.37 rows=11 width=236) (actual time=893.578..928.190 rows=341 loops=1)
               Hash Cond: (ctr1.ctr_state = avg_ctr2.ctr_state)
               Join Filter: (ctr1.ctr_total_return > (avg_ctr2.avg_total_return * 1.2))
               Rows Removed by Join Filter: 964
               ->  Hash Join  (cost=25400.24..25571.43 rows=33 width=248) (actual time=108.157..142.572 rows=1347 loops=1)
                     Hash Cond: (ctr1.ctr_customer_sk = c_customer_sk)
                     ->  CTE Scan on customer_total_return ctr1  (cost=0.00..143.88 rows=7194 width=48) (actual time=0.000..14.988 rows=275520 loops=1)
                     ->  Hash  (cost=25964.60..25964.60 rows=2316 width=208) (actual time=107.873..107.873 rows=2461 loops=1)
                           Buckets: 4096  Batches: 1  Memory Usage: 608kB
                           ->  Remote Subquery Scan on all (dn2)  (cost=8774.48..25964.60 rows=2316 width=208) (actual time=35.530..95.767 rows=2461 loops=1)
               ->  Hash  (cost=184.35..184.35 rows=200 width=44) (actual time=785.168..785.168 rows=51 loops=1)
                     Buckets: 1024  Batches: 1  Memory Usage: 11kB
                     ->  Subquery Scan on avg_ctr2  (cost=179.85..184.35 rows=200 width=44) (actual time=785.133..785.159 rows=52 loops=1)
                           ->  HashAggregate  (cost=179.85..182.35 rows=200 width=44) (actual time=785.133..785.155 rows=52 loops=1)
                                 Group Key: customer_total_return.ctr_state
                                 ->  CTE Scan on customer_total_return  (cost=0.00..143.88 rows=7194 width=44) (actual time=130.075..707.073 rows=275520 loops=1)
 Planning time: 0.590 ms
 Execution time: 934.435 ms
(26 rows)

