                                                                                                                                               QUERY PLAN                                                                                                                                               
--------------------------------------------------------------------------------------------------------------------------------------------------------------------------------------------------------------------------------------------------------------------------------------------------------
 Limit  (cost=1033878.89..1033878.89 rows=1 width=276) (actual time=12551.690..12551.699 rows=100 loops=1)
   CTE year_total
     ->  Append  (cost=725828.04..996105.31 rows=359746 width=137) (actual time=6217.647..11735.858 rows=830769 loops=1)
           ->  Finalize HashAggregate  (cost=725828.04..729425.78 rows=287819 width=137) (actual time=6217.647..6577.593 rows=617073 loops=1)
                 Group Key: c_customer_id, c_first_name, c_last_name, d_year
                 ->  Remote Subquery Scan on all (dn1,dn2,dn3,dn4)  (cost=695546.98..722230.29 rows=239850 width=105) (actual time=2923.050..3267.549 rows=2388879 loops=1)
           ->  Finalize GroupAggregate  (cost=253241.45..263082.08 rows=71927 width=137) (actual time=3117.304..5121.746 rows=213696 loops=1)
                 Group Key: c_customer_id, c_first_name, c_last_name, d_year
                 ->  Remote Subquery Scan on all (dn1,dn2,dn3,dn4)  (cost=253241.45..261283.89 rows=59940 width=105) (actual time=3117.254..4570.264 rows=824056 loops=1)
   ->  Sort  (cost=37773.58..37773.58 rows=1 width=276) (actual time=12551.688..12551.691 rows=100 loops=1)
         Sort Key: t_s_secyear.customer_last_name, t_s_secyear.customer_first_name, t_s_secyear.customer_id
         Sort Method: top-N heapsort  Memory: 47kB
         ->  Hash Join  (cost=27880.52..37773.57 rows=1 width=276) (actual time=12493.115..12550.116 rows=4320 loops=1)
               Hash Cond: (t_w_firstyear.customer_id = t_s_secyear.customer_id)
               Join Filter: (CASE WHEN (t_w_firstyear.year_total > '0'::numeric) THEN (t_w_secyear.year_total / t_w_firstyear.year_total) ELSE NULL::numeric END > CASE WHEN (t_s_firstyear.year_total > '0'::numeric) THEN (t_s_secyear.year_total / t_s_firstyear.year_total) ELSE NULL::numeric END)
               Rows Removed by Join Filter: 4321
               ->  CTE Scan on year_total t_w_firstyear  (cost=0.00..9893.02 rows=3 width=100) (actual time=9943.342..9981.145 rows=107512 loops=1)
                     Filter: ((year_total > '0'::numeric) AND (sale_type = 'w'::text) AND (year = 2000))
                     Rows Removed by Filter: 723257
               ->  Hash  (cost=27880.50..27880.50 rows=1 width=508) (actual time=2549.748..2549.748 rows=40516 loops=1)
                     Buckets: 65536 (originally 1024)  Batches: 1 (originally 1)  Memory Usage: 6832kB
                     ->  Hash Join  (cost=17987.47..27880.50 rows=1 width=508) (actual time=2358.386..2538.038 rows=40516 loops=1)
                           Hash Cond: (t_s_firstyear.customer_id = t_s_secyear.customer_id)
                           ->  CTE Scan on year_total t_s_firstyear  (cost=0.00..9893.02 rows=3 width=100) (actual time=0.005..136.917 rows=309098 loops=1)
                                 Filter: ((year_total > '0'::numeric) AND (sale_type = 's'::text) AND (year = 2000))
                                 Rows Removed by Filter: 521671
                           ->  Hash  (cost=17987.46..17987.46 rows=1 width=408) (actual time=2358.371..2358.371 rows=65536 loops=1)
                                 Buckets: 65536 (originally 1024)  Batches: 1 (originally 1)  Memory Usage: 9081kB
                                 ->  Hash Join  (cost=8993.76..17987.46 rows=1 width=408) (actual time=2194.736..2341.688 rows=65536 loops=1)
                                       Hash Cond: (t_s_secyear.customer_id = t_w_secyear.customer_id)
                                       ->  CTE Scan on year_total t_s_secyear  (cost=0.00..8993.65 rows=9 width=308) (actual time=0.001..95.047 rows=307975 loops=1)
                                             Filter: ((sale_type = 's'::text) AND (year = 2001))
                                             Rows Removed by Filter: 522794
                                       ->  Hash  (cost=8993.65..8993.65 rows=9 width=100) (actual time=2194.722..2194.722 rows=106184 loops=1)
                                             Buckets: 131072 (originally 1024)  Batches: 1 (originally 1)  Memory Usage: 7029kB
                                             ->  CTE Scan on year_total t_w_secyear  (cost=0.00..8993.65 rows=9 width=100) (actual time=55.393..2173.751 rows=106184 loops=1)
                                                   Filter: ((sale_type = 'w'::text) AND (year = 2001))
                                                   Rows Removed by Filter: 724585
 Planning time: 0.596 ms
 Execution time: 12590.248 ms
(40 rows)

