                                                                                               QUERY PLAN                                                                                               
--------------------------------------------------------------------------------------------------------------------------------------------------------------------------------------------------------
 Sort  (cost=13514990.91..13514990.91 rows=1 width=1310) (actual time=16576.391..16576.394 rows=89 loops=1)
   Sort Key: cs1.product_name, cs1.store_name, cs2.cnt, cs1.s1, cs2.s1
   Sort Method: quicksort  Memory: 48kB
   CTE cs_ui
     ->  Remote Subquery Scan on all (dn1,dn2,dn3,dn4,dn5,dn6,dn7,dn8)  (cost=5299277.31..5300328.24 rows=7128 width=68) (actual time=6298.876..9268.109 rows=203993 loops=1)
   CTE cross_sales
     ->  GroupAggregate  (cost=8214662.50..8214662.57 rows=1 width=266) (actual time=16569.734..16573.024 rows=3544 loops=1)
           Group Key: i_item_sk, s_store_name, s_zip, ca_street_number, ca_street_name, ca_city, ca_zip, ca_street_number, ca_street_name, ca_city, ca_zip, d_year, d_year, d_year
           ->  Sort  (cost=8214662.50..8214662.51 rows=1 width=177) (actual time=16569.722..16569.905 rows=3544 loops=1)
                 Sort Key: i_item_sk, s_store_name, s_zip, ca_street_number, ca_street_name, ca_city, ca_zip, ca_street_number, ca_street_name, ca_city, ca_zip, d_year, d_year, d_year
                 Sort Method: quicksort  Memory: 1038kB
                 ->  Hash Join  (cost=1530647.11..8214662.49 rows=1 width=177) (actual time=15737.532..16560.048 rows=3544 loops=1)
                       Hash Cond: (ss_promo_sk = p_promo_sk)
                       ->  Hash Join  (cost=1530598.61..8214613.99 rows=1 width=181) (actual time=15721.146..16541.947 rows=3545 loops=1)
                             Hash Cond: (ss_sold_date_sk = d_date_sk)
                             ->  Hash Join  (cost=1527550.01..8211565.39 rows=1 width=181) (actual time=15659.521..16478.245 rows=3550 loops=1)
                                   Hash Cond: (ss_item_sk = cs_ui.cs_item_sk)
                                   ->  Remote Subquery Scan on all (dn1,dn2,dn3,dn4,dn5,dn6,dn7,dn8)  (cost=1527418.35..8211433.02 rows=1 width=189) (actual time=6284.277..7088.541 rows=3550 loops=1)
                                   ->  Hash  (cost=142.56..142.56 rows=7128 width=4) (actual time=9375.191..9375.191 rows=203993 loops=1)
                                         Buckets: 262144 (originally 8192)  Batches: 1 (originally 1)  Memory Usage: 9220kB
                                         ->  CTE Scan on cs_ui  (cost=0.00..142.56 rows=7128 width=4) (actual time=6298.880..9322.196 rows=203993 loops=1)
                             ->  Hash  (cost=3185.13..3185.13 rows=73049 width=8) (actual time=61.521..61.521 rows=73049 loops=1)
                                   Buckets: 131072  Batches: 1  Memory Usage: 3878kB
                                   ->  Remote Subquery Scan on all (dn6)  (cost=100.00..3185.13 rows=73049 width=8) (actual time=7.982..36.731 rows=73049 loops=1)
                       ->  Hash  (cost=145.00..145.00 rows=1000 width=4) (actual time=16.378..16.378 rows=1000 loops=1)
                             Buckets: 1024  Batches: 1  Memory Usage: 44kB
                             ->  Remote Subquery Scan on all (dn5)  (cost=100.00..145.00 rows=1000 width=4) (actual time=15.323..15.796 rows=1000 loops=1)
   ->  Hash Join  (cost=0.04..0.09 rows=1 width=1310) (actual time=16575.802..16576.258 rows=89 loops=1)
         Hash Cond: ((cs1.item_sk = cs2.item_sk) AND ((cs1.store_name)::text = (cs2.store_name)::text) AND (cs1.store_zip = cs2.store_zip))
         Join Filter: (cs2.cnt <= cs1.cnt)
         ->  CTE Scan on cross_sales cs1  (cost=0.00..0.02 rows=1 width=1206) (actual time=16569.809..16570.196 rows=458 loops=1)
               Filter: (syear = 2001)
               Rows Removed by Filter: 3086
         ->  Hash  (cost=0.02..0.02 rows=1 width=274) (actual time=5.969..5.969 rows=558 loops=1)
               Buckets: 1024  Batches: 1  Memory Usage: 55kB
               ->  CTE Scan on cross_sales cs2  (cost=0.00..0.02 rows=1 width=274) (actual time=0.002..5.850 rows=567 loops=1)
                     Filter: (syear = 2002)
                     Rows Removed by Filter: 2977
 Planning time: 64.765 ms
 Execution time: 16642.872 ms
(40 rows)

