                                                                                  QUERY PLAN                                                                                  
------------------------------------------------------------------------------------------------------------------------------------------------------------------------------
 Limit  (cost=9339815.49..9339816.09 rows=24 width=125) (actual time=19959.479..19959.491 rows=5 loops=1)
   ->  Finalize GroupAggregate  (cost=9339815.49..9339816.09 rows=24 width=125) (actual time=19959.477..19959.488 rows=5 loops=1)
         Group Key: item.i_item_id, item.i_item_desc, item.i_current_price
         ->  Remote Subquery Scan on all (dn1,dn2,dn3,dn4,dn5,dn6,dn7,dn8)  (cost=9339815.49..9339815.67 rows=24 width=125) (actual time=19959.464..19959.475 rows=5 loops=1)
 Planning time: 1.773 ms
 Execution time: 19994.922 ms
(6 rows)

