                                                                                                                                                                                                                                                                                                                                                                                                          QUERY PLAN                                                                                                                                                                                                                                                                                                                                                                                                           
-------------------------------------------------------------------------------------------------------------------------------------------------------------------------------------------------------------------------------------------------------------------------------------------------------------------------------------------------------------------------------------------------------------------------------------------------------------------------------------------------------------------------------------------------------------------------------------------------------------------------------------------------------------------------------------------------------------------------------------------------------------------------------------------------------------------------------
 Limit  (cost=4272448.62..4272463.89 rows=100 width=50) (actual time=4669.236..4672.717 rows=100 loops=1)
   ->  Finalize GroupAggregate  (cost=4272448.62..4275477.72 rows=21234 width=50) (actual time=4669.234..4672.696 rows=100 loops=1)
         Group Key: warehouse.w_warehouse_name, item.i_item_id
         Filter: (((CASE WHEN (sum(CASE WHEN (date_dim.d_date < '2002-02-27'::date) THEN inventory.inv_quantity_on_hand ELSE 0 END) > 0) THEN (sum(CASE WHEN (date_dim.d_date >= '2002-02-27'::date) THEN inventory.inv_quantity_on_hand ELSE 0 END) / sum(CASE WHEN (date_dim.d_date < '2002-02-27'::date) THEN inventory.inv_quantity_on_hand ELSE 0 END)) ELSE NULL::bigint END)::numeric >= 0.66666666666666666667) AND ((CASE WHEN (sum(CASE WHEN (date_dim.d_date < '2002-02-27'::date) THEN inventory.inv_quantity_on_hand ELSE 0 END) > 0) THEN (sum(CASE WHEN (date_dim.d_date >= '2002-02-27'::date) THEN inventory.inv_quantity_on_hand ELSE 0 END) / sum(CASE WHEN (date_dim.d_date < '2002-02-27'::date) THEN inventory.inv_quantity_on_hand ELSE 0 END)) ELSE NULL::bigint END)::numeric <= 1.5000000000000000))
         Rows Removed by Filter: 73
         ->  Remote Subquery Scan on all (dn1,dn2,dn3,dn4,dn5,dn6,dn7,dn8)  (cost=4272448.62..4274822.98 rows=17696 width=50) (actual time=4669.196..4671.911 rows=1039 loops=1)
 Planning time: 0.936 ms
 Execution time: 4680.354 ms
(8 rows)

