                                                                                                                              QUERY PLAN                                                                                                                               
-----------------------------------------------------------------------------------------------------------------------------------------------------------------------------------------------------------------------------------------------------------------------
 Limit  (cost=7645906.44..7645906.44 rows=1 width=282) (actual time=46530.991..46530.999 rows=100 loops=1)
   CTE v1
     ->  WindowAgg  (cost=6774934.59..7104142.06 rows=1683389 width=194) (actual time=37877.414..46060.586 rows=121165 loops=1)
           ->  WindowAgg  (cost=6774934.59..7057848.86 rows=1683389 width=186) (actual time=37877.408..45942.701 rows=121165 loops=1)
                 ->  Finalize GroupAggregate  (cost=6774934.59..7015764.14 rows=1683389 width=154) (actual time=37877.317..45798.896 rows=121165 loops=1)
                       Group Key: i_category, i_brand, s_store_name, s_company_name, d_year, d_moy
                       ->  Remote Subquery Scan on all (dn1,dn2,dn3,dn4,dn5,dn6,dn7,dn8)  (cost=6774934.59..6966665.30 rows=1402824 width=154) (actual time=37877.226..45069.037 rows=858373 loops=1)
   CTE v2
     ->  Hash Join  (cost=474428.76..541764.33 rows=1 width=250) (actual time=46369.756..46434.127 rows=72800 loops=1)
           Hash Cond: ((v1_lead.i_category = v1.i_category) AND (v1_lead.i_brand = v1.i_brand) AND ((v1_lead.s_store_name)::text = (v1.s_store_name)::text) AND ((v1_lead.s_company_name)::text = (v1.s_company_name)::text) AND ((v1_lead.rn - 1) = v1.rn))
           ->  CTE Scan on v1 v1_lead  (cost=0.00..33667.78 rows=1683389 width=684) (actual time=37877.418..37888.288 rows=121165 loops=1)
           ->  Hash  (cost=474428.55..474428.55 rows=9 width=1404) (actual time=8492.299..8492.299 rows=81360 loops=1)
                 Buckets: 131072 (originally 1024)  Batches: 1 (originally 1)  Memory Usage: 26288kB
                 ->  Merge Join  (cost=415509.85..474428.55 rows=9 width=1404) (actual time=8387.375..8452.324 rows=81360 loops=1)
                       Merge Cond: ((v1.i_category = v1_lag.i_category) AND (v1.i_brand = v1_lag.i_brand) AND ((v1.s_store_name)::text = (v1_lag.s_store_name)::text) AND ((v1.s_company_name)::text = (v1_lag.s_company_name)::text) AND (v1.rn = ((v1_lag.rn + 1))))
                       ->  Sort  (cost=207754.92..211963.40 rows=1683389 width=720) (actual time=8320.230..8323.654 rows=110279 loops=1)
                             Sort Key: v1.i_category, v1.i_brand, v1.s_store_name, v1.s_company_name, v1.rn
                             Sort Method: quicksort  Memory: 33681kB
                             ->  CTE Scan on v1  (cost=0.00..33667.78 rows=1683389 width=720) (actual time=0.002..8251.140 rows=121165 loops=1)
                       ->  Sort  (cost=207754.92..211963.40 rows=1683389 width=684) (actual time=67.130..70.547 rows=110102 loops=1)
                             Sort Key: v1_lag.i_category, v1_lag.i_brand, v1_lag.s_store_name, v1_lag.s_company_name, ((v1_lag.rn + 1))
                             Sort Method: quicksort  Memory: 33679kB
                             ->  CTE Scan on v1 v1_lag  (cost=0.00..33667.78 rows=1683389 width=684) (actual time=0.001..15.463 rows=121165 loops=1)
   ->  Sort  (cost=0.05..0.06 rows=1 width=282) (actual time=46530.989..46530.992 rows=100 loops=1)
         Sort Key: ((v2.sum_sales - v2.avg_monthly_sales)), v2.nsum
         Sort Method: top-N heapsort  Memory: 49kB
         ->  CTE Scan on v2  (cost=0.00..0.04 rows=1 width=282) (actual time=46369.763..46513.345 rows=72434 loops=1)
               Filter: ((avg_monthly_sales > '0'::numeric) AND (d_year = 2001) AND (CASE WHEN (avg_monthly_sales > '0'::numeric) THEN (abs((sum_sales - avg_monthly_sales)) / avg_monthly_sales) ELSE NULL::numeric END > 0.1))
               Rows Removed by Filter: 366
 Planning time: 1.314 ms
 Execution time: 46619.020 ms
(31 rows)

