                                                                                                                                                                                                      QUERY PLAN                                                                                                                                                                                                      
----------------------------------------------------------------------------------------------------------------------------------------------------------------------------------------------------------------------------------------------------------------------------------------------------------------------------------------------------------------------------------------------------------------------
 Limit  (cost=48622681.37..48622681.62 rows=100 width=180) (actual time=1596935.755..1596935.765 rows=100 loops=1)
   CTE ws
     ->  Remote Subquery Scan on all (dn1,dn2,dn3,dn4,dn5,dn6,dn7,dn8)  (cost=3597134.07..3608920.60 rows=785769 width=84) (actual time=14185.681..103960.340 rows=64781360 loops=1)
   CTE cs
     ->  Remote Subquery Scan on all (dn1,dn2,dn3,dn4,dn5,dn6,dn7,dn8)  (cost=14851643.25..15052299.32 rows=1419110 width=84) (actual time=26148.524..412787.533 rows=128861352 loops=1)
   CTE ss
     ->  Remote Subquery Scan on all (dn1,dn2,dn3,dn4,dn5,dn6,dn7,dn8)  (cost=29667943.93..29876990.10 rows=1478449 width=84) (actual time=60086.715..918341.006 rows=242233575 loops=1)
   ->  Sort  (cost=84471.35..84481.62 rows=4107 width=180) (actual time=1596935.753..1596935.757 rows=100 loops=1)
         Sort Key: ss.ss_item_sk, ss.ss_qty DESC, ss.ss_wc DESC, ss.ss_sp DESC, ((COALESCE(ws.ws_qty, '0'::bigint) + COALESCE(cs.cs_qty, '0'::bigint))), ((COALESCE(ws.ws_wc, '0'::numeric) + COALESCE(cs.cs_wc, '0'::numeric))), ((COALESCE(ws.ws_sp, '0'::numeric) + COALESCE(cs.cs_sp, '0'::numeric))), (round(((ss.ss_qty / (COALESCE(ws.ws_qty, '0'::bigint) + COALESCE(cs.cs_qty, '0'::bigint))))::numeric, 2))
         Sort Method: top-N heapsort  Memory: 39kB
         ->  Merge Left Join  (cost=84038.33..84314.38 rows=4107 width=180) (actual time=1578532.700..1596933.455 rows=9108 loops=1)
               Merge Cond: ((ss.ss_item_sk = ws.ws_item_sk) AND (ss.ss_customer_sk = ws.ws_customer_sk))
               Join Filter: (ws.ws_sold_year = ss.ss_sold_year)
               Filter: ((COALESCE(ws.ws_qty, '0'::bigint) > 0) OR (COALESCE(cs.cs_qty, '0'::bigint) > 0))
               Rows Removed by Filter: 48688073
               ->  Merge Left Join  (cost=66123.97..66249.01 rows=7392 width=156) (actual time=1452121.952..1463408.065 rows=48697181 loops=1)
                     Merge Cond: ((ss.ss_item_sk = cs.cs_item_sk) AND (ss.ss_customer_sk = cs.cs_customer_sk))
                     Join Filter: (cs.cs_sold_year = ss.ss_sold_year)
                     ->  Sort  (cost=33740.10..33758.58 rows=7392 width=84) (actual time=999918.530..1001994.259 rows=48697181 loops=1)
                           Sort Key: ss.ss_item_sk, ss.ss_customer_sk
                           Sort Method: quicksort  Memory: 5253053kB
                           ->  CTE Scan on ss  (cost=0.00..33265.10 rows=7392 width=84) (actual time=430621.368..986156.334 rows=48697181 loops=1)
                                 Filter: (ss_sold_year = 2000)
                                 Rows Removed by Filter: 193536394
                     ->  Sort  (cost=32383.86..32401.60 rows=7096 width=84) (actual time=452203.415..453202.294 rows=25777475 loops=1)
                           Sort Key: cs.cs_item_sk, cs.cs_customer_sk
                           Sort Method: quicksort  Memory: 2799446kB
                           ->  CTE Scan on cs  (cost=0.00..31929.97 rows=7096 width=84) (actual time=190856.737..444609.391 rows=25777476 loops=1)
                                 Filter: (cs_sold_year = 2000)
                                 Rows Removed by Filter: 103083876
               ->  Sort  (cost=17914.36..17924.19 rows=3929 width=84) (actual time=126407.278..128294.805 rows=13013004 loops=1)
                     Sort Key: ws.ws_item_sk, ws.ws_customer_sk
                     Sort Method: quicksort  Memory: 1409827kB
                     ->  CTE Scan on ws  (cost=0.00..17679.80 rows=3929 width=84) (actual time=14185.696..114760.374 rows=13013004 loops=1)
                           Filter: (ws_sold_year = 2000)
                           Rows Removed by Filter: 51768356
 Planning time: 1.366 ms
 Execution time: 1599187.006 ms
(38 rows)

