                                                                                                QUERY PLAN                                                                                                 
-----------------------------------------------------------------------------------------------------------------------------------------------------------------------------------------------------------
 Limit  (cost=13915286.85..13915287.10 rows=100 width=201) (actual time=90730.119..90730.127 rows=100 loops=1)
   ->  Sort  (cost=13915286.85..13916413.70 rows=450743 width=201) (actual time=90730.118..90730.120 rows=100 loops=1)
         Sort Key: store.s_store_name, item.i_item_desc
         Sort Method: top-N heapsort  Memory: 60kB
         ->  Hash Join  (cost=13494155.40..13898059.77 rows=450743 width=201) (actual time=20472.902..90146.672 rows=1931616 loops=1)
               Hash Cond: (sc.ss_item_sk = item.i_item_sk)
               ->  Merge Join  (cost=13475637.40..13878358.55 rows=450743 width=40) (actual time=20187.575..88836.398 rows=1931616 loops=1)
                     Merge Cond: (sa.ss_store_sk = sc.ss_store_sk)
                     Join Filter: (sc.revenue <= (0.1 * (avg(sa.revenue))))
                     Rows Removed by Join Filter: 20680514
                     ->  Merge Join  (cost=6737868.78..6929106.54 rows=200 width=44) (actual time=9578.123..9582.480 rows=201 loops=1)
                           Merge Cond: (store.s_store_sk = sa.ss_store_sk)
                           ->  Remote Subquery Scan on all (dn8)  (cost=100.15..130.71 rows=402 width=8) (actual time=0.723..0.891 rows=401 loops=1)
                           ->  Finalize GroupAggregate  (cost=6737868.63..6929075.56 rows=200 width=36) (actual time=9577.381..9581.010 rows=202 loops=1)
                                 Group Key: sa.ss_store_sk
                                 ->  Remote Subquery Scan on all (dn1,dn2,dn3,dn4,dn5,dn6,dn7,dn8)  (cost=6737868.63..6929071.56 rows=200 width=36) (actual time=9577.330..9579.121 rows=1616 loops=1)
                     ->  Materialize  (cost=6737868.63..6986537.83 rows=1352230 width=40) (actual time=10609.407..72162.982 rows=22612131 loops=1)
                           ->  Remote Subquery Scan on all (dn1,dn2,dn3,dn4,dn5,dn6,dn7,dn8)  (cost=6737868.63..6983157.26 rows=1352230 width=40) (actual time=10609.403..70230.029 rows=22612131 loops=1)
               ->  Hash  (cost=51564.00..51564.00 rows=204000 width=169) (actual time=285.152..285.152 rows=204000 loops=1)
                     Buckets: 262144  Batches: 1  Memory Usage: 42710kB
                     ->  Remote Subquery Scan on all (dn4)  (cost=100.00..51564.00 rows=204000 width=169) (actual time=0.501..106.825 rows=204000 loops=1)
 Planning time: 0.539 ms
 Execution time: 90782.066 ms
(23 rows)

