                                                                                     QUERY PLAN                                                                                      
-------------------------------------------------------------------------------------------------------------------------------------------------------------------------------------
 Limit  (cost=2227924.67..2227924.68 rows=1 width=72) (actual time=327950.585..327950.587 rows=1 loops=1)
   ->  Sort  (cost=2227924.67..2227924.68 rows=1 width=72) (actual time=327950.583..327950.583 rows=1 loops=1)
         Sort Key: (count(DISTINCT cs1.cs_order_number))
         Sort Method: quicksort  Memory: 25kB
         ->  Aggregate  (cost=2227924.65..2227924.66 rows=1 width=72) (actual time=327950.570..327950.571 rows=1 loops=1)
               ->  Remote Subquery Scan on all (dn1,dn2,dn3,dn4,dn5,dn6,dn7,dn8)  (cost=611926.88..2227924.64 rows=1 width=16) (actual time=64802.981..327936.089 rows=7913 loops=1)
 Planning time: 2.790 ms
 Execution time: 327971.295 ms
(8 rows)

SET
