                                                                                                       QUERY PLAN                                                                                                        
-------------------------------------------------------------------------------------------------------------------------------------------------------------------------------------------------------------------------
 Limit  (cost=8145176.27..8145176.52 rows=100 width=273) (actual time=474147.175..474147.184 rows=100 loops=1)
   ->  Sort  (cost=8145176.27..8150225.92 rows=2019861 width=273) (actual time=474147.174..474147.177 rows=100 loops=1)
         Sort Key: dw2.i_category, dw2.i_class, dw2.i_brand, dw2.i_product_name, dw2.d_year, dw2.d_qoy, dw2.d_moy, dw2.s_store_id, dw2.sumsales, dw2.rk
         Sort Method: top-N heapsort  Memory: 51kB
         ->  Subquery Scan on dw2  (cost=7871042.22..8067978.64 rows=2019861 width=273) (actual time=434529.704..474146.674 rows=1101 loops=1)
               Filter: (dw2.rk <= 100)
               Rows Removed by Filter: 48816459
               ->  WindowAgg  (cost=7871042.22..7992233.86 rows=6059582 width=273) (actual time=434529.702..472254.415 rows=48817560 loops=1)
                     ->  Sort  (cost=7871042.22..7886191.18 rows=6059582 width=265) (actual time=434529.694..447805.091 rows=48817560 loops=1)
                           Sort Key: dw1.i_category, dw1.sumsales DESC
                           Sort Method: external merge  Disk: 11953352kB
                           ->  Subquery Scan on dw1  (cost=7001012.28..7188406.47 rows=6059582 width=265) (actual time=65271.697..281177.723 rows=48817560 loops=1)
                                 ->  GroupAggregate  (cost=7001012.28..7127810.65 rows=6059582 width=265) (actual time=65271.695..276576.845 rows=48817560 loops=1)
                                       Group Key: i_category, i_class, i_brand, i_product_name, d_year, d_qoy, d_moy, s_store_id
                                       Group Key: i_category, i_class, i_brand, i_product_name, d_year, d_qoy, d_moy
                                       Group Key: i_category, i_class, i_brand, i_product_name, d_year, d_qoy
                                       Group Key: i_category, i_class, i_brand, i_product_name, d_year
                                       Group Key: i_category, i_class, i_brand, i_product_name
                                       Group Key: i_category, i_class, i_brand
                                       Group Key: i_category, i_class
                                       Group Key: i_category
                                       Group Key: ()
                                       ->  Remote Subquery Scan on all (dn1,dn2,dn3,dn4,dn5,dn6,dn7,dn8)  (cost=7001012.28..7011952.34 rows=1458674 width=243) (actual time=65271.663..210081.741 rows=53564876 loops=1)
 Planning time: 1.325 ms
 Execution time: 475102.962 ms
(25 rows)

