                                                                     QUERY PLAN                                                                      
-----------------------------------------------------------------------------------------------------------------------------------------------------
 Limit  (cost=9187772185.69..9187772186.69 rows=100 width=51) (actual time=162520.052..162520.077 rows=49 loops=1)
   ->  Remote Subquery Scan on all (dn2)  (cost=9187772185.69..9187772186.69 rows=100 width=51) (actual time=162520.050..162520.068 rows=49 loops=1)
 Planning time: 0.328 ms
 Execution time: 162522.224 ms
(4 rows)

