                                                                                                   QUERY PLAN                                                                                                    
-----------------------------------------------------------------------------------------------------------------------------------------------------------------------------------------------------------------
 Limit  (cost=6764033.42..6764216.06 rows=100 width=1248) (actual time=4624.039..4624.971 rows=15 loops=1)
   ->  GroupAggregate  (cost=6764033.42..6764891.86 rows=470 width=1248) (actual time=4624.038..4624.966 rows=15 loops=1)
         Group Key: warehouse.w_warehouse_name, warehouse.w_warehouse_sq_ft, warehouse.w_city, warehouse.w_county, warehouse.w_state, warehouse.w_country, ('GREAT EASTERN,LATVIAN'::text), date_dim.d_year
         ->  Sort  (cost=6764033.42..6764045.18 rows=4704 width=864) (actual time=4623.953..4623.958 rows=30 loops=1)
               Sort Key: warehouse.w_warehouse_name, warehouse.w_warehouse_sq_ft, warehouse.w_city, warehouse.w_county, warehouse.w_state, warehouse.w_country, ('GREAT EASTERN,LATVIAN'::text), date_dim.d_year
               Sort Method: quicksort  Memory: 40kB
               ->  Append  (cost=2259480.45..6763746.48 rows=4704 width=864) (actual time=1525.694..4623.765 rows=30 loops=1)
                     ->  Finalize GroupAggregate  (cost=2259480.45..2262325.09 rows=2352 width=864) (actual time=1525.693..1610.241 rows=15 loops=1)
                           Group Key: warehouse.w_warehouse_name, warehouse.w_warehouse_sq_ft, warehouse.w_city, warehouse.w_county, warehouse.w_state, warehouse.w_country, date_dim.d_year
                           ->  Remote Subquery Scan on all (dn1,dn2,dn3,dn4,dn5,dn6,dn7,dn8)  (cost=2259480.45..2261513.65 rows=4704 width=832) (actual time=1525.307..1606.659 rows=120 loops=1)
                     ->  Finalize GroupAggregate  (cost=4497227.90..4501374.35 rows=2352 width=864) (actual time=2838.897..3013.510 rows=15 loops=1)
                           Group Key: warehouse_1.w_warehouse_name, warehouse_1.w_warehouse_sq_ft, warehouse_1.w_city, warehouse_1.w_county, warehouse_1.w_state, warehouse_1.w_country, date_dim_1.d_year
                           ->  Remote Subquery Scan on all (dn1,dn2,dn3,dn4,dn5,dn6,dn7,dn8)  (cost=4497227.90..4500562.91 rows=4704 width=832) (actual time=2838.509..3009.865 rows=120 loops=1)
 Planning time: 3.339 ms
 Execution time: 4633.943 ms
(15 rows)

