                                                                                                 QUERY PLAN                                                                                                 
------------------------------------------------------------------------------------------------------------------------------------------------------------------------------------------------------------
 Limit  (cost=8588660.97..8588661.07 rows=1 width=126) (actual time=11036.078..11361.856 rows=100 loops=1)
   ->  GroupAggregate  (cost=8588660.97..8588661.07 rows=1 width=126) (actual time=11036.077..11361.844 rows=100 loops=1)
         Group Key: store.s_store_name, store.s_company_id, store.s_street_number, store.s_street_name, store.s_street_type, store.s_suite_number, store.s_city, store.s_county, store.s_state, store.s_zip
         ->  Remote Subquery Scan on all (dn1,dn2,dn3,dn4,dn5,dn6,dn7,dn8)  (cost=8588660.97..8588660.98 rows=1 width=94) (actual time=11028.723..11297.731 rows=103909 loops=1)
 Planning time: 1.134 ms
 Execution time: 11388.941 ms
(6 rows)

