                                                                                                                                                     QUERY PLAN                                                                                                                                                     
--------------------------------------------------------------------------------------------------------------------------------------------------------------------------------------------------------------------------------------------------------------------------------------------------------------------
 Limit  (cost=6438076775.13..6438076775.38 rows=100 width=334) (actual time=1132571.745..1132571.755 rows=100 loops=1)
   CTE year_total
     ->  Append  (cost=30411298.39..136880203.02 rows=503990240 width=255) (actual time=239698.208..1095557.707 rows=21696335 loops=1)
           ->  Finalize GroupAggregate  (cost=30411298.39..74611043.29 rows=287985600 width=255) (actual time=239698.207..557994.180 rows=9142442 loops=1)
                 Group Key: c_customer_id, c_first_name, c_last_name, c_preferred_cust_flag, c_birth_country, c_login, c_email_address, d_year
                 ->  Remote Subquery Scan on all (dn1,dn2,dn3,dn4,dn5,dn6,dn7,dn8)  (cost=30411298.39..65011523.29 rows=239988000 width=223) (actual time=239698.079..507344.521 rows=67452815 loops=1)
           ->  Finalize GroupAggregate  (cost=16109976.94..38211062.38 rows=144000704 width=255) (actual time=125929.113..352329.182 rows=8037433 loops=1)
                 Group Key: c_customer_id, c_first_name, c_last_name, c_preferred_cust_flag, c_birth_country, c_login, c_email_address, d_year
                 ->  Remote Subquery Scan on all (dn1,dn2,dn3,dn4,dn5,dn6,dn7,dn8)  (cost=16109976.94..33411038.93 rows=120000586 width=223) (actual time=125928.978..312760.732 rows=52809358 loops=1)
           ->  Finalize GroupAggregate  (cost=7967102.11..19018194.95 rows=72003936 width=255) (actual time=59811.758..183811.672 rows=4516460 loops=1)
                 Group Key: c_customer_id, c_first_name, c_last_name, c_preferred_cust_flag, c_birth_country, c_login, c_email_address, d_year
                 ->  Remote Subquery Scan on all (dn1,dn2,dn3,dn4,dn5,dn6,dn7,dn8)  (cost=7967102.11..16618063.75 rows=60003280 width=223) (actual time=59811.654..161048.318 rows=30122542 loops=1)
   ->  Sort  (cost=6301196572.11..6429845753.61 rows=51459672600 width=334) (actual time=1132571.743..1132571.746 rows=100 loops=1)
         Sort Key: t_s_secyear.customer_id, t_s_secyear.customer_first_name, t_s_secyear.customer_last_name, t_s_secyear.customer_birth_country
         Sort Method: top-N heapsort  Memory: 38kB
         ->  Merge Join  (cost=79381795.47..4334444887.47 rows=51459672600 width=334) (actual time=1127820.828..1132548.435 rows=71378 loops=1)
               Merge Cond: (t_s_secyear.customer_id = t_c_secyear.customer_id)
               Join Filter: (CASE WHEN (t_c_firstyear.year_total > '0'::numeric) THEN (t_c_secyear.year_total / t_c_firstyear.year_total) ELSE NULL::numeric END > CASE WHEN (t_s_firstyear.year_total > '0'::numeric) THEN (t_s_secyear.year_total / t_s_firstyear.year_total) ELSE NULL::numeric END)
               Rows Removed by Join Filter: 31071
               ->  Merge Join  (cost=26460598.49..26464588.49 rows=264600 width=466) (actual time=1114367.032..1115816.315 rows=1656597 loops=1)
                     Merge Cond: (t_s_firstyear.customer_id = t_s_secyear.customer_id)
                     ->  Sort  (cost=13859984.36..13859994.86 rows=4200 width=100) (actual time=1111184.653..1111244.532 rows=1818880 loops=1)
                           Sort Key: t_s_firstyear.customer_id
                           Sort Method: quicksort  Memory: 191253kB
                           ->  CTE Scan on year_total t_s_firstyear  (cost=0.00..13859731.60 rows=4200 width=100) (actual time=239698.328..1110414.556 rows=1818881 loops=1)
                                 Filter: ((year_total > '0'::numeric) AND (sale_type = 's'::text) AND (dyear = 1999))
                                 Rows Removed by Filter: 19877454
                     ->  Sort  (cost=12600614.13..12600645.63 rows=12600 width=366) (actual time=3182.371..3240.589 rows=1821440 loops=1)
                           Sort Key: t_s_secyear.customer_id
                           Sort Method: quicksort  Memory: 302311kB
                           ->  CTE Scan on year_total t_s_secyear  (cost=0.00..12599756.00 rows=12600 width=366) (actual time=0.004..2424.366 rows=1821441 loops=1)
                                 Filter: ((sale_type = 's'::text) AND (dyear = 2000))
                                 Rows Removed by Filter: 19874894
               ->  Materialize  (cost=52921196.98..62848369.48 rows=116688600 width=336) (actual time=13453.741..16130.836 rows=124006 loops=1)
                     ->  Merge Join  (cost=52921196.98..62556647.98 rows=116688600 width=336) (actual time=13453.737..16109.351 rows=124006 loops=1)
                           Merge Cond: (t_c_secyear.customer_id = t_w_firstyear.customer_id)
                           Join Filter: (CASE WHEN (t_c_firstyear.year_total > '0'::numeric) THEN (t_c_secyear.year_total / t_c_firstyear.year_total) ELSE NULL::numeric END > CASE WHEN (t_w_firstyear.year_total > '0'::numeric) THEN (t_w_secyear.year_total / t_w_firstyear.year_total) ELSE NULL::numeric END)
                           Rows Removed by Join Filter: 125971
                           ->  Merge Join  (cost=26460598.49..26464588.49 rows=264600 width=200) (actual time=7016.083..8230.732 rows=1245427 loops=1)
                                 Merge Cond: (t_c_firstyear.customer_id = t_c_secyear.customer_id)
                                 ->  Sort  (cost=13859984.36..13859994.86 rows=4200 width=100) (actual time=4045.542..4100.656 rows=1560540 loops=1)
                                       Sort Key: t_c_firstyear.customer_id
                                       Sort Method: quicksort  Memory: 171070kB
                                       ->  CTE Scan on year_total t_c_firstyear  (cost=0.00..13859731.60 rows=4200 width=100) (actual time=1420.348..3488.199 rows=1560540 loops=1)
                                             Filter: ((year_total > '0'::numeric) AND (sale_type = 'c'::text) AND (dyear = 1999))
                                             Rows Removed by Filter: 20135795
                                 ->  Sort  (cost=12600614.13..12600645.63 rows=12600 width=100) (actual time=2970.533..3022.215 rows=1596082 loops=1)
                                       Sort Key: t_c_secyear.customer_id
                                       Sort Method: quicksort  Memory: 173846kB
                                       ->  CTE Scan on year_total t_c_secyear  (cost=0.00..12599756.00 rows=12600 width=100) (actual time=951.372..2390.797 rows=1596082 loops=1)
                                             Filter: ((sale_type = 'c'::text) AND (dyear = 2000))
                                             Rows Removed by Filter: 20100253
                           ->  Materialize  (cost=26460598.49..26465249.99 rows=264600 width=200) (actual time=6437.621..7147.699 rows=402271 loops=1)
                                 ->  Merge Join  (cost=26460598.49..26464588.49 rows=264600 width=200) (actual time=6437.618..7091.873 rows=402271 loops=1)
                                       Merge Cond: (t_w_firstyear.customer_id = t_w_secyear.customer_id)
                                       ->  Sort  (cost=13859984.36..13859994.86 rows=4200 width=100) (actual time=3776.784..3809.957 rows=889541 loops=1)
                                             Sort Key: t_w_firstyear.customer_id
                                             Sort Method: quicksort  Memory: 94072kB
                                             ->  CTE Scan on year_total t_w_firstyear  (cost=0.00..13859731.60 rows=4200 width=100) (actual time=2681.862..3454.953 rows=889541 loops=1)
                                                   Filter: ((year_total > '0'::numeric) AND (sale_type = 'w'::text) AND (dyear = 1999))
                                                   Rows Removed by Filter: 20806794
                                       ->  Sort  (cost=12600614.13..12600645.63 rows=12600 width=100) (actual time=2660.829..2690.150 rows=905462 loops=1)
                                             Sort Key: t_w_secyear.customer_id
                                             Sort Method: quicksort  Memory: 95316kB
                                             ->  CTE Scan on year_total t_w_secyear  (cost=0.00..12599756.00 rows=12600 width=100) (actual time=1788.284..2333.273 rows=905462 loops=1)
                                                   Filter: ((sale_type = 'w'::text) AND (dyear = 2000))
                                                   Rows Removed by Filter: 20790873
 Planning time: 1.988 ms
 Execution time: 1133842.776 ms
(69 rows)

