                                                                                                                                                                                                                             QUERY PLAN                                                                                                                                                                                                                             
--------------------------------------------------------------------------------------------------------------------------------------------------------------------------------------------------------------------------------------------------------------------------------------------------------------------------------------------------------------------------------------------------------------------------------------------------------------------
 Sort  (cost=11918872.33..11918872.34 rows=1 width=210) (actual time=32088.393..32088.403 rows=275 loops=1)
   Sort Key: ((ws2.web_sales / ws1.web_sales))
   Sort Method: quicksort  Memory: 63kB
   CTE ss
     ->  Finalize HashAggregate  (cost=8611746.84..8630206.84 rows=1476800 width=54) (actual time=24694.797..24717.425 rows=38787 loops=1)
           Group Key: ca_county, d_qoy, d_year
           ->  Remote Subquery Scan on all (dn1,dn2,dn3,dn4,dn5,dn6,dn7,dn8)  (cost=8246238.84..8574826.84 rows=2953600 width=54) (actual time=23964.660..24427.973 rows=310296 loops=1)
   CTE ws
     ->  Finalize HashAggregate  (cost=3048683.92..3067143.92 rows=1476800 width=54) (actual time=7311.235..7336.500 rows=38767 loops=1)
           Group Key: ca_county, d_qoy, d_year
           ->  Remote Subquery Scan on all (dn1,dn2,dn3,dn4,dn5,dn6,dn7,dn8)  (cost=2683175.92..3011763.92 rows=2953600 width=54) (actual time=6871.547..7049.778 rows=309851 loops=1)
   ->  Hash Join  (cost=184601.38..221521.57 rows=1 width=210) (actual time=32082.821..32088.306 rows=275 loops=1)
         Hash Cond: ((ws2.ca_county)::text = (ss1.ca_county)::text)
         Join Filter: ((CASE WHEN (ws1.web_sales > '0'::numeric) THEN (ws2.web_sales / ws1.web_sales) ELSE NULL::numeric END > CASE WHEN (ss1.store_sales > '0'::numeric) THEN (ss2.store_sales / ss1.store_sales) ELSE NULL::numeric END) AND (CASE WHEN (ws2.web_sales > '0'::numeric) THEN (ws3.web_sales / ws2.web_sales) ELSE NULL::numeric END > CASE WHEN (ss2.store_sales > '0'::numeric) THEN (ss3.store_sales / ss2.store_sales) ELSE NULL::numeric END))
         Rows Removed by Join Filter: 1571
         ->  CTE Scan on ws ws2  (cost=0.00..36920.00 rows=37 width=110) (actual time=7311.269..7313.639 rows=1847 loops=1)
               Filter: ((d_year = 2000) AND (d_qoy = 2))
               Rows Removed by Filter: 36920
         ->  Hash  (cost=184601.37..184601.37 rows=1 width=554) (actual time=24771.535..24771.535 rows=1846 loops=1)
               Buckets: 2048 (originally 1024)  Batches: 1 (originally 1)  Memory Usage: 303kB
               ->  Hash Join  (cost=147681.22..184601.37 rows=1 width=554) (actual time=24768.101..24770.927 rows=1846 loops=1)
                     Hash Cond: ((ws3.ca_county)::text = (ss1.ca_county)::text)
                     ->  CTE Scan on ws ws3  (cost=0.00..36920.00 rows=37 width=110) (actual time=0.001..2.380 rows=1847 loops=1)
                           Filter: ((d_year = 2000) AND (d_qoy = 3))
                           Rows Removed by Filter: 36920
                     ->  Hash  (cost=147681.21..147681.21 rows=1 width=444) (actual time=24768.096..24768.096 rows=1846 loops=1)
                           Buckets: 2048 (originally 1024)  Batches: 1 (originally 1)  Memory Usage: 259kB
                           ->  Hash Join  (cost=110761.06..147681.21 rows=1 width=444) (actual time=24732.877..24767.519 rows=1846 loops=1)
                                 Hash Cond: ((ws1.ca_county)::text = (ss1.ca_county)::text)
                                 ->  CTE Scan on ws ws1  (cost=0.00..36920.00 rows=37 width=110) (actual time=0.001..34.046 rows=1847 loops=1)
                                       Filter: ((d_qoy = 1) AND (d_year = 2000))
                                       Rows Removed by Filter: 36920
                                 ->  Hash  (cost=110761.05..110761.05 rows=1 width=334) (actual time=24732.872..24732.872 rows=1846 loops=1)
                                       Buckets: 2048 (originally 1024)  Batches: 1 (originally 1)  Memory Usage: 215kB
                                       ->  Hash Join  (cost=73840.90..110761.05 rows=1 width=334) (actual time=24729.662..24732.450 rows=1846 loops=1)
                                             Hash Cond: ((ss3.ca_county)::text = (ss1.ca_county)::text)
                                             ->  CTE Scan on ss ss3  (cost=0.00..36920.00 rows=37 width=110) (actual time=24694.808..24697.196 rows=1847 loops=1)
                                                   Filter: ((d_year = 2000) AND (d_qoy = 3))
                                                   Rows Removed by Filter: 36940
                                             ->  Hash  (cost=73840.81..73840.81 rows=7 width=224) (actual time=34.844..34.844 rows=1846 loops=1)
                                                   Buckets: 2048 (originally 1024)  Batches: 1 (originally 1)  Memory Usage: 171kB
                                                   ->  Hash Join  (cost=36920.46..73840.81 rows=7 width=224) (actual time=31.707..34.512 rows=1846 loops=1)
                                                         Hash Cond: ((ss1.ca_county)::text = (ss2.ca_county)::text)
                                                         ->  CTE Scan on ss ss1  (cost=0.00..36920.00 rows=37 width=114) (actual time=0.003..2.450 rows=1847 loops=1)
                                                               Filter: ((d_qoy = 1) AND (d_year = 2000))
                                                               Rows Removed by Filter: 36940
                                                         ->  Hash  (cost=36920.00..36920.00 rows=37 width=110) (actual time=31.700..31.700 rows=1846 loops=1)
                                                               Buckets: 2048 (originally 1024)  Batches: 1 (originally 1)  Memory Usage: 118kB
                                                               ->  CTE Scan on ss ss2  (cost=0.00..36920.00 rows=37 width=110) (actual time=0.027..31.380 rows=1847 loops=1)
                                                                     Filter: ((d_year = 2000) AND (d_qoy = 2))
                                                                     Rows Removed by Filter: 36940
 Planning time: 1.381 ms
 Execution time: 32151.350 ms
(53 rows)

