                                                                                   QUERY PLAN                                                                                    
---------------------------------------------------------------------------------------------------------------------------------------------------------------------------------
 Limit  (cost=4428766.25..4428766.50 rows=100 width=220) (actual time=2148.587..2148.596 rows=100 loops=1)
   CTE sr_items
     ->  GroupAggregate  (cost=902699.99..903152.33 rows=20104 width=25) (actual time=482.055..969.010 rows=94008 loops=1)
           Group Key: i_item_id
           ->  Remote Subquery Scan on all (dn1,dn2,dn3,dn4,dn5,dn6,dn7,dn8)  (cost=902699.99..902850.77 rows=20104 width=21) (actual time=482.033..922.370 rows=258579 loops=1)
   CTE cr_items
     ->  GroupAggregate  (cost=511851.44..512077.72 rows=10057 width=25) (actual time=300.611..572.621 rows=75326 loops=1)
           Group Key: i_item_id
           ->  Remote Subquery Scan on all (dn1,dn2,dn3,dn4,dn5,dn6,dn7,dn8)  (cost=511851.44..511926.87 rows=10057 width=21) (actual time=300.595..545.874 rows=137153 loops=1)
   CTE wr_items
     ->  GroupAggregate  (cost=257661.23..257774.29 rows=5025 width=25) (actual time=194.830..347.578 rows=52725 loops=1)
           Group Key: i_item_id
           ->  Remote Subquery Scan on all (dn1,dn2,dn3,dn4,dn5,dn6,dn7,dn8)  (cost=257661.23..257698.92 rows=5025 width=21) (actual time=194.818..332.021 rows=74266 loops=1)
   ->  Sort  (cost=2755761.91..2819260.95 rows=25399616 width=220) (actual time=2148.586..2148.588 rows=100 loops=1)
         Sort Key: sr_items.item_id, sr_items.sr_item_qty
         Sort Method: top-N heapsort  Memory: 38kB
         ->  Merge Join  (cost=3118.17..1785006.85 rows=25399616 width=220) (actual time=2020.570..2136.524 rows=35830 loops=1)
               Merge Cond: (sr_items.item_id = cr_items.item_id)
               ->  Sort  (cost=1839.03..1889.29 rows=20104 width=76) (actual time=1018.739..1021.631 rows=94008 loops=1)
                     Sort Key: sr_items.item_id
                     Sort Method: quicksort  Memory: 10417kB
                     ->  CTE Scan on sr_items  (cost=0.00..402.08 rows=20104 width=76) (actual time=482.086..989.690 rows=94008 loops=1)
               ->  Materialize  (cost=1279.13..5726.19 rows=252682 width=152) (actual time=1001.820..1051.554 rows=38914 loops=1)
                     ->  Merge Join  (cost=1279.13..5094.49 rows=252682 width=152) (actual time=1001.818..1047.200 rows=38914 loops=1)
                           Merge Cond: (wr_items.item_id = cr_items.item_id)
                           ->  Sort  (cost=409.41..421.97 rows=5025 width=76) (actual time=380.225..381.828 rows=52725 loops=1)
                                 Sort Key: wr_items.item_id
                                 Sort Method: quicksort  Memory: 5656kB
                                 ->  CTE Scan on wr_items  (cost=0.00..100.50 rows=5025 width=76) (actual time=194.834..360.921 rows=52725 loops=1)
                           ->  Sort  (cost=869.72..894.87 rows=10057 width=76) (actual time=621.587..623.875 rows=75326 loops=1)
                                 Sort Key: cr_items.item_id
                                 Sort Method: quicksort  Memory: 8957kB
                                 ->  CTE Scan on cr_items  (cost=0.00..201.14 rows=10057 width=76) (actual time=300.614..592.199 rows=75326 loops=1)
 Planning time: 3.803 ms
 Execution time: 2162.816 ms
(35 rows)

