                                                                                                                 QUERY PLAN                                                                                                                 
--------------------------------------------------------------------------------------------------------------------------------------------------------------------------------------------------------------------------------------------
 Limit  (cost=13920684.39..13920697.36 rows=100 width=91) (actual time=98609.133..98610.786 rows=100 loops=1)
   ->  GroupAggregate  (cost=13920684.39..13943372.31 rows=174930 width=91) (actual time=98609.132..98610.776 rows=100 loops=1)
         Group Key: ca.ca_state, customer_demographics.cd_gender, customer_demographics.cd_marital_status, customer_demographics.cd_dep_count, customer_demographics.cd_dep_employed_count, customer_demographics.cd_dep_college_count
         ->  Sort  (cost=13920684.39..13921786.43 rows=440813 width=19) (actual time=98609.112..98609.656 rows=4387 loops=1)
               Sort Key: ca.ca_state, customer_demographics.cd_gender, customer_demographics.cd_marital_status, customer_demographics.cd_dep_count, customer_demographics.cd_dep_employed_count, customer_demographics.cd_dep_college_count
               Sort Method: quicksort  Memory: 2361021kB
               ->  Hash Join  (cost=7076523.88..13879358.60 rows=440813 width=19) (actual time=19386.689..41532.374 rows=20400480 loops=1)
                     Hash Cond: (c.c_current_cdemo_sk = customer_demographics.cd_demo_sk)
                     ->  Hash Join  (cost=7011477.88..13813155.47 rows=440813 width=7) (actual time=17218.286..34248.010 rows=21141916 loops=1)
                           Hash Cond: (c.c_current_addr_sk = ca.ca_address_sk)
                           ->  Hash Join  (cost=6967243.88..13767764.33 rows=440813 width=8) (actual time=16464.657..28752.097 rows=21141916 loops=1)
                                 Hash Cond: (store_sales.ss_customer_sk = c.c_customer_sk)
                                 ->  Remote Subquery Scan on all (dn1,dn2,dn3,dn4,dn5,dn6,dn7,dn8)  (cost=221.21..6802224.26 rows=1084150 width=4) (actual time=2.368..3151.859 rows=30658584 loops=1)
                                 ->  Hash  (cost=6956958.04..6956958.04 rows=813171 width=16) (actual time=16459.675..16459.675 rows=1412192 loops=1)
                                       Buckets: 2097152 (originally 1048576)  Batches: 1 (originally 1)  Memory Usage: 82388kB
                                       ->  Hash Join  (cost=6876372.81..6956958.04 rows=813171 width=16) (actual time=14005.401..16106.772 rows=1412192 loops=1)
                                             Hash Cond: (c.c_customer_sk = web_sales.ws_bill_customer_sk)
                                             ->  Remote Subquery Scan on all (dn6)  (cost=100.00..109434.33 rows=1999938 width=12) (actual time=0.615..868.844 rows=2000000 loops=1)
                                             ->  Hash  (cost=6866208.18..6866208.18 rows=813171 width=4) (actual time=14002.260..14002.260 rows=1412192 loops=1)
                                                   Buckets: 2097152 (originally 1048576)  Batches: 1 (originally 1)  Memory Usage: 66032kB
                                                   ->  HashAggregate  (cost=6849944.76..6858076.47 rows=813171 width=4) (actual time=13542.252..13802.691 rows=1412193 loops=1)
                                                         Group Key: web_sales.ws_bill_customer_sk
                                                         ->  Append  (cost=221.21..6847911.83 rows=813171 width=4) (actual time=1.673..8096.854 rows=23948309 loops=1)
                                                               ->  Remote Subquery Scan on all (dn1,dn2,dn3,dn4,dn5,dn6,dn7,dn8)  (cost=221.21..2286689.68 rows=271066 width=4) (actual time=1.673..820.817 rows=8035356 loops=1)
                                                               ->  Remote Subquery Scan on all (dn1,dn2,dn3,dn4,dn5,dn6,dn7,dn8)  (cost=221.21..4553090.44 rows=542105 width=4) (actual time=1082.213..6296.410 rows=15912953 loops=1)
                           ->  Hash  (cost=43834.00..43834.00 rows=1000000 width=7) (actual time=751.320..751.320 rows=1000000 loops=1)
                                 Buckets: 1048576  Batches: 1  Memory Usage: 47137kB
                                 ->  Remote Subquery Scan on all (dn7)  (cost=100.00..43834.00 rows=1000000 width=7) (actual time=0.725..399.684 rows=1000000 loops=1)
                     ->  Hash  (cost=89156.00..89156.00 rows=1920800 width=20) (actual time=2167.699..2167.699 rows=1920800 loops=1)
                           Buckets: 2097152  Batches: 1  Memory Usage: 113925kB
                           ->  Remote Subquery Scan on all (dn4)  (cost=100.00..89156.00 rows=1920800 width=20) (actual time=0.284..892.174 rows=1920800 loops=1)
 Planning time: 1.935 ms
 Execution time: 98685.072 ms
(33 rows)

