                                                               QUERY PLAN                                                                
-----------------------------------------------------------------------------------------------------------------------------------------
 Remote Subquery Scan on all (dn4)  (cost=105395465.67..105395467.90 rows=1 width=160) (actual time=44014.266..44014.268 rows=1 loops=1)
 Planning time: 0.694 ms
 Execution time: 44031.560 ms
(3 rows)

