                                                                                   QUERY PLAN                                                                                    
---------------------------------------------------------------------------------------------------------------------------------------------------------------------------------
 Limit  (cost=10014628006.50..10014628006.75 rows=100 width=132) (actual time=7170.210..7170.219 rows=100 loops=1)
   CTE ss
     ->  Finalize GroupAggregate  (cost=6690271.58..6691432.04 rows=402 width=68) (actual time=3308.460..3311.440 rows=201 loops=1)
           Group Key: s_store_sk
           ->  Remote Subquery Scan on all (dn1,dn2,dn3,dn4,dn5,dn6,dn7,dn8)  (cost=6690271.58..6691415.96 rows=804 width=68) (actual time=3308.369..3309.769 rows=1608 loops=1)
   CTE sr
     ->  Finalize GroupAggregate  (cost=634213.74..634439.33 rows=402 width=68) (actual time=479.326..487.791 rows=201 loops=1)
           Group Key: s_store_sk
           ->  Remote Subquery Scan on all (dn1,dn2,dn3,dn4,dn5,dn6,dn7,dn8)  (cost=634213.74..634423.25 rows=804 width=68) (actual time=479.237..483.383 rows=1608 loops=1)
   CTE cs
     ->  Finalize GroupAggregate  (cost=4498212.61..4498459.69 rows=30 width=68) (actual time=1984.420..1985.038 rows=16 loops=1)
           Group Key: cs_call_center_sk
           ->  Remote Subquery Scan on all (dn1,dn2,dn3,dn4,dn5,dn6,dn7,dn8)  (cost=4498212.61..4498458.49 rows=60 width=68) (actual time=1984.353..1984.660 rows=128 loops=1)
   CTE cr
     ->  Finalize GroupAggregate  (cost=366232.89..366265.59 rows=30 width=68) (actual time=187.428..188.003 rows=16 loops=1)
           Group Key: cr_call_center_sk
           ->  Remote Subquery Scan on all (dn1,dn2,dn3,dn4,dn5,dn6,dn7,dn8)  (cost=366232.89..366264.39 rows=60 width=68) (actual time=187.362..187.631 rows=128 loops=1)
   CTE ws
     ->  Finalize GroupAggregate  (cost=2260604.24..2261485.90 rows=2040 width=68) (actual time=999.562..1072.636 rows=1020 loops=1)
           Group Key: wp_web_page_sk
           ->  Remote Subquery Scan on all (dn1,dn2,dn3,dn4,dn5,dn6,dn7,dn8)  (cost=2260604.24..2261404.30 rows=4080 width=68) (actual time=999.493..1059.516 rows=8160 loops=1)
   CTE wr
     ->  Finalize GroupAggregate  (cost=174061.55..174132.95 rows=2040 width=68) (actual time=102.591..119.441 rows=1020 loops=1)
           Group Key: wp_web_page_sk
           ->  Remote Subquery Scan on all (dn1,dn2,dn3,dn4,dn5,dn6,dn7,dn8)  (cost=174061.55..174076.85 rows=2040 width=68) (actual time=102.524..111.542 rows=8131 loops=1)
   ->  Sort  (cost=10000001791.00..10000001797.14 rows=2453 width=132) (actual time=7170.208..7170.211 rows=100 loops=1)
         Sort Key: ('store channel'::text), ss.s_store_sk
         Sort Method: top-N heapsort  Memory: 39kB
         ->  MixedAggregate  (cost=13.07..10000001697.25 rows=2453 width=132) (actual time=7169.268..7169.847 rows=1241 loops=1)
               Hash Key: ('store channel'::text), ss.s_store_sk
               Hash Key: ('store channel'::text)
               Group Key: ()
               ->  Append  (cost=13.07..10000000978.84 rows=22516 width=132) (actual time=3796.618..7167.253 rows=1477 loops=1)
                     ->  Hash Left Join  (cost=13.07..52.31 rows=808 width=132) (actual time=3796.617..3799.772 rows=201 loops=1)
                           Hash Cond: (ss.s_store_sk = sr.s_store_sk)
                           ->  CTE Scan on ss  (cost=0.00..8.04 rows=402 width=68) (actual time=3308.464..3311.503 rows=201 loops=1)
                           ->  Hash  (cost=8.04..8.04 rows=402 width=68) (actual time=488.117..488.117 rows=201 loops=1)
                                 Buckets: 1024  Batches: 1  Memory Usage: 19kB
                                 ->  CTE Scan on sr  (cost=0.00..8.04 rows=402 width=68) (actual time=479.331..487.984 rows=201 loops=1)
                     ->  Nested Loop  (cost=10000000000.00..10000000021.15 rows=900 width=132) (actual time=2171.871..2173.366 rows=256 loops=1)
                           ->  CTE Scan on cs  (cost=0.00..0.60 rows=30 width=68) (actual time=1984.423..1985.053 rows=16 loops=1)
                           ->  CTE Scan on cr  (cost=0.00..0.60 rows=30 width=64) (actual time=11.715..11.755 rows=16 loops=16)
                     ->  Merge Left Join  (cost=305.88..680.22 rows=20808 width=132) (actual time=1193.540..1194.006 rows=1020 loops=1)
                           Merge Cond: (ws.wp_web_page_sk = wr.wp_web_page_sk)
                           ->  Sort  (cost=152.94..158.04 rows=2040 width=68) (actual time=1073.449..1073.484 rows=1020 loops=1)
                                 Sort Key: ws.wp_web_page_sk
                                 Sort Method: quicksort  Memory: 104kB
                                 ->  CTE Scan on ws  (cost=0.00..40.80 rows=2040 width=68) (actual time=999.566..1073.160 rows=1020 loops=1)
                           ->  Sort  (cost=152.94..158.04 rows=2040 width=68) (actual time=120.083..120.115 rows=1020 loops=1)
                                 Sort Key: wr.wp_web_page_sk
                                 Sort Method: quicksort  Memory: 104kB
                                 ->  CTE Scan on wr  (cost=0.00..40.80 rows=2040 width=68) (actual time=102.596..119.826 rows=1020 loops=1)
 Planning time: 1.440 ms
 Execution time: 7195.456 ms
(54 rows)

