                                                                                                            QUERY PLAN                                                                                                            
----------------------------------------------------------------------------------------------------------------------------------------------------------------------------------------------------------------------------------
 Limit  (cost=13585543.45..13585543.58 rows=50 width=126) (actual time=53442.995..53442.996 rows=20 loops=1)
   ->  Sort  (cost=13585543.45..13585543.58 rows=50 width=126) (actual time=53442.993..53442.994 rows=20 loops=1)
         Sort Key: ((GROUPING(s_state) + GROUPING(s_county))) DESC, (CASE WHEN (((GROUPING(s_state) + GROUPING(s_county))) = 0) THEN s_state ELSE NULL::bpchar END), (rank() OVER (?))
         Sort Method: quicksort  Memory: 26kB
         ->  WindowAgg  (cost=13585540.41..13585542.04 rows=50 width=126) (actual time=53442.964..53442.976 rows=20 loops=1)
               ->  Sort  (cost=13585540.41..13585540.54 rows=50 width=94) (actual time=53442.960..53442.961 rows=20 loops=1)
                     Sort Key: ((GROUPING(s_state) + GROUPING(s_county))), (CASE WHEN (GROUPING(s_county) = 0) THEN s_state ELSE NULL::bpchar END), (sum(ss_net_profit)) DESC
                     Sort Method: quicksort  Memory: 26kB
                     ->  MixedAggregate  (cost=6746549.12..13585539.00 rows=50 width=94) (actual time=53442.932..53442.940 rows=20 loops=1)
                           Hash Key: s_state, s_county
                           Hash Key: s_state
                           Group Key: ()
                           ->  Hash Join  (cost=6746549.12..13578516.40 rows=468115 width=24) (actual time=7405.170..35227.448 rows=53464256 loops=1)
                                 Hash Cond: (s_state = tmp1.s_state)
                                 ->  Remote Subquery Scan on all (dn1,dn2,dn3,dn4,dn5,dn6,dn7,dn8)  (cost=246.05..6867702.19 rows=1411366 width=24) (actual time=1.542..6055.436 rows=53732804 loops=1)
                                 ->  Hash  (cost=6746403.03..6746403.03 rows=3 width=3) (actual time=7403.603..7403.604 rows=9 loops=1)
                                       Buckets: 1024  Batches: 1  Memory Usage: 9kB
                                       ->  Subquery Scan on tmp1  (cost=6746402.74..6746403.03 rows=3 width=3) (actual time=7403.575..7403.596 rows=10 loops=1)
                                             Filter: (tmp1.ranking <= 5)
                                             ->  WindowAgg  (cost=6746402.74..6746402.92 rows=9 width=43) (actual time=7403.572..7403.590 rows=10 loops=1)
                                                   ->  Sort  (cost=6746402.74..6746402.76 rows=9 width=35) (actual time=7403.565..7403.566 rows=10 loops=1)
                                                         Sort Key: s_state, (sum(ss_net_profit)) DESC
                                                         Sort Method: quicksort  Memory: 25kB
                                                         ->  Finalize GroupAggregate  (cost=6741989.55..6746402.60 rows=9 width=35) (actual time=7403.300..7403.552 rows=10 loops=1)
                                                               Group Key: s_state
                                                               ->  Remote Subquery Scan on all (dn1,dn2,dn3,dn4,dn5,dn6,dn7,dn8)  (cost=6741989.55..6746402.35 rows=18 width=35) (actual time=7403.252..7403.400 rows=80 loops=1)
 Planning time: 0.527 ms
 Execution time: 53473.198 ms
(28 rows)

