                                                                                                 QUERY PLAN                                                                                                  
-------------------------------------------------------------------------------------------------------------------------------------------------------------------------------------------------------------
 Nested Loop  (cost=70053557520.09..70053557520.32 rows=1 width=64) (actual time=28806.473..28806.478 rows=1 loops=1)
   ->  Nested Loop  (cost=60046862716.02..60046862716.22 rows=1 width=56) (actual time=25218.867..25218.871 rows=1 loops=1)
         ->  Nested Loop  (cost=50040167787.70..50040167787.87 rows=1 width=48) (actual time=21664.233..21664.236 rows=1 loops=1)
               ->  Nested Loop  (cost=40033472812.26..40033472812.40 rows=1 width=40) (actual time=18105.919..18105.922 rows=1 loops=1)
                     ->  Nested Loop  (cost=30026778115.29..30026778115.40 rows=1 width=32) (actual time=14400.098..14400.101 rows=1 loops=1)
                           ->  Nested Loop  (cost=20020083375.47..20020083375.55 rows=1 width=24) (actual time=10710.820..10710.822 rows=1 loops=1)
                                 ->  Nested Loop  (cost=10013389158.32..10013389158.37 rows=1 width=16) (actual time=7116.019..7116.020 rows=1 loops=1)
                                       ->  Finalize Aggregate  (cost=6694898.32..6694898.33 rows=1 width=8) (actual time=3509.123..3509.124 rows=1 loops=1)
                                             ->  Remote Subquery Scan on all (dn1,dn2,dn3,dn4,dn5,dn6,dn7,dn8)  (cost=6694898.10..6694898.32 rows=2 width=8) (actual time=3477.125..3509.089 rows=8 loops=1)
                                       ->  Finalize Aggregate  (cost=6694260.00..6694260.01 rows=1 width=8) (actual time=3606.891..3606.891 rows=1 loops=1)
                                             ->  Remote Subquery Scan on all (dn1,dn2,dn3,dn4,dn5,dn6,dn7,dn8)  (cost=6694259.77..6694259.99 rows=2 width=8) (actual time=3606.841..3606.870 rows=8 loops=1)
                                 ->  Finalize Aggregate  (cost=6694217.15..6694217.16 rows=1 width=8) (actual time=3594.797..3594.797 rows=1 loops=1)
                                       ->  Remote Subquery Scan on all (dn1,dn2,dn3,dn4,dn5,dn6,dn7,dn8)  (cost=6694216.92..6694217.14 rows=2 width=8) (actual time=3583.063..3594.773 rows=8 loops=1)
                           ->  Finalize Aggregate  (cost=6694739.82..6694739.83 rows=1 width=8) (actual time=3689.274..3689.274 rows=1 loops=1)
                                 ->  Remote Subquery Scan on all (dn1,dn2,dn3,dn4,dn5,dn6,dn7,dn8)  (cost=6694739.59..6694739.81 rows=2 width=8) (actual time=3684.200..3689.250 rows=8 loops=1)
                     ->  Finalize Aggregate  (cost=6694696.97..6694696.98 rows=1 width=8) (actual time=3705.817..3705.817 rows=1 loops=1)
                           ->  Remote Subquery Scan on all (dn1,dn2,dn3,dn4,dn5,dn6,dn7,dn8)  (cost=6694696.74..6694696.96 rows=2 width=8) (actual time=3665.132..3705.780 rows=8 loops=1)
               ->  Finalize Aggregate  (cost=6694975.44..6694975.45 rows=1 width=8) (actual time=3558.309..3558.310 rows=1 loops=1)
                     ->  Remote Subquery Scan on all (dn1,dn2,dn3,dn4,dn5,dn6,dn7,dn8)  (cost=6694975.22..6694975.44 rows=2 width=8) (actual time=3558.250..3558.279 rows=8 loops=1)
         ->  Finalize Aggregate  (cost=6694928.32..6694928.33 rows=1 width=8) (actual time=3554.629..3554.629 rows=1 loops=1)
               ->  Remote Subquery Scan on all (dn1,dn2,dn3,dn4,dn5,dn6,dn7,dn8)  (cost=6694928.10..6694928.32 rows=2 width=8) (actual time=3550.476..3554.596 rows=8 loops=1)
   ->  Finalize Aggregate  (cost=6694804.07..6694804.08 rows=1 width=8) (actual time=3587.601..3587.602 rows=1 loops=1)
         ->  Remote Subquery Scan on all (dn1,dn2,dn3,dn4,dn5,dn6,dn7,dn8)  (cost=6694803.85..6694804.07 rows=2 width=8) (actual time=3587.543..3587.572 rows=8 loops=1)
 Planning time: 2.325 ms
 Execution time: 28817.075 ms
(25 rows)

