                                                                                                                                                                          QUERY PLAN                                                                                                                                                                          
--------------------------------------------------------------------------------------------------------------------------------------------------------------------------------------------------------------------------------------------------------------------------------------------------------------------------------------------------------------
 Limit  (cost=13693692.58..13693697.33 rows=100 width=100) (actual time=15892.849..15893.211 rows=100 loops=1)
   ->  GroupAggregate  (cost=13693692.58..13693718.00 rows=535 width=100) (actual time=15892.848..15893.202 rows=100 loops=1)
         Group Key: customer_demographics.cd_gender, customer_demographics.cd_marital_status, customer_demographics.cd_education_status, customer_demographics.cd_purchase_estimate, customer_demographics.cd_credit_rating, customer_demographics.cd_dep_count, customer_demographics.cd_dep_employed_count, customer_demographics.cd_dep_college_count
         ->  Sort  (cost=13693692.58..13693693.92 rows=535 width=52) (actual time=15892.836..15892.903 rows=1324 loops=1)
               Sort Key: customer_demographics.cd_gender, customer_demographics.cd_marital_status, customer_demographics.cd_education_status, customer_demographics.cd_purchase_estimate, customer_demographics.cd_credit_rating, customer_demographics.cd_dep_count, customer_demographics.cd_dep_employed_count, customer_demographics.cd_dep_college_count
               Sort Method: quicksort  Memory: 3585kB
               ->  Hash Join  (cost=6960309.76..13693668.34 rows=535 width=52) (actual time=9579.390..15849.904 rows=20026 loops=1)
                     Hash Cond: (c.c_customer_sk = web_sales.ws_bill_customer_sk)
                     ->  Remote Subquery Scan on all (dn1,dn2,dn3,dn4,dn5,dn6,dn7,dn8)  (cost=154166.88..6887712.08 rows=2992 width=60) (actual time=681.826..6865.576 rows=58125 loops=1)
                     ->  Hash  (cost=6801770.45..6801770.45 rows=357795 width=4) (actual time=8893.464..8893.464 rows=681899 loops=1)
                           Buckets: 1048576 (originally 524288)  Batches: 1 (originally 1)  Memory Usage: 32166kB
                           ->  HashAggregate  (cost=6794614.55..6798192.50 rows=357795 width=4) (actual time=8678.354..8800.315 rows=681900 loops=1)
                                 Group Key: web_sales.ws_bill_customer_sk
                                 ->  Append  (cost=220.19..6793720.06 rows=357795 width=4) (actual time=419.232..6824.823 rows=8166131 loops=1)
                                       ->  Remote Subquery Scan on all (dn1,dn2,dn3,dn4,dn5,dn6,dn7,dn8)  (cost=220.19..2270142.79 rows=119269 width=4) (actual time=419.231..1002.096 rows=2768485 loops=1)
                                       ->  Remote Subquery Scan on all (dn1,dn2,dn3,dn4,dn5,dn6,dn7,dn8)  (cost=220.19..4519999.32 rows=238526 width=4) (actual time=1023.663..5469.946 rows=5397646 loops=1)
 Planning time: 3.575 ms
 Execution time: 15907.298 ms
(18 rows)

