                                                                                                                                                                                                                                                    QUERY PLAN                                                                                                                                                                                                                                                    
------------------------------------------------------------------------------------------------------------------------------------------------------------------------------------------------------------------------------------------------------------------------------------------------------------------------------------------------------------------------------------------------------------------------------------------------------------------------------------------------------------------
 Limit  (cost=17860027.98..17860028.23 rows=100 width=292) (actual time=8855.545..8855.553 rows=100 loops=1)
   CTE ss_items
     ->  GroupAggregate  (cost=9156368.40..9157058.33 rows=27597 width=49) (actual time=3337.816..4527.103 rows=101705 loops=1)
           Group Key: i_item_id
           InitPlan 1 (returns $1)
             ->  Remote Subquery Scan on all (dn1)  (cost=100.00..2042.22 rows=1 width=4) (actual time=17.886..17.887 rows=1 loops=1)
           ->  Remote Subquery Scan on all (dn1,dn2,dn3,dn4,dn5,dn6,dn7,dn8)  (cost=9154326.18..9154533.15 rows=27597 width=23) (actual time=3337.776..4378.008 rows=609306 loops=1)
   CTE cs_items
     ->  GroupAggregate  (cost=5742704.88..5743049.86 rows=13799 width=49) (actual time=1986.864..2630.077 rows=97530 loops=1)
           Group Key: i_item_id
           InitPlan 3 (returns $4)
             ->  Remote Subquery Scan on all (dn2)  (cost=100.00..2042.22 rows=1 width=4) (actual time=15.217..15.218 rows=1 loops=1)
           ->  Remote Subquery Scan on all (dn1,dn2,dn3,dn4,dn5,dn6,dn7,dn8)  (cost=5740662.66..5740766.15 rows=13799 width=23) (actual time=1986.845..2539.674 rows=316700 loops=1)
   CTE ws_items
     ->  GroupAggregate  (cost=2894034.00..2894206.50 rows=6900 width=49) (actual time=1074.250..1412.181 rows=80574 loops=1)
           Group Key: i_item_id
           InitPlan 5 (returns $7)
             ->  Remote Subquery Scan on all (dn7)  (cost=100.00..2042.22 rows=1 width=4) (actual time=19.272..19.273 rows=1 loops=1)
           ->  Remote Subquery Scan on all (dn1,dn2,dn3,dn4,dn5,dn6,dn7,dn8)  (cost=2891991.78..2892043.53 rows=6900 width=23) (actual time=1074.229..1359.265 rows=159470 loops=1)
   ->  Sort  (cost=65713.29..65713.60 rows=124 width=292) (actual time=8855.543..8855.546 rows=100 loops=1)
         Sort Key: ss_items.item_id, ss_items.ss_item_rev
         Sort Method: quicksort  Memory: 51kB
         ->  Merge Join  (cost=4390.30..65708.97 rows=124 width=292) (actual time=8740.789..8855.462 rows=188 loops=1)
               Merge Cond: (cs_items.item_id = ss_items.item_id)
               Join Filter: ((ss_items.ss_item_rev >= (0.9 * cs_items.cs_item_rev)) AND (ss_items.ss_item_rev <= (1.1 * cs_items.cs_item_rev)) AND (cs_items.cs_item_rev >= (0.9 * ss_items.ss_item_rev)) AND (cs_items.cs_item_rev <= (1.1 * ss_items.ss_item_rev)) AND (ss_items.ss_item_rev >= (0.9 * ws_items.ws_item_rev)) AND (ss_items.ss_item_rev <= (1.1 * ws_items.ws_item_rev)) AND (ws_items.ws_item_rev >= (0.9 * ss_items.ss_item_rev)) AND (ws_items.ws_item_rev <= (1.1 * ss_items.ss_item_rev)))
               Rows Removed by Join Filter: 3259
               ->  Merge Join  (cost=1802.78..18499.59 rows=5877 width=200) (actual time=4156.252..4239.418 rows=3456 loops=1)
                     Merge Cond: (ws_items.item_id = cs_items.item_id)
                     Join Filter: ((cs_items.cs_item_rev >= (0.9 * ws_items.ws_item_rev)) AND (cs_items.cs_item_rev <= (1.1 * ws_items.ws_item_rev)) AND (ws_items.ws_item_rev >= (0.9 * cs_items.cs_item_rev)) AND (ws_items.ws_item_rev <= (1.1 * cs_items.cs_item_rev)))
                     Rows Removed by Join Filter: 73544
                     ->  Sort  (cost=577.96..595.21 rows=6900 width=100) (actual time=1462.626..1465.109 rows=80574 loops=1)
                           Sort Key: ws_items.item_id
                           Sort Method: quicksort  Memory: 9367kB
                           ->  CTE Scan on ws_items  (cost=0.00..138.00 rows=6900 width=100) (actual time=1074.254..1433.590 rows=80574 loops=1)
                     ->  Sort  (cost=1224.82..1259.32 rows=13799 width=100) (actual time=2693.555..2696.593 rows=97530 loops=1)
                           Sort Key: cs_items.item_id
                           Sort Method: quicksort  Memory: 10692kB
                           ->  CTE Scan on cs_items  (cost=0.00..275.98 rows=13799 width=100) (actual time=1986.868..2657.317 rows=97530 loops=1)
               ->  Sort  (cost=2587.53..2656.52 rows=27597 width=100) (actual time=4584.503..4587.513 rows=101656 loops=1)
                     Sort Key: ss_items.item_id
                     Sort Method: quicksort  Memory: 11018kB
                     ->  CTE Scan on ss_items  (cost=0.00..551.94 rows=27597 width=100) (actual time=3337.819..4552.794 rows=101705 loops=1)
 Planning time: 1.018 ms
 Execution time: 8876.811 ms
(44 rows)

