                                                                               QUERY PLAN                                                                                
-------------------------------------------------------------------------------------------------------------------------------------------------------------------------
 Finalize Aggregate  (cost=10088269.18..10088269.19 rows=1 width=128) (actual time=12478.297..12478.298 rows=1 loops=1)
   ->  Remote Subquery Scan on all (dn1,dn2,dn3,dn4,dn5,dn6,dn7,dn8)  (cost=10088269.14..10088269.15 rows=1 width=128) (actual time=11666.977..12478.157 rows=8 loops=1)
 Planning time: 1.454 ms
 Execution time: 12485.398 ms
(4 rows)

