                                                                                                                     QUERY PLAN                                                                                                                      
-----------------------------------------------------------------------------------------------------------------------------------------------------------------------------------------------------------------------------------------------------
 Limit  (cost=6980616.52..6980616.77 rows=100 width=210) (actual time=94288.370..94288.378 rows=100 loops=1)
   ->  Sort  (cost=6980616.52..6980619.02 rows=1001 width=210) (actual time=94288.368..94288.371 rows=100 loops=1)
         Sort Key: ((GROUPING(item.i_category) + GROUPING(item.i_class))) DESC, (CASE WHEN (((GROUPING(item.i_category) + GROUPING(item.i_class))) = 0) THEN item.i_category ELSE NULL::bpchar END), (rank() OVER (?))
         Sort Method: quicksort  Memory: 64kB
         ->  WindowAgg  (cost=6980543.23..6980578.26 rows=1001 width=210) (actual time=94288.013..94288.114 rows=184 loops=1)
               ->  Sort  (cost=6980543.23..6980545.73 rows=1001 width=178) (actual time=94288.007..94288.013 rows=184 loops=1)
                     Sort Key: ((GROUPING(item.i_category) + GROUPING(item.i_class))), (CASE WHEN (GROUPING(item.i_class) = 0) THEN item.i_category ELSE NULL::bpchar END), ((sum(store_sales.ss_net_profit) / sum(store_sales.ss_ext_sales_price)))
                     Sort Method: quicksort  Memory: 64kB
                     ->  GroupAggregate  (cost=6958483.70..6980493.34 rows=1001 width=178) (actual time=14048.885..94287.696 rows=184 loops=1)
                           Group Key: item.i_category, item.i_class
                           Group Key: item.i_category
                           Group Key: ()
                           ->  Remote Subquery Scan on all (dn1,dn2,dn3,dn4,dn5,dn6,dn7,dn8)  (cost=6958483.70..6967906.75 rows=1256407 width=114) (actual time=13543.661..70933.811 rows=46724907 loops=1)
 Planning time: 0.454 ms
 Execution time: 94352.619 ms
(15 rows)

