                                                                                                 QUERY PLAN                                                                                                 
------------------------------------------------------------------------------------------------------------------------------------------------------------------------------------------------------------
 Limit  (cost=6799810.95..6799811.20 rows=100 width=152) (actual time=8333.562..8333.571 rows=100 loops=1)
   ->  Sort  (cost=6799810.95..6799954.59 rows=57458 width=152) (actual time=8333.561..8333.564 rows=100 loops=1)
         Sort Key: c_last_name, c_first_name, (substr((ms.s_city)::text, 1, 30)), ms.profit
         Sort Method: top-N heapsort  Memory: 48kB
         ->  Merge Join  (cost=6700239.79..6797614.94 rows=57458 width=152) (actual time=6833.395..8279.873 rows=193417 loops=1)
               Merge Cond: (c_customer_sk = ms.ss_customer_sk)
               ->  Remote Subquery Scan on all (dn3)  (cost=100.18..213466.19 rows=1999938 width=56) (actual time=0.494..576.434 rows=1999973 loops=1)
               ->  Sort  (cost=6700239.61..6700383.26 rows=57458 width=82) (actual time=6832.880..6856.022 rows=193418 loops=1)
                     Sort Key: ms.ss_customer_sk
                     Sort Method: quicksort  Memory: 22099kB
                     ->  Subquery Scan on ms  (cost=6686759.14..6695697.50 rows=57458 width=82) (actual time=3851.058..6769.468 rows=205785 loops=1)
                           ->  Finalize GroupAggregate  (cost=6686759.14..6695122.92 rows=57458 width=86) (actual time=3851.057..6752.448 rows=205785 loops=1)
                                 Group Key: ss_ticket_number, ss_customer_sk, ss_addr_sk, s_city
                                 ->  Remote Subquery Scan on all (dn1,dn2,dn3,dn4,dn5,dn6,dn7,dn8)  (cost=6686759.14..6693303.41 rows=47882 width=86) (actual time=3850.993..5685.403 rows=1148713 loops=1)
 Planning time: 0.455 ms
 Execution time: 8339.986 ms
(16 rows)

