                                                                                                                 QUERY PLAN                                                                                                                  
---------------------------------------------------------------------------------------------------------------------------------------------------------------------------------------------------------------------------------------------
 Limit  (cost=527675.60..527675.85 rows=100 width=236) (actual time=9128.838..9128.847 rows=100 loops=1)
   CTE customer_total_return
     ->  Finalize GroupAggregate  (cost=410162.33..419559.38 rows=71974 width=39) (actual time=634.088..6101.569 rows=2713785 loops=1)
           Group Key: cr_returning_customer_sk, ca_state
           ->  Remote Subquery Scan on all (dn1,dn2,dn3,dn4,dn5,dn6,dn7,dn8)  (cost=410162.33..418059.92 rows=59978 width=39) (actual time=634.028..4060.717 rows=2771841 loops=1)
   ->  Sort  (cost=108116.22..108117.33 rows=442 width=236) (actual time=9128.836..9128.839 rows=100 loops=1)
         Sort Key: c_customer_id, c_salutation, c_first_name, c_last_name, ca_street_number, ca_street_name, ca_street_type, ca_suite_number, ca_city, ca_county, ca_zip, ca_country, ca_gmt_offset, ca_location_type, ctr1.ctr_total_return
         Sort Method: top-N heapsort  Memory: 69kB
         ->  Hash Join  (cost=106374.59..108099.33 rows=442 width=236) (actual time=8095.420..9121.078 rows=12182 loops=1)
               Hash Cond: (ctr1.ctr_customer_sk = c_customer_sk)
               ->  Hash Join  (cost=1806.35..3436.70 rows=23991 width=36) (actual time=7574.936..8535.648 rows=667403 loops=1)
                     Hash Cond: (ctr1.ctr_state = avg_ctr2.ctr_state)
                     Join Filter: (ctr1.ctr_total_return > (avg_ctr2.avg_total_return * 1.2))
                     Rows Removed by Join Filter: 1964611
                     ->  CTE Scan on customer_total_return ctr1  (cost=0.00..1439.48 rows=71974 width=48) (actual time=634.091..785.342 rows=2713785 loops=1)
                     ->  Hash  (cost=1803.85..1803.85 rows=200 width=44) (actual time=6940.829..6940.829 rows=51 loops=1)
                           Buckets: 1024  Batches: 1  Memory Usage: 11kB
                           ->  Subquery Scan on avg_ctr2  (cost=1799.35..1803.85 rows=200 width=44) (actual time=6940.788..6940.820 rows=52 loops=1)
                                 ->  HashAggregate  (cost=1799.35..1801.85 rows=200 width=44) (actual time=6940.786..6940.814 rows=52 loops=1)
                                       Group Key: customer_total_return.ctr_state
                                       ->  CTE Scan on customer_total_return  (cost=0.00..1439.48 rows=71974 width=44) (actual time=0.001..6159.316 rows=2713785 loops=1)
               ->  Hash  (cost=112059.68..112059.68 rows=36865 width=208) (actual time=520.449..520.449 rows=36240 loops=1)
                     Buckets: 65536  Batches: 1  Memory Usage: 9047kB
                     ->  Remote Subquery Scan on all (dn2)  (cost=34664.41..112059.68 rows=36865 width=208) (actual time=130.885..368.092 rows=36240 loops=1)
 Planning time: 0.653 ms
 Execution time: 9160.762 ms
(26 rows)

