                                                                                                   QUERY PLAN                                                                                                   
----------------------------------------------------------------------------------------------------------------------------------------------------------------------------------------------------------------
 Limit  (cost=32114486.76..32114487.01 rows=100 width=160) (actual time=194265.078..194265.087 rows=100 loops=1)
   CTE ssr
     ->  Finalize GroupAggregate  (cost=7319658.98..7320103.93 rows=201 width=145) (actual time=8080.894..8175.910 rows=201 loops=1)
           Group Key: s_store_id
           ->  Remote Subquery Scan on all (dn1,dn2,dn3,dn4,dn5,dn6,dn7,dn8)  (cost=7319658.98..7320090.86 rows=402 width=145) (actual time=8080.797..8170.055 rows=1608 loops=1)
   CTE csr
     ->  GroupAggregate  (cost=14424822.41..14425685.80 rows=20400 width=145) (actual time=123681.515..124331.615 rows=2228 loops=1)
           Group Key: cp_catalog_page_id
           ->  Sort  (cost=14424822.41..14424898.31 rows=30359 width=57) (actual time=123681.495..123887.176 rows=1614347 loops=1)
                 Sort Key: cp_catalog_page_id
                 Sort Method: quicksort  Memory: 175273kB
                 ->  Hash Join  (cost=3131.13..14422562.21 rows=30359 width=57) (actual time=51623.887..120809.573 rows=1614347 loops=1)
                       Hash Cond: (cs_catalog_page_sk = cp_catalog_page_sk)
                       ->  Hash Join  (cost=2251.13..14421602.51 rows=30359 width=44) (actual time=51594.813..120529.723 rows=1619714 loops=1)
                             Hash Cond: (cs_sold_date_sk = d_date_sk)
                             ->  Append  (cost=100.00..14003613.81 rows=158405124 width=48) (actual time=13.406..24399.091 rows=158401439 loops=1)
                                   ->  Remote Subquery Scan on all (dn1,dn2,dn3,dn4,dn5,dn6,dn7,dn8)  (cost=100.00..12808411.35 rows=144000704 width=48) (actual time=13.405..16407.736 rows=143997065 loops=1)
                                   ->  Remote Subquery Scan on all (dn1,dn2,dn3,dn4,dn5,dn6,dn7,dn8)  (cost=100.00..1195202.46 rows=14404420 width=48) (actual time=15.426..1647.903 rows=14404374 loops=1)
                             ->  Hash  (cost=2251.08..2251.08 rows=14 width=4) (actual time=12.918..12.918 rows=15 loops=1)
                                   Buckets: 1024  Batches: 1  Memory Usage: 9kB
                                   ->  Remote Subquery Scan on all (dn3)  (cost=200.00..2251.08 rows=14 width=4) (actual time=12.885..12.892 rows=15 loops=1)
                       ->  Hash  (cost=1255.40..1255.40 rows=20400 width=21) (actual time=29.038..29.038 rows=20400 loops=1)
                             Buckets: 32768  Batches: 1  Memory Usage: 1372kB
                             ->  Remote Subquery Scan on all (dn2)  (cost=100.00..1255.40 rows=20400 width=21) (actual time=6.674..17.506 rows=20400 loops=1)
   CTE wsr
     ->  GroupAggregate  (cost=10367358.19..10367385.75 rows=12 width=145) (actual time=61477.516..61748.688 rows=12 loops=1)
           Group Key: web_site_id
           ->  Sort  (cost=10367358.19..10367362.75 rows=1821 width=57) (actual time=61452.818..61530.468 rows=825831 loops=1)
                 Sort Key: web_site_id
                 Sort Method: quicksort  Memory: 89095kB
                 ->  Hash Join  (cost=2253.67..10367259.58 rows=1821 width=57) (actual time=41.684..60996.977 rows=825831 loops=1)
                       Hash Cond: (ws_web_site_sk = web_site_sk)
                       ->  Hash Join  (cost=2251.13..10367216.35 rows=15179 width=44) (actual time=26.879..60849.458 rows=825938 loops=1)
                             Hash Cond: (ws_sold_date_sk = d_date_sk)
                             ->  Append  (cost=100.00..10157148.95 rows=79201606 width=48) (actual time=12.749..12757.914 rows=79198907 loops=1)
                                   ->  Remote Subquery Scan on all (dn1,dn2,dn3,dn4,dn5,dn6,dn7,dn8)  (cost=100.00..6414494.97 rows=72003936 width=48) (actual time=12.748..8132.508 rows=72001237 loops=1)
                                   ->  Remote Subquery Scan on all (dn1,dn2,dn3,dn4,dn5,dn6,dn7,dn8)  (cost=312993.75..3742653.98 rows=7197670 width=48) (actual time=350.554..1445.520 rows=7197670 loops=1)
                             ->  Hash  (cost=2251.08..2251.08 rows=14 width=4) (actual time=13.871..13.871 rows=15 loops=1)
                                   Buckets: 1024  Batches: 1  Memory Usage: 9kB
                                   ->  Remote Subquery Scan on all (dn3)  (cost=200.00..2251.08 rows=14 width=4) (actual time=13.840..13.847 rows=15 loops=1)
                       ->  Hash  (cost=102.86..102.86 rows=24 width=21) (actual time=14.795..14.795 rows=24 loops=1)
                             Buckets: 1024  Batches: 1  Memory Usage: 10kB
                             ->  Remote Subquery Scan on all (dn5)  (cost=100.00..102.86 rows=24 width=21) (actual time=14.742..14.753 rows=24 loops=1)
   ->  Sort  (cost=1311.28..1316.94 rows=2262 width=160) (actual time=194265.077..194265.080 rows=100 loops=1)
         Sort Key: ('store channel'::text), (('store'::text || (ssr.s_store_id)::text))
         Sort Method: top-N heapsort  Memory: 48kB
         ->  MixedAggregate  (cost=0.00..1224.83 rows=2262 width=160) (actual time=194260.726..194262.113 rows=2445 loops=1)
               Hash Key: ('store channel'::text), (('store'::text || (ssr.s_store_id)::text))
               Hash Key: ('store channel'::text)
               Group Key: ()
               ->  Append  (cost=0.00..566.86 rows=20613 width=160) (actual time=8080.904..194258.217 rows=2441 loops=1)
                     ->  CTE Scan on ssr  (cost=0.00..5.53 rows=201 width=160) (actual time=8080.903..8176.296 rows=201 loops=1)
                     ->  CTE Scan on csr  (cost=0.00..561.00 rows=20400 width=160) (actual time=123681.520..124333.015 rows=2228 loops=1)
                     ->  CTE Scan on wsr  (cost=0.00..0.33 rows=12 width=160) (actual time=61477.523..61748.714 rows=12 loops=1)
 Planning time: 8.746 ms
 Execution time: 194300.627 ms
(56 rows)

