                                                                                              QUERY PLAN                                                                                              
------------------------------------------------------------------------------------------------------------------------------------------------------------------------------------------------------
 Sort  (cost=6800865.08..6801004.19 rows=55644 width=77) (actual time=8610.855..8612.140 rows=30151 loops=1)
   Sort Key: c_last_name, c_first_name, c_salutation, c_preferred_cust_flag DESC, dn.ss_ticket_number
   Sort Method: quicksort  Memory: 4913kB
   ->  Merge Join  (cost=6699274.94..6796479.23 rows=55644 width=77) (actual time=6721.172..8550.970 rows=30151 loops=1)
         Merge Cond: (c_customer_sk = dn.ss_customer_sk)
         ->  Remote Subquery Scan on all (dn6)  (cost=100.18..239465.38 rows=1999938 width=69) (actual time=0.471..717.787 rows=1999865 loops=1)
         ->  Sort  (cost=6699274.76..6699413.87 rows=55644 width=16) (actual time=6720.652..6723.983 rows=30151 loops=1)
               Sort Key: dn.ss_customer_sk
               Sort Method: quicksort  Memory: 3124kB
               ->  Subquery Scan on dn  (cost=6687148.61..6694888.91 rows=55644 width=16) (actual time=3972.742..6712.813 rows=30151 loops=1)
                     ->  Finalize GroupAggregate  (cost=6687148.61..6694332.47 rows=55644 width=16) (actual time=3972.741..6709.523 rows=30151 loops=1)
                           Group Key: ss_ticket_number, ss_customer_sk
                           Filter: ((count(*) >= 15) AND (count(*) <= 20))
                           Rows Removed by Filter: 304388
                           ->  Remote Subquery Scan on all (dn1,dn2,dn3,dn4,dn5,dn6,dn7,dn8)  (cost=6687148.61..6693196.41 rows=46370 width=16) (actual time=3972.526..6374.626 rows=1918649 loops=1)
 Planning time: 0.431 ms
 Execution time: 8619.200 ms
(17 rows)

