                                                                                                   QUERY PLAN                                                                                                    
-----------------------------------------------------------------------------------------------------------------------------------------------------------------------------------------------------------------
 Limit  (cost=6872000.07..6872000.32 rows=100 width=170) (actual time=5876.180..5876.189 rows=100 loops=1)
   ->  Sort  (cost=6872000.07..6872020.34 rows=8107 width=170) (actual time=5876.178..5876.181 rows=100 loops=1)
         Sort Key: c_last_name, dn.ss_ticket_number
         Sort Method: top-N heapsort  Memory: 48kB
         ->  Hash Join  (cost=6775177.48..6871690.23 rows=8107 width=170) (actual time=4628.000..5868.179 rows=21353 loops=1)
               Hash Cond: (c_current_addr_sk = ca_address_sk)
               Join Filter: ((ca_city)::text <> (dn.bought_city)::text)
               Rows Removed by Join Filter: 1574
               ->  Merge Join  (cost=6730943.48..6827434.92 rows=8120 width=165) (actual time=3991.793..5220.668 rows=22927 loops=1)
                     Merge Cond: (c_customer_sk = dn.ss_customer_sk)
                     ->  Remote Subquery Scan on all (dn3)  (cost=100.18..221465.94 rows=1999938 width=60) (actual time=0.818..467.707 rows=1999938 loops=1)
                     ->  Sort  (cost=6730943.30..6730963.60 rows=8120 width=113) (actual time=3990.944..3993.122 rows=22928 loops=1)
                           Sort Key: dn.ss_customer_sk
                           Sort Method: quicksort  Memory: 2751kB
                           ->  Subquery Scan on dn  (cost=6729081.91..6730416.02 rows=8120 width=113) (actual time=3572.774..3982.746 rows=23714 loops=1)
                                 ->  Finalize GroupAggregate  (cost=6729081.91..6730334.82 rows=8120 width=117) (actual time=3572.772..3980.826 rows=23714 loops=1)
                                       Group Key: ss_ticket_number, ss_customer_sk, ss_addr_sk, ca_city
                                       ->  Remote Subquery Scan on all (dn1,dn2,dn3,dn4,dn5,dn6,dn7,dn8)  (cost=6729081.91..6730023.57 rows=6766 width=117) (actual time=3572.705..3808.730 rows=139201 loops=1)
               ->  Hash  (cost=49834.00..49834.00 rows=1000000 width=13) (actual time=635.568..635.568 rows=1000000 loops=1)
                     Buckets: 1048576  Batches: 1  Memory Usage: 54091kB
                     ->  Remote Subquery Scan on all (dn7)  (cost=100.00..49834.00 rows=1000000 width=13) (actual time=0.524..315.225 rows=1000000 loops=1)
 Planning time: 1.992 ms
 Execution time: 5883.597 ms
(23 rows)

SET
