                                                                                                             QUERY PLAN                                                                                                             
------------------------------------------------------------------------------------------------------------------------------------------------------------------------------------------------------------------------------------
 Limit  (cost=329563.88..329564.13 rows=100 width=246) (actual time=4746.224..4746.235 rows=100 loops=1)
   CTE customer_total_return
     ->  Finalize GroupAggregate  (cost=216349.26..221044.80 rows=35964 width=39) (actual time=411.585..2980.216 rows=1310555 loops=1)
           Group Key: wr_returning_customer_sk, ca_state
           ->  Remote Subquery Scan on all (dn1,dn2,dn3,dn4,dn5,dn6,dn7,dn8)  (cost=216349.26..220295.55 rows=29970 width=39) (actual time=411.566..1984.247 rows=1324673 loops=1)
   ->  Sort  (cost=108519.08..108519.90 rows=330 width=246) (actual time=4746.223..4746.226 rows=100 loops=1)
         Sort Key: c_customer_id, c_salutation, c_first_name, c_last_name, c_preferred_cust_flag, c_birth_day, c_birth_month, c_birth_year, c_birth_country, c_login, c_email_address, c_last_review_date_sk, ctr1.ctr_total_return
         Sort Method: top-N heapsort  Memory: 67kB
         ->  Hash Join  (cost=107643.56..108506.47 rows=330 width=246) (actual time=4236.577..4740.988 rows=9095 loops=1)
               Hash Cond: (ctr1.ctr_customer_sk = c_customer_sk)
               ->  Hash Join  (cost=906.10..1720.75 rows=11988 width=36) (actual time=3694.360..4161.207 rows=320745 loops=1)
                     Hash Cond: (ctr1.ctr_state = avg_ctr2.ctr_state)
                     Join Filter: (ctr1.ctr_total_return > (avg_ctr2.avg_total_return * 1.2))
                     Rows Removed by Join Filter: 950149
                     ->  CTE Scan on customer_total_return ctr1  (cost=0.00..719.28 rows=35964 width=48) (actual time=411.589..488.692 rows=1310555 loops=1)
                     ->  Hash  (cost=903.60..903.60 rows=200 width=44) (actual time=3282.753..3282.753 rows=51 loops=1)
                           Buckets: 1024  Batches: 1  Memory Usage: 11kB
                           ->  Subquery Scan on avg_ctr2  (cost=899.10..903.60 rows=200 width=44) (actual time=3282.703..3282.742 rows=52 loops=1)
                                 ->  HashAggregate  (cost=899.10..901.60 rows=200 width=44) (actual time=3282.702..3282.738 rows=52 loops=1)
                                       Group Key: customer_total_return.ctr_state
                                       ->  CTE Scan on customer_total_return  (cost=0.00..719.28 rows=35964 width=44) (actual time=0.001..2905.656 rows=1310555 loops=1)
               ->  Hash  (cost=118442.74..118442.74 rows=55132 width=218) (actual time=542.095..542.095 rows=56712 loops=1)
                     Buckets: 65536  Batches: 1  Memory Usage: 11659kB
                     ->  Remote Subquery Scan on all (dn8)  (cost=34778.59..118442.74 rows=55132 width=218) (actual time=127.043..364.045 rows=56712 loops=1)
 Planning time: 1.230 ms
 Execution time: 4768.890 ms
(26 rows)

