                                                                                                QUERY PLAN                                                                                                 
-----------------------------------------------------------------------------------------------------------------------------------------------------------------------------------------------------------
 Limit  (cost=4519330.25..4519330.50 rows=100 width=291) (actual time=2250.685..2250.693 rows=100 loops=1)
   ->  Sort  (cost=4519330.25..4519374.60 rows=17740 width=291) (actual time=2250.684..2250.687 rows=100 loops=1)
         Sort Key: item.i_category, item.i_class, item.i_item_id, item.i_item_desc, ((((sum(catalog_sales.cs_ext_sales_price)) * '100'::numeric) / sum((sum(catalog_sales.cs_ext_sales_price))) OVER (?)))
         Sort Method: top-N heapsort  Memory: 93kB
         ->  WindowAgg  (cost=4518253.09..4518652.24 rows=17740 width=291) (actual time=2214.068..2241.889 rows=30435 loops=1)
               ->  Sort  (cost=4518253.09..4518297.44 rows=17740 width=259) (actual time=2213.812..2215.731 rows=30435 loops=1)
                     Sort Key: item.i_class
                     Sort Method: quicksort  Memory: 12474kB
                     ->  Finalize GroupAggregate  (cost=4514518.52..4517001.11 rows=17740 width=259) (actual time=2078.785..2195.115 rows=30435 loops=1)
                           Group Key: item.i_item_id, item.i_item_desc, item.i_category, item.i_class, item.i_current_price
                           ->  Remote Subquery Scan on all (dn1,dn2,dn3,dn4,dn5,dn6,dn7,dn8)  (cost=4514518.52..4516520.64 rows=14784 width=259) (actual time=2078.759..2171.283 rows=30435 loops=1)
 Planning time: 0.461 ms
 Execution time: 2256.941 ms
(13 rows)

