                                                                                                                                               QUERY PLAN                                                                                                                                               
--------------------------------------------------------------------------------------------------------------------------------------------------------------------------------------------------------------------------------------------------------------------------------------------------------
 Limit  (cost=10001743.85..10001743.86 rows=1 width=276) (actual time=118714.150..118714.159 rows=100 loops=1)
   CTE year_total
     ->  Append  (cost=7105325.56..9624005.47 rows=3597480 width=137) (actual time=63382.016..112562.483 rows=5447553 loops=1)
           ->  Finalize HashAggregate  (cost=7105325.56..7141299.61 rows=2877924 width=137) (actual time=63382.016..79155.982 rows=3640322 loops=1)
                 Group Key: c_customer_id, c_first_name, c_last_name, d_year
                 ->  Remote Subquery Scan on all (dn1,dn2,dn3,dn4,dn5,dn6,dn7,dn8)  (cost=6802543.97..7069351.51 rows=2398270 width=105) (actual time=18353.102..22966.635 rows=26896423 loops=1)
           ->  Finalize HashAggregate  (cost=2437736.61..2446731.06 rows=719556 width=137) (actual time=25588.861..33204.177 rows=1807231 loops=1)
                 Group Key: c_customer_id, c_first_name, c_last_name, d_year
                 ->  Remote Subquery Scan on all (dn1,dn2,dn3,dn4,dn5,dn6,dn7,dn8)  (cost=2362033.32..2428742.16 rows=599630 width=105) (actual time=5375.639..7404.535 rows=12057040 loops=1)
   ->  Sort  (cost=377738.39..377738.39 rows=1 width=276) (actual time=118714.148..118714.151 rows=100 loops=1)
         Sort Key: t_s_secyear.customer_first_name, t_s_secyear.customer_id, t_s_secyear.customer_last_name
         Sort Method: top-N heapsort  Memory: 48kB
         ->  Hash Join  (cost=278807.33..377738.38 rows=1 width=276) (actual time=116290.391..118677.832 rows=169251 loops=1)
               Hash Cond: (t_s_secyear.customer_id = t_w_secyear.customer_id)
               Join Filter: (CASE WHEN (t_w_firstyear.year_total > '0'::numeric) THEN (t_w_secyear.year_total / t_w_firstyear.year_total) ELSE NULL::numeric END > CASE WHEN (t_s_firstyear.year_total > '0'::numeric) THEN (t_s_secyear.year_total / t_s_firstyear.year_total) ELSE NULL::numeric END)
               Rows Removed by Join Filter: 168726
               ->  Hash Join  (cost=188869.20..287800.20 rows=2 width=508) (actual time=1847.799..3633.785 rows=747278 loops=1)
                     Hash Cond: (t_s_firstyear.customer_id = t_s_secyear.customer_id)
                     ->  Hash Join  (cost=98931.08..197862.00 rows=4 width=200) (actual time=920.981..2327.164 rows=820296 loops=1)
                           Hash Cond: (t_s_firstyear.customer_id = t_w_firstyear.customer_id)
                           ->  CTE Scan on year_total t_s_firstyear  (cost=0.00..98930.70 rows=30 width=100) (actual time=0.009..948.253 rows=1818881 loops=1)
                                 Filter: ((year_total > '0'::numeric) AND (sale_type = 's'::text) AND (year = 1999))
                                 Rows Removed by Filter: 3628672
                           ->  Hash  (cost=98930.70..98930.70 rows=30 width=100) (actual time=920.951..920.951 rows=901769 loops=1)
                                 Buckets: 1048576 (originally 1024)  Batches: 1 (originally 1)  Memory Usage: 61030kB
                                 ->  CTE Scan on year_total t_w_firstyear  (cost=0.00..98930.70 rows=30 width=100) (actual time=480.420..781.017 rows=901769 loops=1)
                                       Filter: ((year_total > '0'::numeric) AND (sale_type = 'w'::text) AND (year = 1999))
                                       Rows Removed by Filter: 4545784
                     ->  Hash  (cost=89937.00..89937.00 rows=90 width=308) (actual time=926.798..926.798 rows=1821441 loops=1)
                           Buckets: 2097152 (originally 1024)  Batches: 1 (originally 1)  Memory Usage: 212368kB
                           ->  CTE Scan on year_total t_s_secyear  (cost=0.00..89937.00 rows=90 width=308) (actual time=0.003..576.183 rows=1821441 loops=1)
                                 Filter: ((sale_type = 's'::text) AND (year = 2000))
                                 Rows Removed by Filter: 3626112
               ->  Hash  (cost=89937.00..89937.00 rows=90 width=100) (actual time=114442.550..114442.550 rows=905462 loops=1)
                     Buckets: 1048576 (originally 1024)  Batches: 1 (originally 1)  Memory Usage: 61247kB
                     ->  CTE Scan on year_total t_w_secyear  (cost=0.00..89937.00 rows=90 width=100) (actual time=105995.306..114289.330 rows=905462 loops=1)
                           Filter: ((sale_type = 'w'::text) AND (year = 2000))
                           Rows Removed by Filter: 4542091
 Planning time: 0.672 ms
 Execution time: 119075.338 ms
(40 rows)

