                                                                                                QUERY PLAN                                                                                                 
-----------------------------------------------------------------------------------------------------------------------------------------------------------------------------------------------------------
 Limit  (cost=6719793.95..6719794.20 rows=100 width=265) (actual time=7733.755..7733.763 rows=100 loops=1)
   ->  Sort  (cost=6719793.95..6719834.00 rows=16017 width=265) (actual time=7733.753..7733.756 rows=100 loops=1)
         Sort Key: ((tmp1.sum_sales - tmp1.avg_monthly_sales)), tmp1.s_store_name
         Sort Method: top-N heapsort  Memory: 71kB
         ->  Subquery Scan on tmp1  (cost=6716859.38..6719181.80 rows=16017 width=265) (actual time=7725.397..7731.860 rows=5002 loops=1)
               Filter: (CASE WHEN (tmp1.avg_monthly_sales <> '0'::numeric) THEN (abs((tmp1.sum_sales - tmp1.avg_monthly_sales)) / tmp1.avg_monthly_sales) ELSE NULL::numeric END > 0.1)
               Rows Removed by Filter: 119
               ->  WindowAgg  (cost=6716859.38..6718060.63 rows=48050 width=233) (actual time=7725.393..7728.383 rows=5121 loops=1)
                     ->  Sort  (cost=6716859.38..6716979.50 rows=48050 width=201) (actual time=7725.377..7725.531 rows=5121 loops=1)
                           Sort Key: i_category, i_brand, s_store_name, s_company_name
                           Sort Method: quicksort  Memory: 1553kB
                           ->  Finalize GroupAggregate  (cost=6706248.75..6713122.95 rows=48050 width=201) (actual time=7126.103..7723.104 rows=5121 loops=1)
                                 Group Key: i_category, i_class, i_brand, s_store_name, s_company_name, d_moy
                                 ->  Remote Subquery Scan on all (dn1,dn2,dn3,dn4,dn5,dn6,dn7,dn8)  (cost=6706248.75..6711721.49 rows=40042 width=201) (actual time=7125.998..7684.807 rows=36699 loops=1)
 Planning time: 1.686 ms
 Execution time: 7754.326 ms
(16 rows)

