                                                                                               QUERY PLAN                                                                                               
--------------------------------------------------------------------------------------------------------------------------------------------------------------------------------------------------------
 Sort  (cost=6715866.54..6715951.90 rows=34144 width=291) (actual time=3256.155..3257.531 rows=30566 loops=1)
   Sort Key: item.i_category, item.i_class, item.i_item_id, item.i_item_desc, ((((sum(store_sales.ss_ext_sales_price)) * '100'::numeric) / sum((sum(store_sales.ss_ext_sales_price))) OVER (?)))
   Sort Method: quicksort  Memory: 13023kB
   ->  WindowAgg  (cost=6712527.37..6713295.61 rows=34144 width=291) (actual time=3112.554..3141.988 rows=30566 loops=1)
         ->  Sort  (cost=6712527.37..6712612.73 rows=34144 width=259) (actual time=3112.290..3114.467 rows=30566 loops=1)
               Sort Key: item.i_class
               Sort Method: quicksort  Memory: 12529kB
               ->  Finalize GroupAggregate  (cost=6705178.32..6709956.44 rows=34144 width=259) (actual time=2945.609..3093.298 rows=30566 loops=1)
                     Group Key: item.i_item_id, item.i_item_desc, item.i_category, item.i_class, item.i_current_price
                     ->  Remote Subquery Scan on all (dn1,dn10,dn2,dn3,dn4,dn5,dn6,dn7,dn8,dn9)  (cost=6705178.32..6709031.69 rows=28454 width=259) (actual time=2945.582..3068.250 rows=30566 loops=1)
 Planning time: 0.380 ms
 Execution time: 3266.581 ms
(12 rows)

