                                                                                                                                                                                                                                                                                                                                                                                                                                          QUERY PLAN                                                                                                                                                                                                                                                                                                                                                                                                                                          
----------------------------------------------------------------------------------------------------------------------------------------------------------------------------------------------------------------------------------------------------------------------------------------------------------------------------------------------------------------------------------------------------------------------------------------------------------------------------------------------------------------------------------------------------------------------------------------------------------------------------------------------------------------------------------------------------------------------------------------------------------------------------------------------------------------------------------------------------------------------------------------------
 Limit  (cost=6730584.61..6730584.86 rows=100 width=245) (actual time=9415.295..9415.309 rows=100 loops=1)
   ->  Sort  (cost=6730584.61..6730585.01 rows=162 width=245) (actual time=9415.294..9415.299 rows=100 loops=1)
         Sort Key: store.s_store_name, store.s_store_id, (sum(CASE WHEN (date_dim.d_day_name = 'Sunday'::bpchar) THEN store_sales.ss_sales_price ELSE NULL::numeric END)), (sum(CASE WHEN (date_dim.d_day_name = 'Monday'::bpchar) THEN store_sales.ss_sales_price ELSE NULL::numeric END)), (sum(CASE WHEN (date_dim.d_day_name = 'Tuesday'::bpchar) THEN store_sales.ss_sales_price ELSE NULL::numeric END)), (sum(CASE WHEN (date_dim.d_day_name = 'Wednesday'::bpchar) THEN store_sales.ss_sales_price ELSE NULL::numeric END)), (sum(CASE WHEN (date_dim.d_day_name = 'Thursday'::bpchar) THEN store_sales.ss_sales_price ELSE NULL::numeric END)), (sum(CASE WHEN (date_dim.d_day_name = 'Friday'::bpchar) THEN store_sales.ss_sales_price ELSE NULL::numeric END)), (sum(CASE WHEN (date_dim.d_day_name = 'Saturday'::bpchar) THEN store_sales.ss_sales_price ELSE NULL::numeric END))
         Sort Method: quicksort  Memory: 40kB
         ->  Finalize GroupAggregate  (cost=6716319.03..6730578.66 rows=162 width=245) (actual time=8054.263..9415.137 rows=112 loops=1)
               Group Key: store.s_store_name, store.s_store_id
               ->  Remote Subquery Scan on all (dn1,dn2,dn3,dn4,dn5,dn6,dn7,dn8)  (cost=6716319.03..6730561.25 rows=324 width=245) (actual time=8054.126..9407.469 rows=896 loops=1)
 Planning time: 0.647 ms
 Execution time: 9441.704 ms
(9 rows)

