                                                    QUERY PLAN                                                     
-------------------------------------------------------------------------------------------------------------------
 Remote Fast Query Execution  (cost=0.00..0.00 rows=0 width=0) (actual time=19401.714..19405.109 rows=100 loops=1)
   Node/s: dn6
 Planning time: 0.234 ms
 Execution time: 19405.137 ms
(4 rows)

