                                                     QUERY PLAN                                                      
---------------------------------------------------------------------------------------------------------------------
 Remote Fast Query Execution  (cost=0.00..0.00 rows=0 width=0) (actual time=148671.652..148671.707 rows=100 loops=1)
   Node/s: dn1
 Planning time: 0.085 ms
 Execution time: 148671.967 ms
(4 rows)

