                                                                  QUERY PLAN                                                                  
----------------------------------------------------------------------------------------------------------------------------------------------
 Limit  (cost=2563576.91..2563592.25 rows=100 width=50) (actual time=43851.050..43851.099 rows=100 loops=1)
   ->  Remote Subquery Scan on all (dn1)  (cost=2563576.91..2563592.25 rows=100 width=50) (actual time=43851.048..43851.081 rows=100 loops=1)
 Planning time: 1.914 ms
 Execution time: 43857.772 ms
(4 rows)

