                                                                QUERY PLAN                                                                
------------------------------------------------------------------------------------------------------------------------------------------
 Limit  (cost=10008184057.20..10008184057.21 rows=1 width=96) (actual time=5.126..5.128 rows=1 loops=1)
   ->  Remote Subquery Scan on all (dn6)  (cost=10008184057.20..10008184057.21 rows=1 width=96) (actual time=5.125..5.127 rows=1 loops=1)
 Planning time: 2.138 ms
 Execution time: 6.725 ms
(4 rows)

