                                                    QUERY PLAN                                                     
-------------------------------------------------------------------------------------------------------------------
 Remote Fast Query Execution  (cost=0.00..0.00 rows=0 width=0) (actual time=54026.820..54026.869 rows=100 loops=1)
   Node/s: dn3
 Planning time: 0.219 ms
 Execution time: 54027.127 ms
(4 rows)

