                                                    QUERY PLAN                                                     
-------------------------------------------------------------------------------------------------------------------
 Remote Fast Query Execution  (cost=0.00..0.00 rows=0 width=0) (actual time=89487.283..89498.582 rows=100 loops=1)
   Node/s: dn6
 Planning time: 0.246 ms
 Execution time: 89498.611 ms
(4 rows)

