                                                                   QUERY PLAN                                                                    
-------------------------------------------------------------------------------------------------------------------------------------------------
 Limit  (cost=8362785.07..8362785.82 rows=100 width=201) (actual time=337168.827..337168.875 rows=100 loops=1)
   ->  Remote Subquery Scan on all (dn1)  (cost=8362785.07..8362785.82 rows=100 width=201) (actual time=337168.825..337168.857 rows=100 loops=1)
 Planning time: 0.830 ms
 Execution time: 337518.128 ms
(4 rows)

