                                                    QUERY PLAN                                                    
------------------------------------------------------------------------------------------------------------------
 Remote Fast Query Execution  (cost=0.00..0.00 rows=0 width=0) (actual time=41701.074..41709.218 rows=51 loops=1)
   Node/s: dn4
 Planning time: 0.448 ms
 Execution time: 41709.446 ms
(4 rows)

