                                                     QUERY PLAN                                                      
---------------------------------------------------------------------------------------------------------------------
 Remote Fast Query Execution  (cost=0.00..0.00 rows=0 width=0) (actual time=165810.642..165810.675 rows=100 loops=1)
   Node/s: dn2
 Planning time: 0.062 ms
 Execution time: 165810.697 ms
(4 rows)

