                                                    QUERY PLAN                                                     
-------------------------------------------------------------------------------------------------------------------
 Remote Fast Query Execution  (cost=0.00..0.00 rows=0 width=0) (actual time=95146.098..95151.223 rows=100 loops=1)
   Node/s: dn4
 Planning time: 0.218 ms
 Execution time: 95151.252 ms
(4 rows)

