                                                                                                                                                                                                                             QUERY PLAN                                                                                                                                                                                                                             
--------------------------------------------------------------------------------------------------------------------------------------------------------------------------------------------------------------------------------------------------------------------------------------------------------------------------------------------------------------------------------------------------------------------------------------------------------------------
 Sort  (cost=7517620.54..7517620.55 rows=1 width=210) (actual time=202142.519..202142.533 rows=275 loops=1)
   Sort Key: ((ws2.web_sales / ws1.web_sales))
   Sort Method: quicksort  Memory: 63kB
   CTE ss
     ->  Remote Subquery Scan on all (dn2)  (cost=5298571.34..5317031.34 rows=1476800 width=54) (actual time=160016.815..160034.971 rows=38787 loops=1)
   CTE ws
     ->  Remote Subquery Scan on all (dn5)  (cost=1960607.63..1979067.63 rows=1476800 width=54) (actual time=42009.036..42035.724 rows=38767 loops=1)
   ->  Hash Join  (cost=184601.38..221521.57 rows=1 width=210) (actual time=202136.974..202142.431 rows=275 loops=1)
         Hash Cond: ((ws2.ca_county)::text = (ss1.ca_county)::text)
         Join Filter: ((CASE WHEN (ws1.web_sales > '0'::numeric) THEN (ws2.web_sales / ws1.web_sales) ELSE NULL::numeric END > CASE WHEN (ss1.store_sales > '0'::numeric) THEN (ss2.store_sales / ss1.store_sales) ELSE NULL::numeric END) AND (CASE WHEN (ws2.web_sales > '0'::numeric) THEN (ws3.web_sales / ws2.web_sales) ELSE NULL::numeric END > CASE WHEN (ss2.store_sales > '0'::numeric) THEN (ss3.store_sales / ss2.store_sales) ELSE NULL::numeric END))
         Rows Removed by Join Filter: 1571
         ->  CTE Scan on ws ws2  (cost=0.00..36920.00 rows=37 width=110) (actual time=42009.138..42011.504 rows=1847 loops=1)
               Filter: ((d_year = 2000) AND (d_qoy = 2))
               Rows Removed by Filter: 36920
         ->  Hash  (cost=184601.37..184601.37 rows=1 width=554) (actual time=160127.814..160127.814 rows=1846 loops=1)
               Buckets: 2048 (originally 1024)  Batches: 1 (originally 1)  Memory Usage: 303kB
               ->  Hash Join  (cost=147681.22..184601.37 rows=1 width=554) (actual time=160124.222..160127.226 rows=1846 loops=1)
                     Hash Cond: ((ws3.ca_county)::text = (ss1.ca_county)::text)
                     ->  CTE Scan on ws ws3  (cost=0.00..36920.00 rows=37 width=110) (actual time=0.004..2.528 rows=1847 loops=1)
                           Filter: ((d_year = 2000) AND (d_qoy = 3))
                           Rows Removed by Filter: 36920
                     ->  Hash  (cost=147681.21..147681.21 rows=1 width=444) (actual time=160124.210..160124.210 rows=1846 loops=1)
                           Buckets: 2048 (originally 1024)  Batches: 1 (originally 1)  Memory Usage: 259kB
                           ->  Hash Join  (cost=110761.06..147681.21 rows=1 width=444) (actual time=160067.259..160123.351 rows=1846 loops=1)
                                 Hash Cond: ((ws1.ca_county)::text = (ss1.ca_county)::text)
                                 ->  CTE Scan on ws ws1  (cost=0.00..36920.00 rows=37 width=110) (actual time=0.003..55.183 rows=1847 loops=1)
                                       Filter: ((d_qoy = 1) AND (d_year = 2000))
                                       Rows Removed by Filter: 36920
                                 ->  Hash  (cost=110761.05..110761.05 rows=1 width=334) (actual time=160067.250..160067.250 rows=1846 loops=1)
                                       Buckets: 2048 (originally 1024)  Batches: 1 (originally 1)  Memory Usage: 215kB
                                       ->  Hash Join  (cost=73840.90..110761.05 rows=1 width=334) (actual time=160064.042..160066.832 rows=1846 loops=1)
                                             Hash Cond: ((ss3.ca_county)::text = (ss1.ca_county)::text)
                                             ->  CTE Scan on ss ss3  (cost=0.00..36920.00 rows=37 width=110) (actual time=160016.863..160019.232 rows=1847 loops=1)
                                                   Filter: ((d_year = 2000) AND (d_qoy = 3))
                                                   Rows Removed by Filter: 36940
                                             ->  Hash  (cost=73840.81..73840.81 rows=7 width=224) (actual time=47.166..47.166 rows=1846 loops=1)
                                                   Buckets: 2048 (originally 1024)  Batches: 1 (originally 1)  Memory Usage: 171kB
                                                   ->  Hash Join  (cost=36920.46..73840.81 rows=7 width=224) (actual time=43.913..46.803 rows=1846 loops=1)
                                                         Hash Cond: ((ss1.ca_county)::text = (ss2.ca_county)::text)
                                                         ->  CTE Scan on ss ss1  (cost=0.00..36920.00 rows=37 width=114) (actual time=0.007..2.509 rows=1847 loops=1)
                                                               Filter: ((d_qoy = 1) AND (d_year = 2000))
                                                               Rows Removed by Filter: 36940
                                                         ->  Hash  (cost=36920.00..36920.00 rows=37 width=110) (actual time=43.898..43.898 rows=1846 loops=1)
                                                               Buckets: 2048 (originally 1024)  Batches: 1 (originally 1)  Memory Usage: 118kB
                                                               ->  CTE Scan on ss ss2  (cost=0.00..36920.00 rows=37 width=110) (actual time=0.057..43.468 rows=1847 loops=1)
                                                                     Filter: ((d_year = 2000) AND (d_qoy = 2))
                                                                     Rows Removed by Filter: 36940
 Planning time: 1.401 ms
 Execution time: 202158.037 ms
(49 rows)

