                                                    QUERY PLAN                                                     
-------------------------------------------------------------------------------------------------------------------
 Remote Fast Query Execution  (cost=0.00..0.00 rows=0 width=0) (actual time=25935.936..25937.889 rows=100 loops=1)
   Node/s: dn2
 Planning time: 0.225 ms
 Execution time: 25937.918 ms
(4 rows)

