                                                                     QUERY PLAN                                                                      
-----------------------------------------------------------------------------------------------------------------------------------------------------
 Limit  (cost=50032783637.69..50032783637.86 rows=1 width=288) (actual time=601638.771..601638.773 rows=1 loops=1)
   ->  Remote Subquery Scan on all (dn3)  (cost=50032783637.69..50032783637.86 rows=1 width=288) (actual time=601638.767..601638.769 rows=1 loops=1)
 Planning time: 2.586 ms
 Execution time: 601641.899 ms
(4 rows)

