                                                                  QUERY PLAN                                                                  
----------------------------------------------------------------------------------------------------------------------------------------------
 Remote Subquery Scan on all (dn1)  (cost=70032135624.96..70032135625.19 rows=1 width=64) (actual time=774906.184..774906.185 rows=1 loops=1)
 Planning time: 7.074 ms
 Execution time: 774908.356 ms
(3 rows)

