                                                     QUERY PLAN                                                      
---------------------------------------------------------------------------------------------------------------------
 Remote Fast Query Execution  (cost=0.00..0.00 rows=0 width=0) (actual time=630899.804..630899.836 rows=100 loops=1)
   Node/s: dn5
 Planning time: 0.431 ms
 Execution time: 630899.861 ms
(4 rows)

