                                                                                                                 QUERY PLAN                                                                                                                 
--------------------------------------------------------------------------------------------------------------------------------------------------------------------------------------------------------------------------------------------
 Limit  (cost=8360144.80..8360152.90 rows=100 width=91) (actual time=281940.498..281941.798 rows=100 loops=1)
   ->  GroupAggregate  (cost=8360144.80..8374305.52 rows=174930 width=91) (actual time=281940.496..281941.788 rows=100 loops=1)
         Group Key: ca.ca_state, customer_demographics.cd_gender, customer_demographics.cd_marital_status, customer_demographics.cd_dep_count, customer_demographics.cd_dep_employed_count, customer_demographics.cd_dep_college_count
         ->  Sort  (cost=8360144.80..8360798.03 rows=261293 width=19) (actual time=281940.476..281940.768 rows=4387 loops=1)
               Sort Key: ca.ca_state, customer_demographics.cd_gender, customer_demographics.cd_marital_status, customer_demographics.cd_dep_count, customer_demographics.cd_dep_employed_count, customer_demographics.cd_dep_college_count
               Sort Method: quicksort  Memory: 2361021kB
               ->  Hash Join  (cost=4255330.27..8336634.56 rows=261293 width=19) (actual time=118246.386..229290.371 rows=20400480 loops=1)
                     Hash Cond: (c.c_current_cdemo_sk = customer_demographics.cd_demo_sk)
                     ->  Hash Join  (cost=4216303.47..8296921.87 rows=261293 width=7) (actual time=116127.052..220121.260 rows=21141916 loops=1)
                           Hash Cond: (c.c_current_addr_sk = ca.ca_address_sk)
                           ->  Hash Join  (cost=4189763.47..8269695.97 rows=261293 width=8) (actual time=115430.760..212792.681 rows=21141916 loops=1)
                                 Hash Cond: (store_sales.ss_customer_sk = c.c_customer_sk)
                                 ->  Remote Subquery Scan on all (dn5)  (cost=212.79..4081045.79 rows=646590 width=4) (actual time=8.228..83546.304 rows=30658584 loops=1)
                                 ->  Hash  (cost=4183588.85..4183588.85 rows=484946 width=16) (actual time=115421.038..115421.038 rows=1412192 loops=1)
                                       Buckets: 2097152 (originally 524288)  Batches: 1 (originally 1)  Memory Usage: 82388kB
                                       ->  Hash Join  (cost=4135236.34..4183588.85 rows=484946 width=16) (actual time=112915.505..115085.165 rows=1412192 loops=1)
                                             Hash Cond: (c.c_customer_sk = web_sales.ws_bill_customer_sk)
                                             ->  Remote Subquery Scan on all (dn6)  (cost=100.00..65703.05 rows=1200039 width=12) (actual time=0.589..883.261 rows=2000000 loops=1)
                                             ->  Hash  (cost=4129174.52..4129174.52 rows=484946 width=4) (actual time=112913.123..112913.123 rows=1412192 loops=1)
                                                   Buckets: 2097152 (originally 524288)  Batches: 1 (originally 1)  Memory Usage: 66032kB
                                                   ->  HashAggregate  (cost=4119475.60..4124325.06 rows=484946 width=4) (actual time=112464.022..112732.290 rows=1412193 loops=1)
                                                         Group Key: web_sales.ws_bill_customer_sk
                                                         ->  Append  (cost=212.79..4118263.23 rows=484946 width=4) (actual time=3.111..103089.681 rows=23948309 loops=1)
                                                               ->  Remote Subquery Scan on all (dn1)  (cost=212.79..1375208.13 rows=161651 width=4) (actual time=3.110..10238.701 rows=8035356 loops=1)
                                                               ->  Remote Subquery Scan on all (dn6)  (cost=212.79..2738205.64 rows=323295 width=4) (actual time=51693.146..90853.711 rows=15912953 loops=1)
                           ->  Hash  (cost=26340.00..26340.00 rows=600000 width=7) (actual time=693.998..693.998 rows=1000000 loops=1)
                                 Buckets: 1048576  Batches: 1  Memory Usage: 47137kB
                                 ->  Remote Subquery Scan on all (dn2)  (cost=100.00..26340.00 rows=600000 width=7) (actual time=0.723..375.691 rows=1000000 loops=1)
                     ->  Hash  (cost=53532.80..53532.80 rows=1152480 width=20) (actual time=2117.909..2117.909 rows=1920800 loops=1)
                           Buckets: 2097152  Batches: 1  Memory Usage: 113925kB
                           ->  Remote Subquery Scan on all (dn4)  (cost=100.00..53532.80 rows=1152480 width=20) (actual time=0.643..885.354 rows=1920800 loops=1)
 Planning time: 1.789 ms
 Execution time: 282013.196 ms
(33 rows)

