                                                      QUERY PLAN                                                       
-----------------------------------------------------------------------------------------------------------------------
 Remote Fast Query Execution  (cost=0.00..0.00 rows=0 width=0) (actual time=168798.622..168818.266 rows=30566 loops=1)
   Node/s: dn3
 Planning time: 0.084 ms
 Execution time: 168819.963 ms
(4 rows)

