                                                    QUERY PLAN                                                     
-------------------------------------------------------------------------------------------------------------------
 Remote Fast Query Execution  (cost=0.00..0.00 rows=0 width=0) (actual time=60941.939..60941.988 rows=100 loops=1)
   Node/s: dn5
 Planning time: 0.077 ms
 Execution time: 60942.010 ms
(4 rows)

