                                                                    QUERY PLAN                                                                    
--------------------------------------------------------------------------------------------------------------------------------------------------
 Limit  (cost=10002714321.66..10002714321.67 rows=1 width=32) (actual time=20973.356..20973.359 rows=1 loops=1)
   ->  Remote Subquery Scan on all (dn2)  (cost=10002714321.66..10002714321.67 rows=1 width=32) (actual time=20973.354..20973.356 rows=1 loops=1)
 Planning time: 1.547 ms
 Execution time: 20975.647 ms
(4 rows)

