                                                                   QUERY PLAN                                                                    
-------------------------------------------------------------------------------------------------------------------------------------------------
 Limit  (cost=4139692.18..4139692.93 rows=100 width=138) (actual time=104127.731..104127.782 rows=100 loops=1)
   ->  Remote Subquery Scan on all (dn2)  (cost=4139692.18..4139692.93 rows=100 width=138) (actual time=104127.729..104127.764 rows=100 loops=1)
 Planning time: 1.909 ms
 Execution time: 104150.234 ms
(4 rows)

