                                                               QUERY PLAN                                                                
-----------------------------------------------------------------------------------------------------------------------------------------
 Remote Subquery Scan on all (dn2)  (cost=63236347.03..63236348.45 rows=1 width=160) (actual time=868470.988..868470.989 rows=1 loops=1)
 Planning time: 0.433 ms
 Execution time: 868489.000 ms
(3 rows)

