                                                                 QUERY PLAN                                                                 
--------------------------------------------------------------------------------------------------------------------------------------------
 Remote Subquery Scan on all (dn1)  (cost=4080299.58..4080384.26 rows=33873 width=77) (actual time=98854.844..98868.297 rows=30151 loops=1)
 Planning time: 0.532 ms
 Execution time: 98882.413 ms
(3 rows)

