                                                               QUERY PLAN                                                                
-----------------------------------------------------------------------------------------------------------------------------------------
 Remote Subquery Scan on all (dn3)  (cost=4070029.44..4070041.01 rows=4628 width=77) (actual time=97764.755..97764.802 rows=129 loops=1)
 Planning time: 1.223 ms
 Execution time: 97766.715 ms
(3 rows)

