                                                    QUERY PLAN                                                    
------------------------------------------------------------------------------------------------------------------
 Remote Fast Query Execution  (cost=0.00..0.00 rows=0 width=0) (actual time=41046.447..41046.453 rows=12 loops=1)
   Node/s: dn6
 Planning time: 0.155 ms
 Execution time: 41046.471 ms
(4 rows)

