                                                     QUERY PLAN                                                     
--------------------------------------------------------------------------------------------------------------------
 Remote Fast Query Execution  (cost=0.00..0.00 rows=0 width=0) (actual time=258149.842..258158.545 rows=37 loops=1)
   Node/s: dn3
 Planning time: 0.386 ms
 Execution time: 258158.574 ms
(4 rows)

