                                                    QUERY PLAN                                                     
-------------------------------------------------------------------------------------------------------------------
 Remote Fast Query Execution  (cost=0.00..0.00 rows=0 width=0) (actual time=45225.926..45470.205 rows=100 loops=1)
   Node/s: dn4
 Planning time: 0.105 ms
 Execution time: 45470.229 ms
(4 rows)

