                                                                   QUERY PLAN                                                                    
-------------------------------------------------------------------------------------------------------------------------------------------------
 Limit  (cost=6658429.07..6658429.82 rows=100 width=163) (actual time=120997.435..120997.487 rows=100 loops=1)
   ->  Remote Subquery Scan on all (dn4)  (cost=6658429.07..6658429.82 rows=100 width=163) (actual time=120997.433..120997.467 rows=100 loops=1)
 Planning time: 0.596 ms
 Execution time: 120999.288 ms
(4 rows)

