                                                                     QUERY PLAN                                                                      
-----------------------------------------------------------------------------------------------------------------------------------------------------
 Limit  (cost=3307504949.69..3307504950.69 rows=100 width=51) (actual time=162878.878..162878.904 rows=49 loops=1)
   ->  Remote Subquery Scan on all (dn2)  (cost=3307504949.69..3307504950.69 rows=100 width=51) (actual time=162878.875..162878.894 rows=49 loops=1)
 Planning time: 1.306 ms
 Execution time: 162884.386 ms
(4 rows)

