                                                                 QUERY PLAN                                                                 
--------------------------------------------------------------------------------------------------------------------------------------------
 Remote Subquery Scan on all (dn4)  (cost=8087098.57..8087100.17 rows=639 width=95) (actual time=146428.838..146457.056 rows=61996 loops=1)
 Planning time: 1.661 ms
 Execution time: 146462.486 ms
(3 rows)

