                                                  QUERY PLAN                                                   
---------------------------------------------------------------------------------------------------------------
 Remote Fast Query Execution  (cost=0.00..0.00 rows=0 width=0) (actual time=4933.596..4933.600 rows=6 loops=1)
   Node/s: dn3
 Planning time: 0.198 ms
 Execution time: 4933.618 ms
(4 rows)

