                                                  QUERY PLAN                                                   
---------------------------------------------------------------------------------------------------------------
 Remote Fast Query Execution  (cost=0.00..0.00 rows=0 width=0) (actual time=3354.322..3354.324 rows=1 loops=1)
   Node/s: dn3
 Planning time: 0.099 ms
 Execution time: 3354.334 ms
(4 rows)

