                                                  QUERY PLAN                                                   
---------------------------------------------------------------------------------------------------------------
 Remote Fast Query Execution  (cost=0.00..0.00 rows=0 width=0) (actual time=735.041..735.088 rows=100 loops=1)
   Node/s: dn4
 Planning time: 0.220 ms
 Execution time: 735.112 ms
(4 rows)

