                                                                   QUERY PLAN                                                                   
------------------------------------------------------------------------------------------------------------------------------------------------
 Limit  (cost=10000568029.69..10000568029.70 rows=1 width=96) (actual time=5736.305..5736.307 rows=1 loops=1)
   ->  Remote Subquery Scan on all (dn2)  (cost=10000568029.69..10000568029.70 rows=1 width=96) (actual time=5736.303..5736.305 rows=1 loops=1)
 Planning time: 2.308 ms
 Execution time: 5737.851 ms
(4 rows)

