                                                  QUERY PLAN                                                  
--------------------------------------------------------------------------------------------------------------
 Remote Fast Query Execution  (cost=0.00..0.00 rows=0 width=0) (actual time=260.915..260.923 rows=15 loops=1)
   Node/s: dn3
 Planning time: 0.341 ms
 Execution time: 260.983 ms
(4 rows)

