                                                                  QUERY PLAN                                                                   
-----------------------------------------------------------------------------------------------------------------------------------------------
 Limit  (cost=737234.57..737234.82 rows=100 width=160) (actual time=14492.408..14492.416 rows=100 loops=1)
   CTE ssr
     ->  Remote Subquery Scan on all (dn2)  (cost=293696.58..293706.22 rows=20 width=145) (actual time=6358.985..6359.008 rows=51 loops=1)
   CTE csr
     ->  Remote Subquery Scan on all (dn3)  (cost=195640.38..195834.88 rows=1301 width=145) (actual time=4055.159..4089.147 rows=1120 loops=1)
   CTE wsr
     ->  Remote Subquery Scan on all (dn3)  (cost=247593.72..247594.71 rows=8 width=145) (actual time=4028.092..4028.103 rows=21 loops=1)
   ->  Sort  (cost=98.76..99.76 rows=401 width=160) (actual time=14492.406..14492.409 rows=100 loops=1)
         Sort Key: ('store channel'::text), (('store'::text || (ssr.s_store_id)::text))
         Sort Method: top-N heapsort  Memory: 48kB
         ->  MixedAggregate  (cost=0.00..83.44 rows=401 width=160) (actual time=14482.646..14484.422 rows=1196 loops=1)
               Hash Key: ('store channel'::text), (('store'::text || (ssr.s_store_id)::text))
               Hash Key: ('store channel'::text)
               Group Key: ()
               ->  Append  (cost=0.00..36.55 rows=1329 width=160) (actual time=6359.034..14479.872 rows=1192 loops=1)
                     ->  CTE Scan on ssr  (cost=0.00..0.55 rows=20 width=160) (actual time=6359.033..6359.262 rows=51 loops=1)
                     ->  CTE Scan on csr  (cost=0.00..35.78 rows=1301 width=160) (actual time=4055.188..4092.263 rows=1120 loops=1)
                     ->  CTE Scan on wsr  (cost=0.00..0.22 rows=8 width=160) (actual time=4028.121..4028.217 rows=21 loops=1)
 Planning time: 1.599 ms
 Execution time: 14499.327 ms
(20 rows)

