                                                  QUERY PLAN                                                   
---------------------------------------------------------------------------------------------------------------
 Remote Fast Query Execution  (cost=0.00..0.00 rows=0 width=0) (actual time=994.119..994.151 rows=100 loops=1)
   Node/s: dn4
 Planning time: 0.053 ms
 Execution time: 994.171 ms
(4 rows)

