                                                                   QUERY PLAN                                                                    
-------------------------------------------------------------------------------------------------------------------------------------------------
 Limit  (cost=367489715.61..367489716.61 rows=100 width=51) (actual time=42259.893..42259.903 rows=14 loops=1)
   ->  Remote Subquery Scan on all (dn3)  (cost=367489715.61..367489716.61 rows=100 width=51) (actual time=42259.891..42259.897 rows=14 loops=1)
 Planning time: 1.205 ms
 Execution time: 42263.524 ms
(4 rows)

