                                                  QUERY PLAN                                                   
---------------------------------------------------------------------------------------------------------------
 Remote Fast Query Execution  (cost=0.00..0.00 rows=0 width=0) (actual time=2128.782..2128.785 rows=2 loops=1)
   Node/s: dn4
 Planning time: 0.322 ms
 Execution time: 2128.804 ms
(4 rows)

