                                                                    QUERY PLAN                                                                     
---------------------------------------------------------------------------------------------------------------------------------------------------
 Limit  (cost=50002188367.46..50002188367.64 rows=1 width=288) (actual time=27005.827..27005.829 rows=1 loops=1)
   ->  Remote Subquery Scan on all (dn2)  (cost=50002188367.46..50002188367.64 rows=1 width=288) (actual time=27005.825..27005.827 rows=1 loops=1)
 Planning time: 2.573 ms
 Execution time: 27008.957 ms
(4 rows)

