                                                             QUERY PLAN                                                             
------------------------------------------------------------------------------------------------------------------------------------
 Limit  (cost=95008.41..95008.42 rows=1 width=32) (actual time=1539.422..1539.424 rows=1 loops=1)
   ->  Remote Subquery Scan on all (dn4)  (cost=95008.41..95008.42 rows=1 width=32) (actual time=1539.421..1539.422 rows=1 loops=1)
 Planning time: 0.993 ms
 Execution time: 1542.725 ms
(4 rows)

