                                                                                                           QUERY PLAN                                                                                                           
--------------------------------------------------------------------------------------------------------------------------------------------------------------------------------------------------------------------------------
 Limit  (cost=199959.76..199959.76 rows=1 width=372) (actual time=17656.131..17656.139 rows=100 loops=1)
   CTE v1
     ->  WindowAgg  (cost=184960.07..191307.15 rows=33712 width=196) (actual time=15289.811..17024.550 rows=145074 loops=1)
           ->  WindowAgg  (cost=184960.07..190464.35 rows=33712 width=188) (actual time=15289.805..16847.096 rows=145074 loops=1)
                 ->  Remote Subquery Scan on all (dn2)  (cost=184960.07..189705.83 rows=33712 width=156) (actual time=15289.760..16491.336 rows=145074 loops=1)
   CTE v2
     ->  Hash Join  (cost=7430.48..8652.55 rows=1 width=340) (actual time=17419.899..17513.799 rows=118762 loops=1)
           Hash Cond: ((v1_lead.i_category = v1.i_category) AND (v1_lead.i_brand = v1.i_brand) AND ((v1_lead.cc_name)::text = (v1.cc_name)::text) AND ((v1_lead.rn - 1) = v1.rn))
           ->  CTE Scan on v1 v1_lead  (cost=0.00..674.24 rows=33712 width=566) (actual time=15289.814..15304.813 rows=145074 loops=1)
           ->  Hash  (cost=7430.46..7430.46 rows=1 width=1172) (actual time=2130.046..2130.046 rows=129163 loops=1)
                 Buckets: 131072 (originally 1024)  Batches: 1 (originally 1)  Memory Usage: 41543kB
                 ->  Merge Join  (cost=6419.09..7430.46 rows=1 width=1172) (actual time=1994.109..2072.620 rows=129163 loops=1)
                       Merge Cond: ((v1.i_category = v1_lag.i_category) AND (v1.i_brand = v1_lag.i_brand) AND ((v1.cc_name)::text = (v1_lag.cc_name)::text) AND (v1.rn = ((v1_lag.rn + 1))))
                       ->  Sort  (cost=3209.55..3293.83 rows=33712 width=606) (actual time=1923.299..1927.713 rows=141645 loops=1)
                             Sort Key: v1.i_category, v1.i_brand, v1.cc_name, v1.rn
                             Sort Method: quicksort  Memory: 44065kB
                             ->  CTE Scan on v1  (cost=0.00..674.24 rows=33712 width=606) (actual time=0.002..1835.145 rows=145074 loops=1)
                       ->  Sort  (cost=3209.55..3293.83 rows=33712 width=566) (actual time=70.794..75.186 rows=141519 loops=1)
                             Sort Key: v1_lag.i_category, v1_lag.i_brand, v1_lag.cc_name, ((v1_lag.rn + 1))
                             Sort Method: quicksort  Memory: 44060kB
                             ->  CTE Scan on v1 v1_lag  (cost=0.00..674.24 rows=33712 width=566) (actual time=0.001..17.305 rows=145074 loops=1)
   ->  Sort  (cost=0.05..0.06 rows=1 width=372) (actual time=17656.123..17656.126 rows=100 loops=1)
         Sort Key: ((v2.sum_sales - v2.avg_monthly_sales)), v2.avg_monthly_sales
         Sort Method: top-N heapsort  Memory: 48kB
         ->  CTE Scan on v2  (cost=0.00..0.04 rows=1 width=372) (actual time=17419.906..17630.984 rows=108370 loops=1)
               Filter: ((avg_monthly_sales > '0'::numeric) AND (d_year = 2000) AND (CASE WHEN (avg_monthly_sales > '0'::numeric) THEN (abs((sum_sales - avg_monthly_sales)) / avg_monthly_sales) ELSE NULL::numeric END > 0.1))
               Rows Removed by Filter: 10392
 Planning time: 0.661 ms
 Execution time: 17701.019 ms
(29 rows)

