                                                             QUERY PLAN                                                              
-------------------------------------------------------------------------------------------------------------------------------------
 Remote Subquery Scan on all (dn1)  (cost=543186.80..543186.90 rows=43 width=95) (actual time=4988.749..4994.687 rows=10477 loops=1)
 Planning time: 0.503 ms
 Execution time: 4996.888 ms
(3 rows)

