                                                                QUERY PLAN                                                                
------------------------------------------------------------------------------------------------------------------------------------------
 Limit  (cost=271673.35..271686.39 rows=47 width=1250) (actual time=3517.921..3517.933 rows=10 loops=1)
   ->  Remote Subquery Scan on all (dn2)  (cost=271673.35..271686.39 rows=47 width=1250) (actual time=3517.920..3517.929 rows=10 loops=1)
 Planning time: 2.123 ms
 Execution time: 3521.254 ms
(4 rows)

