                                                                 QUERY PLAN                                                                  
---------------------------------------------------------------------------------------------------------------------------------------------
 Limit  (cost=571427.91..571428.16 rows=100 width=36) (actual time=5133.832..5133.860 rows=100 loops=1)
   CTE ss
     ->  Remote Subquery Scan on all (dn1)  (cost=278565.58..278824.28 rows=1000 width=36) (actual time=2701.231..2710.217 rows=982 loops=1)
   CTE cs
     ->  Remote Subquery Scan on all (dn4)  (cost=191061.13..191081.39 rows=1000 width=36) (actual time=1538.522..1540.803 rows=982 loops=1)
   CTE ws
     ->  Remote Subquery Scan on all (dn3)  (cost=101438.79..101449.15 rows=518 width=36) (actual time=873.209..874.068 rows=982 loops=1)
   ->  Sort  (cost=73.09..73.59 rows=200 width=36) (actual time=5133.830..5133.841 rows=100 loops=1)
         Sort Key: (sum(ss.total_sales))
         Sort Method: top-N heapsort  Memory: 33kB
         ->  HashAggregate  (cost=62.95..65.45 rows=200 width=36) (actual time=5131.498..5132.242 rows=982 loops=1)
               Group Key: ss.i_manufact_id
               ->  Append  (cost=0.00..50.36 rows=2518 width=36) (actual time=2701.251..5128.986 rows=2946 loops=1)
                     ->  CTE Scan on ss  (cost=0.00..20.00 rows=1000 width=36) (actual time=2701.250..2711.337 rows=982 loops=1)
                     ->  CTE Scan on cs  (cost=0.00..20.00 rows=1000 width=36) (actual time=1538.541..1541.974 rows=982 loops=1)
                     ->  CTE Scan on ws  (cost=0.00..10.36 rows=518 width=36) (actual time=873.227..875.252 rows=982 loops=1)
 Planning time: 3.912 ms
 Execution time: 5139.722 ms
(18 rows)

