                                                                                       QUERY PLAN                                                                                        
-----------------------------------------------------------------------------------------------------------------------------------------------------------------------------------------
 Aggregate  (cost=586208.80..586208.81 rows=1 width=8) (actual time=18939.378..18939.378 rows=1 loops=1)
   ->  Subquery Scan on cool_cust  (cost=283649.06..586069.82 rows=55593 width=0) (actual time=18868.420..18921.011 rows=463781 loops=1)
         ->  HashSetOp Except  (cost=283649.06..585513.89 rows=55593 width=216) (actual time=18868.419..18887.847 rows=463781 loops=1)
               ->  Append  (cost=283649.06..584992.75 rows=69486 width=216) (actual time=14598.119..18711.553 rows=584229 loops=1)
                     ->  Result  (cost=283649.06..481797.60 rows=55593 width=216) (actual time=14598.119..14652.387 rows=465423 loops=1)
                           ->  HashSetOp Except  (cost=283649.06..481241.67 rows=55593 width=216) (actual time=14598.118..14618.225 rows=465423 loops=1)
                                 ->  Append  (cost=283649.06..480616.23 rows=83391 width=216) (actual time=5168.242..14342.317 rows=782937 loops=1)
                                       ->  Subquery Scan on "*SELECT* 1"  (cost=283649.06..285038.88 rows=55593 width=60) (actual time=5168.242..5668.168 rows=470158 loops=1)
                                             ->  Remote Subquery Scan on all (dn3)  (cost=283649.06..284482.95 rows=55593 width=56) (actual time=5168.221..5366.163 rows=470158 loops=1)
                                       ->  Subquery Scan on "*SELECT* 2"  (cost=194882.40..195577.35 rows=27798 width=60) (actual time=8000.942..8625.948 rows=312779 loops=1)
                                             ->  Remote Subquery Scan on all (dn2)  (cost=194882.40..195299.37 rows=27798 width=56) (actual time=8000.915..8317.220 rows=312779 loops=1)
                     ->  Subquery Scan on "*SELECT* 3"  (cost=102847.83..103195.15 rows=13893 width=60) (actual time=3773.522..4032.756 rows=118806 loops=1)
                           ->  Remote Subquery Scan on all (dn4)  (cost=102847.83..103056.22 rows=13893 width=56) (actual time=3773.494..3916.669 rows=118806 loops=1)
 Planning time: 1.802 ms
 Execution time: 18984.831 ms
(15 rows)

