                                                  QUERY PLAN                                                   
---------------------------------------------------------------------------------------------------------------
 Remote Fast Query Execution  (cost=0.00..0.00 rows=0 width=0) (actual time=964.829..964.862 rows=100 loops=1)
   Node/s: dn3
 Planning time: 0.048 ms
 Execution time: 964.880 ms
(4 rows)

