                                                  QUERY PLAN                                                   
---------------------------------------------------------------------------------------------------------------
 Remote Fast Query Execution  (cost=0.00..0.00 rows=0 width=0) (actual time=1000.894..1000.895 rows=1 loops=1)
   Node/s: dn4
 Planning time: 0.051 ms
 Execution time: 1000.907 ms
(4 rows)

