                                                   QUERY PLAN                                                   
----------------------------------------------------------------------------------------------------------------
 Remote Fast Query Execution  (cost=0.00..0.00 rows=0 width=0) (actual time=1563.808..1563.815 rows=13 loops=1)
   Node/s: dn2
 Planning time: 0.447 ms
 Execution time: 1563.887 ms
(4 rows)

