                                                                 QUERY PLAN                                                                 
--------------------------------------------------------------------------------------------------------------------------------------------
 Remote Subquery Scan on all (dn4)  (cost=70002151764.12..70002151764.35 rows=1 width=64) (actual time=21862.933..21862.934 rows=1 loops=1)
 Planning time: 5.671 ms
 Execution time: 21865.070 ms
(3 rows)

