                                                    QUERY PLAN                                                     
-------------------------------------------------------------------------------------------------------------------
 Remote Fast Query Execution  (cost=0.00..0.00 rows=0 width=0) (actual time=73089.588..73091.230 rows=100 loops=1)
   Node/s: dn1
 Planning time: 0.143 ms
 Execution time: 73091.255 ms
(4 rows)

