                                                  QUERY PLAN                                                  
--------------------------------------------------------------------------------------------------------------
 Remote Fast Query Execution  (cost=0.00..0.00 rows=0 width=0) (actual time=995.563..995.569 rows=11 loops=1)
   Node/s: dn1
 Planning time: 0.153 ms
 Execution time: 995.588 ms
(4 rows)

