                                                   QUERY PLAN                                                    
-----------------------------------------------------------------------------------------------------------------
 Remote Fast Query Execution  (cost=0.00..0.00 rows=0 width=0) (actual time=2622.782..2622.824 rows=100 loops=1)
   Node/s: dn4
 Planning time: 0.221 ms
 Execution time: 2622.849 ms
(4 rows)

