                                                              QUERY PLAN                                                              
--------------------------------------------------------------------------------------------------------------------------------------
 Remote Subquery Scan on all (dn3)  (cost=277979.19..277985.31 rows=2450 width=77) (actual time=3138.149..3139.927 rows=3557 loops=1)
 Planning time: 1.383 ms
 Execution time: 3141.713 ms
(3 rows)

