                                                             QUERY PLAN                                                              
-------------------------------------------------------------------------------------------------------------------------------------
 Remote Subquery Scan on all (dn3)  (cost=4217370.75..4217372.98 rows=1 width=160) (actual time=34802.423..34802.424 rows=1 loops=1)
 Planning time: 0.420 ms
 Execution time: 34817.745 ms
(3 rows)

