                                                   QUERY PLAN                                                    
-----------------------------------------------------------------------------------------------------------------
 Remote Fast Query Execution  (cost=0.00..0.00 rows=0 width=0) (actual time=1124.108..1141.592 rows=100 loops=1)
   Node/s: dn4
 Planning time: 0.300 ms
 Execution time: 1141.619 ms
(4 rows)

