                                                  QUERY PLAN                                                   
---------------------------------------------------------------------------------------------------------------
 Remote Fast Query Execution  (cost=0.00..0.00 rows=0 width=0) (actual time=5152.098..5152.100 rows=2 loops=1)
   Node/s: dn3
 Planning time: 0.058 ms
 Execution time: 5152.112 ms
(4 rows)

