                                                  QUERY PLAN                                                   
---------------------------------------------------------------------------------------------------------------
 Remote Fast Query Execution  (cost=0.00..0.00 rows=0 width=0) (actual time=923.090..923.122 rows=100 loops=1)
   Node/s: dn1
 Planning time: 0.492 ms
 Execution time: 923.142 ms
(4 rows)

