                                                   QUERY PLAN                                                    
-----------------------------------------------------------------------------------------------------------------
 Remote Fast Query Execution  (cost=0.00..0.00 rows=0 width=0) (actual time=5138.303..5138.352 rows=100 loops=1)
   Node/s: dn2
 Planning time: 0.085 ms
 Execution time: 5138.613 ms
(4 rows)

