                                                  QUERY PLAN                                                   
---------------------------------------------------------------------------------------------------------------
 Remote Fast Query Execution  (cost=0.00..0.00 rows=0 width=0) (actual time=3443.206..3443.208 rows=1 loops=1)
   Node/s: dn1
 Planning time: 0.394 ms
 Execution time: 3443.224 ms
(4 rows)

