                                                 QUERY PLAN                                                  
-------------------------------------------------------------------------------------------------------------
 Remote Fast Query Execution  (cost=0.00..0.00 rows=0 width=0) (actual time=460.967..460.968 rows=0 loops=1)
   Node/s: dn0
 Planning time: 0.061 ms
 Execution time: 460.975 ms
(4 rows)

