                                                 QUERY PLAN                                                  
-------------------------------------------------------------------------------------------------------------
 Remote Fast Query Execution  (cost=0.00..0.00 rows=0 width=0) (actual time=720.042..720.042 rows=1 loops=1)
   Node/s: dn0
 Planning time: 0.098 ms
 Execution time: 720.050 ms
(4 rows)

