                                                   QUERY PLAN                                                    
-----------------------------------------------------------------------------------------------------------------
 Remote Fast Query Execution  (cost=0.00..0.00 rows=0 width=0) (actual time=5399.941..5400.103 rows=100 loops=1)
   Node/s: dn0
 Planning time: 0.043 ms
 Execution time: 5400.114 ms
(4 rows)

