                                                 QUERY PLAN                                                  
-------------------------------------------------------------------------------------------------------------
 Remote Fast Query Execution  (cost=0.00..0.00 rows=0 width=0) (actual time=76.433..76.601 rows=100 loops=1)
   Node/s: dn0
 Planning time: 0.071 ms
 Execution time: 76.615 ms
(4 rows)

