                                                  QUERY PLAN                                                   
---------------------------------------------------------------------------------------------------------------
 Remote Fast Query Execution  (cost=0.00..0.00 rows=0 width=0) (actual time=596.865..597.142 rows=100 loops=1)
   Node/s: dn0
 Planning time: 0.062 ms
 Execution time: 597.152 ms
(4 rows)

