                                                  QUERY PLAN                                                   
---------------------------------------------------------------------------------------------------------------
 Remote Fast Query Execution  (cost=0.00..0.00 rows=0 width=0) (actual time=288.796..289.041 rows=100 loops=1)
   Node/s: dn0
 Planning time: 0.061 ms
 Execution time: 289.051 ms
(4 rows)

