                                                  QUERY PLAN                                                   
---------------------------------------------------------------------------------------------------------------
 Remote Fast Query Execution  (cost=0.00..0.00 rows=0 width=0) (actual time=769.208..775.117 rows=100 loops=1)
   Node/s: dn0
 Planning time: 0.100 ms
 Execution time: 775.213 ms
(4 rows)

