                                                  QUERY PLAN                                                  
--------------------------------------------------------------------------------------------------------------
 Remote Fast Query Execution  (cost=0.00..0.00 rows=0 width=0) (actual time=158.635..158.636 rows=10 loops=1)
   Node/s: dn0
 Planning time: 0.047 ms
 Execution time: 158.643 ms
(4 rows)

