                                                  QUERY PLAN                                                   
---------------------------------------------------------------------------------------------------------------
 Remote Fast Query Execution  (cost=0.00..0.00 rows=0 width=0) (actual time=159.244..160.055 rows=100 loops=1)
   Node/s: dn0
 Planning time: 0.048 ms
 Execution time: 160.066 ms
(4 rows)

