                                                  QUERY PLAN                                                  
--------------------------------------------------------------------------------------------------------------
 Remote Fast Query Execution  (cost=0.00..0.00 rows=0 width=0) (actual time=574.848..574.850 rows=18 loops=1)
   Node/s: dn0
 Planning time: 0.068 ms
 Execution time: 574.857 ms
(4 rows)

