                                                 QUERY PLAN                                                  
-------------------------------------------------------------------------------------------------------------
 Remote Fast Query Execution  (cost=0.00..0.00 rows=0 width=0) (actual time=370.119..370.120 rows=1 loops=1)
   Node/s: dn0
 Planning time: 0.097 ms
 Execution time: 370.129 ms
(4 rows)

