                                                  QUERY PLAN                                                   
---------------------------------------------------------------------------------------------------------------
 Remote Fast Query Execution  (cost=0.00..0.00 rows=0 width=0) (actual time=181.674..181.762 rows=100 loops=1)
   Node/s: dn0
 Planning time: 0.085 ms
 Execution time: 181.772 ms
(4 rows)

