                                                   QUERY PLAN                                                   
----------------------------------------------------------------------------------------------------------------
 Remote Fast Query Execution  (cost=0.00..0.00 rows=0 width=0) (actual time=221.093..223.796 rows=2531 loops=1)
   Node/s: dn0
 Planning time: 0.064 ms
 Execution time: 224.020 ms
(4 rows)

