                                                 QUERY PLAN                                                  
-------------------------------------------------------------------------------------------------------------
 Remote Fast Query Execution  (cost=0.00..0.00 rows=0 width=0) (actual time=703.185..703.186 rows=1 loops=1)
   Node/s: dn0
 Planning time: 0.133 ms
 Execution time: 703.196 ms
(4 rows)

