                                                  QUERY PLAN                                                   
---------------------------------------------------------------------------------------------------------------
 Remote Fast Query Execution  (cost=0.00..0.00 rows=0 width=0) (actual time=492.848..493.012 rows=100 loops=1)
   Node/s: dn0
 Planning time: 0.067 ms
 Execution time: 493.022 ms
(4 rows)

