                                                   QUERY PLAN                                                    
-----------------------------------------------------------------------------------------------------------------
 Remote Fast Query Execution  (cost=0.00..0.00 rows=0 width=0) (actual time=2918.619..2918.849 rows=100 loops=1)
   Node/s: dn0
 Planning time: 0.353 ms
 Execution time: 2918.861 ms
(4 rows)

