                                                 QUERY PLAN                                                  
-------------------------------------------------------------------------------------------------------------
 Remote Fast Query Execution  (cost=0.00..0.00 rows=0 width=0) (actual time=181.704..181.706 rows=1 loops=1)
   Node/s: dn0
 Planning time: 0.049 ms
 Execution time: 181.714 ms
(4 rows)

