                                                  QUERY PLAN                                                   
---------------------------------------------------------------------------------------------------------------
 Remote Fast Query Execution  (cost=0.00..0.00 rows=0 width=0) (actual time=638.172..638.454 rows=100 loops=1)
   Node/s: dn0
 Planning time: 0.093 ms
 Execution time: 638.465 ms
(4 rows)

