                                                 QUERY PLAN                                                  
-------------------------------------------------------------------------------------------------------------
 Remote Fast Query Execution  (cost=0.00..0.00 rows=0 width=0) (actual time=383.860..383.860 rows=0 loops=1)
   Node/s: dn0
 Planning time: 0.247 ms
 Execution time: 383.869 ms
(4 rows)

