                                                 QUERY PLAN                                                  
-------------------------------------------------------------------------------------------------------------
 Remote Fast Query Execution  (cost=0.00..0.00 rows=0 width=0) (actual time=390.169..390.170 rows=6 loops=1)
   Node/s: dn0
 Planning time: 0.122 ms
 Execution time: 390.178 ms
(4 rows)

