                                                  QUERY PLAN                                                   
---------------------------------------------------------------------------------------------------------------
 Remote Fast Query Execution  (cost=0.00..0.00 rows=0 width=0) (actual time=154.298..154.307 rows=100 loops=1)
   Node/s: dn0
 Planning time: 0.181 ms
 Execution time: 154.317 ms
(4 rows)

