                                                  QUERY PLAN                                                   
---------------------------------------------------------------------------------------------------------------
 Remote Fast Query Execution  (cost=0.00..0.00 rows=0 width=0) (actual time=1647.407..1647.407 rows=2 loops=1)
   Node/s: dn0
 Planning time: 0.076 ms
 Execution time: 1647.415 ms
(4 rows)

