                                                  QUERY PLAN                                                  
--------------------------------------------------------------------------------------------------------------
 Remote Fast Query Execution  (cost=0.00..0.00 rows=0 width=0) (actual time=164.742..164.745 rows=31 loops=1)
   Node/s: dn0
 Planning time: 0.044 ms
 Execution time: 164.753 ms
(4 rows)

