                                                 QUERY PLAN                                                  
-------------------------------------------------------------------------------------------------------------
 Remote Fast Query Execution  (cost=0.00..0.00 rows=0 width=0) (actual time=689.706..689.707 rows=2 loops=1)
   Node/s: dn0
 Planning time: 0.135 ms
 Execution time: 689.724 ms
(4 rows)

