                                                  QUERY PLAN                                                   
---------------------------------------------------------------------------------------------------------------
 Remote Fast Query Execution  (cost=0.00..0.00 rows=0 width=0) (actual time=181.099..185.614 rows=100 loops=1)
   Node/s: dn0
 Planning time: 0.086 ms
 Execution time: 185.624 ms
(4 rows)

