                                                  QUERY PLAN                                                  
--------------------------------------------------------------------------------------------------------------
 Remote Fast Query Execution  (cost=0.00..0.00 rows=0 width=0) (actual time=154.871..154.877 rows=73 loops=1)
   Node/s: dn0
 Planning time: 0.043 ms
 Execution time: 154.887 ms
(4 rows)

