                                                  QUERY PLAN                                                   
---------------------------------------------------------------------------------------------------------------
 Remote Fast Query Execution  (cost=0.00..0.00 rows=0 width=0) (actual time=239.742..241.984 rows=100 loops=1)
   Node/s: dn0
 Planning time: 0.188 ms
 Execution time: 242.067 ms
(4 rows)

