                                                 QUERY PLAN                                                  
-------------------------------------------------------------------------------------------------------------
 Remote Fast Query Execution  (cost=0.00..0.00 rows=0 width=0) (actual time=557.533..557.534 rows=6 loops=1)
   Node/s: dn0
 Planning time: 0.091 ms
 Execution time: 557.542 ms
(4 rows)

