                                                                                                                                                                                                                                                                                                                                                                                                          QUERY PLAN                                                                                                                                                                                                                                                                                                                                                                                                           
-------------------------------------------------------------------------------------------------------------------------------------------------------------------------------------------------------------------------------------------------------------------------------------------------------------------------------------------------------------------------------------------------------------------------------------------------------------------------------------------------------------------------------------------------------------------------------------------------------------------------------------------------------------------------------------------------------------------------------------------------------------------------------------------------------------------------------
 Limit  (cost=127752.37..127767.62 rows=100 width=51) (actual time=1160.252..1160.616 rows=100 loops=1)
   ->  Finalize GroupAggregate  (cost=127752.37..127835.57 rows=584 width=51) (actual time=1160.251..1160.610 rows=100 loops=1)
         Group Key: warehouse.w_warehouse_name, item.i_item_id
         Filter: (((CASE WHEN (sum(CASE WHEN (date_dim.d_date < '1999-06-22'::date) THEN inventory.inv_quantity_on_hand ELSE 0 END) > 0) THEN (sum(CASE WHEN (date_dim.d_date >= '1999-06-22'::date) THEN inventory.inv_quantity_on_hand ELSE 0 END) / sum(CASE WHEN (date_dim.d_date < '1999-06-22'::date) THEN inventory.inv_quantity_on_hand ELSE 0 END)) ELSE NULL::bigint END)::numeric >= 0.66666666666666666667) AND ((CASE WHEN (sum(CASE WHEN (date_dim.d_date < '1999-06-22'::date) THEN inventory.inv_quantity_on_hand ELSE 0 END) > 0) THEN (sum(CASE WHEN (date_dim.d_date >= '1999-06-22'::date) THEN inventory.inv_quantity_on_hand ELSE 0 END) / sum(CASE WHEN (date_dim.d_date < '1999-06-22'::date) THEN inventory.inv_quantity_on_hand ELSE 0 END)) ELSE NULL::bigint END)::numeric <= 1.5000000000000000))
         Rows Removed by Filter: 79
         ->  Remote Subquery Scan on all (dn0)  (cost=127752.37..127817.58 rows=486 width=51) (actual time=1160.234..1160.480 rows=180 loops=1)
 Planning time: 2.067 ms
 Execution time: 1162.597 ms
(8 rows)

