                                                  QUERY PLAN                                                  
--------------------------------------------------------------------------------------------------------------
 Remote Fast Query Execution  (cost=0.00..0.00 rows=0 width=0) (actual time=368.438..376.103 rows=90 loops=1)
   Node/s: dn0
 Planning time: 0.088 ms
 Execution time: 376.114 ms
(4 rows)

