                                                  QUERY PLAN                                                   
---------------------------------------------------------------------------------------------------------------
 Remote Fast Query Execution  (cost=0.00..0.00 rows=0 width=0) (actual time=171.496..171.504 rows=100 loops=1)
   Node/s: dn0
 Planning time: 0.065 ms
 Execution time: 171.514 ms
(4 rows)

SET
