                                                 QUERY PLAN                                                  
-------------------------------------------------------------------------------------------------------------
 Remote Fast Query Execution  (cost=0.00..0.00 rows=0 width=0) (actual time=419.190..419.190 rows=1 loops=1)
   Node/s: dn0
 Planning time: 0.111 ms
 Execution time: 419.199 ms
(4 rows)

