                                                            QUERY PLAN                                                             
-----------------------------------------------------------------------------------------------------------------------------------
 Remote Subquery Scan on all (dn0)  (cost=1070632.96..1070635.19 rows=1 width=160) (actual time=3107.309..3107.310 rows=1 loops=1)
 Planning time: 0.498 ms
 Execution time: 3120.745 ms
(3 rows)

SET
