                                                                                                             QUERY PLAN                                                                                                             
------------------------------------------------------------------------------------------------------------------------------------------------------------------------------------------------------------------------------------
 Limit  (cost=22867.93..22867.98 rows=22 width=246) (actual time=666.601..666.611 rows=100 loops=1)
   CTE customer_total_return
     ->  Remote Subquery Scan on all (dn2)  (cost=11387.37..11569.07 rows=1437 width=39) (actual time=203.285..321.333 rows=131189 loops=1)
   ->  Sort  (cost=11298.86..11298.91 rows=22 width=246) (actual time=666.600..666.604 rows=100 loops=1)
         Sort Key: c_customer_id, c_salutation, c_first_name, c_last_name, c_preferred_cust_flag, c_birth_day, c_birth_month, c_birth_year, c_birth_country, c_login, c_email_address, c_last_review_date_sk, ctr1.ctr_total_return
         Sort Method: top-N heapsort  Memory: 68kB
         ->  Hash Join  (cost=11263.81..11298.37 rows=22 width=246) (actual time=616.259..665.134 rows=1575 loops=1)
               Hash Cond: (ctr1.ctr_customer_sk = c_customer_sk)
               ->  Hash Join  (cost=42.93..75.47 rows=479 width=36) (actual time=455.394..501.417 rows=32251 loops=1)
                     Hash Cond: (ctr1.ctr_state = avg_ctr2.ctr_state)
                     Join Filter: (ctr1.ctr_total_return > (avg_ctr2.avg_total_return * 1.2))
                     Rows Removed by Join Filter: 94891
                     ->  CTE Scan on customer_total_return ctr1  (cost=0.00..28.74 rows=1437 width=48) (actual time=203.306..210.314 rows=131189 loops=1)
                     ->  Hash  (cost=40.43..40.43 rows=200 width=44) (actual time=252.076..252.076 rows=51 loops=1)
                           Buckets: 1024  Batches: 1  Memory Usage: 11kB
                           ->  Subquery Scan on avg_ctr2  (cost=35.93..40.43 rows=200 width=44) (actual time=252.045..252.069 rows=52 loops=1)
                                 ->  HashAggregate  (cost=35.93..38.43 rows=200 width=44) (actual time=252.044..252.064 rows=52 loops=1)
                                       Group Key: customer_total_return.ctr_state
                                       ->  CTE Scan on customer_total_return  (cost=0.00..28.74 rows=1437 width=44) (actual time=0.001..206.153 rows=131189 loops=1)
               ->  Hash  (cost=13289.90..13289.90 rows=9354 width=218) (actual time=160.728..160.728 rows=24415 loops=1)
                     Buckets: 32768 (originally 16384)  Batches: 1 (originally 1)  Memory Usage: 5057kB
                     ->  Remote Subquery Scan on all (dn1)  (cost=3682.46..13289.90 rows=9354 width=218) (actual time=42.071..94.109 rows=24415 loops=1)
 Planning time: 1.381 ms
 Execution time: 671.537 ms
(24 rows)

