                                                                   QUERY PLAN                                                                   
------------------------------------------------------------------------------------------------------------------------------------------------
 Limit  (cost=10000568029.69..10000568029.70 rows=1 width=96) (actual time=5760.220..5760.222 rows=1 loops=1)
   ->  Remote Subquery Scan on all (dn3)  (cost=10000568029.69..10000568029.70 rows=1 width=96) (actual time=5760.219..5760.220 rows=1 loops=1)
 Planning time: 2.164 ms
 Execution time: 5761.876 ms
(4 rows)

