                                                             QUERY PLAN                                                              
-------------------------------------------------------------------------------------------------------------------------------------
 Remote Subquery Scan on all (dn4)  (cost=543186.80..543186.90 rows=43 width=95) (actual time=5062.713..5068.293 rows=10477 loops=1)
 Planning time: 1.639 ms
 Execution time: 5071.825 ms
(3 rows)

