                                                   QUERY PLAN                                                    
-----------------------------------------------------------------------------------------------------------------
 Remote Fast Query Execution  (cost=0.00..0.00 rows=0 width=0) (actual time=1251.190..1251.237 rows=100 loops=1)
   Node/s: dn4
 Planning time: 0.212 ms
 Execution time: 1251.489 ms
(4 rows)

