                                                 QUERY PLAN                                                  
-------------------------------------------------------------------------------------------------------------
 Remote Fast Query Execution  (cost=0.00..0.00 rows=0 width=0) (actual time=994.536..994.538 rows=1 loops=1)
   Node/s: dn3
 Planning time: 0.050 ms
 Execution time: 994.550 ms
(4 rows)

