                                                  QUERY PLAN                                                   
---------------------------------------------------------------------------------------------------------------
 Remote Fast Query Execution  (cost=0.00..0.00 rows=0 width=0) (actual time=978.405..978.437 rows=100 loops=1)
   Node/s: dn4
 Planning time: 0.051 ms
 Execution time: 978.457 ms
(4 rows)

