                                                                QUERY PLAN                                                                 
-------------------------------------------------------------------------------------------------------------------------------------------
 GroupAggregate  (cost=336642.07..336642.10 rows=1 width=358) (actual time=4861.276..4861.276 rows=0 loops=1)
   Group Key: ssales.c_last_name, ssales.c_first_name, ssales.s_store_name
   Filter: (sum(ssales.netpaid) > $2)
   CTE ssales
     ->  Remote Subquery Scan on all (dn4)  (cost=336641.95..336642.00 rows=1 width=157) (actual time=4860.291..4860.381 rows=183 loops=1)
   InitPlan 2 (returns $2)
     ->  Aggregate  (cost=0.02..0.04 rows=1 width=32) (never executed)
           ->  CTE Scan on ssales ssales_1  (cost=0.00..0.02 rows=1 width=32) (never executed)
   ->  Sort  (cost=0.03..0.04 rows=1 width=358) (actual time=4861.274..4861.274 rows=0 loops=1)
         Sort Key: ssales.c_last_name, ssales.c_first_name, ssales.s_store_name
         Sort Method: quicksort  Memory: 25kB
         ->  CTE Scan on ssales  (cost=0.00..0.02 rows=1 width=358) (actual time=4861.263..4861.263 rows=0 loops=1)
               Filter: (i_color = 'chocolate'::bpchar)
               Rows Removed by Filter: 183
 Planning time: 3.677 ms
 Execution time: 4872.826 ms
(16 rows)

          c_last_name           |     c_first_name     | s_store_name | paid  
--------------------------------+----------------------+--------------+-------
 Mason                          | Thomas               | ation        | 82.21
(1 row)

