                                                    QUERY PLAN                                                     
-------------------------------------------------------------------------------------------------------------------
 Remote Fast Query Execution  (cost=0.00..0.00 rows=0 width=0) (actual time=52378.319..52385.088 rows=100 loops=1)
   Node/s: dn2
 Planning time: 0.398 ms
 Execution time: 52385.108 ms
(4 rows)

