                                                  QUERY PLAN                                                  
--------------------------------------------------------------------------------------------------------------
 Remote Fast Query Execution  (cost=0.00..0.00 rows=0 width=0) (actual time=998.434..998.456 rows=67 loops=1)
   Node/s: dn2
 Planning time: 0.052 ms
 Execution time: 998.472 ms
(4 rows)

