                                                   QUERY PLAN                                                    
-----------------------------------------------------------------------------------------------------------------
 Remote Fast Query Execution  (cost=0.00..0.00 rows=0 width=0) (actual time=1514.493..1514.532 rows=100 loops=1)
   Node/s: dn4
 Planning time: 0.216 ms
 Execution time: 1514.557 ms
(4 rows)

