                                                  QUERY PLAN                                                   
---------------------------------------------------------------------------------------------------------------
 Remote Fast Query Execution  (cost=0.00..0.00 rows=0 width=0) (actual time=5140.280..5140.283 rows=2 loops=1)
   Node/s: dn3
 Planning time: 0.063 ms
 Execution time: 5140.294 ms
(4 rows)

