                                                  QUERY PLAN                                                   
---------------------------------------------------------------------------------------------------------------
 Remote Fast Query Execution  (cost=0.00..0.00 rows=0 width=0) (actual time=410.471..410.517 rows=100 loops=1)
   Node/s: dn4
 Planning time: 0.076 ms
 Execution time: 410.537 ms
(4 rows)

