                                                               QUERY PLAN                                                                
-----------------------------------------------------------------------------------------------------------------------------------------
 Limit  (cost=109099.43..109102.18 rows=100 width=52) (actual time=1164.709..1164.736 rows=49 loops=1)
   ->  Remote Subquery Scan on all (dn4)  (cost=109099.43..109102.18 rows=100 width=52) (actual time=1164.707..1164.727 rows=49 loops=1)
 Planning time: 2.121 ms
 Execution time: 1167.545 ms
(4 rows)

