                                                  QUERY PLAN                                                  
--------------------------------------------------------------------------------------------------------------
 Remote Fast Query Execution  (cost=0.00..0.00 rows=0 width=0) (actual time=262.176..262.184 rows=15 loops=1)
   Node/s: dn3
 Planning time: 0.349 ms
 Execution time: 262.243 ms
(4 rows)

