                                                  QUERY PLAN                                                   
---------------------------------------------------------------------------------------------------------------
 Remote Fast Query Execution  (cost=0.00..0.00 rows=0 width=0) (actual time=509.407..509.438 rows=100 loops=1)
   Node/s: dn1
 Planning time: 0.060 ms
 Execution time: 509.456 ms
(4 rows)

