                                                                QUERY PLAN                                                                 
-------------------------------------------------------------------------------------------------------------------------------------------
 Limit  (cost=286408.35..286409.10 rows=100 width=170) (actual time=2947.436..2947.489 rows=100 loops=1)
   ->  Remote Subquery Scan on all (dn4)  (cost=286408.35..286409.10 rows=100 width=170) (actual time=2947.434..2947.470 rows=100 loops=1)
 Planning time: 1.866 ms
 Execution time: 2950.401 ms
(4 rows)

SET
