                                                                                                                                                                          QUERY PLAN                                                                                                                                                                          
--------------------------------------------------------------------------------------------------------------------------------------------------------------------------------------------------------------------------------------------------------------------------------------------------------------------------------------------------------------
 Limit  (cost=572157.08..572157.22 rows=3 width=100) (actual time=6362.904..6362.982 rows=26 loops=1)
   ->  GroupAggregate  (cost=572157.08..572157.22 rows=3 width=100) (actual time=6362.902..6362.979 rows=26 loops=1)
         Group Key: customer_demographics.cd_gender, customer_demographics.cd_marital_status, customer_demographics.cd_education_status, customer_demographics.cd_purchase_estimate, customer_demographics.cd_credit_rating, customer_demographics.cd_dep_count, customer_demographics.cd_dep_employed_count, customer_demographics.cd_dep_college_count
         ->  Sort  (cost=572157.08..572157.09 rows=3 width=52) (actual time=6362.895..6362.905 rows=325 loops=1)
               Sort Key: customer_demographics.cd_gender, customer_demographics.cd_marital_status, customer_demographics.cd_education_status, customer_demographics.cd_purchase_estimate, customer_demographics.cd_credit_rating, customer_demographics.cd_dep_count, customer_demographics.cd_dep_employed_count, customer_demographics.cd_dep_college_count
               Sort Method: quicksort  Memory: 70kB
               ->  Hash Join  (cost=302783.51..572157.05 rows=3 width=52) (actual time=3095.248..6362.418 rows=325 loops=1)
                     Hash Cond: (store_sales.ss_customer_sk = c.c_customer_sk)
                     ->  Remote Subquery Scan on all (dn2)  (cost=208.26..269683.20 rows=19320 width=4) (actual time=2.602..3019.150 rows=1060560 loops=1)
                     ->  Hash  (cost=302674.90..302674.90 rows=28 width=60) (actual time=2928.717..2928.717 rows=206 loops=1)
                           Buckets: 1024  Batches: 1  Memory Usage: 28kB
                           ->  Hash Join  (cost=283374.72..302674.90 rows=28 width=60) (actual time=2886.543..2928.649 rows=206 loops=1)
                                 Hash Cond: (c.c_customer_sk = web_sales.ws_bill_customer_sk)
                                 ->  Remote Subquery Scan on all (dn2)  (cost=10631.41..29954.36 rows=390 width=56) (actual time=118.867..159.854 rows=1267 loops=1)
                                 ->  Hash  (cost=272662.21..272662.21 rows=14488 width=4) (actual time=2767.615..2767.615 rows=78169 loops=1)
                                       Buckets: 131072 (originally 16384)  Batches: 1 (originally 1)  Memory Usage: 3773kB
                                       ->  HashAggregate  (cost=272372.45..272517.33 rows=14488 width=4) (actual time=2743.249..2756.943 rows=78170 loops=1)
                                             Group Key: web_sales.ws_bill_customer_sk
                                             ->  Append  (cost=208.26..272336.23 rows=14488 width=4) (actual time=5.084..2474.026 rows=830778 loops=1)
                                                   ->  Remote Subquery Scan on all (dn4)  (cost=208.26..91036.85 rows=4828 width=4) (actual time=5.083..875.616 rows=278198 loops=1)
                                                   ->  Remote Subquery Scan on all (dn1)  (cost=208.26..181154.50 rows=9660 width=4) (actual time=594.942..1541.370 rows=552580 loops=1)
 Planning time: 2.541 ms
 Execution time: 6366.587 ms
(23 rows)

