                                                                    QUERY PLAN                                                                     
---------------------------------------------------------------------------------------------------------------------------------------------------
 Limit  (cost=50002188367.46..50002188367.64 rows=1 width=288) (actual time=27040.502..27040.504 rows=1 loops=1)
   ->  Remote Subquery Scan on all (dn3)  (cost=50002188367.46..50002188367.64 rows=1 width=288) (actual time=27040.500..27040.502 rows=1 loops=1)
 Planning time: 2.544 ms
 Execution time: 27043.442 ms
(4 rows)

