                                                  QUERY PLAN                                                   
---------------------------------------------------------------------------------------------------------------
 Remote Fast Query Execution  (cost=0.00..0.00 rows=0 width=0) (actual time=3338.070..3338.072 rows=1 loops=1)
   Node/s: dn2
 Planning time: 0.188 ms
 Execution time: 3338.083 ms
(4 rows)

