                                                   QUERY PLAN                                                    
-----------------------------------------------------------------------------------------------------------------
 Remote Fast Query Execution  (cost=0.00..0.00 rows=0 width=0) (actual time=2616.481..2616.522 rows=100 loops=1)
   Node/s: dn4
 Planning time: 0.222 ms
 Execution time: 2616.548 ms
(4 rows)

