                                                                QUERY PLAN                                                                 
-------------------------------------------------------------------------------------------------------------------------------------------
 Limit  (cost=282261.77..282262.52 rows=100 width=152) (actual time=4298.332..4298.381 rows=100 loops=1)
   ->  Remote Subquery Scan on all (dn2)  (cost=282261.77..282262.52 rows=100 width=152) (actual time=4298.330..4298.363 rows=100 loops=1)
 Planning time: 0.455 ms
 Execution time: 4304.409 ms
(4 rows)

