                                                              QUERY PLAN                                                              
--------------------------------------------------------------------------------------------------------------------------------------
 Remote Subquery Scan on all (dn1)  (cost=277979.19..277985.31 rows=2450 width=77) (actual time=3165.247..3167.965 rows=3557 loops=1)
 Planning time: 0.454 ms
 Execution time: 3169.591 ms
(3 rows)

