                                                                 QUERY PLAN                                                                 
--------------------------------------------------------------------------------------------------------------------------------------------
 Remote Subquery Scan on all (dn2)  (cost=70002151764.12..70002151764.35 rows=1 width=64) (actual time=21894.012..21894.014 rows=1 loops=1)
 Planning time: 7.790 ms
 Execution time: 21896.478 ms
(3 rows)

