                                                           QUERY PLAN                                                           
--------------------------------------------------------------------------------------------------------------------------------
 Limit  (cost=328101.81..328101.82 rows=1 width=36) (actual time=0.879..0.879 rows=0 loops=1)
   ->  Remote Subquery Scan on all (dn3)  (cost=328101.81..328101.82 rows=1 width=36) (actual time=0.878..0.878 rows=0 loops=1)
 Planning time: 1.960 ms
 Execution time: 2.036 ms
(4 rows)

SET
