                                                  QUERY PLAN                                                   
---------------------------------------------------------------------------------------------------------------
 Remote Fast Query Execution  (cost=0.00..0.00 rows=0 width=0) (actual time=2122.113..2122.116 rows=2 loops=1)
   Node/s: dn3
 Planning time: 0.320 ms
 Execution time: 2122.134 ms
(4 rows)

