                                                                   QUERY PLAN                                                                   
------------------------------------------------------------------------------------------------------------------------------------------------
 Limit  (cost=10000183360.16..10000183360.17 rows=1 width=32) (actual time=2071.697..2071.699 rows=1 loops=1)
   ->  Remote Subquery Scan on all (dn4)  (cost=10000183360.16..10000183360.17 rows=1 width=32) (actual time=2071.695..2071.697 rows=1 loops=1)
 Planning time: 0.465 ms
 Execution time: 2073.024 ms
(4 rows)

