                                                   QUERY PLAN                                                    
-----------------------------------------------------------------------------------------------------------------
 Remote Fast Query Execution  (cost=0.00..0.00 rows=0 width=0) (actual time=1198.935..1199.082 rows=100 loops=1)
   Node/s: dn3
 Planning time: 0.238 ms
 Execution time: 1199.107 ms
(4 rows)

