                                                             QUERY PLAN                                                              
-------------------------------------------------------------------------------------------------------------------------------------
 Remote Subquery Scan on all (dn2)  (cost=4217370.75..4217372.98 rows=1 width=160) (actual time=34961.973..34961.974 rows=1 loops=1)
 Planning time: 0.395 ms
 Execution time: 34979.182 ms
(3 rows)

