                                                                   QUERY PLAN                                                                    
-------------------------------------------------------------------------------------------------------------------------------------------------
 Limit  (cost=367489715.61..367489716.61 rows=100 width=51) (actual time=42413.517..42413.526 rows=14 loops=1)
   ->  Remote Subquery Scan on all (dn3)  (cost=367489715.61..367489716.61 rows=100 width=51) (actual time=42413.514..42413.520 rows=14 loops=1)
 Planning time: 1.262 ms
 Execution time: 42418.280 ms
(4 rows)

