                                                   QUERY PLAN                                                   
----------------------------------------------------------------------------------------------------------------
 Remote Fast Query Execution  (cost=0.00..0.00 rows=0 width=0) (actual time=4248.414..4253.884 rows=51 loops=1)
   Node/s: dn3
 Planning time: 0.319 ms
 Execution time: 4253.910 ms
(4 rows)

