                                                   QUERY PLAN                                                    
-----------------------------------------------------------------------------------------------------------------
 Remote Fast Query Execution  (cost=0.00..0.00 rows=0 width=0) (actual time=2533.030..2568.137 rows=100 loops=1)
   Node/s: dn4
 Planning time: 0.096 ms
 Execution time: 2568.157 ms
(4 rows)

