                                                   QUERY PLAN                                                    
-----------------------------------------------------------------------------------------------------------------
 Remote Fast Query Execution  (cost=0.00..0.00 rows=0 width=0) (actual time=2513.024..2513.064 rows=100 loops=1)
   Node/s: dn2
 Planning time: 0.206 ms
 Execution time: 2513.089 ms
(4 rows)

