                                                  QUERY PLAN                                                  
--------------------------------------------------------------------------------------------------------------
 Remote Fast Query Execution  (cost=0.00..0.00 rows=0 width=0) (actual time=984.489..984.494 rows=11 loops=1)
   Node/s: dn3
 Planning time: 0.157 ms
 Execution time: 984.513 ms
(4 rows)

