                                                                 QUERY PLAN                                                                  
---------------------------------------------------------------------------------------------------------------------------------------------
 Limit  (cost=555305.95..555306.70 rows=100 width=201) (actual time=20088.165..20088.278 rows=100 loops=1)
   ->  Remote Subquery Scan on all (dn3)  (cost=555305.95..555306.70 rows=100 width=201) (actual time=20088.162..20088.259 rows=100 loops=1)
 Planning time: 0.487 ms
 Execution time: 20109.545 ms
(4 rows)

