                                                                  QUERY PLAN                                                                  
----------------------------------------------------------------------------------------------------------------------------------------------
 Limit  (cost=150100.02..150100.26 rows=97 width=100) (actual time=567.816..567.844 rows=100 loops=1)
   CTE ss
     ->  GroupAggregate  (cost=72108.50..72109.88 rows=55 width=49) (actual time=295.398..298.209 rows=607 loops=1)
           Group Key: i_item_id
           ->  Remote Subquery Scan on all (dn1)  (cost=72108.50..72108.91 rows=55 width=23) (actual time=295.361..296.161 rows=1097 loops=1)
   CTE cs
     ->  GroupAggregate  (cost=50216.96..50217.66 rows=28 width=49) (actual time=168.249..169.792 rows=441 loops=1)
           Group Key: i_item_id
           ->  Remote Subquery Scan on all (dn1)  (cost=50216.96..50217.17 rows=28 width=23) (actual time=168.216..168.482 rows=641 loops=1)
   CTE ws
     ->  GroupAggregate  (cost=27765.29..27765.64 rows=14 width=49) (actual time=95.209..95.919 rows=236 loops=1)
           Group Key: i_item_id
           ->  Remote Subquery Scan on all (dn1)  (cost=27765.29..27765.40 rows=14 width=23) (actual time=95.177..95.288 rows=270 loops=1)
   ->  Sort  (cost=6.84..7.08 rows=97 width=100) (actual time=567.814..567.824 rows=100 loops=1)
         Sort Key: (sum(ss.total_sales)), ss.i_item_id
         Sort Method: top-N heapsort  Memory: 37kB
         ->  HashAggregate  (cost=2.43..3.64 rows=97 width=100) (actual time=566.332..566.892 rows=783 loops=1)
               Group Key: ss.i_item_id
               ->  Append  (cost=0.00..1.94 rows=97 width=100) (actual time=295.403..564.952 rows=1284 loops=1)
                     ->  CTE Scan on ss  (cost=0.00..1.10 rows=55 width=100) (actual time=295.402..298.597 rows=607 loops=1)
                     ->  CTE Scan on cs  (cost=0.00..0.56 rows=28 width=100) (actual time=168.253..170.068 rows=441 loops=1)
                     ->  CTE Scan on ws  (cost=0.00..0.28 rows=14 width=100) (actual time=95.212..96.076 rows=236 loops=1)
 Planning time: 7.065 ms
 Execution time: 578.436 ms
(24 rows)

