                                                                                                                                              QUERY PLAN                                                                                                                                              
------------------------------------------------------------------------------------------------------------------------------------------------------------------------------------------------------------------------------------------------------------------------------------------------------
 Limit  (cost=82182.67..82182.69 rows=10 width=36) (actual time=0.545..0.545 rows=0 loops=1)
   ->  Sort  (cost=82182.67..82182.69 rows=10 width=36) (actual time=0.544..0.544 rows=0 loops=1)
         Sort Key: (sum(CASE WHEN (store_returns.sr_return_quantity IS NOT NULL) THEN (((store_sales.ss_quantity - store_returns.sr_return_quantity))::numeric * store_sales.ss_sales_price) ELSE ((store_sales.ss_quantity)::numeric * store_sales.ss_sales_price) END)), store_sales.ss_customer_sk
         Sort Method: quicksort  Memory: 25kB
         ->  Finalize GroupAggregate  (cost=82182.25..82182.50 rows=10 width=36) (actual time=0.535..0.535 rows=0 loops=1)
               Group Key: store_sales.ss_customer_sk
               ->  Remote Subquery Scan on all (dn1)  (cost=82182.25..82182.31 rows=8 width=36) (actual time=0.533..0.533 rows=0 loops=1)
 Planning time: 2.238 ms
 Execution time: 2.016 ms
(9 rows)

SET
