                                                   QUERY PLAN                                                    
-----------------------------------------------------------------------------------------------------------------
 Remote Fast Query Execution  (cost=0.00..0.00 rows=0 width=0) (actual time=2156.742..2156.825 rows=100 loops=1)
   Node/s: dn1
 Planning time: 1.196 ms
 Execution time: 2156.853 ms
(4 rows)

