                                                                                                                                                                                                        QUERY PLAN                                                                                                                                                                                                        
--------------------------------------------------------------------------------------------------------------------------------------------------------------------------------------------------------------------------------------------------------------------------------------------------------------------------------------------------------------------------------------------------------------------------
 Limit  (cost=331290.13..331290.38 rows=100 width=180) (actual time=18087.551..18087.566 rows=100 loops=1)
   CTE ws
     ->  Remote Subquery Scan on all (dn1)  (cost=49376.20..53878.21 rows=300134 width=84) (actual time=973.551..1544.032 rows=647429 loops=1)
   CTE cs
     ->  Remote Subquery Scan on all (dn1)  (cost=93980.83..101288.77 rows=487196 width=84) (actual time=1988.686..3244.777 rows=1290853 loops=1)
   CTE ss
     ->  Remote Subquery Scan on all (dn1)  (cost=146540.45..151129.43 rows=305932 width=84) (actual time=3893.820..6227.114 rows=2449192 loops=1)
   ->  Sort  (cost=24993.72..24995.84 rows=850 width=180) (actual time=18087.549..18087.558 rows=100 loops=1)
         Sort Key: ss.ss_customer_sk, ss.ss_qty DESC, ss.ss_wc DESC, ss.ss_sp DESC, ((COALESCE(ws.ws_qty, '0'::bigint) + COALESCE(cs.cs_qty, '0'::bigint))), ((COALESCE(ws.ws_wc, '0'::numeric) + COALESCE(cs.cs_wc, '0'::numeric))), ((COALESCE(ws.ws_sp, '0'::numeric) + COALESCE(cs.cs_sp, '0'::numeric))), (round(((ss.ss_qty / (COALESCE(ws.ws_qty, '0'::bigint) + COALESCE(cs.cs_qty, '0'::bigint))))::numeric, 2))
         Sort Method: quicksort  Memory: 50kB
         ->  Merge Left Join  (cost=24895.55..24961.23 rows=850 width=180) (actual time=17827.320..18087.467 rows=178 loops=1)
               Merge Cond: ((ss.ss_item_sk = ws.ws_item_sk) AND (ss.ss_customer_sk = ws.ws_customer_sk))
               Join Filter: (ws.ws_sold_year = ss.ss_sold_year)
               Filter: ((COALESCE(ws.ws_qty, '0'::bigint) > 0) OR (COALESCE(cs.cs_qty, '0'::bigint) > 0))
               Rows Removed by Filter: 490259
               ->  Merge Left Join  (cost=18063.34..18094.25 rows=1530 width=156) (actual time=15321.454..15521.699 rows=490437 loops=1)
                     Merge Cond: ((ss.ss_item_sk = cs.cs_item_sk) AND (ss.ss_customer_sk = cs.cs_customer_sk))
                     Join Filter: (cs.cs_sold_year = ss.ss_sold_year)
                     ->  Sort  (cost=6964.40..6968.23 rows=1530 width=84) (actual time=9994.719..10054.201 rows=490437 loops=1)
                           Sort Key: ss.ss_item_sk, ss.ss_customer_sk
                           Sort Method: quicksort  Memory: 50495kB
                           ->  CTE Scan on ss  (cost=0.00..6883.47 rows=1530 width=84) (actual time=3893.848..9675.083 rows=490437 loops=1)
                                 Filter: (ss_sold_year = 1998)
                                 Rows Removed by Filter: 1958755
                     ->  Sort  (cost=11098.94..11105.03 rows=2436 width=84) (actual time=5326.728..5358.249 rows=257020 loops=1)
                           Sort Key: cs.cs_item_sk, cs.cs_customer_sk
                           Sort Method: quicksort  Memory: 26213kB
                           ->  CTE Scan on cs  (cost=0.00..10961.91 rows=2436 width=84) (actual time=1988.731..5112.634 rows=257020 loops=1)
                                 Filter: (cs_sold_year = 1998)
                                 Rows Removed by Filter: 1033833
               ->  Sort  (cost=6832.21..6835.96 rows=1501 width=84) (actual time=2505.423..2516.718 rows=128881 loops=1)
                     Sort Key: ws.ws_item_sk, ws.ws_customer_sk
                     Sort Method: quicksort  Memory: 13141kB
                     ->  CTE Scan on ws  (cost=0.00..6753.01 rows=1501 width=84) (actual time=973.583..2402.113 rows=128881 loops=1)
                           Filter: (ws_sold_year = 1998)
                           Rows Removed by Filter: 518548
 Planning time: 4.732 ms
 Execution time: 18234.804 ms
(38 rows)

