                                                  QUERY PLAN                                                   
---------------------------------------------------------------------------------------------------------------
 Remote Fast Query Execution  (cost=0.00..0.00 rows=0 width=0) (actual time=139.796..139.829 rows=100 loops=1)
   Node/s: dn1
 Planning time: 0.233 ms
 Execution time: 139.854 ms
(4 rows)

