                                                  QUERY PLAN                                                   
---------------------------------------------------------------------------------------------------------------
 Remote Fast Query Execution  (cost=0.00..0.00 rows=0 width=0) (actual time=340.537..340.582 rows=100 loops=1)
   Node/s: dn1
 Planning time: 0.209 ms
 Execution time: 340.606 ms
(4 rows)

