                                                 QUERY PLAN                                                  
-------------------------------------------------------------------------------------------------------------
 Remote Fast Query Execution  (cost=0.00..0.00 rows=0 width=0) (actual time=448.433..448.435 rows=1 loops=1)
   Node/s: dn1
 Planning time: 0.344 ms
 Execution time: 448.451 ms
(4 rows)

