                                                                    QUERY PLAN                                                                     
---------------------------------------------------------------------------------------------------------------------------------------------------
 Limit  (cost=10000051521.77..10000051521.77 rows=1 width=32) (actual time=233.920..233.921 rows=1 loops=1)
   ->  Sort  (cost=10000051521.77..10000051521.77 rows=1 width=32) (actual time=233.919..233.919 rows=1 loops=1)
         Sort Key: ((((count(*)))::numeric(15,4) / ((count(*)))::numeric(15,4)))
         Sort Method: quicksort  Memory: 25kB
         ->  Nested Loop  (cost=10000051521.70..10000051521.76 rows=1 width=32) (actual time=233.910..233.911 rows=1 loops=1)
               ->  Finalize Aggregate  (cost=25760.68..25760.69 rows=1 width=8) (actual time=126.425..126.426 rows=1 loops=1)
                     ->  Remote Subquery Scan on all (dn1)  (cost=25760.46..25760.68 rows=2 width=8) (actual time=126.409..126.411 rows=1 loops=1)
               ->  Finalize Aggregate  (cost=25761.01..25761.02 rows=1 width=8) (actual time=107.476..107.476 rows=1 loops=1)
                     ->  Remote Subquery Scan on all (dn1)  (cost=25760.79..25761.01 rows=2 width=8) (actual time=107.460..107.461 rows=1 loops=1)
 Planning time: 1.261 ms
 Execution time: 235.845 ms
(11 rows)

