                                                 QUERY PLAN                                                  
-------------------------------------------------------------------------------------------------------------
 Remote Fast Query Execution  (cost=0.00..0.00 rows=0 width=0) (actual time=136.264..136.265 rows=1 loops=1)
   Node/s: dn1
 Planning time: 0.059 ms
 Execution time: 136.275 ms
(4 rows)

