                                                                                                         QUERY PLAN                                                                                                         
----------------------------------------------------------------------------------------------------------------------------------------------------------------------------------------------------------------------------
 Limit  (cost=94483.84..94487.59 rows=100 width=64) (actual time=433.275..433.577 rows=100 loops=1)
   ->  GroupAggregate  (cost=94483.84..94499.07 rows=406 width=64) (actual time=433.274..433.560 rows=100 loops=1)
         Group Key: customer_demographics.cd_gender, customer_demographics.cd_marital_status, customer_demographics.cd_education_status, customer_demographics.cd_purchase_estimate, customer_demographics.cd_credit_rating
         ->  Remote Subquery Scan on all (dn1)  (cost=94483.84..94486.89 rows=406 width=40) (actual time=433.244..433.286 rows=109 loops=1)
 Planning time: 1.470 ms
 Execution time: 435.435 ms
(6 rows)

SET
