                                                                                                                 QUERY PLAN                                                                                                                 
--------------------------------------------------------------------------------------------------------------------------------------------------------------------------------------------------------------------------------------------
 Limit  (cost=192148.11..192155.36 rows=100 width=259) (actual time=5228.369..5228.948 rows=100 loops=1)
   ->  GroupAggregate  (cost=192148.11..192212.06 rows=882 width=259) (actual time=5228.368..5228.938 rows=100 loops=1)
         Group Key: ca.ca_state, customer_demographics.cd_gender, customer_demographics.cd_marital_status, customer_demographics.cd_dep_count, customer_demographics.cd_dep_employed_count, customer_demographics.cd_dep_college_count
         ->  Sort  (cost=192148.11..192150.32 rows=882 width=19) (actual time=5228.349..5228.396 rows=1263 loops=1)
               Sort Key: ca.ca_state, customer_demographics.cd_gender, customer_demographics.cd_marital_status, customer_demographics.cd_dep_count, customer_demographics.cd_dep_employed_count, customer_demographics.cd_dep_college_count
               Sort Method: quicksort  Memory: 6273kB
               ->  Hash Join  (cost=124119.18..192104.96 rows=882 width=19) (actual time=4209.895..5101.888 rows=61430 loops=1)
                     Hash Cond: (c.c_current_addr_sk = ca.ca_address_sk)
                     ->  Hash Join  (cost=121907.18..189890.65 rows=882 width=20) (actual time=4116.549..4975.826 rows=61430 loops=1)
                           Hash Cond: (store_sales.ss_customer_sk = c.c_customer_sk)
                           ->  Remote Subquery Scan on all (dn1)  (cost=221.21..68253.17 rows=10845 width=4) (actual time=2.397..679.871 rows=305898 loops=1)
                           ->  Hash  (cost=121684.29..121684.29 rows=8135 width=28) (actual time=4114.061..4114.061 rows=21050 loops=1)
                                 Buckets: 32768 (originally 8192)  Batches: 1 (originally 1)  Memory Usage: 1490kB
                                 ->  Hash Join  (cost=73366.79..121684.29 rows=8135 width=28) (actual time=908.456..4102.880 rows=21050 loops=1)
                                       Hash Cond: (customer_demographics.cd_demo_sk = c.c_current_cdemo_sk)
                                       ->  Remote Subquery Scan on all (dn1)  (cost=100.00..89156.00 rows=1920800 width=20) (actual time=2.508..1401.669 rows=1920800 loops=1)
                                       ->  Hash  (cost=73265.10..73265.10 rows=8135 width=16) (actual time=905.675..905.675 rows=21050 loops=1)
                                             Buckets: 32768 (originally 8192)  Batches: 1 (originally 1)  Memory Usage: 1243kB
                                             ->  Hash Join  (cost=69234.59..73265.10 rows=8135 width=16) (actual time=755.164..898.357 rows=21818 loops=1)
                                                   Hash Cond: (c.c_customer_sk = web_sales.ws_bill_customer_sk)
                                                   ->  Remote Subquery Scan on all (dn1)  (cost=100.00..5568.00 rows=100000 width=12) (actual time=1.463..70.745 rows=100000 loops=1)
                                                   ->  Hash  (cost=69132.90..69132.90 rows=8135 width=4) (actual time=753.608..753.608 rows=21818 loops=1)
                                                         Buckets: 32768 (originally 8192)  Batches: 1 (originally 1)  Memory Usage: 1024kB
                                                         ->  HashAggregate  (cost=68970.20..69051.55 rows=8135 width=4) (actual time=739.585..746.446 rows=21819 loops=1)
                                                               Group Key: web_sales.ws_bill_customer_sk
                                                               ->  Append  (cost=221.21..68949.86 rows=8135 width=4) (actual time=2.766..577.538 rows=238969 loops=1)
                                                                     ->  Remote Subquery Scan on all (dn1)  (cost=221.21..23067.68 rows=2708 width=4) (actual time=2.765..187.679 rows=79635 loops=1)
                                                                     ->  Remote Subquery Scan on all (dn1)  (cost=221.21..45800.83 rows=5427 width=4) (actual time=40.747..355.450 rows=159334 loops=1)
                     ->  Hash  (cost=2287.00..2287.00 rows=50000 width=7) (actual time=93.091..93.091 rows=50000 loops=1)
                           Buckets: 65536  Batches: 1  Memory Usage: 2460kB
                           ->  Remote Subquery Scan on all (dn1)  (cost=100.00..2287.00 rows=50000 width=7) (actual time=0.837..52.194 rows=50000 loops=1)
 Planning time: 2.447 ms
 Execution time: 5232.383 ms
(33 rows)

