                                                  QUERY PLAN                                                   
---------------------------------------------------------------------------------------------------------------
 Remote Fast Query Execution  (cost=0.00..0.00 rows=0 width=0) (actual time=328.902..328.948 rows=100 loops=1)
   Node/s: dn1
 Planning time: 0.225 ms
 Execution time: 328.973 ms
(4 rows)

