                                                                   QUERY PLAN                                                                    
-------------------------------------------------------------------------------------------------------------------------------------------------
 Limit  (cost=64051.76..64051.76 rows=1 width=72) (actual time=3352.860..3352.862 rows=1 loops=1)
   ->  Sort  (cost=64051.76..64051.76 rows=1 width=72) (actual time=3352.859..3352.859 rows=1 loops=1)
         Sort Key: (count(DISTINCT cs1.cs_order_number))
         Sort Method: quicksort  Memory: 25kB
         ->  Aggregate  (cost=64051.74..64051.75 rows=1 width=72) (actual time=3352.849..3352.849 rows=1 loops=1)
               ->  Remote Subquery Scan on all (dn1)  (cost=6319.03..64051.73 rows=1 width=16) (actual time=3352.431..3352.496 rows=172 loops=1)
 Planning time: 6.374 ms
 Execution time: 3355.522 ms
(8 rows)

SET
