                                                 QUERY PLAN                                                  
-------------------------------------------------------------------------------------------------------------
 Remote Fast Query Execution  (cost=0.00..0.00 rows=0 width=0) (actual time=78.849..78.896 rows=100 loops=1)
   Node/s: dn1
 Planning time: 0.147 ms
 Execution time: 78.917 ms
(4 rows)

