                                                  QUERY PLAN                                                  
--------------------------------------------------------------------------------------------------------------
 Remote Fast Query Execution  (cost=0.00..0.00 rows=0 width=0) (actual time=119.444..119.449 rows=10 loops=1)
   Node/s: dn1
 Planning time: 0.144 ms
 Execution time: 119.466 ms
(4 rows)

