                                                 QUERY PLAN                                                  
-------------------------------------------------------------------------------------------------------------
 Remote Fast Query Execution  (cost=0.00..0.00 rows=0 width=0) (actual time=134.245..134.247 rows=1 loops=1)
   Node/s: dn1
 Planning time: 0.328 ms
 Execution time: 134.282 ms
(4 rows)

