                                                                 QUERY PLAN                                                                  
---------------------------------------------------------------------------------------------------------------------------------------------
 Limit  (cost=41105.50..41105.56 rows=26 width=220) (actual time=163.949..163.954 rows=22 loops=1)
   CTE sr_items
     ->  GroupAggregate  (cost=17242.57..17247.10 rows=201 width=25) (actual time=81.567..86.307 rows=2109 loops=1)
           Group Key: i_item_id
           ->  Remote Subquery Scan on all (dn1)  (cost=17242.57..17244.08 rows=201 width=21) (actual time=81.540..83.205 rows=2436 loops=1)
   CTE cr_items
     ->  GroupAggregate  (cost=13195.18..13197.45 rows=101 width=25) (actual time=39.234..41.711 rows=1202 loops=1)
           Group Key: i_item_id
           ->  Remote Subquery Scan on all (dn1)  (cost=13195.18..13195.93 rows=101 width=21) (actual time=39.210..39.970 rows=1278 loops=1)
   CTE wr_items
     ->  GroupAggregate  (cost=10647.37..10648.49 rows=50 width=25) (actual time=30.880..32.074 rows=657 loops=1)
           Group Key: i_item_id
           ->  Remote Subquery Scan on all (dn1)  (cost=10647.37..10647.74 rows=50 width=21) (actual time=30.857..31.123 rows=682 loops=1)
   ->  Sort  (cost=12.46..12.53 rows=26 width=220) (actual time=163.948..163.950 rows=22 loops=1)
         Sort Key: sr_items.item_id, sr_items.sr_item_qty
         Sort Method: quicksort  Memory: 27kB
         ->  Hash Join  (cost=5.15..11.85 rows=26 width=220) (actual time=157.376..163.906 rows=22 loops=1)
               Hash Cond: (sr_items.item_id = cr_items.item_id)
               ->  CTE Scan on sr_items  (cost=0.00..4.02 rows=201 width=76) (actual time=81.571..87.516 rows=2109 loops=1)
               ->  Hash  (cost=4.52..4.52 rows=50 width=152) (actual time=75.728..75.728 rows=96 loops=1)
                     Buckets: 1024  Batches: 1  Memory Usage: 17kB
                     ->  Hash Join  (cost=1.62..4.52 rows=50 width=152) (actual time=72.068..75.674 rows=96 loops=1)
                           Hash Cond: (cr_items.item_id = wr_items.item_id)
                           ->  CTE Scan on cr_items  (cost=0.00..2.02 rows=101 width=76) (actual time=39.238..42.414 rows=1202 loops=1)
                           ->  Hash  (cost=1.00..1.00 rows=50 width=76) (actual time=32.818..32.818 rows=657 loops=1)
                                 Buckets: 1024  Batches: 1  Memory Usage: 45kB
                                 ->  CTE Scan on wr_items  (cost=0.00..1.00 rows=50 width=76) (actual time=30.885..32.539 rows=657 loops=1)
 Planning time: 3.469 ms
 Execution time: 176.512 ms
(29 rows)

