                                                 QUERY PLAN                                                  
-------------------------------------------------------------------------------------------------------------
 Remote Fast Query Execution  (cost=0.00..0.00 rows=0 width=0) (actual time=202.651..202.655 rows=6 loops=1)
   Node/s: dn1
 Planning time: 0.320 ms
 Execution time: 202.675 ms
(4 rows)

