                                                  QUERY PLAN                                                   
---------------------------------------------------------------------------------------------------------------
 Remote Fast Query Execution  (cost=0.00..0.00 rows=0 width=0) (actual time=121.131..121.162 rows=100 loops=1)
   Node/s: dn1
 Planning time: 0.549 ms
 Execution time: 121.187 ms
(4 rows)

