                                                                                 QUERY PLAN                                                                                 
----------------------------------------------------------------------------------------------------------------------------------------------------------------------------
 Limit  (cost=76736.48..76736.73 rows=100 width=170) (actual time=563.016..563.029 rows=100 loops=1)
   ->  Sort  (cost=76736.48..76738.20 rows=689 width=170) (actual time=563.015..563.019 rows=100 loops=1)
         Sort Key: c_last_name, dn.ss_ticket_number
         Sort Method: top-N heapsort  Memory: 49kB
         ->  Hash Join  (cost=71876.21..76710.15 rows=689 width=170) (actual time=411.440..560.314 rows=2105 loops=1)
               Hash Cond: (c_current_addr_sk = ca_address_sk)
               Join Filter: ((ca_city)::text <> (dn.bought_city)::text)
               Rows Removed by Join Filter: 144
               ->  Merge Join  (cost=69664.21..74496.34 rows=690 width=165) (actual time=333.575..480.993 rows=2249 loops=1)
                     Merge Cond: (c_customer_sk = dn.ss_customer_sk)
                     ->  Remote Subquery Scan on all (dn1)  (cost=100.17..11171.94 rows=100000 width=60) (actual time=0.318..62.116 rows=100000 loops=1)
                     ->  Sort  (cost=69664.04..69665.77 rows=690 width=113) (actual time=333.180..333.463 rows=2250 loops=1)
                           Sort Key: dn.ss_customer_sk
                           Sort Method: quicksort  Memory: 289kB
                           ->  Subquery Scan on dn  (cost=69517.97..69631.51 rows=690 width=113) (actual time=303.380..331.107 rows=2320 loops=1)
                                 ->  Finalize GroupAggregate  (cost=69517.97..69624.61 rows=690 width=117) (actual time=303.378..330.582 rows=2320 loops=1)
                                       Group Key: ss_ticket_number, ss_customer_sk, ss_addr_sk, ca_city
                                       ->  Remote Subquery Scan on all (dn1)  (cost=69517.97..69598.13 rows=576 width=117) (actual time=303.316..312.121 rows=2320 loops=1)
               ->  Hash  (cost=2587.00..2587.00 rows=50000 width=13) (actual time=77.804..77.804 rows=50000 loops=1)
                     Buckets: 65536  Batches: 1  Memory Usage: 2807kB
                     ->  Remote Subquery Scan on all (dn1)  (cost=100.00..2587.00 rows=50000 width=13) (actual time=1.498..41.530 rows=50000 loops=1)
 Planning time: 1.912 ms
 Execution time: 565.561 ms
(23 rows)

SET
