                                                 QUERY PLAN                                                  
-------------------------------------------------------------------------------------------------------------
 Remote Fast Query Execution  (cost=0.00..0.00 rows=0 width=0) (actual time=252.761..252.765 rows=6 loops=1)
   Node/s: dn1
 Planning time: 0.375 ms
 Execution time: 252.783 ms
(4 rows)

