                                                   QUERY PLAN                                                    
-----------------------------------------------------------------------------------------------------------------
 Remote Fast Query Execution  (cost=0.00..0.00 rows=0 width=0) (actual time=5657.832..5657.880 rows=100 loops=1)
   Node/s: dn1
 Planning time: 0.138 ms
 Execution time: 5657.905 ms
(4 rows)

