                                                  QUERY PLAN                                                   
---------------------------------------------------------------------------------------------------------------
 Remote Fast Query Execution  (cost=0.00..0.00 rows=0 width=0) (actual time=132.021..135.320 rows=100 loops=1)
   Node/s: dn1
 Planning time: 0.187 ms
 Execution time: 135.343 ms
(4 rows)

