                                                  QUERY PLAN                                                   
---------------------------------------------------------------------------------------------------------------
 Remote Fast Query Execution  (cost=0.00..0.00 rows=0 width=0) (actual time=132.067..132.123 rows=100 loops=1)
   Node/s: dn1
 Planning time: 0.219 ms
 Execution time: 132.376 ms
(4 rows)

