                                                                                                                 QUERY PLAN                                                                                                                  
---------------------------------------------------------------------------------------------------------------------------------------------------------------------------------------------------------------------------------------------
 Limit  (cost=12173.18..12173.20 rows=7 width=236) (actual time=217.260..217.273 rows=100 loops=1)
   CTE customer_total_return
     ->  Finalize GroupAggregate  (cost=6399.96..6472.56 rows=720 width=39) (actual time=58.970..134.872 rows=27598 loops=1)
           Group Key: cr_returning_customer_sk, ca_state
           ->  Remote Subquery Scan on all (dn1)  (cost=6399.96..6459.32 rows=424 width=39) (actual time=58.934..82.284 rows=27598 loops=1)
   ->  Sort  (cost=5700.62..5700.64 rows=7 width=236) (actual time=217.259..217.264 rows=100 loops=1)
         Sort Key: c_customer_id, c_salutation, c_first_name, c_last_name, ca_street_number, ca_street_name, ca_street_type, ca_suite_number, ca_city, ca_county, ca_zip, ca_country, ca_gmt_offset, ca_location_type, ctr1.ctr_total_return
         Sort Method: quicksort  Memory: 76kB
         ->  Hash Join  (cost=5683.25..5700.52 rows=7 width=236) (actual time=194.571..216.646 rows=192 loops=1)
               Hash Cond: (ctr1.ctr_customer_sk = c_customer_sk)
               ->  Hash Join  (cost=25.00..41.31 rows=240 width=36) (actual time=156.087..177.637 rows=6827 loops=1)
                     Hash Cond: (ctr1.ctr_state = avg_ctr2.ctr_state)
                     Join Filter: (ctr1.ctr_total_return > (avg_ctr2.avg_total_return * 1.2))
                     Rows Removed by Join Filter: 19875
                     ->  CTE Scan on customer_total_return ctr1  (cost=0.00..14.40 rows=720 width=48) (actual time=58.973..62.092 rows=27598 loops=1)
                     ->  Hash  (cost=22.50..22.50 rows=200 width=44) (actual time=97.100..97.100 rows=51 loops=1)
                           Buckets: 1024  Batches: 1  Memory Usage: 11kB
                           ->  Subquery Scan on avg_ctr2  (cost=18.00..22.50 rows=200 width=44) (actual time=97.054..97.089 rows=52 loops=1)
                                 ->  HashAggregate  (cost=18.00..20.50 rows=200 width=44) (actual time=97.053..97.083 rows=52 loops=1)
                                       Group Key: customer_total_return.ctr_state
                                       ->  CTE Scan on customer_total_return  (cost=0.00..14.40 rows=720 width=44) (actual time=0.001..85.407 rows=27598 loops=1)
               ->  Hash  (cost=6324.86..6324.86 rows=2826 width=208) (actual time=37.909..37.909 rows=2820 loops=1)
                     Buckets: 4096  Batches: 1  Memory Usage: 695kB
                     ->  Remote Subquery Scan on all (dn1)  (cost=1929.66..6324.86 rows=2826 width=208) (actual time=16.192..23.868 rows=2820 loops=1)
 Planning time: 1.671 ms
 Execution time: 220.961 ms
(26 rows)

