                                                 QUERY PLAN                                                  
-------------------------------------------------------------------------------------------------------------
 Remote Fast Query Execution  (cost=0.00..0.00 rows=0 width=0) (actual time=272.635..272.635 rows=0 loops=1)
   Node/s: dn1
 Planning time: 0.327 ms
 Execution time: 272.653 ms
(4 rows)

