                                                                                                                                                                                                                                                    QUERY PLAN                                                                                                                                                                                                                                                    
------------------------------------------------------------------------------------------------------------------------------------------------------------------------------------------------------------------------------------------------------------------------------------------------------------------------------------------------------------------------------------------------------------------------------------------------------------------------------------------------------------------
 Limit  (cost=202509.06..202509.07 rows=1 width=292) (actual time=639.101..639.101 rows=0 loops=1)
   CTE ss_items
     ->  GroupAggregate  (cost=99743.01..99749.91 rows=276 width=49) (actual time=317.872..332.088 rows=4342 loops=1)
           Group Key: i_item_id
           InitPlan 1 (returns $1)
             ->  Remote Subquery Scan on all (dn1)  (cost=100.00..2042.22 rows=1 width=4) (actual time=32.653..32.655 rows=1 loops=1)
           ->  Remote Subquery Scan on all (dn1)  (cost=97700.79..97702.86 rows=276 width=23) (actual time=317.839..322.137 rows=5993 loops=1)
   CTE cs_items
     ->  GroupAggregate  (cost=65655.37..65658.82 rows=138 width=49) (actual time=180.215..189.460 rows=2593 loops=1)
           Group Key: i_item_id
           InitPlan 3 (returns $4)
             ->  Remote Subquery Scan on all (dn1)  (cost=100.00..2042.22 rows=1 width=4) (actual time=9.087..9.089 rows=1 loops=1)
           ->  Remote Subquery Scan on all (dn1)  (cost=63613.15..63614.18 rows=138 width=23) (actual time=180.184..182.606 rows=3123 loops=1)
   CTE ws_items
     ->  GroupAggregate  (cost=37084.34..37086.07 rows=69 width=49) (actual time=105.157..109.521 rows=1343 loops=1)
           Group Key: i_item_id
           InitPlan 5 (returns $7)
             ->  Remote Subquery Scan on all (dn1)  (cost=100.00..2042.22 rows=1 width=4) (actual time=9.108..9.110 rows=1 loops=1)
           ->  Remote Subquery Scan on all (dn1)  (cost=35042.12..35042.64 rows=69 width=23) (actual time=105.125..106.145 rows=1459 loops=1)
   ->  Sort  (cost=14.26..14.27 rows=1 width=292) (actual time=639.100..639.100 rows=0 loops=1)
         Sort Key: ss_items.item_id, ss_items.ss_item_rev
         Sort Method: quicksort  Memory: 25kB
         ->  Hash Join  (cost=7.60..14.25 rows=1 width=292) (actual time=639.088..639.088 rows=0 loops=1)
               Hash Cond: (ss_items.item_id = cs_items.item_id)
               Join Filter: ((ss_items.ss_item_rev >= (0.9 * cs_items.cs_item_rev)) AND (ss_items.ss_item_rev <= (1.1 * cs_items.cs_item_rev)) AND (cs_items.cs_item_rev >= (0.9 * ss_items.ss_item_rev)) AND (cs_items.cs_item_rev <= (1.1 * ss_items.ss_item_rev)) AND (ss_items.ss_item_rev >= (0.9 * ws_items.ws_item_rev)) AND (ss_items.ss_item_rev <= (1.1 * ws_items.ws_item_rev)) AND (ws_items.ws_item_rev >= (0.9 * ss_items.ss_item_rev)) AND (ws_items.ws_item_rev <= (1.1 * ss_items.ss_item_rev)))
               Rows Removed by Join Filter: 6
               ->  CTE Scan on ss_items  (cost=0.00..5.52 rows=276 width=100) (actual time=317.876..334.390 rows=4342 loops=1)
               ->  Hash  (cost=7.59..7.59 rows=1 width=200) (actual time=303.699..303.699 rows=14 loops=1)
                     Buckets: 1024  Batches: 1  Memory Usage: 10kB
                     ->  Hash Join  (cost=2.24..7.59 rows=1 width=200) (actual time=291.962..303.688 rows=14 loops=1)
                           Hash Cond: (cs_items.item_id = ws_items.item_id)
                           Join Filter: ((cs_items.cs_item_rev >= (0.9 * ws_items.ws_item_rev)) AND (cs_items.cs_item_rev <= (1.1 * ws_items.ws_item_rev)) AND (ws_items.ws_item_rev >= (0.9 * cs_items.cs_item_rev)) AND (ws_items.ws_item_rev <= (1.1 * cs_items.cs_item_rev)))
                           Rows Removed by Join Filter: 378
                           ->  CTE Scan on cs_items  (cost=0.00..2.76 rows=138 width=100) (actual time=180.219..191.161 rows=2593 loops=1)
                           ->  Hash  (cost=1.38..1.38 rows=69 width=100) (actual time=111.131..111.131 rows=1343 loops=1)
                                 Buckets: 2048 (originally 1024)  Batches: 1 (originally 1)  Memory Usage: 90kB
                                 ->  CTE Scan on ws_items  (cost=0.00..1.38 rows=69 width=100) (actual time=105.161..110.544 rows=1343 loops=1)
 Planning time: 3.317 ms
 Execution time: 654.630 ms
(39 rows)

