                                                                                                                                                                          QUERY PLAN                                                                                                                                                                          
--------------------------------------------------------------------------------------------------------------------------------------------------------------------------------------------------------------------------------------------------------------------------------------------------------------------------------------------------------------
 Limit  (cost=182406.50..182406.55 rows=1 width=100) (actual time=1160.303..1160.304 rows=1 loops=1)
   ->  GroupAggregate  (cost=182406.50..182406.55 rows=1 width=100) (actual time=1160.302..1160.302 rows=1 loops=1)
         Group Key: customer_demographics.cd_gender, customer_demographics.cd_marital_status, customer_demographics.cd_education_status, customer_demographics.cd_purchase_estimate, customer_demographics.cd_credit_rating, customer_demographics.cd_dep_count, customer_demographics.cd_dep_employed_count, customer_demographics.cd_dep_college_count
         ->  Sort  (cost=182406.50..182406.51 rows=1 width=52) (actual time=1160.286..1160.287 rows=7 loops=1)
               Sort Key: customer_demographics.cd_gender, customer_demographics.cd_marital_status, customer_demographics.cd_education_status, customer_demographics.cd_purchase_estimate, customer_demographics.cd_credit_rating, customer_demographics.cd_dep_count, customer_demographics.cd_dep_employed_count, customer_demographics.cd_dep_college_count
               Sort Method: quicksort  Memory: 25kB
               ->  Hash Join  (cost=115057.48..182406.49 rows=1 width=52) (actual time=1089.959..1160.250 rows=7 loops=1)
                     Hash Cond: (store_sales.ss_customer_sk = c.c_customer_sk)
                     ->  Remote Subquery Scan on all (dn1)  (cost=220.21..67594.47 rows=4811 width=4) (actual time=5.477..408.442 rows=104446 loops=1)
                     ->  Hash  (cost=114937.13..114937.13 rows=12 width=60) (actual time=702.490..702.490 rows=30 loops=1)
                           Buckets: 1024  Batches: 1  Memory Usage: 11kB
                           ->  Hash Join  (cost=75555.09..114937.13 rows=12 width=60) (actual time=701.602..702.469 rows=30 loops=1)
                                 Hash Cond: (c.c_customer_sk = web_sales.ws_bill_customer_sk)
                                 ->  Remote Subquery Scan on all (dn1)  (cost=7119.66..46521.90 rows=346 width=56) (actual time=104.163..104.262 rows=410 loops=1)
                                 ->  Hash  (cost=68490.33..68490.33 rows=3608 width=4) (actual time=597.392..597.392 rows=8175 loops=1)
                                       Buckets: 8192 (originally 4096)  Batches: 1 (originally 1)  Memory Usage: 352kB
                                       ->  HashAggregate  (cost=68418.17..68454.25 rows=3608 width=4) (actual time=592.318..594.952 rows=8176 loops=1)
                                             Group Key: web_sales.ws_bill_customer_sk
                                             ->  Append  (cost=220.21..68409.15 rows=3608 width=4) (actual time=187.839..536.032 rows=83614 loops=1)
                                                   ->  Remote Subquery Scan on all (dn1)  (cost=220.21..22902.42 rows=1201 width=4) (actual time=187.838..306.217 rows=28575 loops=1)
                                                   ->  Remote Subquery Scan on all (dn1)  (cost=220.21..45470.65 rows=2407 width=4) (actual time=84.714..217.606 rows=55039 loops=1)
 Planning time: 3.750 ms
 Execution time: 1163.599 ms
(23 rows)

