                                                 QUERY PLAN                                                  
-------------------------------------------------------------------------------------------------------------
 Remote Fast Query Execution  (cost=0.00..0.00 rows=0 width=0) (actual time=508.915..508.917 rows=2 loops=1)
   Node/s: dn1
 Planning time: 0.079 ms
 Execution time: 508.928 ms
(4 rows)

