                                                  QUERY PLAN                                                   
---------------------------------------------------------------------------------------------------------------
 Remote Fast Query Execution  (cost=0.00..0.00 rows=0 width=0) (actual time=477.535..477.581 rows=100 loops=1)
   Node/s: dn1
 Planning time: 0.310 ms
 Execution time: 477.607 ms
(4 rows)

