                                                 QUERY PLAN                                                  
-------------------------------------------------------------------------------------------------------------
 Remote Fast Query Execution  (cost=0.00..0.00 rows=0 width=0) (actual time=309.987..309.987 rows=0 loops=1)
   Node/s: dn1
 Planning time: 0.194 ms
 Execution time: 310.003 ms
(4 rows)

