                                                    QUERY PLAN                                                     
-------------------------------------------------------------------------------------------------------------------
 Remote Fast Query Execution  (cost=0.00..0.00 rows=0 width=0) (actual time=65858.610..65861.300 rows=100 loops=1)
   Node/s: dn4
 Planning time: 0.225 ms
 Execution time: 65861.328 ms
(4 rows)

