                                                               QUERY PLAN                                                                
-----------------------------------------------------------------------------------------------------------------------------------------
 Remote Subquery Scan on all (dn1)  (cost=63236347.03..63236348.45 rows=1 width=160) (actual time=958225.136..958225.137 rows=1 loops=1)
 Planning time: 0.431 ms
 Execution time: 958241.877 ms
(3 rows)

