                                                                   QUERY PLAN                                                                    
-------------------------------------------------------------------------------------------------------------------------------------------------
 Limit  (cost=4053671.63..4053742.76 rows=100 width=1248) (actual time=109428.147..109428.163 rows=15 loops=1)
   ->  Remote Subquery Scan on all (dn6)  (cost=4053671.63..4053742.76 rows=100 width=1248) (actual time=109428.145..109428.158 rows=15 loops=1)
 Planning time: 3.748 ms
 Execution time: 109444.517 ms
(4 rows)

