                                                     QUERY PLAN                                                      
---------------------------------------------------------------------------------------------------------------------
 Remote Fast Query Execution  (cost=0.00..0.00 rows=0 width=0) (actual time=166513.970..166524.734 rows=100 loops=1)
   Node/s: dn2
 Planning time: 0.238 ms
 Execution time: 166524.761 ms
(4 rows)

