                                                                    QUERY PLAN                                                                    
--------------------------------------------------------------------------------------------------------------------------------------------------
 Limit  (cost=10002714321.66..10002714321.67 rows=1 width=32) (actual time=21485.671..21485.673 rows=1 loops=1)
   ->  Remote Subquery Scan on all (dn1)  (cost=10002714321.66..10002714321.67 rows=1 width=32) (actual time=21485.669..21485.670 rows=1 loops=1)
 Planning time: 1.529 ms
 Execution time: 21487.878 ms
(4 rows)

