                                                    QUERY PLAN                                                     
-------------------------------------------------------------------------------------------------------------------
 Remote Fast Query Execution  (cost=0.00..0.00 rows=0 width=0) (actual time=94691.769..94691.808 rows=100 loops=1)
   Node/s: dn4
 Planning time: 0.059 ms
 Execution time: 94691.830 ms
(4 rows)

