                                                     QUERY PLAN                                                     
--------------------------------------------------------------------------------------------------------------------
 Remote Fast Query Execution  (cost=0.00..0.00 rows=0 width=0) (actual time=160027.415..160040.145 rows=37 loops=1)
   Node/s: dn4
 Planning time: 0.397 ms
 Execution time: 160040.173 ms
(4 rows)

