                                                                   QUERY PLAN                                                                    
-------------------------------------------------------------------------------------------------------------------------------------------------
 Limit  (cost=4139692.18..4139692.93 rows=100 width=138) (actual time=100969.327..100969.378 rows=100 loops=1)
   ->  Remote Subquery Scan on all (dn1)  (cost=4139692.18..4139692.93 rows=100 width=138) (actual time=100969.325..100969.359 rows=100 loops=1)
 Planning time: 1.902 ms
 Execution time: 100992.490 ms
(4 rows)

