                                                                 QUERY PLAN                                                                 
--------------------------------------------------------------------------------------------------------------------------------------------
 Limit  (cost=2718236.51..2718236.53 rows=1 width=32) (actual time=122772.153..122772.156 rows=1 loops=1)
   ->  Remote Subquery Scan on all (dn2)  (cost=2718236.51..2718236.53 rows=1 width=32) (actual time=122772.150..122772.152 rows=1 loops=1)
 Planning time: 0.737 ms
 Execution time: 122774.505 ms
(4 rows)

