                                                     QUERY PLAN                                                      
---------------------------------------------------------------------------------------------------------------------
 Remote Fast Query Execution  (cost=0.00..0.00 rows=0 width=0) (actual time=105092.914..105093.314 rows=100 loops=1)
   Node/s: dn3
 Planning time: 0.227 ms
 Execution time: 105093.342 ms
(4 rows)

