                                                                   QUERY PLAN                                                                    
-------------------------------------------------------------------------------------------------------------------------------------------------
 Limit  (cost=8362785.07..8362785.82 rows=100 width=201) (actual time=320100.723..320100.772 rows=100 loops=1)
   ->  Remote Subquery Scan on all (dn6)  (cost=8362785.07..8362785.82 rows=100 width=201) (actual time=320100.720..320100.754 rows=100 loops=1)
 Planning time: 0.602 ms
 Execution time: 320452.006 ms
(4 rows)

