                                                                     QUERY PLAN                                                                      
-----------------------------------------------------------------------------------------------------------------------------------------------------
 Limit  (cost=50032783637.69..50032783637.86 rows=1 width=288) (actual time=493789.770..493789.773 rows=1 loops=1)
   ->  Remote Subquery Scan on all (dn4)  (cost=50032783637.69..50032783637.86 rows=1 width=288) (actual time=493789.768..493789.770 rows=1 loops=1)
 Planning time: 2.576 ms
 Execution time: 493793.073 ms
(4 rows)

