                                                                   QUERY PLAN                                                                    
-------------------------------------------------------------------------------------------------------------------------------------------------
 Limit  (cost=6658429.07..6658429.82 rows=100 width=163) (actual time=135962.822..135962.871 rows=100 loops=1)
   ->  Remote Subquery Scan on all (dn3)  (cost=6658429.07..6658429.82 rows=100 width=163) (actual time=135962.819..135962.853 rows=100 loops=1)
 Planning time: 0.615 ms
 Execution time: 135964.777 ms
(4 rows)

