                                                     QUERY PLAN                                                      
---------------------------------------------------------------------------------------------------------------------
 Remote Fast Query Execution  (cost=0.00..0.00 rows=0 width=0) (actual time=662357.016..662357.048 rows=100 loops=1)
   Node/s: dn6
 Planning time: 0.405 ms
 Execution time: 662357.072 ms
(4 rows)

