                                                               QUERY PLAN                                                                
-----------------------------------------------------------------------------------------------------------------------------------------
 Remote Subquery Scan on all (dn1)  (cost=4070029.44..4070041.01 rows=4628 width=77) (actual time=96216.449..96216.495 rows=129 loops=1)
 Planning time: 1.216 ms
 Execution time: 96218.096 ms
(3 rows)

