                                                                     QUERY PLAN                                                                      
-----------------------------------------------------------------------------------------------------------------------------------------------------
 Limit  (cost=3307504949.69..3307504950.69 rows=100 width=51) (actual time=162271.122..162271.146 rows=49 loops=1)
   ->  Remote Subquery Scan on all (dn5)  (cost=3307504949.69..3307504950.69 rows=100 width=51) (actual time=162271.120..162271.136 rows=49 loops=1)
 Planning time: 1.286 ms
 Execution time: 162276.979 ms
(4 rows)

