                                                     QUERY PLAN                                                      
---------------------------------------------------------------------------------------------------------------------
 Remote Fast Query Execution  (cost=0.00..0.00 rows=0 width=0) (actual time=148556.349..148556.400 rows=100 loops=1)
   Node/s: dn3
 Planning time: 0.086 ms
 Execution time: 148556.660 ms
(4 rows)

