                                                    QUERY PLAN                                                     
-------------------------------------------------------------------------------------------------------------------
 Remote Fast Query Execution  (cost=0.00..0.00 rows=0 width=0) (actual time=69791.637..69791.668 rows=100 loops=1)
   Node/s: dn4
 Planning time: 0.209 ms
 Execution time: 69791.690 ms
(4 rows)

