                                                     QUERY PLAN                                                      
---------------------------------------------------------------------------------------------------------------------
 Remote Fast Query Execution  (cost=0.00..0.00 rows=0 width=0) (actual time=165222.086..165222.118 rows=100 loops=1)
   Node/s: dn3
 Planning time: 0.053 ms
 Execution time: 165222.140 ms
(4 rows)

