                                                                 QUERY PLAN                                                                 
--------------------------------------------------------------------------------------------------------------------------------------------
 Remote Subquery Scan on all (dn2)  (cost=8087098.57..8087100.17 rows=639 width=95) (actual time=155394.470..155421.572 rows=61996 loops=1)
 Planning time: 1.331 ms
 Execution time: 155426.537 ms
(3 rows)

