                                                     QUERY PLAN                                                      
---------------------------------------------------------------------------------------------------------------------
 Remote Fast Query Execution  (cost=0.00..0.00 rows=0 width=0) (actual time=170863.357..170863.398 rows=100 loops=1)
   Node/s: dn5
 Planning time: 0.385 ms
 Execution time: 170863.428 ms
(4 rows)

