                                                                                                             QUERY PLAN                                                                                                             
------------------------------------------------------------------------------------------------------------------------------------------------------------------------------------------------------------------------------------
 Limit  (cost=197993.16..197993.41 rows=100 width=246) (actual time=5724.090..5724.100 rows=100 loops=1)
   CTE customer_total_return
     ->  Remote Subquery Scan on all (dn4)  (cost=129753.74..132481.16 rows=21579 width=39) (actual time=1943.554..3319.512 rows=1310555 loops=1)
   ->  Sort  (cost=65512.00..65512.54 rows=216 width=246) (actual time=5724.088..5724.092 rows=100 loops=1)
         Sort Key: c_customer_id, c_salutation, c_first_name, c_last_name, c_preferred_cust_flag, c_birth_day, c_birth_month, c_birth_year, c_birth_country, c_login, c_email_address, c_last_review_date_sk, ctr1.ctr_total_return
         Sort Method: top-N heapsort  Memory: 67kB
         ->  Hash Join  (cost=64985.80..65503.74 rows=216 width=246) (actual time=5206.083..5718.817 rows=9095 loops=1)
               Hash Cond: (ctr1.ctr_customer_sk = c_customer_sk)
               ->  Hash Join  (cost=546.48..1035.28 rows=7193 width=36) (actual time=4646.919..5120.645 rows=320745 loops=1)
                     Hash Cond: (ctr1.ctr_state = avg_ctr2.ctr_state)
                     Join Filter: (ctr1.ctr_total_return > (avg_ctr2.avg_total_return * 1.2))
                     Rows Removed by Join Filter: 950149
                     ->  CTE Scan on customer_total_return ctr1  (cost=0.00..431.58 rows=21579 width=48) (actual time=1943.577..2023.482 rows=1310555 loops=1)
                     ->  Hash  (cost=543.98..543.98 rows=200 width=44) (actual time=2703.321..2703.321 rows=51 loops=1)
                           Buckets: 1024  Batches: 1  Memory Usage: 11kB
                           ->  Subquery Scan on avg_ctr2  (cost=539.48..543.98 rows=200 width=44) (actual time=2703.186..2703.295 rows=52 loops=1)
                                 ->  HashAggregate  (cost=539.48..541.98 rows=200 width=44) (actual time=2703.184..2703.280 rows=52 loops=1)
                                       Group Key: customer_total_return.ctr_state
                                       ->  CTE Scan on customer_total_return  (cost=0.00..431.58 rows=21579 width=44) (actual time=0.001..2257.373 rows=1310555 loops=1)
               ->  Hash  (cost=72134.38..72134.38 rows=36081 width=218) (actual time=558.923..558.923 rows=56712 loops=1)
                     Buckets: 65536  Batches: 1  Memory Usage: 11660kB
                     ->  Remote Subquery Scan on all (dn6)  (cost=20965.50..72134.38 rows=36081 width=218) (actual time=132.062..387.976 rows=56712 loops=1)
 Planning time: 1.429 ms
 Execution time: 5749.121 ms
(24 rows)

