                                                                QUERY PLAN                                                                
------------------------------------------------------------------------------------------------------------------------------------------
 Limit  (cost=10008184057.20..10008184057.21 rows=1 width=96) (actual time=4.988..4.990 rows=1 loops=1)
   ->  Remote Subquery Scan on all (dn4)  (cost=10008184057.20..10008184057.21 rows=1 width=96) (actual time=4.986..4.988 rows=1 loops=1)
 Planning time: 2.239 ms
 Execution time: 6.487 ms
(4 rows)

