                                                                 QUERY PLAN                                                                 
--------------------------------------------------------------------------------------------------------------------------------------------
 Remote Subquery Scan on all (dn1)  (cost=4080299.58..4080384.26 rows=33873 width=77) (actual time=98566.389..98586.146 rows=30151 loops=1)
 Planning time: 0.555 ms
 Execution time: 98598.292 ms
(3 rows)

