                                                   QUERY PLAN                                                    
-----------------------------------------------------------------------------------------------------------------
 Remote Fast Query Execution  (cost=0.00..0.00 rows=0 width=0) (actual time=3759.714..3759.746 rows=100 loops=1)
   Node/s: dn6
 Planning time: 0.073 ms
 Execution time: 3759.764 ms
(4 rows)

