                                                     QUERY PLAN                                                     
--------------------------------------------------------------------------------------------------------------------
 Remote Fast Query Execution  (cost=0.00..0.00 rows=0 width=0) (actual time=183579.678..183579.690 rows=27 loops=1)
   Node/s: dn6
 Planning time: 0.328 ms
 Execution time: 183579.713 ms
(4 rows)

