                                                     QUERY PLAN                                                     
--------------------------------------------------------------------------------------------------------------------
 Remote Fast Query Execution  (cost=0.00..0.00 rows=0 width=0) (actual time=165802.538..165802.544 rows=12 loops=1)
   Node/s: dn3
 Planning time: 0.156 ms
 Execution time: 165802.565 ms
(4 rows)

