                                                    QUERY PLAN                                                     
-------------------------------------------------------------------------------------------------------------------
 Remote Fast Query Execution  (cost=0.00..0.00 rows=0 width=0) (actual time=103760.646..103760.650 rows=5 loops=1)
   Node/s: dn2
 Planning time: 0.201 ms
 Execution time: 103760.669 ms
(4 rows)

