                                                                  QUERY PLAN                                                                  
----------------------------------------------------------------------------------------------------------------------------------------------
 Remote Subquery Scan on all (dn4)  (cost=70032135624.96..70032135625.19 rows=1 width=64) (actual time=708188.322..708188.323 rows=1 loops=1)
 Planning time: 7.842 ms
 Execution time: 708191.114 ms
(3 rows)

