                                                                                                                              QUERY PLAN                                                                                                                               
-----------------------------------------------------------------------------------------------------------------------------------------------------------------------------------------------------------------------------------------------------------------------
 Limit  (cost=4579124.53..4579124.53 rows=1 width=282) (actual time=424746.529..424746.537 rows=100 loops=1)
   CTE v1
     ->  WindowAgg  (cost=4063522.89..4261747.14 rows=1009311 width=194) (actual time=364479.776..424121.289 rows=121165 loops=1)
           ->  WindowAgg  (cost=4063522.89..4233991.08 rows=1009311 width=186) (actual time=364479.769..423814.482 rows=121165 loops=1)
                 ->  Remote Subquery Scan on all (dn4)  (cost=4063522.89..4208758.31 rows=1009311 width=154) (actual time=364479.713..423166.899 rows=121165 loops=1)
   CTE v2
     ->  Hash Join  (cost=277004.89..317377.34 rows=1 width=250) (actual time=424584.592..424650.744 rows=72800 loops=1)
           Hash Cond: ((v1_lead.i_category = v1.i_category) AND (v1_lead.i_brand = v1.i_brand) AND ((v1_lead.s_store_name)::text = (v1.s_store_name)::text) AND ((v1_lead.s_company_name)::text = (v1.s_company_name)::text) AND ((v1_lead.rn - 1) = v1.rn))
           ->  CTE Scan on v1 v1_lead  (cost=0.00..20186.22 rows=1009311 width=684) (actual time=364479.780..364491.632 rows=121165 loops=1)
           ->  Hash  (cost=277004.82..277004.82 rows=3 width=1404) (actual time=60104.774..60104.774 rows=81360 loops=1)
                 Buckets: 131072 (originally 1024)  Batches: 1 (originally 1)  Memory Usage: 26288kB
                 ->  Merge Join  (cost=241678.91..277004.82 rows=3 width=1404) (actual time=59997.356..60063.898 rows=81360 loops=1)
                       Merge Cond: ((v1.i_category = v1_lag.i_category) AND (v1.i_brand = v1_lag.i_brand) AND ((v1.s_store_name)::text = (v1_lag.s_store_name)::text) AND ((v1.s_company_name)::text = (v1_lag.s_company_name)::text) AND (v1.rn = ((v1_lag.rn + 1))))
                       ->  Sort  (cost=120839.45..123362.73 rows=1009311 width=720) (actual time=59932.461..59935.930 rows=110279 loops=1)
                             Sort Key: v1.i_category, v1.i_brand, v1.s_store_name, v1.s_company_name, v1.rn
                             Sort Method: quicksort  Memory: 33681kB
                             ->  CTE Scan on v1  (cost=0.00..20186.22 rows=1009311 width=720) (actual time=0.002..59819.031 rows=121165 loops=1)
                       ->  Sort  (cost=120839.45..123362.73 rows=1009311 width=684) (actual time=64.882..68.545 rows=110102 loops=1)
                             Sort Key: v1_lag.i_category, v1_lag.i_brand, v1_lag.s_store_name, v1_lag.s_company_name, ((v1_lag.rn + 1))
                             Sort Method: quicksort  Memory: 33679kB
                             ->  CTE Scan on v1 v1_lag  (cost=0.00..20186.22 rows=1009311 width=684) (actual time=0.001..15.929 rows=121165 loops=1)
   ->  Sort  (cost=0.05..0.06 rows=1 width=282) (actual time=424746.528..424746.531 rows=100 loops=1)
         Sort Key: ((v2.sum_sales - v2.avg_monthly_sales)), v2.nsum
         Sort Method: top-N heapsort  Memory: 49kB
         ->  CTE Scan on v2  (cost=0.00..0.04 rows=1 width=282) (actual time=424584.599..424728.953 rows=72434 loops=1)
               Filter: ((avg_monthly_sales > '0'::numeric) AND (d_year = 2001) AND (CASE WHEN (avg_monthly_sales > '0'::numeric) THEN (abs((sum_sales - avg_monthly_sales)) / avg_monthly_sales) ELSE NULL::numeric END > 0.1))
               Rows Removed by Filter: 366
 Planning time: 2.031 ms
 Execution time: 425471.366 ms
(29 rows)

