                                                 QUERY PLAN                                                  
-------------------------------------------------------------------------------------------------------------
 Remote Fast Query Execution  (cost=0.00..0.00 rows=0 width=0) (actual time=419.793..419.795 rows=1 loops=1)
   Node/s: dn1
 Planning time: 0.102 ms
 Execution time: 419.805 ms
(4 rows)

