                                                  QUERY PLAN                                                  
--------------------------------------------------------------------------------------------------------------
 Remote Fast Query Execution  (cost=0.00..0.00 rows=0 width=0) (actual time=104.151..104.156 rows=10 loops=1)
   Node/s: dn1
 Planning time: 0.147 ms
 Execution time: 104.172 ms
(4 rows)

