                                                  QUERY PLAN                                                   
---------------------------------------------------------------------------------------------------------------
 Remote Fast Query Execution  (cost=0.00..0.00 rows=0 width=0) (actual time=104.425..104.464 rows=100 loops=1)
   Node/s: dn1
 Planning time: 0.050 ms
 Execution time: 104.482 ms
(4 rows)

