                                                                                                                                                                                                        QUERY PLAN                                                                                                                                                                                                        
--------------------------------------------------------------------------------------------------------------------------------------------------------------------------------------------------------------------------------------------------------------------------------------------------------------------------------------------------------------------------------------------------------------------------
 Limit  (cost=317965.37..317965.62 rows=100 width=180) (actual time=18761.611..18761.627 rows=100 loops=1)
   CTE ws
     ->  Remote Subquery Scan on all (dn1)  (cost=47016.37..51450.13 rows=295584 width=84) (actual time=945.550..1351.852 rows=647429 loops=1)
   CTE cs
     ->  Remote Subquery Scan on all (dn1)  (cost=92382.74..100270.12 rows=525825 width=84) (actual time=1947.768..2776.095 rows=1290853 loops=1)
   CTE ss
     ->  Remote Subquery Scan on all (dn1)  (cost=139048.68..142388.88 rows=222680 width=84) (actual time=8462.461..10038.603 rows=2449192 loops=1)
   ->  Sort  (cost=23856.24..23857.79 rows=618 width=180) (actual time=18761.610..18761.619 rows=100 loops=1)
         Sort Key: ss.ss_customer_sk, ss.ss_qty DESC, ss.ss_wc DESC, ss.ss_sp DESC, ((COALESCE(ws.ws_qty, '0'::bigint) + COALESCE(cs.cs_qty, '0'::bigint))), ((COALESCE(ws.ws_wc, '0'::numeric) + COALESCE(cs.cs_wc, '0'::numeric))), ((COALESCE(ws.ws_sp, '0'::numeric) + COALESCE(cs.cs_sp, '0'::numeric))), (round(((ss.ss_qty / (COALESCE(ws.ws_qty, '0'::bigint) + COALESCE(cs.cs_qty, '0'::bigint))))::numeric, 2))
         Sort Method: quicksort  Memory: 50kB
         ->  Merge Left Join  (cost=23775.47..23832.63 rows=618 width=180) (actual time=18500.538..18761.536 rows=178 loops=1)
               Merge Cond: ((ss.ss_item_sk = ws.ws_item_sk) AND (ss.ss_customer_sk = ws.ws_customer_sk))
               Join Filter: (ws.ws_sold_year = ss.ss_sold_year)
               Filter: ((COALESCE(ws.ws_qty, '0'::bigint) > 0) OR (COALESCE(cs.cs_qty, '0'::bigint) > 0))
               Rows Removed by Filter: 490259
               ->  Merge Left Join  (cost=17047.01..17075.99 rows=1113 width=156) (actual time=16528.322..16730.413 rows=490437 loops=1)
                     Merge Cond: ((ss.ss_item_sk = cs.cs_item_sk) AND (ss.ss_customer_sk = cs.cs_customer_sk))
                     Join Filter: (cs.cs_sold_year = ss.ss_sold_year)
                     ->  Sort  (cost=5066.62..5069.40 rows=1113 width=84) (actual time=12474.478..12536.738 rows=490437 loops=1)
                           Sort Key: ss.ss_item_sk, ss.ss_customer_sk
                           Sort Method: quicksort  Memory: 50495kB
                           ->  CTE Scan on ss  (cost=0.00..5010.30 rows=1113 width=84) (actual time=8462.510..12221.125 rows=490437 loops=1)
                                 Filter: (ss_sold_year = 1998)
                                 Rows Removed by Filter: 1958755
                     ->  Sort  (cost=11980.39..11986.97 rows=2629 width=84) (actual time=4053.837..4084.721 rows=257020 loops=1)
                           Sort Key: cs.cs_item_sk, cs.cs_customer_sk
                           Sort Method: quicksort  Memory: 26213kB
                           ->  CTE Scan on cs  (cost=0.00..11831.06 rows=2629 width=84) (actual time=1947.840..3885.808 rows=257020 loops=1)
                                 Filter: (cs_sold_year = 1998)
                                 Rows Removed by Filter: 1033833
               ->  Sort  (cost=6728.45..6732.15 rows=1478 width=84) (actual time=1971.794..1982.322 rows=128881 loops=1)
                     Sort Key: ws.ws_item_sk, ws.ws_customer_sk
                     Sort Method: quicksort  Memory: 13141kB
                     ->  CTE Scan on ws  (cost=0.00..6650.64 rows=1478 width=84) (actual time=945.589..1898.075 rows=128881 loops=1)
                           Filter: (ws_sold_year = 1998)
                           Rows Removed by Filter: 518548
 Planning time: 1.472 ms
 Execution time: 18901.261 ms
(38 rows)

