                                                 QUERY PLAN                                                  
-------------------------------------------------------------------------------------------------------------
 Remote Fast Query Execution  (cost=0.00..0.00 rows=0 width=0) (actual time=234.380..234.380 rows=0 loops=1)
   Node/s: dn1
 Planning time: 0.328 ms
 Execution time: 234.398 ms
(4 rows)

