                                                                                                             QUERY PLAN                                                                                                             
------------------------------------------------------------------------------------------------------------------------------------------------------------------------------------------------------------------------------------
 Limit  (cost=4065.46..4065.46 rows=3 width=246) (actual time=77.082..77.087 rows=63 loops=1)
   CTE customer_total_return
     ->  GroupAggregate  (cost=2581.33..2591.18 rows=358 width=39) (actual time=22.662..41.983 rows=13143 loops=1)
           Group Key: wr_returning_customer_sk, ca_state
           ->  Remote Subquery Scan on all (dn1)  (cost=2581.33..2584.02 rows=358 width=13) (actual time=22.630..29.312 rows=13297 loops=1)
   ->  Sort  (cost=1474.28..1474.29 rows=3 width=246) (actual time=77.081..77.083 rows=63 loops=1)
         Sort Key: c_customer_id, c_salutation, c_first_name, c_last_name, c_preferred_cust_flag, c_birth_day, c_birth_month, c_birth_year, c_birth_country, c_login, c_email_address, c_last_review_date_sk, ctr1.ctr_total_return
         Sort Method: quicksort  Memory: 41kB
         ->  Hash Join  (cost=456.43..1474.26 rows=3 width=246) (actual time=61.729..76.929 rows=63 loops=1)
               Hash Cond: (c_customer_sk = ctr1.ctr_customer_sk)
               ->  Remote Subquery Scan on all (dn1)  (cost=530.88..1667.86 rows=580 width=218) (actual time=7.588..16.747 rows=2320 loops=1)
               ->  Hash  (cost=24.07..24.07 rows=119 width=36) (actual time=54.020..54.020 rows=3185 loops=1)
                     Buckets: 4096 (originally 1024)  Batches: 1 (originally 1)  Memory Usage: 170kB
                     ->  Hash Join  (cost=15.95..24.07 rows=119 width=36) (actual time=49.087..53.706 rows=3204 loops=1)
                           Hash Cond: (ctr1.ctr_state = avg_ctr2.ctr_state)
                           Join Filter: (ctr1.ctr_total_return > (avg_ctr2.avg_total_return * 1.2))
                           Rows Removed by Join Filter: 9526
                           ->  CTE Scan on customer_total_return ctr1  (cost=0.00..7.16 rows=358 width=48) (actual time=22.666..23.333 rows=13143 loops=1)
                           ->  Hash  (cost=13.45..13.45 rows=200 width=44) (actual time=26.408..26.408 rows=51 loops=1)
                                 Buckets: 1024  Batches: 1  Memory Usage: 11kB
                                 ->  Subquery Scan on avg_ctr2  (cost=8.95..13.45 rows=200 width=44) (actual time=26.376..26.401 rows=52 loops=1)
                                       ->  HashAggregate  (cost=8.95..11.45 rows=200 width=44) (actual time=26.375..26.396 rows=52 loops=1)
                                             Group Key: customer_total_return.ctr_state
                                             ->  CTE Scan on customer_total_return  (cost=0.00..7.16 rows=358 width=44) (actual time=0.001..22.476 rows=13143 loops=1)
 Planning time: 1.390 ms
 Execution time: 80.152 ms
(26 rows)

