                                                                QUERY PLAN                                                                
------------------------------------------------------------------------------------------------------------------------------------------
 GroupAggregate  (cost=79210.48..79210.51 rows=1 width=358) (actual time=15.869..15.869 rows=0 loops=1)
   Group Key: ssales.c_last_name, ssales.c_first_name, ssales.s_store_name
   Filter: (sum(ssales.netpaid) > $2)
   CTE ssales
     ->  GroupAggregate  (cost=79210.36..79210.41 rows=1 width=158) (actual time=15.861..15.861 rows=0 loops=1)
           Group Key: c_last_name, c_first_name, s_store_name, ca_state, s_state, i_color, i_current_price, i_manager_id, i_units, i_size
           ->  Remote Subquery Scan on all (dn1)  (cost=79210.36..79210.37 rows=1 width=132) (actual time=15.860..15.861 rows=0 loops=1)
   InitPlan 2 (returns $2)
     ->  Aggregate  (cost=0.02..0.04 rows=1 width=32) (never executed)
           ->  CTE Scan on ssales ssales_1  (cost=0.00..0.02 rows=1 width=32) (never executed)
   ->  Sort  (cost=0.03..0.04 rows=1 width=358) (actual time=15.868..15.868 rows=0 loops=1)
         Sort Key: ssales.c_last_name, ssales.c_first_name, ssales.s_store_name
         Sort Method: quicksort  Memory: 25kB
         ->  CTE Scan on ssales  (cost=0.00..0.02 rows=1 width=358) (actual time=15.862..15.862 rows=0 loops=1)
               Filter: (i_color = 'aquamarine'::bpchar)
 Planning time: 1.928 ms
 Execution time: 17.542 ms
(17 rows)

 c_last_name | c_first_name | s_store_name | paid 
-------------+--------------+--------------+------
(0 rows)

