                                                  QUERY PLAN                                                  
--------------------------------------------------------------------------------------------------------------
 Remote Fast Query Execution  (cost=0.00..0.00 rows=0 width=0) (actual time=114.373..114.384 rows=31 loops=1)
   Node/s: dn1
 Planning time: 0.059 ms
 Execution time: 114.398 ms
(4 rows)

