                                                 QUERY PLAN                                                  
-------------------------------------------------------------------------------------------------------------
 Remote Fast Query Execution  (cost=0.00..0.00 rows=0 width=0) (actual time=120.840..120.842 rows=1 loops=1)
   Node/s: dn1
 Planning time: 0.050 ms
 Execution time: 120.853 ms
(4 rows)

