                                                   QUERY PLAN                                                    
-----------------------------------------------------------------------------------------------------------------
 Remote Fast Query Execution  (cost=0.00..0.00 rows=0 width=0) (actual time=2157.264..2157.327 rows=100 loops=1)
   Node/s: dn1
 Planning time: 0.383 ms
 Execution time: 2157.347 ms
(4 rows)

