                                                  QUERY PLAN                                                   
---------------------------------------------------------------------------------------------------------------
 Remote Fast Query Execution  (cost=0.00..0.00 rows=0 width=0) (actual time=131.374..131.409 rows=100 loops=1)
   Node/s: dn1
 Planning time: 0.236 ms
 Execution time: 131.433 ms
(4 rows)

