                                                 QUERY PLAN                                                  
-------------------------------------------------------------------------------------------------------------
 Remote Fast Query Execution  (cost=0.00..0.00 rows=0 width=0) (actual time=126.124..126.126 rows=1 loops=1)
   Node/s: dn1
 Planning time: 0.342 ms
 Execution time: 126.173 ms
(4 rows)

