                                                  QUERY PLAN                                                   
---------------------------------------------------------------------------------------------------------------
 Remote Fast Query Execution  (cost=0.00..0.00 rows=0 width=0) (actual time=464.376..464.422 rows=100 loops=1)
   Node/s: dn1
 Planning time: 0.316 ms
 Execution time: 464.449 ms
(4 rows)

