                                                 QUERY PLAN                                                  
-------------------------------------------------------------------------------------------------------------
 Remote Fast Query Execution  (cost=0.00..0.00 rows=0 width=0) (actual time=461.795..461.797 rows=1 loops=1)
   Node/s: dn1
 Planning time: 0.097 ms
 Execution time: 461.808 ms
(4 rows)

