                                                                                                                                              QUERY PLAN                                                                                                                                              
------------------------------------------------------------------------------------------------------------------------------------------------------------------------------------------------------------------------------------------------------------------------------------------------------
 Limit  (cost=82193.55..82193.56 rows=1 width=36) (actual time=0.428..0.429 rows=0 loops=1)
   ->  Sort  (cost=82193.55..82193.56 rows=1 width=36) (actual time=0.427..0.427 rows=0 loops=1)
         Sort Key: (sum(CASE WHEN (store_returns.sr_return_quantity IS NOT NULL) THEN (((store_sales.ss_quantity - store_returns.sr_return_quantity))::numeric * store_sales.ss_sales_price) ELSE ((store_sales.ss_quantity)::numeric * store_sales.ss_sales_price) END)), store_sales.ss_customer_sk
         Sort Method: quicksort  Memory: 25kB
         ->  GroupAggregate  (cost=82193.50..82193.54 rows=1 width=36) (actual time=0.417..0.417 rows=0 loops=1)
               Group Key: store_sales.ss_customer_sk
               ->  Remote Subquery Scan on all (dn1)  (cost=82193.50..82193.51 rows=1 width=18) (actual time=0.416..0.416 rows=0 loops=1)
 Planning time: 1.595 ms
 Execution time: 1.619 ms
(9 rows)

SET
