                                                 QUERY PLAN                                                  
-------------------------------------------------------------------------------------------------------------
 Remote Fast Query Execution  (cost=0.00..0.00 rows=0 width=0) (actual time=88.114..88.166 rows=100 loops=1)
   Node/s: dn1
 Planning time: 0.218 ms
 Execution time: 88.191 ms
(4 rows)

