                                                                                                                                     QUERY PLAN                                                                                                                                     
------------------------------------------------------------------------------------------------------------------------------------------------------------------------------------------------------------------------------------------------------------------------------------
 Limit  (cost=831518.32..831518.33 rows=1 width=480) (actual time=4695.379..4695.385 rows=95 loops=1)
   CTE year_total
     ->  Append  (cost=292152.77..453556.91 rows=3599604 width=255) (actual time=3305.043..4451.898 rows=247230 loops=1)
           ->  Finalize HashAggregate  (cost=292152.77..328155.52 rows=2880220 width=255) (actual time=3305.043..3417.860 rows=190581 loops=1)
                 Group Key: c_customer_id, c_first_name, c_last_name, c_preferred_cust_flag, c_birth_country, c_login, c_email_address, d_year
                 ->  Remote Subquery Scan on all (dn1)  (cost=169743.42..220147.27 rows=2880220 width=223) (actual time=2871.897..2967.833 rows=190581 loops=1)
           ->  Finalize HashAggregate  (cost=80413.06..89405.36 rows=719384 width=255) (actual time=993.035..1023.760 rows=56649 loops=1)
                 Group Key: c_customer_id, c_first_name, c_last_name, c_preferred_cust_flag, c_birth_country, c_login, c_email_address, d_year
                 ->  Remote Subquery Scan on all (dn1)  (cost=49839.24..62428.46 rows=719384 width=223) (actual time=855.744..888.030 rows=56649 loops=1)
   ->  Sort  (cost=377961.41..377961.41 rows=1 width=480) (actual time=4695.377..4695.380 rows=95 loops=1)
         Sort Key: t_s_secyear.customer_id, t_s_secyear.customer_first_name, t_s_secyear.customer_last_name, t_s_secyear.customer_email_address
         Sort Method: quicksort  Memory: 49kB
         ->  Hash Join  (cost=278971.94..377961.40 rows=1 width=480) (actual time=4647.725..4695.210 rows=95 loops=1)
               Hash Cond: (t_s_secyear.customer_id = t_w_secyear.customer_id)
               Join Filter: (CASE WHEN (t_w_firstyear.year_total > '0'::numeric) THEN (t_w_secyear.year_total / t_w_firstyear.year_total) ELSE 0.0 END > CASE WHEN (t_s_firstyear.year_total > '0'::numeric) THEN (t_s_secyear.year_total / t_s_firstyear.year_total) ELSE 0.0 END)
               Rows Removed by Join Filter: 108
               ->  Hash Join  (cost=188980.71..287970.12 rows=2 width=712) (actual time=80.259..129.412 rows=1680 loops=1)
                     Hash Cond: (t_s_firstyear.customer_id = t_s_secyear.customer_id)
                     ->  Hash Join  (cost=98989.49..197978.82 rows=4 width=200) (actual time=41.306..89.437 rows=4332 loops=1)
                           Hash Cond: (t_s_firstyear.customer_id = t_w_firstyear.customer_id)
                           ->  CTE Scan on year_total t_s_firstyear  (cost=0.00..98989.11 rows=30 width=100) (actual time=0.004..44.096 rows=37991 loops=1)
                                 Filter: ((year_total > '0'::numeric) AND (sale_type = 's'::text) AND (dyear = 1998))
                                 Rows Removed by Filter: 209239
                           ->  Hash  (cost=98989.11..98989.11 rows=30 width=100) (actual time=41.287..41.287 rows=11309 loops=1)
                                 Buckets: 16384 (originally 1024)  Batches: 1 (originally 1)  Memory Usage: 768kB
                                 ->  CTE Scan on year_total t_w_firstyear  (cost=0.00..98989.11 rows=30 width=100) (actual time=29.757..39.651 rows=11309 loops=1)
                                       Filter: ((year_total > '0'::numeric) AND (sale_type = 'w'::text) AND (dyear = 1998))
                                       Rows Removed by Filter: 235921
                     ->  Hash  (cost=89990.10..89990.10 rows=90 width=512) (actual time=38.943..38.943 rows=37708 loops=1)
                           Buckets: 65536 (originally 1024)  Batches: 1 (originally 1)  Memory Usage: 6306kB
                           ->  CTE Scan on year_total t_s_secyear  (cost=0.00..89990.10 rows=90 width=512) (actual time=0.002..29.816 rows=37708 loops=1)
                                 Filter: ((sale_type = 's'::text) AND (dyear = 1999))
                                 Rows Removed by Filter: 209522
               ->  Hash  (cost=89990.10..89990.10 rows=90 width=100) (actual time=4565.288..4565.288 rows=11256 loops=1)
                     Buckets: 16384 (originally 1024)  Batches: 1 (originally 1)  Memory Usage: 765kB
                     ->  CTE Scan on year_total t_w_secyear  (cost=0.00..89990.10 rows=90 width=100) (actual time=4504.165..4563.695 rows=11256 loops=1)
                           Filter: ((sale_type = 'w'::text) AND (dyear = 1999))
                           Rows Removed by Filter: 235974
 Planning time: 0.597 ms
 Execution time: 4757.058 ms
(40 rows)

