                                                  QUERY PLAN                                                   
---------------------------------------------------------------------------------------------------------------
 Remote Fast Query Execution  (cost=0.00..0.00 rows=0 width=0) (actual time=229.524..229.568 rows=100 loops=1)
   Node/s: dn1
 Planning time: 0.216 ms
 Execution time: 229.592 ms
(4 rows)

