                                                  QUERY PLAN                                                   
---------------------------------------------------------------------------------------------------------------
 Remote Fast Query Execution  (cost=0.00..0.00 rows=0 width=0) (actual time=533.536..533.588 rows=100 loops=1)
   Node/s: dn1
 Planning time: 0.081 ms
 Execution time: 533.841 ms
(4 rows)

