                                                                                                                          QUERY PLAN                                                                                                                          
--------------------------------------------------------------------------------------------------------------------------------------------------------------------------------------------------------------------------------------------------------------
 Sort  (cost=159191.01..159191.02 rows=1 width=1310) (actual time=4488.943..4488.943 rows=8 loops=1)
   Sort Key: cs1.product_name, cs1.store_name, cs2.cnt, cs1.s1, cs2.s1
   Sort Method: quicksort  Memory: 27kB
   CTE cs_ui
     ->  Remote Subquery Scan on all (dn1)  (cost=53144.90..53160.13 rows=104 width=68) (actual time=423.414..498.146 rows=17169 loops=1)
   CTE cross_sales
     ->  GroupAggregate  (cost=106030.71..106030.78 rows=1 width=267) (actual time=4488.794..4488.847 rows=55 loops=1)
           Group Key: i_item_sk, s_store_name, s_zip, ca_street_number, ca_street_name, ca_city, ca_zip, ca_street_number, ca_street_name, ca_city, ca_zip, d_year, d_year, d_year
           ->  Sort  (cost=106030.71..106030.72 rows=1 width=178) (actual time=4488.784..4488.786 rows=55 loops=1)
                 Sort Key: i_item_sk, s_store_name, s_zip, ca_street_number, ca_street_name, ca_city, ca_zip, ca_street_number, ca_street_name, ca_city, ca_zip, d_year, d_year, d_year
                 Sort Method: quicksort  Memory: 39kB
                 ->  Hash Join  (cost=96208.19..106030.70 rows=1 width=178) (actual time=4293.029..4488.692 rows=55 loops=1)
                       Hash Cond: (ss_addr_sk = ca_address_sk)
                       ->  Hash Join  (cost=95655.94..105478.45 rows=1 width=142) (actual time=4193.411..4389.033 rows=55 loops=1)
                             Hash Cond: (hd_income_band_sk = ib_income_band_sk)
                             ->  Hash Join  (cost=95600.04..105422.55 rows=1 width=146) (actual time=4167.893..4363.494 rows=55 loops=1)
                                   Hash Cond: (hd_income_band_sk = ib_income_band_sk)
                                   ->  Hash Join  (cost=95544.14..105366.65 rows=1 width=150) (actual time=4142.632..4338.210 rows=55 loops=1)
                                         Hash Cond: (ss_promo_sk = p_promo_sk)
                                         ->  Hash Join  (cost=95540.45..105362.96 rows=1 width=154) (actual time=4116.584..4312.133 rows=55 loops=1)
                                               Hash Cond: ((sr_item_sk = ss_item_sk) AND (sr_ticket_number = ss_ticket_number))
                                               ->  Remote Subquery Scan on all (dn1)  (cost=100.00..11503.82 rows=287514 width=8) (actual time=25.630..140.873 rows=287514 loops=1)
                                               ->  Hash  (cost=95540.30..95540.30 rows=10 width=166) (actual time=4084.314..4084.314 rows=696 loops=1)
                                                     Buckets: 1024  Batches: 1  Memory Usage: 150kB
                                                     ->  Hash Join  (cost=83480.39..95540.30 rows=10 width=166) (actual time=2707.962..4083.891 rows=696 loops=1)
                                                           Hash Cond: (c_first_sales_date_sk = d_date_sk)
                                                           ->  Hash Join  (cost=82718.49..94778.38 rows=10 width=166) (actual time=2631.054..4006.575 rows=701 loops=1)
                                                                 Hash Cond: (cd_demo_sk = ss_cdemo_sk)
                                                                 Join Filter: (cd_marital_status <> cd_marital_status)
                                                                 Rows Removed by Join Filter: 155
                                                                 ->  Remote Subquery Scan on all (dn1)  (cost=100.00..15641.20 rows=480200 width=6) (actual time=25.482..809.916 rows=1920800 loops=1)
                                                                 ->  Hash  (cost=82718.34..82718.34 rows=12 width=172) (actual time=2604.359..2604.359 rows=856 loops=1)
                                                                       Buckets: 1024  Batches: 1  Memory Usage: 189kB
                                                                       ->  Hash Join  (cost=70658.44..82718.34 rows=12 width=172) (actual time=1250.219..2603.833 rows=858 loops=1)
                                                                             Hash Cond: (c_current_hdemo_sk = hd_demo_sk)
                                                                             ->  Hash Join  (cost=70604.94..82664.81 rows=12 width=172) (actual time=1215.841..2568.950 rows=865 loops=1)
                                                                                   Hash Cond: (cd_demo_sk = c_current_cdemo_sk)
                                                                                   ->  Remote Subquery Scan on all (dn1)  (cost=100.00..15641.20 rows=480200 width=6) (actual time=25.306..802.007 rows=1920800 loops=1)
                                                                                   ->  Hash  (cost=70604.79..70604.79 rows=12 width=174) (actual time=1188.886..1188.886 rows=865 loops=1)
                                                                                         Buckets: 1024  Batches: 1  Memory Usage: 191kB
                                                                                         ->  Hash Join  (cost=3555.24..70604.79 rows=12 width=174) (actual time=1186.187..1188.588 rows=882 loops=1)
                                                                                               Hash Cond: (c_first_shipto_date_sk = d_date_sk)
                                                                                               ->  Hash Join  (cost=2793.35..69842.86 rows=12 width=174) (actual time=1105.125..1107.244 rows=911 loops=1)
                                                                                                     Hash Cond: (c_current_addr_sk = ca_address_sk)
                                                                                                     ->  Hash Join  (cost=2241.10..69290.58 rows=12 width=138) (actual time=1029.768..1031.544 rows=911 loops=1)
                                                                                                           Hash Cond: (ss_customer_sk = c_customer_sk)
                                                                                                           ->  Hash Join  (cost=986.60..68036.05 rows=12 width=122) (actual time=920.078..921.608 rows=913 loops=1)
                                                                                                                 Hash Cond: (ss_sold_date_sk = d_date_sk)
                                                                                                                 ->  Hash Join  (cost=224.70..67274.12 rows=12 width=122) (actual time=591.263..592.558 rows=928 loops=1)
                                                                                                                       Hash Cond: (ss_store_sk = s_store_sk)
                                                                                                                       ->  Hash Join  (cost=209.08..67258.47 rows=12 width=110) (actual time=565.701..566.825 rows=950 loops=1)
                                                                                                                             Hash Cond: (ss_item_sk = cs_ui.cs_item_sk)
                                                                                                                             ->  Remote Subquery Scan on all (dn1)  (cost=305.70..67560.89 rows=1920 width=106) (actual time=40.271..40.380 rows=950 loops=1)
                                                                                                                             ->  Hash  (cost=2.08..2.08 rows=104 width=4) (actual time=525.383..525.383 rows=17169 loops=1)
                                                                                                                                   Buckets: 32768 (originally 1024)  Batches: 1 (originally 1)  Memory Usage: 860kB
                                                                                                                                   ->  CTE Scan on cs_ui  (cost=0.00..2.08 rows=104 width=4) (actual time=423.434..521.119 rows=17169 loops=1)
                                                                                                                       ->  Hash  (cost=118.75..118.75 rows=250 width=20) (actual time=25.555..25.555 rows=12 loops=1)
                                                                                                                             Buckets: 1024  Batches: 1  Memory Usage: 9kB
                                                                                                                             ->  Remote Subquery Scan on all (dn1)  (cost=100.00..118.75 rows=250 width=20) (actual time=25.516..25.523 rows=12 loops=1)
                                                                                                                 ->  Hash  (cost=871.03..871.03 rows=18262 width=8) (actual time=328.785..328.785 rows=73049 loops=1)
                                                                                                                       Buckets: 131072 (originally 32768)  Batches: 1 (originally 1)  Memory Usage: 3878kB
                                                                                                                       ->  Remote Subquery Scan on all (dn1)  (cost=100.00..871.03 rows=18262 width=8) (actual time=275.890..303.051 rows=73049 loops=1)
                                                                                                           ->  Hash  (cost=1767.00..1767.00 rows=25000 width=24) (actual time=109.674..109.674 rows=100000 loops=1)
                                                                                                                 Buckets: 131072 (originally 32768)  Batches: 1 (originally 1)  Memory Usage: 6439kB
                                                                                                                 ->  Remote Subquery Scan on all (dn1)  (cost=100.00..1767.00 rows=25000 width=24) (actual time=25.305..55.413 rows=100000 loops=1)
                                                                                                     ->  Hash  (cost=1108.50..1108.50 rows=12500 width=44) (actual time=75.346..75.346 rows=50000 loops=1)
                                                                                                           Buckets: 65536 (originally 16384)  Batches: 1 (originally 1)  Memory Usage: 4315kB
                                                                                                           ->  Remote Subquery Scan on all (dn1)  (cost=100.00..1108.50 rows=12500 width=44) (actual time=25.646..43.397 rows=50000 loops=1)
                                                                                               ->  Hash  (cost=871.03..871.03 rows=18262 width=8) (actual time=81.034..81.034 rows=73049 loops=1)
                                                                                                     Buckets: 131072 (originally 32768)  Batches: 1 (originally 1)  Memory Usage: 3878kB
                                                                                                     ->  Remote Subquery Scan on all (dn1)  (cost=100.00..871.03 rows=18262 width=8) (actual time=25.859..55.526 rows=73049 loops=1)
                                                                             ->  Hash  (cost=154.40..154.40 rows=1800 width=8) (actual time=34.371..34.371 rows=7200 loops=1)
                                                                                   Buckets: 8192 (originally 2048)  Batches: 1 (originally 1)  Memory Usage: 346kB
                                                                                   ->  Remote Subquery Scan on all (dn1)  (cost=100.00..154.40 rows=1800 width=8) (actual time=25.539..29.847 rows=7200 loops=1)
                                                           ->  Hash  (cost=871.03..871.03 rows=18262 width=8) (actual time=76.880..76.880 rows=73049 loops=1)
                                                                 Buckets: 131072 (originally 32768)  Batches: 1 (originally 1)  Memory Usage: 3878kB
                                                                 ->  Remote Subquery Scan on all (dn1)  (cost=100.00..871.03 rows=18262 width=8) (actual time=25.846..53.442 rows=73049 loops=1)
                                         ->  Hash  (cost=103.42..103.42 rows=75 width=4) (actual time=26.037..26.037 rows=300 loops=1)
                                               Buckets: 1024  Batches: 1  Memory Usage: 19kB
                                               ->  Remote Subquery Scan on all (dn1)  (cost=100.00..103.42 rows=75 width=4) (actual time=25.747..25.854 rows=300 loops=1)
                                   ->  Hash  (cost=148.76..148.76 rows=2040 width=4) (actual time=25.251..25.251 rows=20 loops=1)
                                         Buckets: 2048  Batches: 1  Memory Usage: 17kB
                                         ->  Remote Subquery Scan on all (dn1)  (cost=100.00..148.76 rows=2040 width=4) (actual time=25.217..25.226 rows=20 loops=1)
                             ->  Hash  (cost=148.76..148.76 rows=2040 width=4) (actual time=25.511..25.511 rows=20 loops=1)
                                   Buckets: 2048  Batches: 1  Memory Usage: 17kB
                                   ->  Remote Subquery Scan on all (dn1)  (cost=100.00..148.76 rows=2040 width=4) (actual time=25.476..25.485 rows=20 loops=1)
                       ->  Hash  (cost=1108.50..1108.50 rows=12500 width=44) (actual time=99.608..99.608 rows=50000 loops=1)
                             Buckets: 65536 (originally 16384)  Batches: 1 (originally 1)  Memory Usage: 4315kB
                             ->  Remote Subquery Scan on all (dn1)  (cost=100.00..1108.50 rows=12500 width=44) (actual time=46.564..66.474 rows=50000 loops=1)
   ->  Hash Join  (cost=0.04..0.09 rows=1 width=1310) (actual time=4488.919..4488.925 rows=8 loops=1)
         Hash Cond: ((cs1.item_sk = cs2.item_sk) AND ((cs1.store_name)::text = (cs2.store_name)::text) AND (cs1.store_zip = cs2.store_zip))
         Join Filter: (cs2.cnt <= cs1.cnt)
         ->  CTE Scan on cross_sales cs1  (cost=0.00..0.02 rows=1 width=1206) (actual time=4488.828..4488.833 rows=8 loops=1)
               Filter: (syear = 1999)
               Rows Removed by Filter: 47
         ->  Hash  (cost=0.02..0.02 rows=1 width=274) (actual time=0.071..0.071 rows=11 loops=1)
               Buckets: 1024  Batches: 1  Memory Usage: 9kB
               ->  CTE Scan on cross_sales cs2  (cost=0.00..0.02 rows=1 width=274) (actual time=0.001..0.065 rows=11 loops=1)
                     Filter: (syear = 2000)
                     Rows Removed by Filter: 44
 Planning time: 61.046 ms
 Execution time: 4515.669 ms
(102 rows)

