                                                                   QUERY PLAN                                                                    
-------------------------------------------------------------------------------------------------------------------------------------------------
 Limit  (cost=114006.54..114010.54 rows=100 width=163) (actual time=451.641..452.241 rows=100 loops=1)
   ->  Finalize GroupAggregate  (cost=114006.54..114558.14 rows=13790 width=163) (actual time=451.639..452.223 rows=100 loops=1)
         Group Key: foo.channel, foo.col_name, foo.d_year, foo.d_qoy, foo.i_category
         ->  Remote Subquery Scan on all (dn1)  (cost=114006.54..114109.96 rows=13790 width=163) (actual time=451.595..451.651 rows=101 loops=1)
 Planning time: 0.667 ms
 Execution time: 453.687 ms
(6 rows)

