                                                                                                                                               QUERY PLAN                                                                                                                                               
--------------------------------------------------------------------------------------------------------------------------------------------------------------------------------------------------------------------------------------------------------------------------------------------------------
 Limit  (cost=101024.89..101024.90 rows=1 width=276) (actual time=2018.704..2018.713 rows=100 loops=1)
   CTE year_total
     ->  Append  (cost=71442.73..97237.34 rows=36071 width=137) (actual time=1053.010..1921.761 rows=98369 loops=1)
           ->  Finalize HashAggregate  (cost=71442.73..71731.35 rows=28862 width=137) (actual time=1053.009..1074.342 rows=75960 loops=1)
                 Group Key: c_customer_id, c_first_name, c_last_name, d_year
                 ->  Remote Subquery Scan on all (dn1)  (cost=68496.36..71142.08 rows=24052 width=105) (actual time=932.793..969.155 rows=75960 loops=1)
           ->  Finalize GroupAggregate  (cost=24199.47..25145.28 rows=7209 width=137) (actual time=765.876..842.358 rows=22409 loops=1)
                 Group Key: c_customer_id, c_first_name, c_last_name, d_year
                 ->  Remote Subquery Scan on all (dn1)  (cost=24199.47..24998.09 rows=6008 width=105) (actual time=765.836..804.788 rows=22409 loops=1)
   ->  Sort  (cost=3787.56..3787.56 rows=1 width=276) (actual time=2018.703..2018.706 rows=100 loops=1)
         Sort Key: t_s_secyear.customer_id, t_s_secyear.customer_last_name, t_s_secyear.customer_first_name
         Sort Method: quicksort  Memory: 39kB
         ->  Hash Join  (cost=2795.54..3787.55 rows=1 width=276) (actual time=1995.891..2018.551 rows=105 loops=1)
               Hash Cond: (t_s_secyear.customer_id = t_w_secyear.customer_id)
               Join Filter: (CASE WHEN (t_w_firstyear.year_total > '0'::numeric) THEN (t_w_secyear.year_total / t_w_firstyear.year_total) ELSE NULL::numeric END > CASE WHEN (t_s_firstyear.year_total > '0'::numeric) THEN (t_s_secyear.year_total / t_s_firstyear.year_total) ELSE NULL::numeric END)
               Rows Removed by Join Filter: 82
               ->  Hash Join  (cost=1893.75..2885.73 rows=1 width=508) (actual time=31.504..54.457 rows=1585 loops=1)
                     Hash Cond: (t_s_secyear.customer_id = t_w_firstyear.customer_id)
                     ->  Hash Join  (cost=901.79..1893.75 rows=1 width=408) (actual time=17.341..38.713 rows=14505 loops=1)
                           Hash Cond: (t_s_firstyear.customer_id = t_s_secyear.customer_id)
                           ->  CTE Scan on year_total t_s_firstyear  (cost=0.00..991.95 rows=1 width=100) (actual time=0.003..14.935 rows=37708 loops=1)
                                 Filter: ((year_total > '0'::numeric) AND (sale_type = 's'::text) AND (year = 1999))
                                 Rows Removed by Filter: 60661
                           ->  Hash  (cost=901.78..901.78 rows=1 width=308) (actual time=17.327..17.327 rows=38252 loops=1)
                                 Buckets: 65536 (originally 1024)  Batches: 1 (originally 1)  Memory Usage: 4485kB
                                 ->  CTE Scan on year_total t_s_secyear  (cost=0.00..901.78 rows=1 width=308) (actual time=0.001..10.603 rows=38252 loops=1)
                                       Filter: ((sale_type = 's'::text) AND (year = 2000))
                                       Rows Removed by Filter: 60117
                     ->  Hash  (cost=991.95..991.95 rows=1 width=100) (actual time=14.146..14.146 rows=11256 loops=1)
                           Buckets: 16384 (originally 1024)  Batches: 1 (originally 1)  Memory Usage: 750kB
                           ->  CTE Scan on year_total t_w_firstyear  (cost=0.00..991.95 rows=1 width=100) (actual time=9.088..12.652 rows=11256 loops=1)
                                 Filter: ((year_total > '0'::numeric) AND (sale_type = 'w'::text) AND (year = 1999))
                                 Rows Removed by Filter: 87113
               ->  Hash  (cost=901.78..901.78 rows=1 width=100) (actual time=1963.707..1963.707 rows=11153 loops=1)
                     Buckets: 16384 (originally 1024)  Batches: 1 (originally 1)  Memory Usage: 745kB
                     ->  CTE Scan on year_total t_w_secyear  (cost=0.00..901.78 rows=1 width=100) (actual time=1866.141..1960.741 rows=11153 loops=1)
                           Filter: ((sale_type = 'w'::text) AND (year = 2000))
                           Rows Removed by Filter: 87216
 Planning time: 0.593 ms
 Execution time: 2021.983 ms
(40 rows)

