                                                 QUERY PLAN                                                  
-------------------------------------------------------------------------------------------------------------
 Remote Fast Query Execution  (cost=0.00..0.00 rows=0 width=0) (actual time=57.709..57.745 rows=100 loops=1)
   Node/s: dn1
 Planning time: 0.072 ms
 Execution time: 57.764 ms
(4 rows)

