                                                 QUERY PLAN                                                  
-------------------------------------------------------------------------------------------------------------
 Remote Fast Query Execution  (cost=0.00..0.00 rows=0 width=0) (actual time=78.846..78.893 rows=100 loops=1)
   Node/s: dn1
 Planning time: 0.150 ms
 Execution time: 78.915 ms
(4 rows)

