                                                 QUERY PLAN                                                  
-------------------------------------------------------------------------------------------------------------
 Remote Fast Query Execution  (cost=0.00..0.00 rows=0 width=0) (actual time=495.664..495.666 rows=1 loops=1)
   Node/s: dn1
 Planning time: 0.207 ms
 Execution time: 495.680 ms
(4 rows)

