                                                  QUERY PLAN                                                   
---------------------------------------------------------------------------------------------------------------
 Remote Fast Query Execution  (cost=0.00..0.00 rows=0 width=0) (actual time=135.276..135.328 rows=100 loops=1)
   Node/s: dn1
 Planning time: 0.217 ms
 Execution time: 135.595 ms
(4 rows)

