                                                 QUERY PLAN                                                  
-------------------------------------------------------------------------------------------------------------
 Remote Fast Query Execution  (cost=0.00..0.00 rows=0 width=0) (actual time=509.688..509.690 rows=2 loops=1)
   Node/s: dn1
 Planning time: 0.064 ms
 Execution time: 509.700 ms
(4 rows)

