                                                  QUERY PLAN                                                  
--------------------------------------------------------------------------------------------------------------
 Remote Fast Query Execution  (cost=0.00..0.00 rows=0 width=0) (actual time=119.548..119.553 rows=10 loops=1)
   Node/s: dn1
 Planning time: 0.151 ms
 Execution time: 119.570 ms
(4 rows)

