                                                                QUERY PLAN                                                                 
-------------------------------------------------------------------------------------------------------------------------------------------
 Limit  (cost=71551872.49..71551873.28 rows=79 width=51) (actual time=1549.946..1549.948 rows=1 loops=1)
   ->  Remote Subquery Scan on all (dn1)  (cost=71551872.49..71551873.28 rows=79 width=51) (actual time=1549.944..1549.945 rows=1 loops=1)
 Planning time: 1.259 ms
 Execution time: 1555.465 ms
(4 rows)

