                                                   QUERY PLAN                                                    
-----------------------------------------------------------------------------------------------------------------
 Remote Fast Query Execution  (cost=0.00..0.00 rows=0 width=0) (actual time=5635.972..5636.020 rows=100 loops=1)
   Node/s: dn1
 Planning time: 0.143 ms
 Execution time: 5636.045 ms
(4 rows)

