                                                                               QUERY PLAN                                                                                
-------------------------------------------------------------------------------------------------------------------------------------------------------------------------
 Limit  (cost=324701.79..324703.31 rows=100 width=110) (actual time=1474.958..1474.968 rows=10 loops=1)
   ->  Merge Join  (cost=324701.79..327024.68 rows=153015 width=110) (actual time=1474.957..1474.965 rows=10 loops=1)
         Merge Cond: (v11.rnk = v21.rnk)
         ->  Sort  (cost=162350.90..162364.73 rows=5532 width=59) (actual time=745.096..745.097 rows=10 loops=1)
               Sort Key: v11.rnk
               Sort Method: quicksort  Memory: 26kB
               ->  Hash Join  (cost=161411.60..162006.98 rows=5532 width=59) (actual time=720.596..745.081 rows=10 loops=1)
                     Hash Cond: (v11.item_sk = i_item_sk)
                     ->  Subquery Scan on v11  (cost=159776.60..160357.46 rows=5532 width=12) (actual time=687.516..711.993 rows=10 loops=1)
                           Filter: (v11.rnk < 11)
                           Rows Removed by Filter: 8411
                           ->  WindowAgg  (cost=159776.60..160150.01 rows=16596 width=44) (actual time=687.513..710.968 rows=8421 loops=1)
                                 ->  Remote Subquery Scan on all (dn1)  (cost=159776.60..159901.07 rows=16596 width=36) (actual time=687.486..693.864 rows=8421 loops=1)
                     ->  Hash  (cost=2590.00..2590.00 rows=18000 width=55) (actual time=33.044..33.044 rows=18000 loops=1)
                           Buckets: 32768  Batches: 1  Memory Usage: 1802kB
                           ->  Remote Subquery Scan on all (dn1)  (cost=100.00..2590.00 rows=18000 width=55) (actual time=2.045..13.920 rows=18000 loops=1)
         ->  Sort  (cost=162350.90..162364.73 rows=5532 width=59) (actual time=729.856..729.857 rows=10 loops=1)
               Sort Key: v21.rnk
               Sort Method: quicksort  Memory: 26kB
               ->  Hash Join  (cost=161411.60..162006.98 rows=5532 width=59) (actual time=706.173..729.840 rows=10 loops=1)
                     Hash Cond: (v21.item_sk = i_item_sk)
                     ->  Subquery Scan on v21  (cost=159776.60..160357.46 rows=5532 width=12) (actual time=680.256..703.914 rows=10 loops=1)
                           Filter: (v21.rnk < 11)
                           Rows Removed by Filter: 8411
                           ->  WindowAgg  (cost=159776.60..160150.01 rows=16596 width=44) (actual time=680.253..702.845 rows=8421 loops=1)
                                 ->  Remote Subquery Scan on all (dn1)  (cost=159776.60..159901.07 rows=16596 width=36) (actual time=680.230..686.040 rows=8421 loops=1)
                     ->  Hash  (cost=2590.00..2590.00 rows=18000 width=55) (actual time=25.882..25.882 rows=18000 loops=1)
                           Buckets: 32768  Batches: 1  Memory Usage: 1802kB
                           ->  Remote Subquery Scan on all (dn1)  (cost=100.00..2590.00 rows=18000 width=55) (actual time=1.702..12.008 rows=18000 loops=1)
 Planning time: 1.277 ms
 Execution time: 1480.025 ms
(31 rows)

