                                                 QUERY PLAN                                                  
-------------------------------------------------------------------------------------------------------------
 Remote Fast Query Execution  (cost=0.00..0.00 rows=0 width=0) (actual time=198.988..198.991 rows=6 loops=1)
   Node/s: dn1
 Planning time: 0.307 ms
 Execution time: 199.012 ms
(4 rows)

