                                                  QUERY PLAN                                                   
---------------------------------------------------------------------------------------------------------------
 Remote Fast Query Execution  (cost=0.00..0.00 rows=0 width=0) (actual time=121.699..121.729 rows=100 loops=1)
   Node/s: dn1
 Planning time: 0.562 ms
 Execution time: 121.756 ms
(4 rows)

