                                                  QUERY PLAN                                                   
---------------------------------------------------------------------------------------------------------------
 Remote Fast Query Execution  (cost=0.00..0.00 rows=0 width=0) (actual time=552.638..552.705 rows=100 loops=1)
   Node/s: dn1
 Planning time: 0.084 ms
 Execution time: 552.959 ms
(4 rows)

