                                                                                QUERY PLAN                                                                                 
---------------------------------------------------------------------------------------------------------------------------------------------------------------------------
 Nested Loop  (cost=70000560753.79..70000560754.02 rows=1 width=64) (actual time=2243.928..2243.932 rows=1 loops=1)
   ->  Nested Loop  (cost=60000490658.43..60000490658.63 rows=1 width=56) (actual time=1967.010..1967.013 rows=1 loops=1)
         ->  Nested Loop  (cost=50000420565.24..50000420565.41 rows=1 width=48) (actual time=1692.884..1692.887 rows=1 loops=1)
               ->  Nested Loop  (cost=40000350472.86..40000350473.00 rows=1 width=40) (actual time=1419.591..1419.593 rows=1 loops=1)
                     ->  Nested Loop  (cost=30000280375.61..30000280375.72 rows=1 width=32) (actual time=1136.854..1136.855 rows=1 loops=1)
                           ->  Nested Loop  (cost=20000210279.22..20000210279.30 rows=1 width=24) (actual time=852.998..852.999 rows=1 loops=1)
                                 ->  Nested Loop  (cost=10000140186.15..10000140186.20 rows=1 width=16) (actual time=576.334..576.335 rows=1 loops=1)
                                       ->  Finalize Aggregate  (cost=70093.81..70093.82 rows=1 width=8) (actual time=296.256..296.256 rows=1 loops=1)
                                             ->  Remote Subquery Scan on all (dn1)  (cost=70093.59..70093.81 rows=2 width=8) (actual time=296.229..296.231 rows=1 loops=1)
                                       ->  Finalize Aggregate  (cost=70092.33..70092.34 rows=1 width=8) (actual time=280.075..280.075 rows=1 loops=1)
                                             ->  Remote Subquery Scan on all (dn1)  (cost=70092.11..70092.33 rows=2 width=8) (actual time=280.059..280.061 rows=1 loops=1)
                                 ->  Finalize Aggregate  (cost=70093.07..70093.08 rows=1 width=8) (actual time=276.661..276.661 rows=1 loops=1)
                                       ->  Remote Subquery Scan on all (dn1)  (cost=70092.85..70093.07 rows=2 width=8) (actual time=276.645..276.646 rows=1 loops=1)
                           ->  Finalize Aggregate  (cost=70096.39..70096.40 rows=1 width=8) (actual time=283.852..283.852 rows=1 loops=1)
                                 ->  Remote Subquery Scan on all (dn1)  (cost=70096.16..70096.38 rows=2 width=8) (actual time=283.837..283.838 rows=1 loops=1)
                     ->  Finalize Aggregate  (cost=70097.25..70097.26 rows=1 width=8) (actual time=282.734..282.734 rows=1 loops=1)
                           ->  Remote Subquery Scan on all (dn1)  (cost=70097.03..70097.25 rows=2 width=8) (actual time=282.717..282.719 rows=1 loops=1)
               ->  Finalize Aggregate  (cost=70092.38..70092.39 rows=1 width=8) (actual time=273.290..273.290 rows=1 loops=1)
                     ->  Remote Subquery Scan on all (dn1)  (cost=70092.16..70092.38 rows=2 width=8) (actual time=273.274..273.275 rows=1 loops=1)
         ->  Finalize Aggregate  (cost=70093.18..70093.19 rows=1 width=8) (actual time=274.122..274.123 rows=1 loops=1)
               ->  Remote Subquery Scan on all (dn1)  (cost=70092.96..70093.18 rows=2 width=8) (actual time=274.106..274.108 rows=1 loops=1)
   ->  Finalize Aggregate  (cost=70095.36..70095.37 rows=1 width=8) (actual time=276.914..276.914 rows=1 loops=1)
         ->  Remote Subquery Scan on all (dn1)  (cost=70095.14..70095.36 rows=2 width=8) (actual time=276.898..276.900 rows=1 loops=1)
 Planning time: 7.252 ms
 Execution time: 2250.536 ms
(25 rows)

