                                                  QUERY PLAN                                                   
---------------------------------------------------------------------------------------------------------------
 Remote Fast Query Execution  (cost=0.00..0.00 rows=0 width=0) (actual time=130.931..134.235 rows=100 loops=1)
   Node/s: dn1
 Planning time: 0.160 ms
 Execution time: 134.257 ms
(4 rows)

