                                                 QUERY PLAN                                                  
-------------------------------------------------------------------------------------------------------------
 Remote Fast Query Execution  (cost=0.00..0.00 rows=0 width=0) (actual time=263.013..263.014 rows=0 loops=1)
   Node/s: dn1
 Planning time: 0.338 ms
 Execution time: 263.032 ms
(4 rows)

