                                                  QUERY PLAN                                                   
---------------------------------------------------------------------------------------------------------------
 Remote Fast Query Execution  (cost=0.00..0.00 rows=0 width=0) (actual time=248.692..248.736 rows=100 loops=1)
   Node/s: dn1
 Planning time: 0.212 ms
 Execution time: 248.761 ms
(4 rows)

