                                                 QUERY PLAN                                                  
-------------------------------------------------------------------------------------------------------------
 Remote Fast Query Execution  (cost=0.00..0.00 rows=0 width=0) (actual time=294.381..294.383 rows=1 loops=1)
   Node/s: dn1
 Planning time: 0.382 ms
 Execution time: 294.403 ms
(4 rows)

