                                                  QUERY PLAN                                                   
---------------------------------------------------------------------------------------------------------------
 Remote Fast Query Execution  (cost=0.00..0.00 rows=0 width=0) (actual time=122.460..122.491 rows=100 loops=1)
   Node/s: dn1
 Planning time: 0.070 ms
 Execution time: 122.510 ms
(4 rows)

SET
