                                                 QUERY PLAN                                                  
-------------------------------------------------------------------------------------------------------------
 Remote Fast Query Execution  (cost=0.00..0.00 rows=0 width=0) (actual time=399.990..399.992 rows=1 loops=1)
   Node/s: dn1
 Planning time: 0.392 ms
 Execution time: 400.008 ms
(4 rows)

