                                                                                                                 QUERY PLAN                                                                                                                 
--------------------------------------------------------------------------------------------------------------------------------------------------------------------------------------------------------------------------------------------
 Limit  (cost=192148.11..192155.36 rows=100 width=259) (actual time=5188.452..5189.036 rows=100 loops=1)
   ->  GroupAggregate  (cost=192148.11..192212.06 rows=882 width=259) (actual time=5188.451..5189.027 rows=100 loops=1)
         Group Key: ca.ca_state, customer_demographics.cd_gender, customer_demographics.cd_marital_status, customer_demographics.cd_dep_count, customer_demographics.cd_dep_employed_count, customer_demographics.cd_dep_college_count
         ->  Sort  (cost=192148.11..192150.32 rows=882 width=19) (actual time=5188.433..5188.481 rows=1263 loops=1)
               Sort Key: ca.ca_state, customer_demographics.cd_gender, customer_demographics.cd_marital_status, customer_demographics.cd_dep_count, customer_demographics.cd_dep_employed_count, customer_demographics.cd_dep_college_count
               Sort Method: quicksort  Memory: 6273kB
               ->  Hash Join  (cost=124119.18..192104.96 rows=882 width=19) (actual time=4149.840..5062.267 rows=61430 loops=1)
                     Hash Cond: (c.c_current_addr_sk = ca.ca_address_sk)
                     ->  Hash Join  (cost=121907.18..189890.65 rows=882 width=20) (actual time=4065.739..4944.826 rows=61430 loops=1)
                           Hash Cond: (store_sales.ss_customer_sk = c.c_customer_sk)
                           ->  Remote Subquery Scan on all (dn1)  (cost=221.21..68253.17 rows=10845 width=4) (actual time=2.336..699.911 rows=305898 loops=1)
                           ->  Hash  (cost=121684.29..121684.29 rows=8135 width=28) (actual time=4063.353..4063.353 rows=21050 loops=1)
                                 Buckets: 32768 (originally 8192)  Batches: 1 (originally 1)  Memory Usage: 1490kB
                                 ->  Hash Join  (cost=73366.79..121684.29 rows=8135 width=28) (actual time=898.682..4052.121 rows=21050 loops=1)
                                       Hash Cond: (customer_demographics.cd_demo_sk = c.c_current_cdemo_sk)
                                       ->  Remote Subquery Scan on all (dn1)  (cost=100.00..89156.00 rows=1920800 width=20) (actual time=2.333..1412.712 rows=1920800 loops=1)
                                       ->  Hash  (cost=73265.10..73265.10 rows=8135 width=16) (actual time=895.986..895.987 rows=21050 loops=1)
                                             Buckets: 32768 (originally 8192)  Batches: 1 (originally 1)  Memory Usage: 1243kB
                                             ->  Hash Join  (cost=69234.59..73265.10 rows=8135 width=16) (actual time=761.171..889.455 rows=21818 loops=1)
                                                   Hash Cond: (c.c_customer_sk = web_sales.ws_bill_customer_sk)
                                                   ->  Remote Subquery Scan on all (dn1)  (cost=100.00..5568.00 rows=100000 width=12) (actual time=1.155..65.461 rows=100000 loops=1)
                                                   ->  Hash  (cost=69132.90..69132.90 rows=8135 width=4) (actual time=759.991..759.991 rows=21818 loops=1)
                                                         Buckets: 32768 (originally 8192)  Batches: 1 (originally 1)  Memory Usage: 1024kB
                                                         ->  HashAggregate  (cost=68970.20..69051.55 rows=8135 width=4) (actual time=746.952..753.640 rows=21819 loops=1)
                                                               Group Key: web_sales.ws_bill_customer_sk
                                                               ->  Append  (cost=221.21..68949.86 rows=8135 width=4) (actual time=2.915..589.749 rows=238969 loops=1)
                                                                     ->  Remote Subquery Scan on all (dn1)  (cost=221.21..23067.68 rows=2708 width=4) (actual time=2.915..206.207 rows=79635 loops=1)
                                                                     ->  Remote Subquery Scan on all (dn1)  (cost=221.21..45800.83 rows=5427 width=4) (actual time=37.858..349.153 rows=159334 loops=1)
                     ->  Hash  (cost=2287.00..2287.00 rows=50000 width=7) (actual time=84.061..84.061 rows=50000 loops=1)
                           Buckets: 65536  Batches: 1  Memory Usage: 2460kB
                           ->  Remote Subquery Scan on all (dn1)  (cost=100.00..2287.00 rows=50000 width=7) (actual time=1.201..47.503 rows=50000 loops=1)
 Planning time: 1.627 ms
 Execution time: 5191.730 ms
(33 rows)

