                                                   QUERY PLAN                                                    
-----------------------------------------------------------------------------------------------------------------
 Remote Fast Query Execution  (cost=0.00..0.00 rows=0 width=0) (actual time=2152.100..2152.187 rows=100 loops=1)
   Node/s: dn1
 Planning time: 1.202 ms
 Execution time: 2152.214 ms
(4 rows)

