                                                 QUERY PLAN                                                  
-------------------------------------------------------------------------------------------------------------
 Remote Fast Query Execution  (cost=0.00..0.00 rows=0 width=0) (actual time=141.119..141.121 rows=1 loops=1)
   Node/s: dn1
 Planning time: 0.327 ms
 Execution time: 141.165 ms
(4 rows)

