                                                                QUERY PLAN                                                                 
-------------------------------------------------------------------------------------------------------------------------------------------
 Limit  (cost=282261.77..282262.52 rows=100 width=152) (actual time=4232.875..4232.926 rows=100 loops=1)
   ->  Remote Subquery Scan on all (dn4)  (cost=282261.77..282262.52 rows=100 width=152) (actual time=4232.873..4232.909 rows=100 loops=1)
 Planning time: 0.413 ms
 Execution time: 4238.538 ms
(4 rows)

