                                                   QUERY PLAN                                                   
----------------------------------------------------------------------------------------------------------------
 Remote Fast Query Execution  (cost=0.00..0.00 rows=0 width=0) (actual time=1574.295..1574.302 rows=13 loops=1)
   Node/s: dn2
 Planning time: 0.445 ms
 Execution time: 1574.375 ms
(4 rows)

