                                                                    QUERY PLAN                                                                     
---------------------------------------------------------------------------------------------------------------------------------------------------
 Limit  (cost=50002188367.46..50002188367.64 rows=1 width=288) (actual time=26884.384..26884.386 rows=1 loops=1)
   ->  Remote Subquery Scan on all (dn1)  (cost=50002188367.46..50002188367.64 rows=1 width=288) (actual time=26884.381..26884.383 rows=1 loops=1)
 Planning time: 1.839 ms
 Execution time: 26886.786 ms
(4 rows)

