                                                   QUERY PLAN                                                    
-----------------------------------------------------------------------------------------------------------------
 Remote Fast Query Execution  (cost=0.00..0.00 rows=0 width=0) (actual time=2507.562..2507.606 rows=100 loops=1)
   Node/s: dn4
 Planning time: 0.210 ms
 Execution time: 2507.631 ms
(4 rows)

