                                                                                          QUERY PLAN                                                                                           
-----------------------------------------------------------------------------------------------------------------------------------------------------------------------------------------------
 Limit  (cost=584707.71..584707.72 rows=1 width=8) (actual time=18626.442..18626.443 rows=1 loops=1)
   ->  Aggregate  (cost=584707.71..584707.72 rows=1 width=8) (actual time=18626.441..18626.441 rows=1 loops=1)
         ->  Subquery Scan on hot_cust  (cost=102777.95..584673.97 rows=13499 width=0) (actual time=18621.954..18626.412 rows=502 loops=1)
               ->  HashSetOp Intersect  (cost=102777.95..584538.98 rows=13499 width=216) (actual time=18621.953..18626.364 rows=502 loops=1)
                     ->  Append  (cost=102777.95..584235.17 rows=40508 width=216) (actual time=3745.453..18567.780 rows=122616 loops=1)
                           ->  Subquery Scan on "*SELECT* 3"  (cost=102777.95..103115.43 rows=13499 width=60) (actual time=3745.452..4001.706 rows=117954 loops=1)
                                 ->  Remote Subquery Scan on all (dn3)  (cost=102777.95..102980.44 rows=13499 width=56) (actual time=3745.430..3887.418 rows=117954 loops=1)
                           ->  Result  (cost=194738.66..481119.74 rows=27009 width=216) (actual time=14545.876..14557.157 rows=4662 loops=1)
                                 ->  HashSetOp Intersect  (cost=194738.66..480849.65 rows=27009 width=216) (actual time=14545.875..14556.623 rows=4662 loops=1)
                                       ->  Append  (cost=194738.66..480241.96 rows=81025 width=216) (actual time=7946.155..14306.800 rows=780779 loops=1)
                                             ->  Subquery Scan on "*SELECT* 2"  (cost=194738.66..195413.88 rows=27009 width=60) (actual time=7946.154..8534.219 rows=311507 loops=1)
                                                   ->  Remote Subquery Scan on all (dn3)  (cost=194738.66..195143.79 rows=27009 width=56) (actual time=7946.126..8246.290 rows=311507 loops=1)
                                             ->  Subquery Scan on "*SELECT* 1"  (cost=283477.68..284828.08 rows=54016 width=60) (actual time=5227.677..5721.090 rows=469272 loops=1)
                                                   ->  Remote Subquery Scan on all (dn1)  (cost=283477.68..284287.92 rows=54016 width=56) (actual time=5227.650..5415.452 rows=469272 loops=1)
 Planning time: 1.846 ms
 Execution time: 18663.677 ms
(16 rows)

