                                                   QUERY PLAN                                                    
-----------------------------------------------------------------------------------------------------------------
 Remote Fast Query Execution  (cost=0.00..0.00 rows=0 width=0) (actual time=1526.785..1526.825 rows=100 loops=1)
   Node/s: dn2
 Planning time: 0.215 ms
 Execution time: 1526.851 ms
(4 rows)

