                                                   QUERY PLAN                                                    
-----------------------------------------------------------------------------------------------------------------
 Remote Fast Query Execution  (cost=0.00..0.00 rows=0 width=0) (actual time=2486.216..2520.242 rows=100 loops=1)
   Node/s: dn4
 Planning time: 0.094 ms
 Execution time: 2520.263 ms
(4 rows)

