                                                   QUERY PLAN                                                    
-----------------------------------------------------------------------------------------------------------------
 Remote Fast Query Execution  (cost=0.00..0.00 rows=0 width=0) (actual time=5165.615..5165.671 rows=100 loops=1)
   Node/s: dn4
 Planning time: 0.081 ms
 Execution time: 5165.927 ms
(4 rows)

