                                                   QUERY PLAN                                                    
-----------------------------------------------------------------------------------------------------------------
 Remote Fast Query Execution  (cost=0.00..0.00 rows=0 width=0) (actual time=1139.381..1157.949 rows=100 loops=1)
   Node/s: dn1
 Planning time: 0.308 ms
 Execution time: 1157.976 ms
(4 rows)

