                                                  QUERY PLAN                                                  
--------------------------------------------------------------------------------------------------------------
 Remote Fast Query Execution  (cost=0.00..0.00 rows=0 width=0) (actual time=268.159..268.167 rows=15 loops=1)
   Node/s: dn1
 Planning time: 0.345 ms
 Execution time: 268.226 ms
(4 rows)

