                                                  QUERY PLAN                                                   
---------------------------------------------------------------------------------------------------------------
 Remote Fast Query Execution  (cost=0.00..0.00 rows=0 width=0) (actual time=909.436..909.469 rows=100 loops=1)
   Node/s: dn2
 Planning time: 0.198 ms
 Execution time: 909.490 ms
(4 rows)

