                                                                QUERY PLAN                                                                 
-------------------------------------------------------------------------------------------------------------------------------------------
 Limit  (cost=286408.35..286409.10 rows=100 width=170) (actual time=2904.585..2904.634 rows=100 loops=1)
   ->  Remote Subquery Scan on all (dn2)  (cost=286408.35..286409.10 rows=100 width=170) (actual time=2904.583..2904.617 rows=100 loops=1)
 Planning time: 1.870 ms
 Execution time: 2907.362 ms
(4 rows)

SET
