                                                   QUERY PLAN                                                    
-----------------------------------------------------------------------------------------------------------------
 Remote Fast Query Execution  (cost=0.00..0.00 rows=0 width=0) (actual time=1003.065..1003.097 rows=100 loops=1)
   Node/s: dn2
 Planning time: 0.053 ms
 Execution time: 1003.117 ms
(4 rows)

