                                                  QUERY PLAN                                                   
---------------------------------------------------------------------------------------------------------------
 Remote Fast Query Execution  (cost=0.00..0.00 rows=0 width=0) (actual time=847.543..847.574 rows=100 loops=1)
   Node/s: dn3
 Planning time: 0.067 ms
 Execution time: 847.592 ms
(4 rows)

SET
