                                                                 QUERY PLAN                                                                 
--------------------------------------------------------------------------------------------------------------------------------------------
 Remote Subquery Scan on all (dn1)  (cost=70002151764.12..70002151764.35 rows=1 width=64) (actual time=22049.715..22049.717 rows=1 loops=1)
 Planning time: 7.815 ms
 Execution time: 22052.094 ms
(3 rows)

