                                                   QUERY PLAN                                                    
-----------------------------------------------------------------------------------------------------------------
 Remote Fast Query Execution  (cost=0.00..0.00 rows=0 width=0) (actual time=2621.533..2621.574 rows=100 loops=1)
   Node/s: dn4
 Planning time: 0.228 ms
 Execution time: 2621.600 ms
(4 rows)

