                                                  QUERY PLAN                                                  
--------------------------------------------------------------------------------------------------------------
 Remote Fast Query Execution  (cost=0.00..0.00 rows=0 width=0) (actual time=962.447..962.470 rows=67 loops=1)
   Node/s: dn1
 Planning time: 0.049 ms
 Execution time: 962.486 ms
(4 rows)

