                                                             QUERY PLAN                                                              
-------------------------------------------------------------------------------------------------------------------------------------
 Remote Subquery Scan on all (dn4)  (cost=4217370.75..4217372.98 rows=1 width=160) (actual time=35102.179..35102.181 rows=1 loops=1)
 Planning time: 0.391 ms
 Execution time: 35118.201 ms
(3 rows)

