                                                              QUERY PLAN                                                              
--------------------------------------------------------------------------------------------------------------------------------------
 Remote Subquery Scan on all (dn2)  (cost=277979.19..277985.31 rows=2450 width=77) (actual time=3120.448..3122.072 rows=3557 loops=1)
 Planning time: 1.327 ms
 Execution time: 3123.661 ms
(3 rows)

