                                                             QUERY PLAN                                                              
-------------------------------------------------------------------------------------------------------------------------------------
 Remote Subquery Scan on all (dn1)  (cost=543186.80..543186.90 rows=43 width=95) (actual time=5093.735..5098.671 rows=10477 loops=1)
 Planning time: 0.536 ms
 Execution time: 5100.824 ms
(3 rows)

