                                                 QUERY PLAN                                                  
-------------------------------------------------------------------------------------------------------------
 Remote Fast Query Execution  (cost=0.00..0.00 rows=0 width=0) (actual time=997.653..997.654 rows=1 loops=1)
   Node/s: dn2
 Planning time: 0.048 ms
 Execution time: 997.665 ms
(4 rows)

