                                                  QUERY PLAN                                                   
---------------------------------------------------------------------------------------------------------------
 Remote Fast Query Execution  (cost=0.00..0.00 rows=0 width=0) (actual time=3333.953..3333.955 rows=1 loops=1)
   Node/s: dn4
 Planning time: 0.107 ms
 Execution time: 3333.966 ms
(4 rows)

