                                                                   QUERY PLAN                                                                    
-------------------------------------------------------------------------------------------------------------------------------------------------
 Limit  (cost=367489715.61..367489716.61 rows=100 width=51) (actual time=40765.478..40765.489 rows=14 loops=1)
   ->  Remote Subquery Scan on all (dn3)  (cost=367489715.61..367489716.61 rows=100 width=51) (actual time=40765.476..40765.484 rows=14 loops=1)
 Planning time: 1.262 ms
 Execution time: 40770.982 ms
(4 rows)

