                                                  QUERY PLAN                                                   
---------------------------------------------------------------------------------------------------------------
 Remote Fast Query Execution  (cost=0.00..0.00 rows=0 width=0) (actual time=2390.151..2390.155 rows=7 loops=1)
   Node/s: dn1
 Planning time: 0.399 ms
 Execution time: 2390.177 ms
(4 rows)

