                                                  QUERY PLAN                                                   
---------------------------------------------------------------------------------------------------------------
 Remote Fast Query Execution  (cost=0.00..0.00 rows=0 width=0) (actual time=506.478..506.508 rows=100 loops=1)
   Node/s: dn1
 Planning time: 0.058 ms
 Execution time: 506.526 ms
(4 rows)

