                                                   QUERY PLAN                                                   
----------------------------------------------------------------------------------------------------------------
 Remote Fast Query Execution  (cost=0.00..0.00 rows=0 width=0) (actual time=4244.978..4250.048 rows=51 loops=1)
   Node/s: dn2
 Planning time: 0.320 ms
 Execution time: 4250.074 ms
(4 rows)

