                                                  QUERY PLAN                                                   
---------------------------------------------------------------------------------------------------------------
 Remote Fast Query Execution  (cost=0.00..0.00 rows=0 width=0) (actual time=725.262..725.310 rows=100 loops=1)
   Node/s: dn2
 Planning time: 0.229 ms
 Execution time: 725.336 ms
(4 rows)

