                                                    QUERY PLAN                                                     
-------------------------------------------------------------------------------------------------------------------
 Remote Fast Query Execution  (cost=0.00..0.00 rows=0 width=0) (actual time=53734.681..53741.531 rows=100 loops=1)
   Node/s: dn1
 Planning time: 0.382 ms
 Execution time: 53741.552 ms
(4 rows)

