                                                   QUERY PLAN                                                   
----------------------------------------------------------------------------------------------------------------
 Remote Fast Query Execution  (cost=0.00..0.00 rows=0 width=0) (actual time=2244.456..2244.468 rows=33 loops=1)
   Node/s: dn2
 Planning time: 0.382 ms
 Execution time: 2244.488 ms
(4 rows)

