                                                               QUERY PLAN                                                               
----------------------------------------------------------------------------------------------------------------------------------------
 Limit  (cost=368785.70..368789.45 rows=100 width=64) (actual time=2372.381..2372.381 rows=0 loops=1)
   ->  Remote Subquery Scan on all (dn2)  (cost=368785.70..368789.45 rows=100 width=64) (actual time=2372.379..2372.379 rows=0 loops=1)
 Planning time: 1.967 ms
 Execution time: 2374.099 ms
(4 rows)

SET
