                                                    QUERY PLAN                                                     
-------------------------------------------------------------------------------------------------------------------
 Remote Fast Query Execution  (cost=0.00..0.00 rows=0 width=0) (actual time=71153.012..71154.607 rows=100 loops=1)
   Node/s: dn3
 Planning time: 0.146 ms
 Execution time: 71154.634 ms
(4 rows)

