                                                  QUERY PLAN                                                   
---------------------------------------------------------------------------------------------------------------
 Remote Fast Query Execution  (cost=0.00..0.00 rows=0 width=0) (actual time=4917.312..4917.316 rows=6 loops=1)
   Node/s: dn1
 Planning time: 0.197 ms
 Execution time: 4917.333 ms
(4 rows)

