                                                   QUERY PLAN                                                   
----------------------------------------------------------------------------------------------------------------
 Remote Fast Query Execution  (cost=0.00..0.00 rows=0 width=0) (actual time=159.701..161.353 rows=2531 loops=1)
   Node/s: dn1
 Planning time: 0.083 ms
 Execution time: 161.747 ms
(4 rows)

