                                                   QUERY PLAN                                                    
-----------------------------------------------------------------------------------------------------------------
 Remote Fast Query Execution  (cost=0.00..0.00 rows=0 width=0) (actual time=5696.748..5696.794 rows=100 loops=1)
   Node/s: dn1
 Planning time: 0.143 ms
 Execution time: 5696.819 ms
(4 rows)

