                                                  QUERY PLAN                                                   
---------------------------------------------------------------------------------------------------------------
 Remote Fast Query Execution  (cost=0.00..0.00 rows=0 width=0) (actual time=131.074..134.317 rows=100 loops=1)
   Node/s: dn1
 Planning time: 0.188 ms
 Execution time: 134.340 ms
(4 rows)

