                                                  QUERY PLAN                                                   
---------------------------------------------------------------------------------------------------------------
 Remote Fast Query Execution  (cost=0.00..0.00 rows=0 width=0) (actual time=126.620..126.658 rows=100 loops=1)
   Node/s: dn1
 Planning time: 0.133 ms
 Execution time: 126.682 ms
(4 rows)

