                                                  QUERY PLAN                                                   
---------------------------------------------------------------------------------------------------------------
 Remote Fast Query Execution  (cost=0.00..0.00 rows=0 width=0) (actual time=332.492..332.538 rows=100 loops=1)
   Node/s: dn1
 Planning time: 0.208 ms
 Execution time: 332.562 ms
(4 rows)

