                                                  QUERY PLAN                                                   
---------------------------------------------------------------------------------------------------------------
 Remote Fast Query Execution  (cost=0.00..0.00 rows=0 width=0) (actual time=333.022..333.067 rows=100 loops=1)
   Node/s: dn1
 Planning time: 0.224 ms
 Execution time: 333.092 ms
(4 rows)

