                                                  QUERY PLAN                                                  
--------------------------------------------------------------------------------------------------------------
 Remote Fast Query Execution  (cost=0.00..0.00 rows=0 width=0) (actual time=119.352..119.357 rows=10 loops=1)
   Node/s: dn1
 Planning time: 0.149 ms
 Execution time: 119.375 ms
(4 rows)

