                                                 QUERY PLAN                                                  
-------------------------------------------------------------------------------------------------------------
 Remote Fast Query Execution  (cost=0.00..0.00 rows=0 width=0) (actual time=192.156..192.160 rows=6 loops=1)
   Node/s: dn1
 Planning time: 0.314 ms
 Execution time: 192.180 ms
(4 rows)

