                                                                QUERY PLAN                                                                 
-------------------------------------------------------------------------------------------------------------------------------------------
 Limit  (cost=71551872.49..71551873.28 rows=79 width=51) (actual time=1211.830..1211.832 rows=1 loops=1)
   ->  Remote Subquery Scan on all (dn1)  (cost=71551872.49..71551873.28 rows=79 width=51) (actual time=1211.828..1211.830 rows=1 loops=1)
 Planning time: 1.235 ms
 Execution time: 1217.349 ms
(4 rows)

