                                                 QUERY PLAN                                                  
-------------------------------------------------------------------------------------------------------------
 Remote Fast Query Execution  (cost=0.00..0.00 rows=0 width=0) (actual time=294.807..294.809 rows=1 loops=1)
   Node/s: dn1
 Planning time: 0.383 ms
 Execution time: 294.829 ms
(4 rows)

