                                                 QUERY PLAN                                                  
-------------------------------------------------------------------------------------------------------------
 Remote Fast Query Execution  (cost=0.00..0.00 rows=0 width=0) (actual time=93.990..94.040 rows=100 loops=1)
   Node/s: dn1
 Planning time: 0.212 ms
 Execution time: 94.079 ms
(4 rows)

