                                                 QUERY PLAN                                                  
-------------------------------------------------------------------------------------------------------------
 Remote Fast Query Execution  (cost=0.00..0.00 rows=0 width=0) (actual time=506.715..506.717 rows=2 loops=1)
   Node/s: dn1
 Planning time: 0.060 ms
 Execution time: 506.727 ms
(4 rows)

