                                                 QUERY PLAN                                                  
-------------------------------------------------------------------------------------------------------------
 Remote Fast Query Execution  (cost=0.00..0.00 rows=0 width=0) (actual time=510.569..510.571 rows=1 loops=1)
   Node/s: dn1
 Planning time: 0.204 ms
 Execution time: 510.585 ms
(4 rows)

