                                                 QUERY PLAN                                                  
-------------------------------------------------------------------------------------------------------------
 Remote Fast Query Execution  (cost=0.00..0.00 rows=0 width=0) (actual time=77.002..77.051 rows=100 loops=1)
   Node/s: dn1
 Planning time: 0.156 ms
 Execution time: 77.073 ms
(4 rows)

