                                                  QUERY PLAN                                                   
---------------------------------------------------------------------------------------------------------------
 Remote Fast Query Execution  (cost=0.00..0.00 rows=0 width=0) (actual time=461.327..461.373 rows=100 loops=1)
   Node/s: dn1
 Planning time: 0.310 ms
 Execution time: 461.400 ms
(4 rows)

