                                                                                                                 QUERY PLAN                                                                                                                  
---------------------------------------------------------------------------------------------------------------------------------------------------------------------------------------------------------------------------------------------
 Limit  (cost=12173.18..12173.20 rows=7 width=236) (actual time=229.371..229.385 rows=100 loops=1)
   CTE customer_total_return
     ->  Finalize GroupAggregate  (cost=6399.96..6472.56 rows=720 width=39) (actual time=58.973..148.025 rows=27598 loops=1)
           Group Key: cr_returning_customer_sk, ca_state
           ->  Remote Subquery Scan on all (dn1)  (cost=6399.96..6459.32 rows=424 width=39) (actual time=58.938..83.158 rows=27598 loops=1)
   ->  Sort  (cost=5700.62..5700.64 rows=7 width=236) (actual time=229.370..229.375 rows=100 loops=1)
         Sort Key: c_customer_id, c_salutation, c_first_name, c_last_name, ca_street_number, ca_street_name, ca_street_type, ca_suite_number, ca_city, ca_county, ca_zip, ca_country, ca_gmt_offset, ca_location_type, ctr1.ctr_total_return
         Sort Method: quicksort  Memory: 76kB
         ->  Hash Join  (cost=5683.25..5700.52 rows=7 width=236) (actual time=207.667..228.738 rows=192 loops=1)
               Hash Cond: (ctr1.ctr_customer_sk = c_customer_sk)
               ->  Hash Join  (cost=25.00..41.31 rows=240 width=36) (actual time=174.119..194.673 rows=6827 loops=1)
                     Hash Cond: (ctr1.ctr_state = avg_ctr2.ctr_state)
                     Join Filter: (ctr1.ctr_total_return > (avg_ctr2.avg_total_return * 1.2))
                     Rows Removed by Join Filter: 19875
                     ->  CTE Scan on customer_total_return ctr1  (cost=0.00..14.40 rows=720 width=48) (actual time=58.977..61.958 rows=27598 loops=1)
                     ->  Hash  (cost=22.50..22.50 rows=200 width=44) (actual time=115.129..115.130 rows=51 loops=1)
                           Buckets: 1024  Batches: 1  Memory Usage: 11kB
                           ->  Subquery Scan on avg_ctr2  (cost=18.00..22.50 rows=200 width=44) (actual time=115.096..115.121 rows=52 loops=1)
                                 ->  HashAggregate  (cost=18.00..20.50 rows=200 width=44) (actual time=115.095..115.117 rows=52 loops=1)
                                       Group Key: customer_total_return.ctr_state
                                       ->  CTE Scan on customer_total_return  (cost=0.00..14.40 rows=720 width=44) (actual time=0.001..100.698 rows=27598 loops=1)
               ->  Hash  (cost=6324.86..6324.86 rows=2826 width=208) (actual time=32.994..32.994 rows=2820 loops=1)
                     Buckets: 4096  Batches: 1  Memory Usage: 695kB
                     ->  Remote Subquery Scan on all (dn1)  (cost=1929.66..6324.86 rows=2826 width=208) (actual time=12.873..20.231 rows=2820 loops=1)
 Planning time: 1.648 ms
 Execution time: 232.645 ms
(26 rows)

