                                                 QUERY PLAN                                                  
-------------------------------------------------------------------------------------------------------------
 Remote Fast Query Execution  (cost=0.00..0.00 rows=0 width=0) (actual time=314.492..314.492 rows=0 loops=1)
   Node/s: dn1
 Planning time: 0.190 ms
 Execution time: 314.507 ms
(4 rows)

