                                                  QUERY PLAN                                                  
--------------------------------------------------------------------------------------------------------------
 Remote Fast Query Execution  (cost=0.00..0.00 rows=0 width=0) (actual time=130.204..130.215 rows=31 loops=1)
   Node/s: dn1
 Planning time: 0.110 ms
 Execution time: 130.232 ms
(4 rows)

