                                                                                         QUERY PLAN                                                                                          
---------------------------------------------------------------------------------------------------------------------------------------------------------------------------------------------
 Aggregate  (cost=154947.33..154947.34 rows=1 width=8) (actual time=3733.611..3733.611 rows=1 loops=1)
   ->  Subquery Scan on cool_cust  (cost=74256.82..154915.29 rows=12816 width=0) (actual time=3726.680..3731.754 rows=47049 loops=1)
         ->  HashSetOp Except  (cost=74256.82..154787.13 rows=12816 width=216) (actual time=3726.679..3728.380 rows=47049 loops=1)
               ->  Append  (cost=74256.82..154667.00 rows=16017 width=216) (actual time=3142.473..3709.782 rows=58861 loops=1)
                     ->  Result  (cost=74256.82..126288.77 rows=12816 width=216) (actual time=3142.473..3157.012 rows=47117 loops=1)
                           ->  HashSetOp Except  (cost=74256.82..126160.61 rows=12816 width=216) (actual time=3142.471..3149.464 rows=47117 loops=1)
                                 ->  Append  (cost=74256.82..126016.39 rows=19229 width=216) (actual time=1243.174..3116.056 rows=79108 loops=1)
                                       ->  Subquery Scan on "*SELECT* 1"  (cost=74256.82..74577.22 rows=12816 width=60) (actual time=1243.173..1938.757 rows=47428 loops=1)
                                             ->  Unique  (cost=74256.82..74449.06 rows=12816 width=56) (actual time=1243.171..1932.263 rows=47428 loops=1)
                                                   ->  Remote Subquery Scan on all (dn1)  (cost=74256.82..74352.94 rows=12816 width=56) (actual time=1243.150..1477.642 rows=537699 loops=1)
                                       ->  Subquery Scan on "*SELECT* 2"  (cost=51278.85..51439.17 rows=6413 width=60) (actual time=684.181..1171.682 rows=31680 loops=1)
                                             ->  Unique  (cost=51278.85..51375.04 rows=6413 width=56) (actual time=684.178..1166.245 rows=31680 loops=1)
                                                   ->  Remote Subquery Scan on all (dn1)  (cost=51278.85..51326.94 rows=6413 width=56) (actual time=684.155..837.337 rows=285976 loops=1)
                     ->  Subquery Scan on "*SELECT* 3"  (cost=28298.20..28378.23 rows=3201 width=60) (actual time=345.105..549.280 rows=11744 loops=1)
                           ->  Unique  (cost=28298.20..28346.22 rows=3201 width=56) (actual time=345.103..547.499 rows=11744 loops=1)
                                 ->  Remote Subquery Scan on all (dn1)  (cost=28298.20..28322.21 rows=3201 width=56) (actual time=345.080..412.362 rows=141650 loops=1)
 Planning time: 1.827 ms
 Execution time: 3752.807 ms
(18 rows)

