                                                  QUERY PLAN                                                   
---------------------------------------------------------------------------------------------------------------
 Remote Fast Query Execution  (cost=0.00..0.00 rows=0 width=0) (actual time=132.349..132.401 rows=100 loops=1)
   Node/s: dn1
 Planning time: 0.216 ms
 Execution time: 132.654 ms
(4 rows)

