                                                  QUERY PLAN                                                  
--------------------------------------------------------------------------------------------------------------
 Remote Fast Query Execution  (cost=0.00..0.00 rows=0 width=0) (actual time=154.647..154.655 rows=18 loops=1)
   Node/s: dn1
 Planning time: 0.170 ms
 Execution time: 154.671 ms
(4 rows)

