                                                  QUERY PLAN                                                  
--------------------------------------------------------------------------------------------------------------
 Remote Fast Query Execution  (cost=0.00..0.00 rows=0 width=0) (actual time=232.606..239.479 rows=90 loops=1)
   Node/s: dn1
 Planning time: 0.303 ms
 Execution time: 239.504 ms
(4 rows)

