                                                  QUERY PLAN                                                   
---------------------------------------------------------------------------------------------------------------
 Remote Fast Query Execution  (cost=0.00..0.00 rows=0 width=0) (actual time=147.519..147.553 rows=100 loops=1)
   Node/s: dn1
 Planning time: 0.232 ms
 Execution time: 147.577 ms
(4 rows)

