                                                  QUERY PLAN                                                   
---------------------------------------------------------------------------------------------------------------
 Remote Fast Query Execution  (cost=0.00..0.00 rows=0 width=0) (actual time=555.676..555.729 rows=100 loops=1)
   Node/s: dn1
 Planning time: 0.079 ms
 Execution time: 555.982 ms
(4 rows)

