                                                                                                             QUERY PLAN                                                                                                             
------------------------------------------------------------------------------------------------------------------------------------------------------------------------------------------------------------------------------------
 Limit  (cost=9692.65..9692.66 rows=3 width=246) (actual time=135.110..135.127 rows=63 loops=1)
   CTE customer_total_return
     ->  GroupAggregate  (cost=4039.93..4049.80 rows=359 width=39) (actual time=38.672..74.461 rows=13143 loops=1)
           Group Key: wr_returning_customer_sk, ca_state
           ->  Remote Subquery Scan on all (dn1)  (cost=4039.93..4042.62 rows=359 width=13) (actual time=38.638..50.490 rows=13297 loops=1)
   ->  Sort  (cost=5642.85..5642.86 rows=3 width=246) (actual time=135.109..135.116 rows=63 loops=1)
         Sort Key: c_customer_id, c_salutation, c_first_name, c_last_name, c_preferred_cust_flag, c_birth_day, c_birth_month, c_birth_year, c_birth_country, c_login, c_email_address, c_last_review_date_sk, ctr1.ctr_total_return
         Sort Method: quicksort  Memory: 41kB
         ->  Hash Join  (cost=1852.49..5642.83 rows=3 width=246) (actual time=113.551..134.731 rows=63 loops=1)
               Hash Cond: (c_customer_sk = ctr1.ctr_customer_sk)
               ->  Remote Subquery Scan on all (dn1)  (cost=1926.88..6206.27 rows=2380 width=218) (actual time=18.267..31.711 rows=2320 loops=1)
               ->  Hash  (cost=24.11..24.11 rows=120 width=36) (actual time=95.162..95.162 rows=3185 loops=1)
                     Buckets: 4096 (originally 1024)  Batches: 1 (originally 1)  Memory Usage: 170kB
                     ->  Hash Join  (cost=15.98..24.11 rows=120 width=36) (actual time=88.117..94.718 rows=3204 loops=1)
                           Hash Cond: (ctr1.ctr_state = avg_ctr2.ctr_state)
                           Join Filter: (ctr1.ctr_total_return > (avg_ctr2.avg_total_return * 1.2))
                           Rows Removed by Join Filter: 9526
                           ->  CTE Scan on customer_total_return ctr1  (cost=0.00..7.18 rows=359 width=48) (actual time=38.676..39.607 rows=13143 loops=1)
                           ->  Hash  (cost=13.48..13.48 rows=200 width=44) (actual time=49.426..49.426 rows=51 loops=1)
                                 Buckets: 1024  Batches: 1  Memory Usage: 11kB
                                 ->  Subquery Scan on avg_ctr2  (cost=8.98..13.48 rows=200 width=44) (actual time=49.310..49.390 rows=52 loops=1)
                                       ->  HashAggregate  (cost=8.98..11.48 rows=200 width=44) (actual time=49.308..49.378 rows=52 loops=1)
                                             Group Key: customer_total_return.ctr_state
                                             ->  CTE Scan on customer_total_return  (cost=0.00..7.18 rows=359 width=44) (actual time=0.001..41.922 rows=13143 loops=1)
 Planning time: 1.403 ms
 Execution time: 138.473 ms
(26 rows)

