                                                 QUERY PLAN                                                  
-------------------------------------------------------------------------------------------------------------
 Remote Fast Query Execution  (cost=0.00..0.00 rows=0 width=0) (actual time=260.557..260.557 rows=0 loops=1)
   Node/s: dn1
 Planning time: 0.324 ms
 Execution time: 260.575 ms
(4 rows)

