                                                                                 QUERY PLAN                                                                                  
-----------------------------------------------------------------------------------------------------------------------------------------------------------------------------
 Limit  (cost=159766.38..159766.38 rows=3 width=84) (actual time=1238.616..1238.625 rows=34 loops=1)
   ->  Sort  (cost=159766.38..159766.38 rows=3 width=84) (actual time=1238.614..1238.618 rows=34 loops=1)
         Sort Key: ('web'::text), web.return_rank, web.currency_rank, web.item
         Sort Method: quicksort  Memory: 27kB
         ->  HashAggregate  (cost=159766.29..159766.32 rows=3 width=84) (actual time=1238.528..1238.544 rows=34 loops=1)
               Group Key: ('web'::text), web.item, web.return_ratio, web.return_rank, web.currency_rank
               ->  Append  (cost=26580.25..159766.26 rows=3 width=84) (actual time=221.647..1238.467 rows=34 loops=1)
                     ->  Subquery Scan on web  (cost=26580.25..26580.28 rows=1 width=84) (actual time=221.646..221.684 rows=11 loops=1)
                           Filter: ((web.return_rank <= 10) OR (web.currency_rank <= 10))
                           Rows Removed by Filter: 8
                           ->  WindowAgg  (cost=26580.25..26580.27 rows=1 width=84) (actual time=221.643..221.674 rows=19 loops=1)
                                 ->  Sort  (cost=26580.25..26580.25 rows=1 width=76) (actual time=221.639..221.642 rows=19 loops=1)
                                       Sort Key: currency_ratio
                                       Sort Method: quicksort  Memory: 26kB
                                       ->  WindowAgg  (cost=26580.21..26580.24 rows=1 width=76) (actual time=221.526..221.613 rows=19 loops=1)
                                             ->  Remote Subquery Scan on all (dn1)  (cost=26580.21..26580.22 rows=1 width=68) (actual time=221.500..221.525 rows=19 loops=1)
                     ->  Subquery Scan on catalog  (cost=52940.02..52940.05 rows=1 width=84) (actual time=407.871..407.977 rows=10 loops=1)
                           Filter: ((catalog.return_rank <= 10) OR (catalog.currency_rank <= 10))
                           Rows Removed by Filter: 40
                           ->  WindowAgg  (cost=52940.02..52940.04 rows=1 width=84) (actual time=407.868..407.963 rows=50 loops=1)
                                 ->  Sort  (cost=52940.02..52940.02 rows=1 width=76) (actual time=407.864..407.888 rows=50 loops=1)
                                       Sort Key: currency_ratio
                                       Sort Method: quicksort  Memory: 28kB
                                       ->  WindowAgg  (cost=52939.98..52940.01 rows=1 width=76) (actual time=407.638..407.808 rows=50 loops=1)
                                             ->  Remote Subquery Scan on all (dn1)  (cost=52939.98..52939.99 rows=1 width=68) (actual time=407.614..407.636 rows=50 loops=1)
                     ->  Subquery Scan on store  (cost=80245.86..80245.89 rows=1 width=84) (actual time=608.756..608.798 rows=13 loops=1)
                           Filter: ((store.return_rank <= 10) OR (store.currency_rank <= 10))
                           Rows Removed by Filter: 6
                           ->  WindowAgg  (cost=80245.86..80245.88 rows=1 width=84) (actual time=608.753..608.788 rows=19 loops=1)
                                 ->  Sort  (cost=80245.86..80245.86 rows=1 width=76) (actual time=608.747..608.750 rows=19 loops=1)
                                       Sort Key: currency_ratio
                                       Sort Method: quicksort  Memory: 26kB
                                       ->  WindowAgg  (cost=80245.82..80245.85 rows=1 width=76) (actual time=608.640..608.715 rows=19 loops=1)
                                             ->  Remote Subquery Scan on all (dn1)  (cost=80245.82..80245.83 rows=1 width=68) (actual time=608.601..608.610 rows=19 loops=1)
 Planning time: 6.336 ms
 Execution time: 1243.506 ms
(36 rows)

