                                                 QUERY PLAN                                                  
-------------------------------------------------------------------------------------------------------------
 Remote Fast Query Execution  (cost=0.00..0.00 rows=0 width=0) (actual time=452.417..452.419 rows=1 loops=1)
   Node/s: dn1
 Planning time: 0.345 ms
 Execution time: 452.435 ms
(4 rows)

