                                                                                                                                                                                                                                                    QUERY PLAN                                                                                                                                                                                                                                                    
------------------------------------------------------------------------------------------------------------------------------------------------------------------------------------------------------------------------------------------------------------------------------------------------------------------------------------------------------------------------------------------------------------------------------------------------------------------------------------------------------------------
 Limit  (cost=202509.06..202509.07 rows=1 width=292) (actual time=623.926..623.926 rows=0 loops=1)
   CTE ss_items
     ->  GroupAggregate  (cost=99743.01..99749.91 rows=276 width=49) (actual time=309.932..322.607 rows=4342 loops=1)
           Group Key: i_item_id
           InitPlan 1 (returns $1)
             ->  Remote Subquery Scan on all (dn1)  (cost=100.00..2042.22 rows=1 width=4) (actual time=32.405..32.406 rows=1 loops=1)
           ->  Remote Subquery Scan on all (dn1)  (cost=97700.79..97702.86 rows=276 width=23) (actual time=309.890..313.621 rows=5993 loops=1)
   CTE cs_items
     ->  GroupAggregate  (cost=65655.37..65658.82 rows=138 width=49) (actual time=176.639..185.287 rows=2593 loops=1)
           Group Key: i_item_id
           InitPlan 3 (returns $4)
             ->  Remote Subquery Scan on all (dn1)  (cost=100.00..2042.22 rows=1 width=4) (actual time=9.057..9.058 rows=1 loops=1)
           ->  Remote Subquery Scan on all (dn1)  (cost=63613.15..63614.18 rows=138 width=23) (actual time=176.608..178.804 rows=3123 loops=1)
   CTE ws_items
     ->  GroupAggregate  (cost=37084.34..37086.07 rows=69 width=49) (actual time=104.104..108.498 rows=1343 loops=1)
           Group Key: i_item_id
           InitPlan 5 (returns $7)
             ->  Remote Subquery Scan on all (dn1)  (cost=100.00..2042.22 rows=1 width=4) (actual time=9.080..9.081 rows=1 loops=1)
           ->  Remote Subquery Scan on all (dn1)  (cost=35042.12..35042.64 rows=69 width=23) (actual time=104.072..105.104 rows=1459 loops=1)
   ->  Sort  (cost=14.26..14.27 rows=1 width=292) (actual time=623.924..623.924 rows=0 loops=1)
         Sort Key: ss_items.item_id, ss_items.ss_item_rev
         Sort Method: quicksort  Memory: 25kB
         ->  Hash Join  (cost=7.60..14.25 rows=1 width=292) (actual time=623.916..623.916 rows=0 loops=1)
               Hash Cond: (ss_items.item_id = cs_items.item_id)
               Join Filter: ((ss_items.ss_item_rev >= (0.9 * cs_items.cs_item_rev)) AND (ss_items.ss_item_rev <= (1.1 * cs_items.cs_item_rev)) AND (cs_items.cs_item_rev >= (0.9 * ss_items.ss_item_rev)) AND (cs_items.cs_item_rev <= (1.1 * ss_items.ss_item_rev)) AND (ss_items.ss_item_rev >= (0.9 * ws_items.ws_item_rev)) AND (ss_items.ss_item_rev <= (1.1 * ws_items.ws_item_rev)) AND (ws_items.ws_item_rev >= (0.9 * ss_items.ss_item_rev)) AND (ws_items.ws_item_rev <= (1.1 * ss_items.ss_item_rev)))
               Rows Removed by Join Filter: 6
               ->  CTE Scan on ss_items  (cost=0.00..5.52 rows=276 width=100) (actual time=309.935..324.676 rows=4342 loops=1)
               ->  Hash  (cost=7.59..7.59 rows=1 width=200) (actual time=298.337..298.338 rows=14 loops=1)
                     Buckets: 1024  Batches: 1  Memory Usage: 10kB
                     ->  Hash Join  (cost=2.24..7.59 rows=1 width=200) (actual time=287.383..298.327 rows=14 loops=1)
                           Hash Cond: (cs_items.item_id = ws_items.item_id)
                           Join Filter: ((cs_items.cs_item_rev >= (0.9 * ws_items.ws_item_rev)) AND (cs_items.cs_item_rev <= (1.1 * ws_items.ws_item_rev)) AND (ws_items.ws_item_rev >= (0.9 * cs_items.cs_item_rev)) AND (ws_items.ws_item_rev <= (1.1 * cs_items.cs_item_rev)))
                           Rows Removed by Join Filter: 378
                           ->  CTE Scan on cs_items  (cost=0.00..2.76 rows=138 width=100) (actual time=176.643..186.880 rows=2593 loops=1)
                           ->  Hash  (cost=1.38..1.38 rows=69 width=100) (actual time=110.129..110.129 rows=1343 loops=1)
                                 Buckets: 2048 (originally 1024)  Batches: 1 (originally 1)  Memory Usage: 90kB
                                 ->  CTE Scan on ws_items  (cost=0.00..1.38 rows=69 width=100) (actual time=104.109..109.543 rows=1343 loops=1)
 Planning time: 3.232 ms
 Execution time: 638.817 ms
(39 rows)

