                                                  QUERY PLAN                                                   
---------------------------------------------------------------------------------------------------------------
 Remote Fast Query Execution  (cost=0.00..0.00 rows=0 width=0) (actual time=247.555..247.600 rows=100 loops=1)
   Node/s: dn1
 Planning time: 0.211 ms
 Execution time: 247.624 ms
(4 rows)

