                                                  QUERY PLAN                                                  
--------------------------------------------------------------------------------------------------------------
 Remote Fast Query Execution  (cost=0.00..0.00 rows=0 width=0) (actual time=112.750..112.774 rows=73 loops=1)
   Node/s: dn1
 Planning time: 0.146 ms
 Execution time: 112.796 ms
(4 rows)

