                                                 QUERY PLAN                                                  
-------------------------------------------------------------------------------------------------------------
 Remote Fast Query Execution  (cost=0.00..0.00 rows=0 width=0) (actual time=251.597..251.601 rows=6 loops=1)
   Node/s: dn1
 Planning time: 0.372 ms
 Execution time: 251.618 ms
(4 rows)

