                                                  QUERY PLAN                                                   
---------------------------------------------------------------------------------------------------------------
 Remote Fast Query Execution  (cost=0.00..0.00 rows=0 width=0) (actual time=121.339..121.369 rows=100 loops=1)
   Node/s: dn1
 Planning time: 0.552 ms
 Execution time: 121.394 ms
(4 rows)

