                                                 QUERY PLAN                                                  
-------------------------------------------------------------------------------------------------------------
 Remote Fast Query Execution  (cost=0.00..0.00 rows=0 width=0) (actual time=134.052..134.053 rows=1 loops=1)
   Node/s: dn1
 Planning time: 0.060 ms
 Execution time: 134.063 ms
(4 rows)

