                                                            QUERY PLAN                                                             
-----------------------------------------------------------------------------------------------------------------------------------
 Remote Subquery Scan on all (dn1)  (cost=3164497.43..3164498.90 rows=1 width=160) (actual time=3773.477..3773.479 rows=1 loops=1)
 Planning time: 2.065 ms
 Execution time: 3809.433 ms
(3 rows)

SET
