                                                                                                                                                                                                                                                                                                                                                                                                                                          QUERY PLAN                                                                                                                                                                                                                                                                                                                                                                                                                                          
----------------------------------------------------------------------------------------------------------------------------------------------------------------------------------------------------------------------------------------------------------------------------------------------------------------------------------------------------------------------------------------------------------------------------------------------------------------------------------------------------------------------------------------------------------------------------------------------------------------------------------------------------------------------------------------------------------------------------------------------------------------------------------------------------------------------------------------------------------------------------------------------
 Limit  (cost=202747.79..202747.83 rows=17 width=246) (actual time=705.783..705.785 rows=16 loops=1)
   ->  Sort  (cost=202747.79..202747.83 rows=17 width=246) (actual time=705.782..705.783 rows=16 loops=1)
         Sort Key: store.s_store_name, store.s_store_id, (sum(CASE WHEN (date_dim.d_day_name = 'Sunday'::bpchar) THEN store_sales.ss_sales_price ELSE NULL::numeric END)), (sum(CASE WHEN (date_dim.d_day_name = 'Monday'::bpchar) THEN store_sales.ss_sales_price ELSE NULL::numeric END)), (sum(CASE WHEN (date_dim.d_day_name = 'Tuesday'::bpchar) THEN store_sales.ss_sales_price ELSE NULL::numeric END)), (sum(CASE WHEN (date_dim.d_day_name = 'Wednesday'::bpchar) THEN store_sales.ss_sales_price ELSE NULL::numeric END)), (sum(CASE WHEN (date_dim.d_day_name = 'Thursday'::bpchar) THEN store_sales.ss_sales_price ELSE NULL::numeric END)), (sum(CASE WHEN (date_dim.d_day_name = 'Friday'::bpchar) THEN store_sales.ss_sales_price ELSE NULL::numeric END)), (sum(CASE WHEN (date_dim.d_day_name = 'Saturday'::bpchar) THEN store_sales.ss_sales_price ELSE NULL::numeric END))
         Sort Method: quicksort  Memory: 27kB
         ->  Finalize GroupAggregate  (cost=202000.49..202747.44 rows=17 width=246) (actual time=669.840..705.768 rows=16 loops=1)
               Group Key: store.s_store_name, store.s_store_id
               ->  Remote Subquery Scan on all (dn1,dn2,dn3)  (cost=202000.49..202745.61 rows=34 width=246) (actual time=669.815..705.595 rows=48 loops=1)
 Planning time: 0.393 ms
 Execution time: 716.054 ms
(9 rows)

